[0.011s] Invoking command in '/home/ali/Desktop/Ros2_Control/build/my_robot_description': CMAKE_PREFIX_PATH=${CMAKE_PREFIX_PATH}:/home/ali/Desktop/Ros2_Control/install/aero_arm_control:/opt/ros/humble /usr/bin/cmake --build /home/ali/Desktop/Ros2_Control/build/my_robot_description -- -j20 -l20
[0.212s] Invoked command in '/home/ali/Desktop/Ros2_Control/build/my_robot_description' returned '0': CMAKE_PREFIX_PATH=${CMAKE_PREFIX_PATH}:/home/ali/Desktop/Ros2_Control/install/aero_arm_control:/opt/ros/humble /usr/bin/cmake --build /home/ali/Desktop/Ros2_Control/build/my_robot_description -- -j20 -l20
[0.213s] Invoking command in '/home/ali/Desktop/Ros2_Control/build/my_robot_description': CMAKE_PREFIX_PATH=${CMAKE_PREFIX_PATH}:/home/ali/Desktop/Ros2_Control/install/aero_arm_control:/opt/ros/humble /usr/bin/cmake --install /home/ali/Desktop/Ros2_Control/build/my_robot_description
[0.219s] -- Install configuration: ""
[0.220s] -- Execute custom install script
[0.221s] -- Up-to-date symlink: /home/ali/Desktop/Ros2_Control/install/my_robot_description/share/my_robot_description//urdf/arm/arm.urdf.xacro
[0.221s] -- Up-to-date symlink: /home/ali/Desktop/Ros2_Control/install/my_robot_description/share/my_robot_description//urdf/common_properties.xacro
[0.221s] -- Up-to-date symlink: /home/ali/Desktop/Ros2_Control/install/my_robot_description/share/my_robot_description//urdf/mobile_base.ros2_control.xacro
[0.221s] -- Up-to-date symlink: /home/ali/Desktop/Ros2_Control/install/my_robot_description/share/my_robot_description//urdf/mobile_base.xacro
[0.221s] -- Up-to-date symlink: /home/ali/Desktop/Ros2_Control/install/my_robot_description/share/my_robot_description//urdf/my_robot.gazebo.xacro
[0.221s] -- Up-to-date symlink: /home/ali/Desktop/Ros2_Control/install/my_robot_description/share/my_robot_description//urdf/my_robot.ignition.xacro
[0.222s] -- Up-to-date symlink: /home/ali/Desktop/Ros2_Control/install/my_robot_description/share/my_robot_description//urdf/my_robot.urdf.xacro
[0.222s] -- Up-to-date symlink: /home/ali/Desktop/Ros2_Control/install/my_robot_description/share/my_robot_description//launch/arm.display.launch.py
[0.222s] -- Up-to-date symlink: /home/ali/Desktop/Ros2_Control/install/my_robot_description/share/my_robot_description//launch/display.launch.py
[0.222s] -- Up-to-date symlink: /home/ali/Desktop/Ros2_Control/install/my_robot_description/share/my_robot_description//rviz/urdf_config.rviz
[0.222s] -- Up-to-date symlink: /home/ali/Desktop/Ros2_Control/install/my_robot_description/share/my_robot_description//meshes/LINK1.stl
[0.222s] -- Up-to-date symlink: /home/ali/Desktop/Ros2_Control/install/my_robot_description/share/my_robot_description//meshes/LINK2.stl
[0.222s] -- Up-to-date symlink: /home/ali/Desktop/Ros2_Control/install/my_robot_description/share/my_robot_description//meshes/LINK3.stl
[0.222s] -- Up-to-date symlink: /home/ali/Desktop/Ros2_Control/install/my_robot_description/share/my_robot_description//meshes/LINK4.stl
[0.222s] -- Up-to-date symlink: /home/ali/Desktop/Ros2_Control/install/my_robot_description/share/my_robot_description//meshes/base_link.stl
[0.222s] -- Up-to-date symlink: /home/ali/Desktop/Ros2_Control/install/my_robot_description/share/my_robot_description//meshes/base_link.stl.new
[0.222s] -- Up-to-date symlink: /home/ali/Desktop/Ros2_Control/install/my_robot_description/share/my_robot_description//meshes/end.stl
[0.222s] -- Up-to-date symlink: /home/ali/Desktop/Ros2_Control/install/my_robot_description/share/ament_index/resource_index/package_run_dependencies/my_robot_description
[0.222s] -- Up-to-date symlink: /home/ali/Desktop/Ros2_Control/install/my_robot_description/share/ament_index/resource_index/parent_prefix_path/my_robot_description
[0.222s] -- Up-to-date symlink: /home/ali/Desktop/Ros2_Control/install/my_robot_description/share/my_robot_description/environment/ament_prefix_path.sh
[0.222s] -- Up-to-date symlink: /home/ali/Desktop/Ros2_Control/install/my_robot_description/share/my_robot_description/environment/ament_prefix_path.dsv
[0.222s] -- Up-to-date symlink: /home/ali/Desktop/Ros2_Control/install/my_robot_description/share/my_robot_description/environment/path.sh
[0.222s] -- Up-to-date symlink: /home/ali/Desktop/Ros2_Control/install/my_robot_description/share/my_robot_description/environment/path.dsv
[0.222s] -- Up-to-date symlink: /home/ali/Desktop/Ros2_Control/install/my_robot_description/share/my_robot_description/local_setup.bash
[0.222s] -- Up-to-date symlink: /home/ali/Desktop/Ros2_Control/install/my_robot_description/share/my_robot_description/local_setup.sh
[0.222s] -- Up-to-date symlink: /home/ali/Desktop/Ros2_Control/install/my_robot_description/share/my_robot_description/local_setup.zsh
[0.222s] -- Up-to-date symlink: /home/ali/Desktop/Ros2_Control/install/my_robot_description/share/my_robot_description/local_setup.dsv
[0.222s] -- Symlinking: /home/ali/Desktop/Ros2_Control/install/my_robot_description/share/my_robot_description/package.dsv
[0.228s] -- Up-to-date symlink: /home/ali/Desktop/Ros2_Control/install/my_robot_description/share/ament_index/resource_index/packages/my_robot_description
[0.228s] -- Up-to-date symlink: /home/ali/Desktop/Ros2_Control/install/my_robot_description/share/my_robot_description/cmake/my_robot_descriptionConfig.cmake
[0.228s] -- Up-to-date symlink: /home/ali/Desktop/Ros2_Control/install/my_robot_description/share/my_robot_description/cmake/my_robot_descriptionConfig-version.cmake
[0.228s] -- Up-to-date symlink: /home/ali/Desktop/Ros2_Control/install/my_robot_description/share/my_robot_description/package.xml
[0.245s] Invoked command in '/home/ali/Desktop/Ros2_Control/build/my_robot_description' returned '0': CMAKE_PREFIX_PATH=${CMAKE_PREFIX_PATH}:/home/ali/Desktop/Ros2_Control/install/aero_arm_control:/opt/ros/humble /usr/bin/cmake --install /home/ali/Desktop/Ros2_Control/build/my_robot_description
