[0.184s] [34mcolcon[0m [1;30mDEBUG[0m [32mCommand line arguments: ['/usr/bin/colcon', 'build', '--symlink-install'][0m
[0.184s] [34mcolcon[0m [1;30mDEBUG[0m [32mParsed command line arguments: Namespace(log_base=None, log_level=None, verb_name='build', build_base='build', install_base='install', merge_install=False, symlink_install=True, test_result_base=None, continue_on_error=False, executor='parallel', parallel_workers=20, event_handlers=None, ignore_user_meta=False, metas=['./colcon.meta'], base_paths=['.'], packages_ignore=None, packages_ignore_regex=None, paths=None, packages_up_to=None, packages_up_to_regex=None, packages_above=None, packages_above_and_dependencies=None, packages_above_depth=None, packages_select_by_dep=None, packages_skip_by_dep=None, packages_skip_up_to=None, packages_select_build_failed=False, packages_skip_build_finished=False, packages_select_test_failures=False, packages_skip_test_passed=False, packages_select=None, packages_skip=None, packages_select_regex=None, packages_skip_regex=None, packages_start=None, packages_end=None, allow_overriding=[], cmake_args=None, cmake_target=None, cmake_target_skip_unavailable=False, cmake_clean_cache=False, cmake_clean_first=False, cmake_force_configure=False, ament_cmake_args=None, catkin_cmake_args=None, catkin_skip_building_tests=False, mixin_files=None, mixin=None, verb_parser=<colcon_mixin.mixin.mixin_argument.MixinArgumentDecorator object at 0x7ee37a642d70>, verb_extension=<colcon_core.verb.build.BuildVerb object at 0x7ee37a6426e0>, main=<bound method BuildVerb.main of <colcon_core.verb.build.BuildVerb object at 0x7ee37a6426e0>>, mixin_verb=('build',))[0m
[0.514s] [34mcolcon.colcon_core.package_discovery[0m [1;30mLevel 1[0m discover_packages(colcon_meta) check parameters
[0.514s] [34mcolcon.colcon_core.package_discovery[0m [1;30mLevel 1[0m discover_packages(recursive) check parameters
[0.514s] [34mcolcon.colcon_core.package_discovery[0m [1;30mLevel 1[0m discover_packages(ignore) check parameters
[0.514s] [34mcolcon.colcon_core.package_discovery[0m [1;30mLevel 1[0m discover_packages(path) check parameters
[0.514s] [34mcolcon.colcon_core.package_discovery[0m [1;30mLevel 1[0m discover_packages(colcon_meta) discover
[0.514s] [34mcolcon.colcon_core.package_discovery[0m [1;30mLevel 1[0m discover_packages(recursive) discover
[0.514s] [34mcolcon.colcon_core.package_discovery[0m [1;30mINFO[0m Crawling recursively for packages in '/home/ali/Desktop/Ros2_Control'
[0.514s] [34mcolcon.colcon_core.package_identification[0m [1;30mLevel 1[0m _identify(.) by extensions ['ignore', 'ignore_ament_install']
[0.515s] [34mcolcon.colcon_core.package_identification[0m [1;30mLevel 1[0m _identify(.) by extension 'ignore'
[0.515s] [34mcolcon.colcon_core.package_identification[0m [1;30mLevel 1[0m _identify(.) by extension 'ignore_ament_install'
[0.515s] [34mcolcon.colcon_core.package_identification[0m [1;30mLevel 1[0m _identify(.) by extensions ['colcon_pkg']
[0.515s] [34mcolcon.colcon_core.package_identification[0m [1;30mLevel 1[0m _identify(.) by extension 'colcon_pkg'
[0.515s] [34mcolcon.colcon_core.package_identification[0m [1;30mLevel 1[0m _identify(.) by extensions ['colcon_meta']
[0.515s] [34mcolcon.colcon_core.package_identification[0m [1;30mLevel 1[0m _identify(.) by extension 'colcon_meta'
[0.515s] [34mcolcon.colcon_core.package_identification[0m [1;30mLevel 1[0m _identify(.) by extensions ['ros']
[0.515s] [34mcolcon.colcon_core.package_identification[0m [1;30mLevel 1[0m _identify(.) by extension 'ros'
[0.535s] [34mcolcon.colcon_core.package_identification[0m [1;30mLevel 1[0m _identify(.) by extensions ['cmake', 'python']
[0.535s] [34mcolcon.colcon_core.package_identification[0m [1;30mLevel 1[0m _identify(.) by extension 'cmake'
[0.535s] [34mcolcon.colcon_core.package_identification[0m [1;30mLevel 1[0m _identify(.) by extension 'python'
[0.535s] [34mcolcon.colcon_core.package_identification[0m [1;30mLevel 1[0m _identify(.) by extensions ['python_setup_py']
[0.535s] [34mcolcon.colcon_core.package_identification[0m [1;30mLevel 1[0m _identify(.) by extension 'python_setup_py'
[0.536s] [34mcolcon.colcon_core.package_identification[0m [1;30mLevel 1[0m _identify(build) by extensions ['ignore', 'ignore_ament_install']
[0.536s] [34mcolcon.colcon_core.package_identification[0m [1;30mLevel 1[0m _identify(build) by extension 'ignore'
[0.536s] [34mcolcon.colcon_core.package_identification[0m [1;30mLevel 1[0m _identify(build) ignored
[0.536s] [34mcolcon.colcon_core.package_identification[0m [1;30mLevel 1[0m _identify(install) by extensions ['ignore', 'ignore_ament_install']
[0.536s] [34mcolcon.colcon_core.package_identification[0m [1;30mLevel 1[0m _identify(install) by extension 'ignore'
[0.536s] [34mcolcon.colcon_core.package_identification[0m [1;30mLevel 1[0m _identify(install) ignored
[0.536s] [34mcolcon.colcon_core.package_identification[0m [1;30mLevel 1[0m _identify(log) by extensions ['ignore', 'ignore_ament_install']
[0.536s] [34mcolcon.colcon_core.package_identification[0m [1;30mLevel 1[0m _identify(log) by extension 'ignore'
[0.536s] [34mcolcon.colcon_core.package_identification[0m [1;30mLevel 1[0m _identify(log) ignored
[0.536s] [34mcolcon.colcon_core.package_identification[0m [1;30mLevel 1[0m _identify(src) by extensions ['ignore', 'ignore_ament_install']
[0.536s] [34mcolcon.colcon_core.package_identification[0m [1;30mLevel 1[0m _identify(src) by extension 'ignore'
[0.536s] [34mcolcon.colcon_core.package_identification[0m [1;30mLevel 1[0m _identify(src) by extension 'ignore_ament_install'
[0.536s] [34mcolcon.colcon_core.package_identification[0m [1;30mLevel 1[0m _identify(src) by extensions ['colcon_pkg']
[0.536s] [34mcolcon.colcon_core.package_identification[0m [1;30mLevel 1[0m _identify(src) by extension 'colcon_pkg'
[0.536s] [34mcolcon.colcon_core.package_identification[0m [1;30mLevel 1[0m _identify(src) by extensions ['colcon_meta']
[0.536s] [34mcolcon.colcon_core.package_identification[0m [1;30mLevel 1[0m _identify(src) by extension 'colcon_meta'
[0.536s] [34mcolcon.colcon_core.package_identification[0m [1;30mLevel 1[0m _identify(src) by extensions ['ros']
[0.537s] [34mcolcon.colcon_core.package_identification[0m [1;30mLevel 1[0m _identify(src) by extension 'ros'
[0.537s] [34mcolcon.colcon_core.package_identification[0m [1;30mLevel 1[0m _identify(src) by extensions ['cmake', 'python']
[0.537s] [34mcolcon.colcon_core.package_identification[0m [1;30mLevel 1[0m _identify(src) by extension 'cmake'
[0.537s] [34mcolcon.colcon_core.package_identification[0m [1;30mLevel 1[0m _identify(src) by extension 'python'
[0.537s] [34mcolcon.colcon_core.package_identification[0m [1;30mLevel 1[0m _identify(src) by extensions ['python_setup_py']
[0.537s] [34mcolcon.colcon_core.package_identification[0m [1;30mLevel 1[0m _identify(src) by extension 'python_setup_py'
[0.537s] [34mcolcon.colcon_core.package_identification[0m [1;30mLevel 1[0m _identify(src/aero_arm_control) by extensions ['ignore', 'ignore_ament_install']
[0.537s] [34mcolcon.colcon_core.package_identification[0m [1;30mLevel 1[0m _identify(src/aero_arm_control) by extension 'ignore'
[0.537s] [34mcolcon.colcon_core.package_identification[0m [1;30mLevel 1[0m _identify(src/aero_arm_control) by extension 'ignore_ament_install'
[0.537s] [34mcolcon.colcon_core.package_identification[0m [1;30mLevel 1[0m _identify(src/aero_arm_control) by extensions ['colcon_pkg']
[0.537s] [34mcolcon.colcon_core.package_identification[0m [1;30mLevel 1[0m _identify(src/aero_arm_control) by extension 'colcon_pkg'
[0.537s] [34mcolcon.colcon_core.package_identification[0m [1;30mLevel 1[0m _identify(src/aero_arm_control) by extensions ['colcon_meta']
[0.537s] [34mcolcon.colcon_core.package_identification[0m [1;30mLevel 1[0m _identify(src/aero_arm_control) by extension 'colcon_meta'
[0.537s] [34mcolcon.colcon_core.package_identification[0m [1;30mLevel 1[0m _identify(src/aero_arm_control) by extensions ['ros']
[0.537s] [34mcolcon.colcon_core.package_identification[0m [1;30mLevel 1[0m _identify(src/aero_arm_control) by extension 'ros'
[0.540s] [34mcolcon.colcon_core.package_identification[0m [1;30mDEBUG[0m [32mPackage 'src/aero_arm_control' with type 'ros.ament_python' and name 'aero_arm_control'[0m
[0.541s] [34mcolcon.colcon_core.package_identification[0m [1;30mLevel 1[0m _identify(src/aero_bringup) by extensions ['ignore', 'ignore_ament_install']
[0.541s] [34mcolcon.colcon_core.package_identification[0m [1;30mLevel 1[0m _identify(src/aero_bringup) by extension 'ignore'
[0.541s] [34mcolcon.colcon_core.package_identification[0m [1;30mLevel 1[0m _identify(src/aero_bringup) by extension 'ignore_ament_install'
[0.541s] [34mcolcon.colcon_core.package_identification[0m [1;30mLevel 1[0m _identify(src/aero_bringup) by extensions ['colcon_pkg']
[0.541s] [34mcolcon.colcon_core.package_identification[0m [1;30mLevel 1[0m _identify(src/aero_bringup) by extension 'colcon_pkg'
[0.541s] [34mcolcon.colcon_core.package_identification[0m [1;30mLevel 1[0m _identify(src/aero_bringup) by extensions ['colcon_meta']
[0.541s] [34mcolcon.colcon_core.package_identification[0m [1;30mLevel 1[0m _identify(src/aero_bringup) by extension 'colcon_meta'
[0.541s] [34mcolcon.colcon_core.package_identification[0m [1;30mLevel 1[0m _identify(src/aero_bringup) by extensions ['ros']
[0.541s] [34mcolcon.colcon_core.package_identification[0m [1;30mLevel 1[0m _identify(src/aero_bringup) by extension 'ros'
[0.542s] [34mcolcon.colcon_core.package_identification[0m [1;30mDEBUG[0m [32mPackage 'src/aero_bringup' with type 'ros.ament_cmake' and name 'aero_bringup'[0m
[0.542s] [34mcolcon.colcon_core.package_identification[0m [1;30mLevel 1[0m _identify(src/aero_description) by extensions ['ignore', 'ignore_ament_install']
[0.542s] [34mcolcon.colcon_core.package_identification[0m [1;30mLevel 1[0m _identify(src/aero_description) by extension 'ignore'
[0.542s] [34mcolcon.colcon_core.package_identification[0m [1;30mLevel 1[0m _identify(src/aero_description) by extension 'ignore_ament_install'
[0.543s] [34mcolcon.colcon_core.package_identification[0m [1;30mLevel 1[0m _identify(src/aero_description) by extensions ['colcon_pkg']
[0.543s] [34mcolcon.colcon_core.package_identification[0m [1;30mLevel 1[0m _identify(src/aero_description) by extension 'colcon_pkg'
[0.543s] [34mcolcon.colcon_core.package_identification[0m [1;30mLevel 1[0m _identify(src/aero_description) by extensions ['colcon_meta']
[0.543s] [34mcolcon.colcon_core.package_identification[0m [1;30mLevel 1[0m _identify(src/aero_description) by extension 'colcon_meta'
[0.543s] [34mcolcon.colcon_core.package_identification[0m [1;30mLevel 1[0m _identify(src/aero_description) by extensions ['ros']
[0.543s] [34mcolcon.colcon_core.package_identification[0m [1;30mLevel 1[0m _identify(src/aero_description) by extension 'ros'
[0.543s] [34mcolcon.colcon_core.package_identification[0m [1;30mDEBUG[0m [32mPackage 'src/aero_description' with type 'ros.ament_cmake' and name 'aero_description'[0m
[0.543s] [34mcolcon.colcon_core.package_identification[0m [1;30mLevel 1[0m _identify(src/aero_moveit_config) by extensions ['ignore', 'ignore_ament_install']
[0.543s] [34mcolcon.colcon_core.package_identification[0m [1;30mLevel 1[0m _identify(src/aero_moveit_config) by extension 'ignore'
[0.543s] [34mcolcon.colcon_core.package_identification[0m [1;30mLevel 1[0m _identify(src/aero_moveit_config) by extension 'ignore_ament_install'
[0.543s] [34mcolcon.colcon_core.package_identification[0m [1;30mLevel 1[0m _identify(src/aero_moveit_config) by extensions ['colcon_pkg']
[0.543s] [34mcolcon.colcon_core.package_identification[0m [1;30mLevel 1[0m _identify(src/aero_moveit_config) by extension 'colcon_pkg'
[0.543s] [34mcolcon.colcon_core.package_identification[0m [1;30mLevel 1[0m _identify(src/aero_moveit_config) by extensions ['colcon_meta']
[0.543s] [34mcolcon.colcon_core.package_identification[0m [1;30mLevel 1[0m _identify(src/aero_moveit_config) by extension 'colcon_meta'
[0.543s] [34mcolcon.colcon_core.package_identification[0m [1;30mLevel 1[0m _identify(src/aero_moveit_config) by extensions ['ros']
[0.543s] [34mcolcon.colcon_core.package_identification[0m [1;30mLevel 1[0m _identify(src/aero_moveit_config) by extension 'ros'
[0.544s] [34mcolcon.colcon_core.package_identification[0m [1;30mDEBUG[0m [32mPackage 'src/aero_moveit_config' with type 'ros.ament_cmake' and name 'aero_moveit_config'[0m
[0.544s] [34mcolcon.colcon_core.package_identification[0m [1;30mLevel 1[0m _identify(src/my_robot_bringup) by extensions ['ignore', 'ignore_ament_install']
[0.544s] [34mcolcon.colcon_core.package_identification[0m [1;30mLevel 1[0m _identify(src/my_robot_bringup) by extension 'ignore'
[0.544s] [34mcolcon.colcon_core.package_identification[0m [1;30mLevel 1[0m _identify(src/my_robot_bringup) by extension 'ignore_ament_install'
[0.544s] [34mcolcon.colcon_core.package_identification[0m [1;30mLevel 1[0m _identify(src/my_robot_bringup) by extensions ['colcon_pkg']
[0.544s] [34mcolcon.colcon_core.package_identification[0m [1;30mLevel 1[0m _identify(src/my_robot_bringup) by extension 'colcon_pkg'
[0.544s] [34mcolcon.colcon_core.package_identification[0m [1;30mLevel 1[0m _identify(src/my_robot_bringup) by extensions ['colcon_meta']
[0.544s] [34mcolcon.colcon_core.package_identification[0m [1;30mLevel 1[0m _identify(src/my_robot_bringup) by extension 'colcon_meta'
[0.544s] [34mcolcon.colcon_core.package_identification[0m [1;30mLevel 1[0m _identify(src/my_robot_bringup) by extensions ['ros']
[0.544s] [34mcolcon.colcon_core.package_identification[0m [1;30mLevel 1[0m _identify(src/my_robot_bringup) by extension 'ros'
[0.545s] [34mcolcon.colcon_core.package_identification[0m [1;30mDEBUG[0m [32mPackage 'src/my_robot_bringup' with type 'ros.ament_cmake' and name 'my_robot_bringup'[0m
[0.545s] [34mcolcon.colcon_core.package_identification[0m [1;30mLevel 1[0m _identify(src/my_robot_description) by extensions ['ignore', 'ignore_ament_install']
[0.545s] [34mcolcon.colcon_core.package_identification[0m [1;30mLevel 1[0m _identify(src/my_robot_description) by extension 'ignore'
[0.545s] [34mcolcon.colcon_core.package_identification[0m [1;30mLevel 1[0m _identify(src/my_robot_description) by extension 'ignore_ament_install'
[0.545s] [34mcolcon.colcon_core.package_identification[0m [1;30mLevel 1[0m _identify(src/my_robot_description) by extensions ['colcon_pkg']
[0.545s] [34mcolcon.colcon_core.package_identification[0m [1;30mLevel 1[0m _identify(src/my_robot_description) by extension 'colcon_pkg'
[0.545s] [34mcolcon.colcon_core.package_identification[0m [1;30mLevel 1[0m _identify(src/my_robot_description) by extensions ['colcon_meta']
[0.545s] [34mcolcon.colcon_core.package_identification[0m [1;30mLevel 1[0m _identify(src/my_robot_description) by extension 'colcon_meta'
[0.545s] [34mcolcon.colcon_core.package_identification[0m [1;30mLevel 1[0m _identify(src/my_robot_description) by extensions ['ros']
[0.545s] [34mcolcon.colcon_core.package_identification[0m [1;30mLevel 1[0m _identify(src/my_robot_description) by extension 'ros'
[0.545s] [34mcolcon.colcon_core.package_identification[0m [1;30mDEBUG[0m [32mPackage 'src/my_robot_description' with type 'ros.ament_cmake' and name 'my_robot_description'[0m
[0.545s] [34mcolcon.colcon_core.package_discovery[0m [1;30mLevel 1[0m discover_packages(recursive) using defaults
[0.546s] [34mcolcon.colcon_core.package_discovery[0m [1;30mLevel 1[0m discover_packages(ignore) discover
[0.546s] [34mcolcon.colcon_core.package_discovery[0m [1;30mLevel 1[0m discover_packages(ignore) using defaults
[0.546s] [34mcolcon.colcon_core.package_discovery[0m [1;30mLevel 1[0m discover_packages(path) discover
[0.546s] [34mcolcon.colcon_core.package_discovery[0m [1;30mLevel 1[0m discover_packages(path) using defaults
[0.571s] [34mcolcon.colcon_core.package_discovery[0m [1;30mLevel 1[0m discover_packages(prefix_path) check parameters
[0.571s] [34mcolcon.colcon_core.package_discovery[0m [1;30mLevel 1[0m discover_packages(prefix_path) discover
[0.576s] [34mcolcon.colcon_installed_package_information.package_discovery[0m [1;30mDEBUG[0m [32mFound 6 installed packages in /home/ali/Desktop/Ros2_Control/install[0m
[0.578s] [34mcolcon.colcon_installed_package_information.package_discovery[0m [1;30mDEBUG[0m [32mFound 338 installed packages in /opt/ros/humble[0m
[0.579s] [34mcolcon.colcon_core.package_discovery[0m [1;30mLevel 1[0m discover_packages(prefix_path) using defaults
[0.614s] [34mcolcon.colcon_core.verb[0m [1;30mLevel 5[0m set package 'aero_arm_control' build argument 'cmake_args' from command line to 'None'
[0.614s] [34mcolcon.colcon_core.verb[0m [1;30mLevel 5[0m set package 'aero_arm_control' build argument 'cmake_target' from command line to 'None'
[0.614s] [34mcolcon.colcon_core.verb[0m [1;30mLevel 5[0m set package 'aero_arm_control' build argument 'cmake_target_skip_unavailable' from command line to 'False'
[0.614s] [34mcolcon.colcon_core.verb[0m [1;30mLevel 5[0m set package 'aero_arm_control' build argument 'cmake_clean_cache' from command line to 'False'
[0.614s] [34mcolcon.colcon_core.verb[0m [1;30mLevel 5[0m set package 'aero_arm_control' build argument 'cmake_clean_first' from command line to 'False'
[0.614s] [34mcolcon.colcon_core.verb[0m [1;30mLevel 5[0m set package 'aero_arm_control' build argument 'cmake_force_configure' from command line to 'False'
[0.614s] [34mcolcon.colcon_core.verb[0m [1;30mLevel 5[0m set package 'aero_arm_control' build argument 'ament_cmake_args' from command line to 'None'
[0.614s] [34mcolcon.colcon_core.verb[0m [1;30mLevel 5[0m set package 'aero_arm_control' build argument 'catkin_cmake_args' from command line to 'None'
[0.614s] [34mcolcon.colcon_core.verb[0m [1;30mLevel 5[0m set package 'aero_arm_control' build argument 'catkin_skip_building_tests' from command line to 'False'
[0.614s] [34mcolcon.colcon_core.verb[0m [1;30mDEBUG[0m [32mBuilding package 'aero_arm_control' with the following arguments: {'ament_cmake_args': None, 'build_base': '/home/ali/Desktop/Ros2_Control/build/aero_arm_control', 'catkin_cmake_args': None, 'catkin_skip_building_tests': False, 'cmake_args': None, 'cmake_clean_cache': False, 'cmake_clean_first': False, 'cmake_force_configure': False, 'cmake_target': None, 'cmake_target_skip_unavailable': False, 'install_base': '/home/ali/Desktop/Ros2_Control/install/aero_arm_control', 'merge_install': False, 'path': '/home/ali/Desktop/Ros2_Control/src/aero_arm_control', 'symlink_install': True, 'test_result_base': None}[0m
[0.615s] [34mcolcon.colcon_core.verb[0m [1;30mLevel 5[0m set package 'aero_description' build argument 'cmake_args' from command line to 'None'
[0.615s] [34mcolcon.colcon_core.verb[0m [1;30mLevel 5[0m set package 'aero_description' build argument 'cmake_target' from command line to 'None'
[0.615s] [34mcolcon.colcon_core.verb[0m [1;30mLevel 5[0m set package 'aero_description' build argument 'cmake_target_skip_unavailable' from command line to 'False'
[0.615s] [34mcolcon.colcon_core.verb[0m [1;30mLevel 5[0m set package 'aero_description' build argument 'cmake_clean_cache' from command line to 'False'
[0.615s] [34mcolcon.colcon_core.verb[0m [1;30mLevel 5[0m set package 'aero_description' build argument 'cmake_clean_first' from command line to 'False'
[0.615s] [34mcolcon.colcon_core.verb[0m [1;30mLevel 5[0m set package 'aero_description' build argument 'cmake_force_configure' from command line to 'False'
[0.615s] [34mcolcon.colcon_core.verb[0m [1;30mLevel 5[0m set package 'aero_description' build argument 'ament_cmake_args' from command line to 'None'
[0.615s] [34mcolcon.colcon_core.verb[0m [1;30mLevel 5[0m set package 'aero_description' build argument 'catkin_cmake_args' from command line to 'None'
[0.615s] [34mcolcon.colcon_core.verb[0m [1;30mLevel 5[0m set package 'aero_description' build argument 'catkin_skip_building_tests' from command line to 'False'
[0.615s] [34mcolcon.colcon_core.verb[0m [1;30mDEBUG[0m [32mBuilding package 'aero_description' with the following arguments: {'ament_cmake_args': None, 'build_base': '/home/ali/Desktop/Ros2_Control/build/aero_description', 'catkin_cmake_args': None, 'catkin_skip_building_tests': False, 'cmake_args': None, 'cmake_clean_cache': False, 'cmake_clean_first': False, 'cmake_force_configure': False, 'cmake_target': None, 'cmake_target_skip_unavailable': False, 'install_base': '/home/ali/Desktop/Ros2_Control/install/aero_description', 'merge_install': False, 'path': '/home/ali/Desktop/Ros2_Control/src/aero_description', 'symlink_install': True, 'test_result_base': None}[0m
[0.615s] [34mcolcon.colcon_core.verb[0m [1;30mLevel 5[0m set package 'my_robot_description' build argument 'cmake_args' from command line to 'None'
[0.615s] [34mcolcon.colcon_core.verb[0m [1;30mLevel 5[0m set package 'my_robot_description' build argument 'cmake_target' from command line to 'None'
[0.615s] [34mcolcon.colcon_core.verb[0m [1;30mLevel 5[0m set package 'my_robot_description' build argument 'cmake_target_skip_unavailable' from command line to 'False'
[0.615s] [34mcolcon.colcon_core.verb[0m [1;30mLevel 5[0m set package 'my_robot_description' build argument 'cmake_clean_cache' from command line to 'False'
[0.615s] [34mcolcon.colcon_core.verb[0m [1;30mLevel 5[0m set package 'my_robot_description' build argument 'cmake_clean_first' from command line to 'False'
[0.615s] [34mcolcon.colcon_core.verb[0m [1;30mLevel 5[0m set package 'my_robot_description' build argument 'cmake_force_configure' from command line to 'False'
[0.615s] [34mcolcon.colcon_core.verb[0m [1;30mLevel 5[0m set package 'my_robot_description' build argument 'ament_cmake_args' from command line to 'None'
[0.615s] [34mcolcon.colcon_core.verb[0m [1;30mLevel 5[0m set package 'my_robot_description' build argument 'catkin_cmake_args' from command line to 'None'
[0.615s] [34mcolcon.colcon_core.verb[0m [1;30mLevel 5[0m set package 'my_robot_description' build argument 'catkin_skip_building_tests' from command line to 'False'
[0.615s] [34mcolcon.colcon_core.verb[0m [1;30mDEBUG[0m [32mBuilding package 'my_robot_description' with the following arguments: {'ament_cmake_args': None, 'build_base': '/home/ali/Desktop/Ros2_Control/build/my_robot_description', 'catkin_cmake_args': None, 'catkin_skip_building_tests': False, 'cmake_args': None, 'cmake_clean_cache': False, 'cmake_clean_first': False, 'cmake_force_configure': False, 'cmake_target': None, 'cmake_target_skip_unavailable': False, 'install_base': '/home/ali/Desktop/Ros2_Control/install/my_robot_description', 'merge_install': False, 'path': '/home/ali/Desktop/Ros2_Control/src/my_robot_description', 'symlink_install': True, 'test_result_base': None}[0m
[0.616s] [34mcolcon.colcon_core.verb[0m [1;30mLevel 5[0m set package 'aero_bringup' build argument 'cmake_args' from command line to 'None'
[0.616s] [34mcolcon.colcon_core.verb[0m [1;30mLevel 5[0m set package 'aero_bringup' build argument 'cmake_target' from command line to 'None'
[0.616s] [34mcolcon.colcon_core.verb[0m [1;30mLevel 5[0m set package 'aero_bringup' build argument 'cmake_target_skip_unavailable' from command line to 'False'
[0.616s] [34mcolcon.colcon_core.verb[0m [1;30mLevel 5[0m set package 'aero_bringup' build argument 'cmake_clean_cache' from command line to 'False'
[0.616s] [34mcolcon.colcon_core.verb[0m [1;30mLevel 5[0m set package 'aero_bringup' build argument 'cmake_clean_first' from command line to 'False'
[0.616s] [34mcolcon.colcon_core.verb[0m [1;30mLevel 5[0m set package 'aero_bringup' build argument 'cmake_force_configure' from command line to 'False'
[0.616s] [34mcolcon.colcon_core.verb[0m [1;30mLevel 5[0m set package 'aero_bringup' build argument 'ament_cmake_args' from command line to 'None'
[0.616s] [34mcolcon.colcon_core.verb[0m [1;30mLevel 5[0m set package 'aero_bringup' build argument 'catkin_cmake_args' from command line to 'None'
[0.616s] [34mcolcon.colcon_core.verb[0m [1;30mLevel 5[0m set package 'aero_bringup' build argument 'catkin_skip_building_tests' from command line to 'False'
[0.616s] [34mcolcon.colcon_core.verb[0m [1;30mDEBUG[0m [32mBuilding package 'aero_bringup' with the following arguments: {'ament_cmake_args': None, 'build_base': '/home/ali/Desktop/Ros2_Control/build/aero_bringup', 'catkin_cmake_args': None, 'catkin_skip_building_tests': False, 'cmake_args': None, 'cmake_clean_cache': False, 'cmake_clean_first': False, 'cmake_force_configure': False, 'cmake_target': None, 'cmake_target_skip_unavailable': False, 'install_base': '/home/ali/Desktop/Ros2_Control/install/aero_bringup', 'merge_install': False, 'path': '/home/ali/Desktop/Ros2_Control/src/aero_bringup', 'symlink_install': True, 'test_result_base': None}[0m
[0.616s] [34mcolcon.colcon_core.verb[0m [1;30mLevel 5[0m set package 'aero_moveit_config' build argument 'cmake_args' from command line to 'None'
[0.616s] [34mcolcon.colcon_core.verb[0m [1;30mLevel 5[0m set package 'aero_moveit_config' build argument 'cmake_target' from command line to 'None'
[0.616s] [34mcolcon.colcon_core.verb[0m [1;30mLevel 5[0m set package 'aero_moveit_config' build argument 'cmake_target_skip_unavailable' from command line to 'False'
[0.616s] [34mcolcon.colcon_core.verb[0m [1;30mLevel 5[0m set package 'aero_moveit_config' build argument 'cmake_clean_cache' from command line to 'False'
[0.616s] [34mcolcon.colcon_core.verb[0m [1;30mLevel 5[0m set package 'aero_moveit_config' build argument 'cmake_clean_first' from command line to 'False'
[0.616s] [34mcolcon.colcon_core.verb[0m [1;30mLevel 5[0m set package 'aero_moveit_config' build argument 'cmake_force_configure' from command line to 'False'
[0.616s] [34mcolcon.colcon_core.verb[0m [1;30mLevel 5[0m set package 'aero_moveit_config' build argument 'ament_cmake_args' from command line to 'None'
[0.616s] [34mcolcon.colcon_core.verb[0m [1;30mLevel 5[0m set package 'aero_moveit_config' build argument 'catkin_cmake_args' from command line to 'None'
[0.616s] [34mcolcon.colcon_core.verb[0m [1;30mLevel 5[0m set package 'aero_moveit_config' build argument 'catkin_skip_building_tests' from command line to 'False'
[0.616s] [34mcolcon.colcon_core.verb[0m [1;30mDEBUG[0m [32mBuilding package 'aero_moveit_config' with the following arguments: {'ament_cmake_args': None, 'build_base': '/home/ali/Desktop/Ros2_Control/build/aero_moveit_config', 'catkin_cmake_args': None, 'catkin_skip_building_tests': False, 'cmake_args': None, 'cmake_clean_cache': False, 'cmake_clean_first': False, 'cmake_force_configure': False, 'cmake_target': None, 'cmake_target_skip_unavailable': False, 'install_base': '/home/ali/Desktop/Ros2_Control/install/aero_moveit_config', 'merge_install': False, 'path': '/home/ali/Desktop/Ros2_Control/src/aero_moveit_config', 'symlink_install': True, 'test_result_base': None}[0m
[0.616s] [34mcolcon.colcon_core.verb[0m [1;30mLevel 5[0m set package 'my_robot_bringup' build argument 'cmake_args' from command line to 'None'
[0.616s] [34mcolcon.colcon_core.verb[0m [1;30mLevel 5[0m set package 'my_robot_bringup' build argument 'cmake_target' from command line to 'None'
[0.616s] [34mcolcon.colcon_core.verb[0m [1;30mLevel 5[0m set package 'my_robot_bringup' build argument 'cmake_target_skip_unavailable' from command line to 'False'
[0.617s] [34mcolcon.colcon_core.verb[0m [1;30mLevel 5[0m set package 'my_robot_bringup' build argument 'cmake_clean_cache' from command line to 'False'
[0.617s] [34mcolcon.colcon_core.verb[0m [1;30mLevel 5[0m set package 'my_robot_bringup' build argument 'cmake_clean_first' from command line to 'False'
[0.617s] [34mcolcon.colcon_core.verb[0m [1;30mLevel 5[0m set package 'my_robot_bringup' build argument 'cmake_force_configure' from command line to 'False'
[0.617s] [34mcolcon.colcon_core.verb[0m [1;30mLevel 5[0m set package 'my_robot_bringup' build argument 'ament_cmake_args' from command line to 'None'
[0.617s] [34mcolcon.colcon_core.verb[0m [1;30mLevel 5[0m set package 'my_robot_bringup' build argument 'catkin_cmake_args' from command line to 'None'
[0.617s] [34mcolcon.colcon_core.verb[0m [1;30mLevel 5[0m set package 'my_robot_bringup' build argument 'catkin_skip_building_tests' from command line to 'False'
[0.617s] [34mcolcon.colcon_core.verb[0m [1;30mDEBUG[0m [32mBuilding package 'my_robot_bringup' with the following arguments: {'ament_cmake_args': None, 'build_base': '/home/ali/Desktop/Ros2_Control/build/my_robot_bringup', 'catkin_cmake_args': None, 'catkin_skip_building_tests': False, 'cmake_args': None, 'cmake_clean_cache': False, 'cmake_clean_first': False, 'cmake_force_configure': False, 'cmake_target': None, 'cmake_target_skip_unavailable': False, 'install_base': '/home/ali/Desktop/Ros2_Control/install/my_robot_bringup', 'merge_install': False, 'path': '/home/ali/Desktop/Ros2_Control/src/my_robot_bringup', 'symlink_install': True, 'test_result_base': None}[0m
[0.617s] [34mcolcon.colcon_core.executor[0m [1;30mINFO[0m Executing jobs using 'parallel' executor
[0.620s] [34mcolcon.colcon_parallel_executor.executor.parallel[0m [1;30mDEBUG[0m [32mrun_until_complete[0m
[0.620s] [34mcolcon.colcon_ros.task.ament_cmake.build[0m [1;30mINFO[0m Building ROS package in '/home/ali/Desktop/Ros2_Control/src/aero_description' with build type 'ament_cmake'
[0.621s] [34mcolcon.colcon_cmake.task.cmake.build[0m [1;30mINFO[0m Building CMake package in '/home/ali/Desktop/Ros2_Control/src/aero_description'
[0.625s] [34mcolcon.colcon_core.plugin_system[0m [1;30mINFO[0m Skipping extension 'colcon_core.shell.bat': Not used on non-Windows systems
[0.625s] [34mcolcon.colcon_core.shell[0m [1;30mINFO[0m Skip shell extension 'powershell' for command environment: Not usable outside of PowerShell
[0.625s] [34mcolcon.colcon_core.shell[0m [1;30mDEBUG[0m [32mSkip shell extension 'dsv' for command environment[0m
[0.630s] [34mcolcon.colcon_ros.task.ament_cmake.build[0m [1;30mINFO[0m Building ROS package in '/home/ali/Desktop/Ros2_Control/src/my_robot_description' with build type 'ament_cmake'
[0.630s] [34mcolcon.colcon_cmake.task.cmake.build[0m [1;30mINFO[0m Building CMake package in '/home/ali/Desktop/Ros2_Control/src/my_robot_description'
[0.630s] [34mcolcon.colcon_core.shell[0m [1;30mINFO[0m Skip shell extension 'powershell' for command environment: Not usable outside of PowerShell
[0.631s] [34mcolcon.colcon_core.shell[0m [1;30mDEBUG[0m [32mSkip shell extension 'dsv' for command environment[0m
[0.634s] [34mcolcon.colcon_ros.task.ament_python.build[0m [1;30mINFO[0m Building ROS package in '/home/ali/Desktop/Ros2_Control/src/aero_arm_control' with build type 'ament_python'
[0.635s] [34mcolcon.colcon_core.shell[0m [1;30mLevel 1[0m create_environment_hook('aero_arm_control', 'ament_prefix_path')
[0.635s] [34mcolcon.colcon_core.shell[0m [1;30mINFO[0m Creating environment hook '/home/ali/Desktop/Ros2_Control/install/aero_arm_control/share/aero_arm_control/hook/ament_prefix_path.ps1'
[0.636s] [34mcolcon.colcon_core.shell[0m [1;30mINFO[0m Creating environment descriptor '/home/ali/Desktop/Ros2_Control/install/aero_arm_control/share/aero_arm_control/hook/ament_prefix_path.dsv'
[0.637s] [34mcolcon.colcon_core.shell[0m [1;30mINFO[0m Creating environment hook '/home/ali/Desktop/Ros2_Control/install/aero_arm_control/share/aero_arm_control/hook/ament_prefix_path.sh'
[0.639s] [34mcolcon.colcon_core.shell[0m [1;30mINFO[0m Skip shell extension 'powershell' for command environment: Not usable outside of PowerShell
[0.640s] [34mcolcon.colcon_core.shell[0m [1;30mDEBUG[0m [32mSkip shell extension 'dsv' for command environment[0m
[0.653s] [34mcolcon.colcon_core.event_handler.log_command[0m [1;30mDEBUG[0m [32mInvoking command in '/home/ali/Desktop/Ros2_Control/build/aero_description': CMAKE_PREFIX_PATH=${CMAKE_PREFIX_PATH}:/home/ali/Desktop/Ros2_Control/install/aero_arm_control:/opt/ros/humble /usr/bin/cmake --build /home/ali/Desktop/Ros2_Control/build/aero_description -- -j20 -l20[0m
[0.657s] [34mcolcon.colcon_core.event_handler.log_command[0m [1;30mDEBUG[0m [32mInvoking command in '/home/ali/Desktop/Ros2_Control/build/my_robot_description': CMAKE_PREFIX_PATH=${CMAKE_PREFIX_PATH}:/home/ali/Desktop/Ros2_Control/install/aero_arm_control:/opt/ros/humble /usr/bin/cmake --build /home/ali/Desktop/Ros2_Control/build/my_robot_description -- -j20 -l20[0m
[1.018s] [34mcolcon.colcon_core.task.python.build[0m [1;30mINFO[0m Building Python package in '/home/ali/Desktop/Ros2_Control/src/aero_arm_control'
[1.019s] [34mcolcon.colcon_core.shell[0m [1;30mINFO[0m Skip shell extension 'powershell' for command environment: Not usable outside of PowerShell
[1.019s] [34mcolcon.colcon_core.shell[0m [1;30mDEBUG[0m [32mSkip shell extension 'dsv' for command environment[0m
[1.026s] [34mcolcon.colcon_core.event_handler.log_command[0m [1;30mDEBUG[0m [32mInvoked command in '/home/ali/Desktop/Ros2_Control/build/aero_description' returned '0': CMAKE_PREFIX_PATH=${CMAKE_PREFIX_PATH}:/home/ali/Desktop/Ros2_Control/install/aero_arm_control:/opt/ros/humble /usr/bin/cmake --build /home/ali/Desktop/Ros2_Control/build/aero_description -- -j20 -l20[0m
[1.041s] [34mcolcon.colcon_core.event_handler.log_command[0m [1;30mDEBUG[0m [32mInvoking command in '/home/ali/Desktop/Ros2_Control/build/aero_description': CMAKE_PREFIX_PATH=${CMAKE_PREFIX_PATH}:/home/ali/Desktop/Ros2_Control/install/aero_arm_control:/opt/ros/humble /usr/bin/cmake --install /home/ali/Desktop/Ros2_Control/build/aero_description[0m
[1.042s] [34mcolcon.colcon_core.event_handler.log_command[0m [1;30mDEBUG[0m [32mInvoked command in '/home/ali/Desktop/Ros2_Control/build/my_robot_description' returned '0': CMAKE_PREFIX_PATH=${CMAKE_PREFIX_PATH}:/home/ali/Desktop/Ros2_Control/install/aero_arm_control:/opt/ros/humble /usr/bin/cmake --build /home/ali/Desktop/Ros2_Control/build/my_robot_description -- -j20 -l20[0m
[1.046s] [34mcolcon.colcon_core.event_handler.log_command[0m [1;30mDEBUG[0m [32mInvoking command in '/home/ali/Desktop/Ros2_Control/build/my_robot_description': CMAKE_PREFIX_PATH=${CMAKE_PREFIX_PATH}:/home/ali/Desktop/Ros2_Control/install/aero_arm_control:/opt/ros/humble /usr/bin/cmake --install /home/ali/Desktop/Ros2_Control/build/my_robot_description[0m
[1.077s] [34mcolcon.colcon_core.environment[0m [1;30mLevel 1[0m create_environment_scripts_only(aero_description)
[1.078s] [34mcolcon.colcon_core.event_handler.log_command[0m [1;30mDEBUG[0m [32mInvoked command in '/home/ali/Desktop/Ros2_Control/build/aero_description' returned '0': CMAKE_PREFIX_PATH=${CMAKE_PREFIX_PATH}:/home/ali/Desktop/Ros2_Control/install/aero_arm_control:/opt/ros/humble /usr/bin/cmake --install /home/ali/Desktop/Ros2_Control/build/aero_description[0m
[1.084s] [34mcolcon.colcon_core.environment[0m [1;30mLevel 1[0m checking '/home/ali/Desktop/Ros2_Control/install/aero_description' for CMake module files
[1.085s] [34mcolcon.colcon_core.environment[0m [1;30mLevel 1[0m checking '/home/ali/Desktop/Ros2_Control/install/aero_description' for CMake config files
[1.085s] [34mcolcon.colcon_core.shell[0m [1;30mLevel 1[0m create_environment_hook('aero_description', 'cmake_prefix_path')
[1.086s] [34mcolcon.colcon_core.shell[0m [1;30mINFO[0m Creating environment hook '/home/ali/Desktop/Ros2_Control/install/aero_description/share/aero_description/hook/cmake_prefix_path.ps1'
[1.087s] [34mcolcon.colcon_core.shell[0m [1;30mINFO[0m Creating environment descriptor '/home/ali/Desktop/Ros2_Control/install/aero_description/share/aero_description/hook/cmake_prefix_path.dsv'
[1.087s] [34mcolcon.colcon_core.shell[0m [1;30mINFO[0m Creating environment hook '/home/ali/Desktop/Ros2_Control/install/aero_description/share/aero_description/hook/cmake_prefix_path.sh'
[1.088s] [34mcolcon.colcon_core.environment[0m [1;30mLevel 1[0m checking '/home/ali/Desktop/Ros2_Control/install/aero_description/bin'
[1.088s] [34mcolcon.colcon_core.environment[0m [1;30mLevel 1[0m checking '/home/ali/Desktop/Ros2_Control/install/aero_description/lib/pkgconfig/aero_description.pc'
[1.088s] [34mcolcon.colcon_core.environment[0m [1;30mLevel 1[0m checking '/home/ali/Desktop/Ros2_Control/install/aero_description/lib/python3.10/site-packages'
[1.089s] [34mcolcon.colcon_core.environment[0m [1;30mLevel 1[0m checking '/home/ali/Desktop/Ros2_Control/install/aero_description/bin'
[1.089s] [34mcolcon.colcon_core.shell[0m [1;30mINFO[0m Creating package script '/home/ali/Desktop/Ros2_Control/install/aero_description/share/aero_description/package.ps1'
[1.090s] [34mcolcon.colcon_core.shell[0m [1;30mINFO[0m Creating package descriptor '/home/ali/Desktop/Ros2_Control/install/aero_description/share/aero_description/package.dsv'
[1.091s] [34mcolcon.colcon_core.shell[0m [1;30mINFO[0m Creating package script '/home/ali/Desktop/Ros2_Control/install/aero_description/share/aero_description/package.sh'
[1.092s] [34mcolcon.colcon_core.shell[0m [1;30mINFO[0m Creating package script '/home/ali/Desktop/Ros2_Control/install/aero_description/share/aero_description/package.bash'
[1.092s] [34mcolcon.colcon_core.shell[0m [1;30mINFO[0m Creating package script '/home/ali/Desktop/Ros2_Control/install/aero_description/share/aero_description/package.zsh'
[1.093s] [34mcolcon.colcon_core.environment[0m [1;30mLevel 1[0m create_file_with_runtime_dependencies(/home/ali/Desktop/Ros2_Control/install/aero_description/share/colcon-core/packages/aero_description)
[1.094s] [34mcolcon.colcon_core.environment[0m [1;30mLevel 1[0m create_environment_scripts_only(aero_description)
[1.095s] [34mcolcon.colcon_core.environment[0m [1;30mLevel 1[0m checking '/home/ali/Desktop/Ros2_Control/install/aero_description' for CMake module files
[1.095s] [34mcolcon.colcon_core.environment[0m [1;30mLevel 1[0m checking '/home/ali/Desktop/Ros2_Control/install/aero_description' for CMake config files
[1.096s] [34mcolcon.colcon_core.shell[0m [1;30mLevel 1[0m create_environment_hook('aero_description', 'cmake_prefix_path')
[1.096s] [34mcolcon.colcon_core.shell[0m [1;30mINFO[0m Creating environment hook '/home/ali/Desktop/Ros2_Control/install/aero_description/share/aero_description/hook/cmake_prefix_path.ps1'
[1.097s] [34mcolcon.colcon_core.shell[0m [1;30mINFO[0m Creating environment descriptor '/home/ali/Desktop/Ros2_Control/install/aero_description/share/aero_description/hook/cmake_prefix_path.dsv'
[1.097s] [34mcolcon.colcon_core.shell[0m [1;30mINFO[0m Creating environment hook '/home/ali/Desktop/Ros2_Control/install/aero_description/share/aero_description/hook/cmake_prefix_path.sh'
[1.098s] [34mcolcon.colcon_core.environment[0m [1;30mLevel 1[0m checking '/home/ali/Desktop/Ros2_Control/install/aero_description/bin'
[1.098s] [34mcolcon.colcon_core.environment[0m [1;30mLevel 1[0m checking '/home/ali/Desktop/Ros2_Control/install/aero_description/lib/pkgconfig/aero_description.pc'
[1.099s] [34mcolcon.colcon_core.environment[0m [1;30mLevel 1[0m checking '/home/ali/Desktop/Ros2_Control/install/aero_description/lib/python3.10/site-packages'
[1.099s] [34mcolcon.colcon_core.environment[0m [1;30mLevel 1[0m checking '/home/ali/Desktop/Ros2_Control/install/aero_description/bin'
[1.099s] [34mcolcon.colcon_core.shell[0m [1;30mINFO[0m Creating package script '/home/ali/Desktop/Ros2_Control/install/aero_description/share/aero_description/package.ps1'
[1.100s] [34mcolcon.colcon_core.shell[0m [1;30mINFO[0m Creating package descriptor '/home/ali/Desktop/Ros2_Control/install/aero_description/share/aero_description/package.dsv'
[1.100s] [34mcolcon.colcon_core.shell[0m [1;30mINFO[0m Creating package script '/home/ali/Desktop/Ros2_Control/install/aero_description/share/aero_description/package.sh'
[1.101s] [34mcolcon.colcon_core.shell[0m [1;30mINFO[0m Creating package script '/home/ali/Desktop/Ros2_Control/install/aero_description/share/aero_description/package.bash'
[1.101s] [34mcolcon.colcon_core.shell[0m [1;30mINFO[0m Creating package script '/home/ali/Desktop/Ros2_Control/install/aero_description/share/aero_description/package.zsh'
[1.101s] [34mcolcon.colcon_core.environment[0m [1;30mLevel 1[0m create_file_with_runtime_dependencies(/home/ali/Desktop/Ros2_Control/install/aero_description/share/colcon-core/packages/aero_description)
[1.101s] [34mcolcon.colcon_core.environment[0m [1;30mLevel 1[0m create_environment_scripts_only(my_robot_description)
[1.102s] [34mcolcon.colcon_core.environment[0m [1;30mLevel 1[0m checking '/home/ali/Desktop/Ros2_Control/install/my_robot_description' for CMake module files
[1.103s] [34mcolcon.colcon_core.event_handler.log_command[0m [1;30mDEBUG[0m [32mInvoked command in '/home/ali/Desktop/Ros2_Control/build/my_robot_description' returned '0': CMAKE_PREFIX_PATH=${CMAKE_PREFIX_PATH}:/home/ali/Desktop/Ros2_Control/install/aero_arm_control:/opt/ros/humble /usr/bin/cmake --install /home/ali/Desktop/Ros2_Control/build/my_robot_description[0m
[1.103s] [34mcolcon.colcon_core.environment[0m [1;30mLevel 1[0m checking '/home/ali/Desktop/Ros2_Control/install/my_robot_description' for CMake config files
[1.104s] [34mcolcon.colcon_core.shell[0m [1;30mLevel 1[0m create_environment_hook('my_robot_description', 'cmake_prefix_path')
[1.104s] [34mcolcon.colcon_core.shell[0m [1;30mINFO[0m Creating environment hook '/home/ali/Desktop/Ros2_Control/install/my_robot_description/share/my_robot_description/hook/cmake_prefix_path.ps1'
[1.105s] [34mcolcon.colcon_core.shell[0m [1;30mINFO[0m Creating environment descriptor '/home/ali/Desktop/Ros2_Control/install/my_robot_description/share/my_robot_description/hook/cmake_prefix_path.dsv'
[1.105s] [34mcolcon.colcon_core.shell[0m [1;30mINFO[0m Creating environment hook '/home/ali/Desktop/Ros2_Control/install/my_robot_description/share/my_robot_description/hook/cmake_prefix_path.sh'
[1.106s] [34mcolcon.colcon_core.environment[0m [1;30mLevel 1[0m checking '/home/ali/Desktop/Ros2_Control/install/my_robot_description/bin'
[1.106s] [34mcolcon.colcon_core.environment[0m [1;30mLevel 1[0m checking '/home/ali/Desktop/Ros2_Control/install/my_robot_description/lib/pkgconfig/my_robot_description.pc'
[1.106s] [34mcolcon.colcon_core.environment[0m [1;30mLevel 1[0m checking '/home/ali/Desktop/Ros2_Control/install/my_robot_description/lib/python3.10/site-packages'
[1.106s] [34mcolcon.colcon_core.environment[0m [1;30mLevel 1[0m checking '/home/ali/Desktop/Ros2_Control/install/my_robot_description/bin'
[1.106s] [34mcolcon.colcon_core.shell[0m [1;30mINFO[0m Creating package script '/home/ali/Desktop/Ros2_Control/install/my_robot_description/share/my_robot_description/package.ps1'
[1.107s] [34mcolcon.colcon_core.shell[0m [1;30mINFO[0m Creating package descriptor '/home/ali/Desktop/Ros2_Control/install/my_robot_description/share/my_robot_description/package.dsv'
[1.107s] [34mcolcon.colcon_core.shell[0m [1;30mINFO[0m Creating package script '/home/ali/Desktop/Ros2_Control/install/my_robot_description/share/my_robot_description/package.sh'
[1.108s] [34mcolcon.colcon_core.shell[0m [1;30mINFO[0m Creating package script '/home/ali/Desktop/Ros2_Control/install/my_robot_description/share/my_robot_description/package.bash'
[1.108s] [34mcolcon.colcon_core.shell[0m [1;30mINFO[0m Creating package script '/home/ali/Desktop/Ros2_Control/install/my_robot_description/share/my_robot_description/package.zsh'
[1.108s] [34mcolcon.colcon_core.environment[0m [1;30mLevel 1[0m create_file_with_runtime_dependencies(/home/ali/Desktop/Ros2_Control/install/my_robot_description/share/colcon-core/packages/my_robot_description)
[1.109s] [34mcolcon.colcon_core.environment[0m [1;30mLevel 1[0m create_environment_scripts_only(my_robot_description)
[1.110s] [34mcolcon.colcon_core.environment[0m [1;30mLevel 1[0m checking '/home/ali/Desktop/Ros2_Control/install/my_robot_description' for CMake module files
[1.110s] [34mcolcon.colcon_core.environment[0m [1;30mLevel 1[0m checking '/home/ali/Desktop/Ros2_Control/install/my_robot_description' for CMake config files
[1.110s] [34mcolcon.colcon_core.shell[0m [1;30mLevel 1[0m create_environment_hook('my_robot_description', 'cmake_prefix_path')
[1.111s] [34mcolcon.colcon_core.shell[0m [1;30mINFO[0m Creating environment hook '/home/ali/Desktop/Ros2_Control/install/my_robot_description/share/my_robot_description/hook/cmake_prefix_path.ps1'
[1.112s] [34mcolcon.colcon_core.shell[0m [1;30mINFO[0m Creating environment descriptor '/home/ali/Desktop/Ros2_Control/install/my_robot_description/share/my_robot_description/hook/cmake_prefix_path.dsv'
[1.112s] [34mcolcon.colcon_core.shell[0m [1;30mINFO[0m Creating environment hook '/home/ali/Desktop/Ros2_Control/install/my_robot_description/share/my_robot_description/hook/cmake_prefix_path.sh'
[1.113s] [34mcolcon.colcon_core.environment[0m [1;30mLevel 1[0m checking '/home/ali/Desktop/Ros2_Control/install/my_robot_description/bin'
[1.113s] [34mcolcon.colcon_core.environment[0m [1;30mLevel 1[0m checking '/home/ali/Desktop/Ros2_Control/install/my_robot_description/lib/pkgconfig/my_robot_description.pc'
[1.114s] [34mcolcon.colcon_core.environment[0m [1;30mLevel 1[0m checking '/home/ali/Desktop/Ros2_Control/install/my_robot_description/lib/python3.10/site-packages'
[1.114s] [34mcolcon.colcon_core.environment[0m [1;30mLevel 1[0m checking '/home/ali/Desktop/Ros2_Control/install/my_robot_description/bin'
[1.115s] [34mcolcon.colcon_core.shell[0m [1;30mINFO[0m Creating package script '/home/ali/Desktop/Ros2_Control/install/my_robot_description/share/my_robot_description/package.ps1'
[1.116s] [34mcolcon.colcon_core.shell[0m [1;30mINFO[0m Creating package descriptor '/home/ali/Desktop/Ros2_Control/install/my_robot_description/share/my_robot_description/package.dsv'
[1.116s] [34mcolcon.colcon_core.shell[0m [1;30mINFO[0m Creating package script '/home/ali/Desktop/Ros2_Control/install/my_robot_description/share/my_robot_description/package.sh'
[1.117s] [34mcolcon.colcon_core.shell[0m [1;30mINFO[0m Creating package script '/home/ali/Desktop/Ros2_Control/install/my_robot_description/share/my_robot_description/package.bash'
[1.117s] [34mcolcon.colcon_core.shell[0m [1;30mINFO[0m Creating package script '/home/ali/Desktop/Ros2_Control/install/my_robot_description/share/my_robot_description/package.zsh'
[1.118s] [34mcolcon.colcon_core.environment[0m [1;30mLevel 1[0m create_file_with_runtime_dependencies(/home/ali/Desktop/Ros2_Control/install/my_robot_description/share/colcon-core/packages/my_robot_description)
[1.119s] [34mcolcon.colcon_ros.task.ament_cmake.build[0m [1;30mINFO[0m Building ROS package in '/home/ali/Desktop/Ros2_Control/src/aero_bringup' with build type 'ament_cmake'
[1.119s] [34mcolcon.colcon_cmake.task.cmake.build[0m [1;30mINFO[0m Building CMake package in '/home/ali/Desktop/Ros2_Control/src/aero_bringup'
[1.120s] [34mcolcon.colcon_core.shell[0m [1;30mINFO[0m Skip shell extension 'powershell' for command environment: Not usable outside of PowerShell
[1.120s] [34mcolcon.colcon_core.shell[0m [1;30mDEBUG[0m [32mSkip shell extension 'dsv' for command environment[0m
[1.125s] [34mcolcon.colcon_ros.task.ament_cmake.build[0m [1;30mINFO[0m Building ROS package in '/home/ali/Desktop/Ros2_Control/src/aero_moveit_config' with build type 'ament_cmake'
[1.126s] [34mcolcon.colcon_cmake.task.cmake.build[0m [1;30mINFO[0m Building CMake package in '/home/ali/Desktop/Ros2_Control/src/aero_moveit_config'
[1.126s] [34mcolcon.colcon_core.shell[0m [1;30mINFO[0m Skip shell extension 'powershell' for command environment: Not usable outside of PowerShell
[1.126s] [34mcolcon.colcon_core.shell[0m [1;30mDEBUG[0m [32mSkip shell extension 'dsv' for command environment[0m
[1.132s] [34mcolcon.colcon_ros.task.ament_cmake.build[0m [1;30mINFO[0m Building ROS package in '/home/ali/Desktop/Ros2_Control/src/my_robot_bringup' with build type 'ament_cmake'
[1.132s] [34mcolcon.colcon_cmake.task.cmake.build[0m [1;30mINFO[0m Building CMake package in '/home/ali/Desktop/Ros2_Control/src/my_robot_bringup'
[1.133s] [34mcolcon.colcon_core.shell[0m [1;30mINFO[0m Skip shell extension 'powershell' for command environment: Not usable outside of PowerShell
[1.133s] [34mcolcon.colcon_core.shell[0m [1;30mDEBUG[0m [32mSkip shell extension 'dsv' for command environment[0m
[1.146s] [34mcolcon.colcon_core.event_handler.log_command[0m [1;30mDEBUG[0m [32mInvoking command in '/home/ali/Desktop/Ros2_Control/build/aero_bringup': CMAKE_PREFIX_PATH=/home/ali/Desktop/Ros2_Control/install/aero_description:/home/ali/Desktop/Ros2_Control/install/my_robot_bringup:/home/ali/Desktop/Ros2_Control/install/my_robot_description:/home/ali/Desktop/Ros2_Control/install/aero_moveit_config:/home/ali/Desktop/Ros2_Control/install/aero_bringup:/home/ali/Desktop/Ros2_Control/install/aero_arm_control:/opt/ros/humble /usr/bin/cmake --build /home/ali/Desktop/Ros2_Control/build/aero_bringup -- -j20 -l20[0m
[1.152s] [34mcolcon.colcon_core.event_handler.log_command[0m [1;30mDEBUG[0m [32mInvoking command in '/home/ali/Desktop/Ros2_Control/build/aero_moveit_config': CMAKE_PREFIX_PATH=/home/ali/Desktop/Ros2_Control/install/aero_description:/home/ali/Desktop/Ros2_Control/install/my_robot_bringup:/home/ali/Desktop/Ros2_Control/install/my_robot_description:/home/ali/Desktop/Ros2_Control/install/aero_moveit_config:/home/ali/Desktop/Ros2_Control/install/aero_bringup:/home/ali/Desktop/Ros2_Control/install/aero_arm_control:/opt/ros/humble /usr/bin/cmake --build /home/ali/Desktop/Ros2_Control/build/aero_moveit_config -- -j20 -l20[0m
[1.159s] [34mcolcon.colcon_core.event_handler.log_command[0m [1;30mDEBUG[0m [32mInvoking command in '/home/ali/Desktop/Ros2_Control/build/my_robot_bringup': CMAKE_PREFIX_PATH=/home/ali/Desktop/Ros2_Control/install/my_robot_description:/home/ali/Desktop/Ros2_Control/install/my_robot_bringup:/home/ali/Desktop/Ros2_Control/install/aero_moveit_config:/home/ali/Desktop/Ros2_Control/install/aero_bringup:/home/ali/Desktop/Ros2_Control/install/aero_description:/home/ali/Desktop/Ros2_Control/install/aero_arm_control:/opt/ros/humble /usr/bin/cmake --build /home/ali/Desktop/Ros2_Control/build/my_robot_bringup -- -j20 -l20[0m
[1.208s] [34mcolcon.colcon_core.event_handler.log_command[0m [1;30mDEBUG[0m [32mInvoked command in '/home/ali/Desktop/Ros2_Control/build/aero_bringup' returned '0': CMAKE_PREFIX_PATH=/home/ali/Desktop/Ros2_Control/install/aero_description:/home/ali/Desktop/Ros2_Control/install/my_robot_bringup:/home/ali/Desktop/Ros2_Control/install/my_robot_description:/home/ali/Desktop/Ros2_Control/install/aero_moveit_config:/home/ali/Desktop/Ros2_Control/install/aero_bringup:/home/ali/Desktop/Ros2_Control/install/aero_arm_control:/opt/ros/humble /usr/bin/cmake --build /home/ali/Desktop/Ros2_Control/build/aero_bringup -- -j20 -l20[0m
[1.212s] [34mcolcon.colcon_core.event_handler.log_command[0m [1;30mDEBUG[0m [32mInvoking command in '/home/ali/Desktop/Ros2_Control/build/aero_bringup': CMAKE_PREFIX_PATH=/home/ali/Desktop/Ros2_Control/install/aero_description:/home/ali/Desktop/Ros2_Control/install/my_robot_bringup:/home/ali/Desktop/Ros2_Control/install/my_robot_description:/home/ali/Desktop/Ros2_Control/install/aero_moveit_config:/home/ali/Desktop/Ros2_Control/install/aero_bringup:/home/ali/Desktop/Ros2_Control/install/aero_arm_control:/opt/ros/humble /usr/bin/cmake --install /home/ali/Desktop/Ros2_Control/build/aero_bringup[0m
[1.215s] [34mcolcon.colcon_core.event_handler.log_command[0m [1;30mDEBUG[0m [32mInvoked command in '/home/ali/Desktop/Ros2_Control/build/aero_moveit_config' returned '0': CMAKE_PREFIX_PATH=/home/ali/Desktop/Ros2_Control/install/aero_description:/home/ali/Desktop/Ros2_Control/install/my_robot_bringup:/home/ali/Desktop/Ros2_Control/install/my_robot_description:/home/ali/Desktop/Ros2_Control/install/aero_moveit_config:/home/ali/Desktop/Ros2_Control/install/aero_bringup:/home/ali/Desktop/Ros2_Control/install/aero_arm_control:/opt/ros/humble /usr/bin/cmake --build /home/ali/Desktop/Ros2_Control/build/aero_moveit_config -- -j20 -l20[0m
[1.218s] [34mcolcon.colcon_core.event_handler.log_command[0m [1;30mDEBUG[0m [32mInvoking command in '/home/ali/Desktop/Ros2_Control/build/aero_moveit_config': CMAKE_PREFIX_PATH=/home/ali/Desktop/Ros2_Control/install/aero_description:/home/ali/Desktop/Ros2_Control/install/my_robot_bringup:/home/ali/Desktop/Ros2_Control/install/my_robot_description:/home/ali/Desktop/Ros2_Control/install/aero_moveit_config:/home/ali/Desktop/Ros2_Control/install/aero_bringup:/home/ali/Desktop/Ros2_Control/install/aero_arm_control:/opt/ros/humble /usr/bin/cmake --install /home/ali/Desktop/Ros2_Control/build/aero_moveit_config[0m
[1.219s] [34mcolcon.colcon_core.event_handler.log_command[0m [1;30mDEBUG[0m [32mInvoked command in '/home/ali/Desktop/Ros2_Control/build/my_robot_bringup' returned '0': CMAKE_PREFIX_PATH=/home/ali/Desktop/Ros2_Control/install/my_robot_description:/home/ali/Desktop/Ros2_Control/install/my_robot_bringup:/home/ali/Desktop/Ros2_Control/install/aero_moveit_config:/home/ali/Desktop/Ros2_Control/install/aero_bringup:/home/ali/Desktop/Ros2_Control/install/aero_description:/home/ali/Desktop/Ros2_Control/install/aero_arm_control:/opt/ros/humble /usr/bin/cmake --build /home/ali/Desktop/Ros2_Control/build/my_robot_bringup -- -j20 -l20[0m
[1.222s] [34mcolcon.colcon_core.event_handler.log_command[0m [1;30mDEBUG[0m [32mInvoking command in '/home/ali/Desktop/Ros2_Control/build/my_robot_bringup': CMAKE_PREFIX_PATH=/home/ali/Desktop/Ros2_Control/install/my_robot_description:/home/ali/Desktop/Ros2_Control/install/my_robot_bringup:/home/ali/Desktop/Ros2_Control/install/aero_moveit_config:/home/ali/Desktop/Ros2_Control/install/aero_bringup:/home/ali/Desktop/Ros2_Control/install/aero_description:/home/ali/Desktop/Ros2_Control/install/aero_arm_control:/opt/ros/humble /usr/bin/cmake --install /home/ali/Desktop/Ros2_Control/build/my_robot_bringup[0m
[1.250s] [34mcolcon.colcon_core.environment[0m [1;30mLevel 1[0m create_environment_scripts_only(aero_bringup)
[1.251s] [34mcolcon.colcon_core.environment[0m [1;30mLevel 1[0m checking '/home/ali/Desktop/Ros2_Control/install/aero_bringup' for CMake module files
[1.252s] [34mcolcon.colcon_core.event_handler.log_command[0m [1;30mDEBUG[0m [32mInvoked command in '/home/ali/Desktop/Ros2_Control/build/aero_bringup' returned '0': CMAKE_PREFIX_PATH=/home/ali/Desktop/Ros2_Control/install/aero_description:/home/ali/Desktop/Ros2_Control/install/my_robot_bringup:/home/ali/Desktop/Ros2_Control/install/my_robot_description:/home/ali/Desktop/Ros2_Control/install/aero_moveit_config:/home/ali/Desktop/Ros2_Control/install/aero_bringup:/home/ali/Desktop/Ros2_Control/install/aero_arm_control:/opt/ros/humble /usr/bin/cmake --install /home/ali/Desktop/Ros2_Control/build/aero_bringup[0m
[1.253s] [34mcolcon.colcon_core.environment[0m [1;30mLevel 1[0m checking '/home/ali/Desktop/Ros2_Control/install/aero_bringup' for CMake config files
[1.253s] [34mcolcon.colcon_core.shell[0m [1;30mLevel 1[0m create_environment_hook('aero_bringup', 'cmake_prefix_path')
[1.254s] [34mcolcon.colcon_core.shell[0m [1;30mINFO[0m Creating environment hook '/home/ali/Desktop/Ros2_Control/install/aero_bringup/share/aero_bringup/hook/cmake_prefix_path.ps1'
[1.255s] [34mcolcon.colcon_core.shell[0m [1;30mINFO[0m Creating environment descriptor '/home/ali/Desktop/Ros2_Control/install/aero_bringup/share/aero_bringup/hook/cmake_prefix_path.dsv'
[1.255s] [34mcolcon.colcon_core.shell[0m [1;30mINFO[0m Creating environment hook '/home/ali/Desktop/Ros2_Control/install/aero_bringup/share/aero_bringup/hook/cmake_prefix_path.sh'
[1.256s] [34mcolcon.colcon_core.environment[0m [1;30mLevel 1[0m checking '/home/ali/Desktop/Ros2_Control/install/aero_bringup/bin'
[1.256s] [34mcolcon.colcon_core.environment[0m [1;30mLevel 1[0m checking '/home/ali/Desktop/Ros2_Control/install/aero_bringup/lib/pkgconfig/aero_bringup.pc'
[1.256s] [34mcolcon.colcon_core.environment[0m [1;30mLevel 1[0m checking '/home/ali/Desktop/Ros2_Control/install/aero_bringup/lib/python3.10/site-packages'
[1.257s] [34mcolcon.colcon_core.environment[0m [1;30mLevel 1[0m checking '/home/ali/Desktop/Ros2_Control/install/aero_bringup/bin'
[1.257s] [34mcolcon.colcon_core.shell[0m [1;30mINFO[0m Creating package script '/home/ali/Desktop/Ros2_Control/install/aero_bringup/share/aero_bringup/package.ps1'
[1.258s] [34mcolcon.colcon_core.shell[0m [1;30mINFO[0m Creating package descriptor '/home/ali/Desktop/Ros2_Control/install/aero_bringup/share/aero_bringup/package.dsv'
[1.258s] [34mcolcon.colcon_core.shell[0m [1;30mINFO[0m Creating package script '/home/ali/Desktop/Ros2_Control/install/aero_bringup/share/aero_bringup/package.sh'
[1.259s] [34mcolcon.colcon_core.shell[0m [1;30mINFO[0m Creating package script '/home/ali/Desktop/Ros2_Control/install/aero_bringup/share/aero_bringup/package.bash'
[1.259s] [34mcolcon.colcon_core.shell[0m [1;30mINFO[0m Creating package script '/home/ali/Desktop/Ros2_Control/install/aero_bringup/share/aero_bringup/package.zsh'
[1.259s] [34mcolcon.colcon_core.environment[0m [1;30mLevel 1[0m create_file_with_runtime_dependencies(/home/ali/Desktop/Ros2_Control/install/aero_bringup/share/colcon-core/packages/aero_bringup)
[1.260s] [34mcolcon.colcon_core.environment[0m [1;30mLevel 1[0m create_environment_scripts_only(aero_bringup)
[1.260s] [34mcolcon.colcon_core.environment[0m [1;30mLevel 1[0m checking '/home/ali/Desktop/Ros2_Control/install/aero_bringup' for CMake module files
[1.260s] [34mcolcon.colcon_core.environment[0m [1;30mLevel 1[0m checking '/home/ali/Desktop/Ros2_Control/install/aero_bringup' for CMake config files
[1.261s] [34mcolcon.colcon_core.shell[0m [1;30mLevel 1[0m create_environment_hook('aero_bringup', 'cmake_prefix_path')
[1.261s] [34mcolcon.colcon_core.shell[0m [1;30mINFO[0m Creating environment hook '/home/ali/Desktop/Ros2_Control/install/aero_bringup/share/aero_bringup/hook/cmake_prefix_path.ps1'
[1.262s] [34mcolcon.colcon_core.shell[0m [1;30mINFO[0m Creating environment descriptor '/home/ali/Desktop/Ros2_Control/install/aero_bringup/share/aero_bringup/hook/cmake_prefix_path.dsv'
[1.262s] [34mcolcon.colcon_core.shell[0m [1;30mINFO[0m Creating environment hook '/home/ali/Desktop/Ros2_Control/install/aero_bringup/share/aero_bringup/hook/cmake_prefix_path.sh'
[1.263s] [34mcolcon.colcon_core.environment[0m [1;30mLevel 1[0m checking '/home/ali/Desktop/Ros2_Control/install/aero_bringup/bin'
[1.263s] [34mcolcon.colcon_core.environment[0m [1;30mLevel 1[0m checking '/home/ali/Desktop/Ros2_Control/install/aero_bringup/lib/pkgconfig/aero_bringup.pc'
[1.263s] [34mcolcon.colcon_core.environment[0m [1;30mLevel 1[0m checking '/home/ali/Desktop/Ros2_Control/install/aero_bringup/lib/python3.10/site-packages'
[1.264s] [34mcolcon.colcon_core.environment[0m [1;30mLevel 1[0m checking '/home/ali/Desktop/Ros2_Control/install/aero_bringup/bin'
[1.264s] [34mcolcon.colcon_core.shell[0m [1;30mINFO[0m Creating package script '/home/ali/Desktop/Ros2_Control/install/aero_bringup/share/aero_bringup/package.ps1'
[1.265s] [34mcolcon.colcon_core.shell[0m [1;30mINFO[0m Creating package descriptor '/home/ali/Desktop/Ros2_Control/install/aero_bringup/share/aero_bringup/package.dsv'
[1.266s] [34mcolcon.colcon_core.shell[0m [1;30mINFO[0m Creating package script '/home/ali/Desktop/Ros2_Control/install/aero_bringup/share/aero_bringup/package.sh'
[1.267s] [34mcolcon.colcon_core.shell[0m [1;30mINFO[0m Creating package script '/home/ali/Desktop/Ros2_Control/install/aero_bringup/share/aero_bringup/package.bash'
[1.267s] [34mcolcon.colcon_core.shell[0m [1;30mINFO[0m Creating package script '/home/ali/Desktop/Ros2_Control/install/aero_bringup/share/aero_bringup/package.zsh'
[1.268s] [34mcolcon.colcon_core.environment[0m [1;30mLevel 1[0m create_file_with_runtime_dependencies(/home/ali/Desktop/Ros2_Control/install/aero_bringup/share/colcon-core/packages/aero_bringup)
[1.269s] [34mcolcon.colcon_core.environment[0m [1;30mLevel 1[0m create_environment_scripts_only(my_robot_bringup)
[1.269s] [34mcolcon.colcon_core.environment[0m [1;30mLevel 1[0m checking '/home/ali/Desktop/Ros2_Control/install/my_robot_bringup' for CMake module files
[1.270s] [34mcolcon.colcon_core.event_handler.log_command[0m [1;30mDEBUG[0m [32mInvoked command in '/home/ali/Desktop/Ros2_Control/build/my_robot_bringup' returned '0': CMAKE_PREFIX_PATH=/home/ali/Desktop/Ros2_Control/install/my_robot_description:/home/ali/Desktop/Ros2_Control/install/my_robot_bringup:/home/ali/Desktop/Ros2_Control/install/aero_moveit_config:/home/ali/Desktop/Ros2_Control/install/aero_bringup:/home/ali/Desktop/Ros2_Control/install/aero_description:/home/ali/Desktop/Ros2_Control/install/aero_arm_control:/opt/ros/humble /usr/bin/cmake --install /home/ali/Desktop/Ros2_Control/build/my_robot_bringup[0m
[1.271s] [34mcolcon.colcon_core.environment[0m [1;30mLevel 1[0m checking '/home/ali/Desktop/Ros2_Control/install/my_robot_bringup' for CMake config files
[1.271s] [34mcolcon.colcon_core.shell[0m [1;30mLevel 1[0m create_environment_hook('my_robot_bringup', 'cmake_prefix_path')
[1.271s] [34mcolcon.colcon_core.shell[0m [1;30mINFO[0m Creating environment hook '/home/ali/Desktop/Ros2_Control/install/my_robot_bringup/share/my_robot_bringup/hook/cmake_prefix_path.ps1'
[1.273s] [34mcolcon.colcon_core.shell[0m [1;30mINFO[0m Creating environment descriptor '/home/ali/Desktop/Ros2_Control/install/my_robot_bringup/share/my_robot_bringup/hook/cmake_prefix_path.dsv'
[1.274s] [34mcolcon.colcon_core.shell[0m [1;30mINFO[0m Creating environment hook '/home/ali/Desktop/Ros2_Control/install/my_robot_bringup/share/my_robot_bringup/hook/cmake_prefix_path.sh'
[1.274s] [34mcolcon.colcon_core.environment[0m [1;30mLevel 1[0m checking '/home/ali/Desktop/Ros2_Control/install/my_robot_bringup/lib'
[1.275s] [34mcolcon.colcon_core.environment[0m [1;30mLevel 1[0m checking '/home/ali/Desktop/Ros2_Control/install/my_robot_bringup/bin'
[1.275s] [34mcolcon.colcon_core.environment[0m [1;30mLevel 1[0m checking '/home/ali/Desktop/Ros2_Control/install/my_robot_bringup/lib/pkgconfig/my_robot_bringup.pc'
[1.275s] [34mcolcon.colcon_core.environment[0m [1;30mLevel 1[0m checking '/home/ali/Desktop/Ros2_Control/install/my_robot_bringup/lib/python3.10/site-packages'
[1.275s] [34mcolcon.colcon_core.environment[0m [1;30mLevel 1[0m checking '/home/ali/Desktop/Ros2_Control/install/my_robot_bringup/bin'
[1.276s] [34mcolcon.colcon_core.shell[0m [1;30mINFO[0m Creating package script '/home/ali/Desktop/Ros2_Control/install/my_robot_bringup/share/my_robot_bringup/package.ps1'
[1.277s] [34mcolcon.colcon_core.shell[0m [1;30mINFO[0m Creating package descriptor '/home/ali/Desktop/Ros2_Control/install/my_robot_bringup/share/my_robot_bringup/package.dsv'
[1.277s] [34mcolcon.colcon_core.shell[0m [1;30mINFO[0m Creating package script '/home/ali/Desktop/Ros2_Control/install/my_robot_bringup/share/my_robot_bringup/package.sh'
[1.278s] [34mcolcon.colcon_core.shell[0m [1;30mINFO[0m Creating package script '/home/ali/Desktop/Ros2_Control/install/my_robot_bringup/share/my_robot_bringup/package.bash'
[1.278s] [34mcolcon.colcon_core.shell[0m [1;30mINFO[0m Creating package script '/home/ali/Desktop/Ros2_Control/install/my_robot_bringup/share/my_robot_bringup/package.zsh'
[1.278s] [34mcolcon.colcon_core.environment[0m [1;30mLevel 1[0m create_file_with_runtime_dependencies(/home/ali/Desktop/Ros2_Control/install/my_robot_bringup/share/colcon-core/packages/my_robot_bringup)
[1.279s] [34mcolcon.colcon_core.environment[0m [1;30mLevel 1[0m create_environment_scripts_only(my_robot_bringup)
[1.279s] [34mcolcon.colcon_core.environment[0m [1;30mLevel 1[0m checking '/home/ali/Desktop/Ros2_Control/install/my_robot_bringup' for CMake module files
[1.280s] [34mcolcon.colcon_core.environment[0m [1;30mLevel 1[0m checking '/home/ali/Desktop/Ros2_Control/install/my_robot_bringup' for CMake config files
[1.280s] [34mcolcon.colcon_core.shell[0m [1;30mLevel 1[0m create_environment_hook('my_robot_bringup', 'cmake_prefix_path')
[1.280s] [34mcolcon.colcon_core.shell[0m [1;30mINFO[0m Creating environment hook '/home/ali/Desktop/Ros2_Control/install/my_robot_bringup/share/my_robot_bringup/hook/cmake_prefix_path.ps1'
[1.281s] [34mcolcon.colcon_core.shell[0m [1;30mINFO[0m Creating environment descriptor '/home/ali/Desktop/Ros2_Control/install/my_robot_bringup/share/my_robot_bringup/hook/cmake_prefix_path.dsv'
[1.281s] [34mcolcon.colcon_core.shell[0m [1;30mINFO[0m Creating environment hook '/home/ali/Desktop/Ros2_Control/install/my_robot_bringup/share/my_robot_bringup/hook/cmake_prefix_path.sh'
[1.282s] [34mcolcon.colcon_core.environment[0m [1;30mLevel 1[0m checking '/home/ali/Desktop/Ros2_Control/install/my_robot_bringup/lib'
[1.282s] [34mcolcon.colcon_core.environment[0m [1;30mLevel 1[0m checking '/home/ali/Desktop/Ros2_Control/install/my_robot_bringup/bin'
[1.282s] [34mcolcon.colcon_core.environment[0m [1;30mLevel 1[0m checking '/home/ali/Desktop/Ros2_Control/install/my_robot_bringup/lib/pkgconfig/my_robot_bringup.pc'
[1.282s] [34mcolcon.colcon_core.environment[0m [1;30mLevel 1[0m checking '/home/ali/Desktop/Ros2_Control/install/my_robot_bringup/lib/python3.10/site-packages'
[1.282s] [34mcolcon.colcon_core.environment[0m [1;30mLevel 1[0m checking '/home/ali/Desktop/Ros2_Control/install/my_robot_bringup/bin'
[1.283s] [34mcolcon.colcon_core.shell[0m [1;30mINFO[0m Creating package script '/home/ali/Desktop/Ros2_Control/install/my_robot_bringup/share/my_robot_bringup/package.ps1'
[1.284s] [34mcolcon.colcon_core.shell[0m [1;30mINFO[0m Creating package descriptor '/home/ali/Desktop/Ros2_Control/install/my_robot_bringup/share/my_robot_bringup/package.dsv'
[1.284s] [34mcolcon.colcon_core.shell[0m [1;30mINFO[0m Creating package script '/home/ali/Desktop/Ros2_Control/install/my_robot_bringup/share/my_robot_bringup/package.sh'
[1.284s] [34mcolcon.colcon_core.shell[0m [1;30mINFO[0m Creating package script '/home/ali/Desktop/Ros2_Control/install/my_robot_bringup/share/my_robot_bringup/package.bash'
[1.285s] [34mcolcon.colcon_core.shell[0m [1;30mINFO[0m Creating package script '/home/ali/Desktop/Ros2_Control/install/my_robot_bringup/share/my_robot_bringup/package.zsh'
[1.285s] [34mcolcon.colcon_core.environment[0m [1;30mLevel 1[0m create_file_with_runtime_dependencies(/home/ali/Desktop/Ros2_Control/install/my_robot_bringup/share/colcon-core/packages/my_robot_bringup)
[1.286s] [34mcolcon.colcon_core.environment[0m [1;30mLevel 1[0m create_environment_scripts_only(aero_moveit_config)
[1.286s] [34mcolcon.colcon_core.environment[0m [1;30mLevel 1[0m checking '/home/ali/Desktop/Ros2_Control/install/aero_moveit_config' for CMake module files
[1.287s] [34mcolcon.colcon_core.event_handler.log_command[0m [1;30mDEBUG[0m [32mInvoked command in '/home/ali/Desktop/Ros2_Control/build/aero_moveit_config' returned '0': CMAKE_PREFIX_PATH=/home/ali/Desktop/Ros2_Control/install/aero_description:/home/ali/Desktop/Ros2_Control/install/my_robot_bringup:/home/ali/Desktop/Ros2_Control/install/my_robot_description:/home/ali/Desktop/Ros2_Control/install/aero_moveit_config:/home/ali/Desktop/Ros2_Control/install/aero_bringup:/home/ali/Desktop/Ros2_Control/install/aero_arm_control:/opt/ros/humble /usr/bin/cmake --install /home/ali/Desktop/Ros2_Control/build/aero_moveit_config[0m
[1.287s] [34mcolcon.colcon_core.environment[0m [1;30mLevel 1[0m checking '/home/ali/Desktop/Ros2_Control/install/aero_moveit_config' for CMake config files
[1.287s] [34mcolcon.colcon_core.shell[0m [1;30mLevel 1[0m create_environment_hook('aero_moveit_config', 'cmake_prefix_path')
[1.288s] [34mcolcon.colcon_core.shell[0m [1;30mINFO[0m Creating environment hook '/home/ali/Desktop/Ros2_Control/install/aero_moveit_config/share/aero_moveit_config/hook/cmake_prefix_path.ps1'
[1.288s] [34mcolcon.colcon_core.shell[0m [1;30mINFO[0m Creating environment descriptor '/home/ali/Desktop/Ros2_Control/install/aero_moveit_config/share/aero_moveit_config/hook/cmake_prefix_path.dsv'
[1.289s] [34mcolcon.colcon_core.shell[0m [1;30mINFO[0m Creating environment hook '/home/ali/Desktop/Ros2_Control/install/aero_moveit_config/share/aero_moveit_config/hook/cmake_prefix_path.sh'
[1.289s] [34mcolcon.colcon_core.environment[0m [1;30mLevel 1[0m checking '/home/ali/Desktop/Ros2_Control/install/aero_moveit_config/bin'
[1.289s] [34mcolcon.colcon_core.environment[0m [1;30mLevel 1[0m checking '/home/ali/Desktop/Ros2_Control/install/aero_moveit_config/lib/pkgconfig/aero_moveit_config.pc'
[1.289s] [34mcolcon.colcon_core.environment[0m [1;30mLevel 1[0m checking '/home/ali/Desktop/Ros2_Control/install/aero_moveit_config/lib/python3.10/site-packages'
[1.290s] [34mcolcon.colcon_core.environment[0m [1;30mLevel 1[0m checking '/home/ali/Desktop/Ros2_Control/install/aero_moveit_config/bin'
[1.290s] [34mcolcon.colcon_core.shell[0m [1;30mINFO[0m Creating package script '/home/ali/Desktop/Ros2_Control/install/aero_moveit_config/share/aero_moveit_config/package.ps1'
[1.291s] [34mcolcon.colcon_core.shell[0m [1;30mINFO[0m Creating package descriptor '/home/ali/Desktop/Ros2_Control/install/aero_moveit_config/share/aero_moveit_config/package.dsv'
[1.292s] [34mcolcon.colcon_core.shell[0m [1;30mINFO[0m Creating package script '/home/ali/Desktop/Ros2_Control/install/aero_moveit_config/share/aero_moveit_config/package.sh'
[1.292s] [34mcolcon.colcon_core.shell[0m [1;30mINFO[0m Creating package script '/home/ali/Desktop/Ros2_Control/install/aero_moveit_config/share/aero_moveit_config/package.bash'
[1.292s] [34mcolcon.colcon_core.shell[0m [1;30mINFO[0m Creating package script '/home/ali/Desktop/Ros2_Control/install/aero_moveit_config/share/aero_moveit_config/package.zsh'
[1.293s] [34mcolcon.colcon_core.environment[0m [1;30mLevel 1[0m create_file_with_runtime_dependencies(/home/ali/Desktop/Ros2_Control/install/aero_moveit_config/share/colcon-core/packages/aero_moveit_config)
[1.293s] [34mcolcon.colcon_core.environment[0m [1;30mLevel 1[0m create_environment_scripts_only(aero_moveit_config)
[1.294s] [34mcolcon.colcon_core.environment[0m [1;30mLevel 1[0m checking '/home/ali/Desktop/Ros2_Control/install/aero_moveit_config' for CMake module files
[1.295s] [34mcolcon.colcon_core.environment[0m [1;30mLevel 1[0m checking '/home/ali/Desktop/Ros2_Control/install/aero_moveit_config' for CMake config files
[1.295s] [34mcolcon.colcon_core.shell[0m [1;30mLevel 1[0m create_environment_hook('aero_moveit_config', 'cmake_prefix_path')
[1.296s] [34mcolcon.colcon_core.shell[0m [1;30mINFO[0m Creating environment hook '/home/ali/Desktop/Ros2_Control/install/aero_moveit_config/share/aero_moveit_config/hook/cmake_prefix_path.ps1'
[1.296s] [34mcolcon.colcon_core.shell[0m [1;30mINFO[0m Creating environment descriptor '/home/ali/Desktop/Ros2_Control/install/aero_moveit_config/share/aero_moveit_config/hook/cmake_prefix_path.dsv'
[1.297s] [34mcolcon.colcon_core.shell[0m [1;30mINFO[0m Creating environment hook '/home/ali/Desktop/Ros2_Control/install/aero_moveit_config/share/aero_moveit_config/hook/cmake_prefix_path.sh'
[1.297s] [34mcolcon.colcon_core.environment[0m [1;30mLevel 1[0m checking '/home/ali/Desktop/Ros2_Control/install/aero_moveit_config/bin'
[1.297s] [34mcolcon.colcon_core.environment[0m [1;30mLevel 1[0m checking '/home/ali/Desktop/Ros2_Control/install/aero_moveit_config/lib/pkgconfig/aero_moveit_config.pc'
[1.297s] [34mcolcon.colcon_core.environment[0m [1;30mLevel 1[0m checking '/home/ali/Desktop/Ros2_Control/install/aero_moveit_config/lib/python3.10/site-packages'
[1.298s] [34mcolcon.colcon_core.environment[0m [1;30mLevel 1[0m checking '/home/ali/Desktop/Ros2_Control/install/aero_moveit_config/bin'
[1.298s] [34mcolcon.colcon_core.shell[0m [1;30mINFO[0m Creating package script '/home/ali/Desktop/Ros2_Control/install/aero_moveit_config/share/aero_moveit_config/package.ps1'
[1.299s] [34mcolcon.colcon_core.shell[0m [1;30mINFO[0m Creating package descriptor '/home/ali/Desktop/Ros2_Control/install/aero_moveit_config/share/aero_moveit_config/package.dsv'
[1.299s] [34mcolcon.colcon_core.shell[0m [1;30mINFO[0m Creating package script '/home/ali/Desktop/Ros2_Control/install/aero_moveit_config/share/aero_moveit_config/package.sh'
[1.300s] [34mcolcon.colcon_core.shell[0m [1;30mINFO[0m Creating package script '/home/ali/Desktop/Ros2_Control/install/aero_moveit_config/share/aero_moveit_config/package.bash'
[1.300s] [34mcolcon.colcon_core.shell[0m [1;30mINFO[0m Creating package script '/home/ali/Desktop/Ros2_Control/install/aero_moveit_config/share/aero_moveit_config/package.zsh'
[1.301s] [34mcolcon.colcon_core.environment[0m [1;30mLevel 1[0m create_file_with_runtime_dependencies(/home/ali/Desktop/Ros2_Control/install/aero_moveit_config/share/colcon-core/packages/aero_moveit_config)
[1.646s] [34mcolcon.colcon_core.event_handler.log_command[0m [1;30mDEBUG[0m [32mInvoking command in '/home/ali/Desktop/Ros2_Control/build/aero_arm_control': PYTHONPATH=/home/ali/Desktop/Ros2_Control/build/aero_arm_control/prefix_override:/usr/lib/python3/dist-packages/colcon_core/task/python/colcon_distutils_commands:/home/ali/Desktop/Ros2_Control/install/aero_arm_control/lib/python3.10/site-packages:${PYTHONPATH} /usr/bin/python3 -W ignore:setup.py install is deprecated -W ignore:easy_install command is deprecated setup.py develop --editable --build-directory /home/ali/Desktop/Ros2_Control/build/aero_arm_control/build --no-deps symlink_data[0m
[2.375s] [34mcolcon.colcon_core.shell[0m [1;30mLevel 1[0m create_environment_hook('aero_arm_control', 'pythonpath_develop')
[2.376s] [34mcolcon.colcon_core.shell[0m [1;30mINFO[0m Creating environment hook '/home/ali/Desktop/Ros2_Control/build/aero_arm_control/share/aero_arm_control/hook/pythonpath_develop.ps1'
[2.376s] [34mcolcon.colcon_core.event_handler.log_command[0m [1;30mDEBUG[0m [32mInvoked command in '/home/ali/Desktop/Ros2_Control/build/aero_arm_control' returned '0': PYTHONPATH=/home/ali/Desktop/Ros2_Control/build/aero_arm_control/prefix_override:/usr/lib/python3/dist-packages/colcon_core/task/python/colcon_distutils_commands:/home/ali/Desktop/Ros2_Control/install/aero_arm_control/lib/python3.10/site-packages:${PYTHONPATH} /usr/bin/python3 -W ignore:setup.py install is deprecated -W ignore:easy_install command is deprecated setup.py develop --editable --build-directory /home/ali/Desktop/Ros2_Control/build/aero_arm_control/build --no-deps symlink_data[0m
[2.377s] [34mcolcon.colcon_core.shell[0m [1;30mINFO[0m Creating environment descriptor '/home/ali/Desktop/Ros2_Control/build/aero_arm_control/share/aero_arm_control/hook/pythonpath_develop.dsv'
[2.378s] [34mcolcon.colcon_core.shell[0m [1;30mINFO[0m Creating environment hook '/home/ali/Desktop/Ros2_Control/build/aero_arm_control/share/aero_arm_control/hook/pythonpath_develop.sh'
[2.379s] [34mcolcon.colcon_core.environment[0m [1;30mLevel 1[0m checking '/home/ali/Desktop/Ros2_Control/install/aero_arm_control' for CMake module files
[2.379s] [34mcolcon.colcon_core.environment[0m [1;30mLevel 1[0m checking '/home/ali/Desktop/Ros2_Control/install/aero_arm_control' for CMake config files
[2.380s] [34mcolcon.colcon_core.environment[0m [1;30mLevel 1[0m checking '/home/ali/Desktop/Ros2_Control/install/aero_arm_control/lib'
[2.380s] [34mcolcon.colcon_core.environment[0m [1;30mLevel 1[0m checking '/home/ali/Desktop/Ros2_Control/install/aero_arm_control/bin'
[2.380s] [34mcolcon.colcon_core.environment[0m [1;30mLevel 1[0m checking '/home/ali/Desktop/Ros2_Control/install/aero_arm_control/lib/pkgconfig/aero_arm_control.pc'
[2.380s] [34mcolcon.colcon_core.environment[0m [1;30mLevel 1[0m checking '/home/ali/Desktop/Ros2_Control/install/aero_arm_control/lib/python3.10/site-packages'
[2.380s] [34mcolcon.colcon_core.shell[0m [1;30mLevel 1[0m create_environment_hook('aero_arm_control', 'pythonpath')
[2.380s] [34mcolcon.colcon_core.shell[0m [1;30mINFO[0m Creating environment hook '/home/ali/Desktop/Ros2_Control/install/aero_arm_control/share/aero_arm_control/hook/pythonpath.ps1'
[2.381s] [34mcolcon.colcon_core.shell[0m [1;30mINFO[0m Creating environment descriptor '/home/ali/Desktop/Ros2_Control/install/aero_arm_control/share/aero_arm_control/hook/pythonpath.dsv'
[2.382s] [34mcolcon.colcon_core.shell[0m [1;30mINFO[0m Creating environment hook '/home/ali/Desktop/Ros2_Control/install/aero_arm_control/share/aero_arm_control/hook/pythonpath.sh'
[2.382s] [34mcolcon.colcon_core.environment[0m [1;30mLevel 1[0m checking '/home/ali/Desktop/Ros2_Control/install/aero_arm_control/bin'
[2.382s] [34mcolcon.colcon_core.environment[0m [1;30mLevel 1[0m create_environment_scripts_only(aero_arm_control)
[2.383s] [34mcolcon.colcon_core.shell[0m [1;30mINFO[0m Creating package script '/home/ali/Desktop/Ros2_Control/install/aero_arm_control/share/aero_arm_control/package.ps1'
[2.384s] [34mcolcon.colcon_core.shell[0m [1;30mINFO[0m Creating package descriptor '/home/ali/Desktop/Ros2_Control/install/aero_arm_control/share/aero_arm_control/package.dsv'
[2.384s] [34mcolcon.colcon_core.shell[0m [1;30mINFO[0m Creating package script '/home/ali/Desktop/Ros2_Control/install/aero_arm_control/share/aero_arm_control/package.sh'
[2.384s] [34mcolcon.colcon_core.shell[0m [1;30mINFO[0m Creating package script '/home/ali/Desktop/Ros2_Control/install/aero_arm_control/share/aero_arm_control/package.bash'
[2.385s] [34mcolcon.colcon_core.shell[0m [1;30mINFO[0m Creating package script '/home/ali/Desktop/Ros2_Control/install/aero_arm_control/share/aero_arm_control/package.zsh'
[2.385s] [34mcolcon.colcon_core.environment[0m [1;30mLevel 1[0m create_file_with_runtime_dependencies(/home/ali/Desktop/Ros2_Control/install/aero_arm_control/share/colcon-core/packages/aero_arm_control)
[2.386s] [34mcolcon.colcon_parallel_executor.executor.parallel[0m [1;30mDEBUG[0m [32mclosing loop[0m
[2.386s] [34mcolcon.colcon_parallel_executor.executor.parallel[0m [1;30mDEBUG[0m [32mloop closed[0m
[2.386s] [34mcolcon.colcon_parallel_executor.executor.parallel[0m [1;30mDEBUG[0m [32mrun_until_complete finished with '0'[0m
[2.386s] [34mcolcon.colcon_core.event_reactor[0m [1;30mDEBUG[0m [32mjoining thread[0m
[2.396s] [34mcolcon.colcon_core.plugin_system[0m [1;30mINFO[0m Skipping extension 'colcon_notification.desktop_notification.terminal_notifier': Not used on non-Darwin systems
[2.396s] [34mcolcon.colcon_core.plugin_system[0m [1;30mINFO[0m Skipping extension 'colcon_notification.desktop_notification.win32': Not used on non-Windows systems
[2.397s] [34mcolcon.colcon_notification.desktop_notification[0m [1;30mINFO[0m Sending desktop notification using 'notify2'
[2.416s] [34mcolcon.colcon_core.event_reactor[0m [1;30mDEBUG[0m [32mjoined thread[0m
[2.417s] [34mcolcon.colcon_core.shell[0m [1;30mINFO[0m Creating prefix script '/home/ali/Desktop/Ros2_Control/install/local_setup.ps1'
[2.419s] [34mcolcon.colcon_core.shell[0m [1;30mINFO[0m Creating prefix util module '/home/ali/Desktop/Ros2_Control/install/_local_setup_util_ps1.py'
[2.421s] [34mcolcon.colcon_core.shell[0m [1;30mINFO[0m Creating prefix chain script '/home/ali/Desktop/Ros2_Control/install/setup.ps1'
[2.422s] [34mcolcon.colcon_core.shell[0m [1;30mINFO[0m Creating prefix script '/home/ali/Desktop/Ros2_Control/install/local_setup.sh'
[2.423s] [34mcolcon.colcon_core.shell[0m [1;30mINFO[0m Creating prefix util module '/home/ali/Desktop/Ros2_Control/install/_local_setup_util_sh.py'
[2.424s] [34mcolcon.colcon_core.shell[0m [1;30mINFO[0m Creating prefix chain script '/home/ali/Desktop/Ros2_Control/install/setup.sh'
[2.425s] [34mcolcon.colcon_core.shell[0m [1;30mINFO[0m Creating prefix script '/home/ali/Desktop/Ros2_Control/install/local_setup.bash'
[2.425s] [34mcolcon.colcon_core.shell[0m [1;30mINFO[0m Creating prefix chain script '/home/ali/Desktop/Ros2_Control/install/setup.bash'
[2.427s] [34mcolcon.colcon_core.shell[0m [1;30mINFO[0m Creating prefix script '/home/ali/Desktop/Ros2_Control/install/local_setup.zsh'
[2.427s] [34mcolcon.colcon_core.shell[0m [1;30mINFO[0m Creating prefix chain script '/home/ali/Desktop/Ros2_Control/install/setup.zsh'
