[0.020s] Invoking command in '/home/ali/Desktop/Ros2_Control/src/build/aero_moveit_config': AMENT_PREFIX_PATH=/home/ali/Desktop/Ros2_Control/src/install/aero_description:${AMENT_PREFIX_PATH} CMAKE_PREFIX_PATH=/home/ali/Desktop/Ros2_Control/src/install/aero_description:/home/ali/Desktop/Ros2_Control/install/my_robot_bringup:/home/ali/Desktop/Ros2_Control/install/my_robot_description:/home/ali/Desktop/Ros2_Control/install/aero_moveit_config:/home/ali/Desktop/Ros2_Control/install/aero_bringup:/home/ali/Desktop/Ros2_Control/install/aero_description:/opt/ros/humble /usr/bin/cmake /home/ali/Desktop/Ros2_Control/src/aero_moveit_config -DCMAKE_INSTALL_PREFIX=/home/ali/Desktop/Ros2_Control/src/install/aero_moveit_config
[0.074s] -- The C compiler identification is GNU 11.4.0
[0.127s] -- The CXX compiler identification is GNU 11.4.0
[0.135s] -- Detecting C compiler ABI info
[0.199s] -- Detecting C compiler ABI info - done
[0.206s] -- Check for working C compiler: /usr/bin/cc - skipped
[0.206s] -- Detecting C compile features
[0.206s] -- Detecting C compile features - done
[0.208s] -- Detecting CXX compiler ABI info
[0.289s] -- Detecting CXX compiler ABI info - done
[0.299s] -- Check for working CXX compiler: /usr/bin/c++ - skipped
[0.299s] -- Detecting CXX compile features
[0.299s] -- Detecting CXX compile features - done
[0.302s] -- Found ament_cmake: 1.3.12 (/opt/ros/humble/share/ament_cmake/cmake)
[0.455s] -- Found Python3: /usr/bin/python3 (found version "3.10.12") found components: Interpreter 
[0.581s] -- Configuring done
[0.583s] -- Generating done
[0.584s] -- Build files have been written to: /home/ali/Desktop/Ros2_Control/src/build/aero_moveit_config
[0.590s] Invoked command in '/home/ali/Desktop/Ros2_Control/src/build/aero_moveit_config' returned '0': AMENT_PREFIX_PATH=/home/ali/Desktop/Ros2_Control/src/install/aero_description:${AMENT_PREFIX_PATH} CMAKE_PREFIX_PATH=/home/ali/Desktop/Ros2_Control/src/install/aero_description:/home/ali/Desktop/Ros2_Control/install/my_robot_bringup:/home/ali/Desktop/Ros2_Control/install/my_robot_description:/home/ali/Desktop/Ros2_Control/install/aero_moveit_config:/home/ali/Desktop/Ros2_Control/install/aero_bringup:/home/ali/Desktop/Ros2_Control/install/aero_description:/opt/ros/humble /usr/bin/cmake /home/ali/Desktop/Ros2_Control/src/aero_moveit_config -DCMAKE_INSTALL_PREFIX=/home/ali/Desktop/Ros2_Control/src/install/aero_moveit_config
[0.591s] Invoking command in '/home/ali/Desktop/Ros2_Control/src/build/aero_moveit_config': AMENT_PREFIX_PATH=/home/ali/Desktop/Ros2_Control/src/install/aero_description:${AMENT_PREFIX_PATH} CMAKE_PREFIX_PATH=/home/ali/Desktop/Ros2_Control/src/install/aero_description:/home/ali/Desktop/Ros2_Control/install/my_robot_bringup:/home/ali/Desktop/Ros2_Control/install/my_robot_description:/home/ali/Desktop/Ros2_Control/install/aero_moveit_config:/home/ali/Desktop/Ros2_Control/install/aero_bringup:/home/ali/Desktop/Ros2_Control/install/aero_description:/opt/ros/humble /usr/bin/cmake --build /home/ali/Desktop/Ros2_Control/src/build/aero_moveit_config -- -j20 -l20
[0.644s] Invoked command in '/home/ali/Desktop/Ros2_Control/src/build/aero_moveit_config' returned '0': AMENT_PREFIX_PATH=/home/ali/Desktop/Ros2_Control/src/install/aero_description:${AMENT_PREFIX_PATH} CMAKE_PREFIX_PATH=/home/ali/Desktop/Ros2_Control/src/install/aero_description:/home/ali/Desktop/Ros2_Control/install/my_robot_bringup:/home/ali/Desktop/Ros2_Control/install/my_robot_description:/home/ali/Desktop/Ros2_Control/install/aero_moveit_config:/home/ali/Desktop/Ros2_Control/install/aero_bringup:/home/ali/Desktop/Ros2_Control/install/aero_description:/opt/ros/humble /usr/bin/cmake --build /home/ali/Desktop/Ros2_Control/src/build/aero_moveit_config -- -j20 -l20
[0.646s] Invoking command in '/home/ali/Desktop/Ros2_Control/src/build/aero_moveit_config': AMENT_PREFIX_PATH=/home/ali/Desktop/Ros2_Control/src/install/aero_description:${AMENT_PREFIX_PATH} CMAKE_PREFIX_PATH=/home/ali/Desktop/Ros2_Control/src/install/aero_description:/home/ali/Desktop/Ros2_Control/install/my_robot_bringup:/home/ali/Desktop/Ros2_Control/install/my_robot_description:/home/ali/Desktop/Ros2_Control/install/aero_moveit_config:/home/ali/Desktop/Ros2_Control/install/aero_bringup:/home/ali/Desktop/Ros2_Control/install/aero_description:/opt/ros/humble /usr/bin/cmake --install /home/ali/Desktop/Ros2_Control/src/build/aero_moveit_config
[0.656s] -- Install configuration: ""
[0.656s] -- Installing: /home/ali/Desktop/Ros2_Control/src/install/aero_moveit_config/share/ament_index/resource_index/package_run_dependencies/aero_moveit_config
[0.657s] -- Installing: /home/ali/Desktop/Ros2_Control/src/install/aero_moveit_config/share/ament_index/resource_index/parent_prefix_path/aero_moveit_config
[0.657s] -- Installing: /home/ali/Desktop/Ros2_Control/src/install/aero_moveit_config/share/aero_moveit_config/environment/ament_prefix_path.sh
[0.658s] -- Installing: /home/ali/Desktop/Ros2_Control/src/install/aero_moveit_config/share/aero_moveit_config/environment/ament_prefix_path.dsv
[0.658s] -- Installing: /home/ali/Desktop/Ros2_Control/src/install/aero_moveit_config/share/aero_moveit_config/environment/path.sh
[0.658s] -- Installing: /home/ali/Desktop/Ros2_Control/src/install/aero_moveit_config/share/aero_moveit_config/environment/path.dsv
[0.658s] -- Installing: /home/ali/Desktop/Ros2_Control/src/install/aero_moveit_config/share/aero_moveit_config/local_setup.bash
[0.659s] -- Installing: /home/ali/Desktop/Ros2_Control/src/install/aero_moveit_config/share/aero_moveit_config/local_setup.sh
[0.659s] -- Installing: /home/ali/Desktop/Ros2_Control/src/install/aero_moveit_config/share/aero_moveit_config/local_setup.zsh
[0.659s] -- Installing: /home/ali/Desktop/Ros2_Control/src/install/aero_moveit_config/share/aero_moveit_config/local_setup.dsv
[0.659s] -- Installing: /home/ali/Desktop/Ros2_Control/src/install/aero_moveit_config/share/aero_moveit_config/package.dsv
[0.659s] -- Installing: /home/ali/Desktop/Ros2_Control/src/install/aero_moveit_config/share/ament_index/resource_index/packages/aero_moveit_config
[0.660s] -- Installing: /home/ali/Desktop/Ros2_Control/src/install/aero_moveit_config/share/aero_moveit_config/cmake/aero_moveit_configConfig.cmake
[0.660s] -- Installing: /home/ali/Desktop/Ros2_Control/src/install/aero_moveit_config/share/aero_moveit_config/cmake/aero_moveit_configConfig-version.cmake
[0.660s] -- Installing: /home/ali/Desktop/Ros2_Control/src/install/aero_moveit_config/share/aero_moveit_config/package.xml
[0.660s] -- Installing: /home/ali/Desktop/Ros2_Control/src/install/aero_moveit_config/share/aero_moveit_config/launch
[0.660s] -- Installing: /home/ali/Desktop/Ros2_Control/src/install/aero_moveit_config/share/aero_moveit_config/launch/move_group.launch.py
[0.660s] -- Installing: /home/ali/Desktop/Ros2_Control/src/install/aero_moveit_config/share/aero_moveit_config/launch/static_virtual_joint_tfs.launch.py
[0.660s] -- Installing: /home/ali/Desktop/Ros2_Control/src/install/aero_moveit_config/share/aero_moveit_config/launch/moveit_rviz.launch.py
[0.660s] -- Installing: /home/ali/Desktop/Ros2_Control/src/install/aero_moveit_config/share/aero_moveit_config/launch/spawn_controllers.launch.py
[0.660s] -- Installing: /home/ali/Desktop/Ros2_Control/src/install/aero_moveit_config/share/aero_moveit_config/launch/setup_assistant.launch.py
[0.661s] -- Installing: /home/ali/Desktop/Ros2_Control/src/install/aero_moveit_config/share/aero_moveit_config/launch/demo.launch.py
[0.661s] -- Installing: /home/ali/Desktop/Ros2_Control/src/install/aero_moveit_config/share/aero_moveit_config/launch/warehouse_db.launch.py
[0.661s] -- Installing: /home/ali/Desktop/Ros2_Control/src/install/aero_moveit_config/share/aero_moveit_config/launch/rsp.launch.py
[0.661s] -- Installing: /home/ali/Desktop/Ros2_Control/src/install/aero_moveit_config/share/aero_moveit_config/config
[0.662s] -- Installing: /home/ali/Desktop/Ros2_Control/src/install/aero_moveit_config/share/aero_moveit_config/config/arm_robot.urdf.xacro
[0.662s] -- Installing: /home/ali/Desktop/Ros2_Control/src/install/aero_moveit_config/share/aero_moveit_config/config/pilz_cartesian_limits.yaml
[0.662s] -- Installing: /home/ali/Desktop/Ros2_Control/src/install/aero_moveit_config/share/aero_moveit_config/config/joint_limits.yaml
[0.663s] -- Installing: /home/ali/Desktop/Ros2_Control/src/install/aero_moveit_config/share/aero_moveit_config/config/initial_positions.yaml
[0.663s] -- Installing: /home/ali/Desktop/Ros2_Control/src/install/aero_moveit_config/share/aero_moveit_config/config/moveit.rviz
[0.664s] -- Installing: /home/ali/Desktop/Ros2_Control/src/install/aero_moveit_config/share/aero_moveit_config/config/arm_robot.srdf
[0.664s] -- Installing: /home/ali/Desktop/Ros2_Control/src/install/aero_moveit_config/share/aero_moveit_config/config/arm_robot.ros2_control.xacro
[0.664s] -- Installing: /home/ali/Desktop/Ros2_Control/src/install/aero_moveit_config/share/aero_moveit_config/config/ros2_controllers.yaml
[0.664s] -- Installing: /home/ali/Desktop/Ros2_Control/src/install/aero_moveit_config/share/aero_moveit_config/config/kinematics.yaml
[0.665s] -- Installing: /home/ali/Desktop/Ros2_Control/src/install/aero_moveit_config/share/aero_moveit_config/config/moveit_controllers.yaml
[0.665s] -- Installing: /home/ali/Desktop/Ros2_Control/src/install/aero_moveit_config/share/aero_moveit_config/.setup_assistant
[0.666s] Invoked command in '/home/ali/Desktop/Ros2_Control/src/build/aero_moveit_config' returned '0': AMENT_PREFIX_PATH=/home/ali/Desktop/Ros2_Control/src/install/aero_description:${AMENT_PREFIX_PATH} CMAKE_PREFIX_PATH=/home/ali/Desktop/Ros2_Control/src/install/aero_description:/home/ali/Desktop/Ros2_Control/install/my_robot_bringup:/home/ali/Desktop/Ros2_Control/install/my_robot_description:/home/ali/Desktop/Ros2_Control/install/aero_moveit_config:/home/ali/Desktop/Ros2_Control/install/aero_bringup:/home/ali/Desktop/Ros2_Control/install/aero_description:/opt/ros/humble /usr/bin/cmake --install /home/ali/Desktop/Ros2_Control/src/build/aero_moveit_config
