[0.111s] [34mcolcon[0m [1;30mDEBUG[0m [32mCommand line arguments: ['/usr/bin/colcon', 'build', '--symlink-install'][0m
[0.111s] [34mcolcon[0m [1;30mDEBUG[0m [32mParsed command line arguments: Namespace(log_base=None, log_level=None, verb_name='build', build_base='build', install_base='install', merge_install=False, symlink_install=True, test_result_base=None, continue_on_error=False, executor='parallel', parallel_workers=20, event_handlers=None, ignore_user_meta=False, metas=['./colcon.meta'], base_paths=['.'], packages_ignore=None, packages_ignore_regex=None, paths=None, packages_up_to=None, packages_up_to_regex=None, packages_above=None, packages_above_and_dependencies=None, packages_above_depth=None, packages_select_by_dep=None, packages_skip_by_dep=None, packages_skip_up_to=None, packages_select_build_failed=False, packages_skip_build_finished=False, packages_select_test_failures=False, packages_skip_test_passed=False, packages_select=None, packages_skip=None, packages_select_regex=None, packages_skip_regex=None, packages_start=None, packages_end=None, allow_overriding=[], cmake_args=None, cmake_target=None, cmake_target_skip_unavailable=False, cmake_clean_cache=False, cmake_clean_first=False, cmake_force_configure=False, ament_cmake_args=None, catkin_cmake_args=None, catkin_skip_building_tests=False, mixin_files=None, mixin=None, verb_parser=<colcon_mixin.mixin.mixin_argument.MixinArgumentDecorator object at 0x73018f943160>, verb_extension=<colcon_core.verb.build.BuildVerb object at 0x73018f942ad0>, main=<bound method BuildVerb.main of <colcon_core.verb.build.BuildVerb object at 0x73018f942ad0>>, mixin_verb=('build',))[0m
[0.270s] [34mcolcon.colcon_core.package_discovery[0m [1;30mLevel 1[0m discover_packages(colcon_meta) check parameters
[0.270s] [34mcolcon.colcon_core.package_discovery[0m [1;30mLevel 1[0m discover_packages(recursive) check parameters
[0.270s] [34mcolcon.colcon_core.package_discovery[0m [1;30mLevel 1[0m discover_packages(ignore) check parameters
[0.270s] [34mcolcon.colcon_core.package_discovery[0m [1;30mLevel 1[0m discover_packages(path) check parameters
[0.270s] [34mcolcon.colcon_core.package_discovery[0m [1;30mLevel 1[0m discover_packages(colcon_meta) discover
[0.270s] [34mcolcon.colcon_core.package_discovery[0m [1;30mLevel 1[0m discover_packages(recursive) discover
[0.270s] [34mcolcon.colcon_core.package_discovery[0m [1;30mINFO[0m Crawling recursively for packages in '/home/ali/Desktop/Ros2_Control'
[0.270s] [34mcolcon.colcon_core.package_identification[0m [1;30mLevel 1[0m _identify(.) by extensions ['ignore', 'ignore_ament_install']
[0.270s] [34mcolcon.colcon_core.package_identification[0m [1;30mLevel 1[0m _identify(.) by extension 'ignore'
[0.270s] [34mcolcon.colcon_core.package_identification[0m [1;30mLevel 1[0m _identify(.) by extension 'ignore_ament_install'
[0.270s] [34mcolcon.colcon_core.package_identification[0m [1;30mLevel 1[0m _identify(.) by extensions ['colcon_pkg']
[0.270s] [34mcolcon.colcon_core.package_identification[0m [1;30mLevel 1[0m _identify(.) by extension 'colcon_pkg'
[0.270s] [34mcolcon.colcon_core.package_identification[0m [1;30mLevel 1[0m _identify(.) by extensions ['colcon_meta']
[0.270s] [34mcolcon.colcon_core.package_identification[0m [1;30mLevel 1[0m _identify(.) by extension 'colcon_meta'
[0.270s] [34mcolcon.colcon_core.package_identification[0m [1;30mLevel 1[0m _identify(.) by extensions ['ros']
[0.270s] [34mcolcon.colcon_core.package_identification[0m [1;30mLevel 1[0m _identify(.) by extension 'ros'
[0.282s] [34mcolcon.colcon_core.package_identification[0m [1;30mLevel 1[0m _identify(.) by extensions ['cmake', 'python']
[0.282s] [34mcolcon.colcon_core.package_identification[0m [1;30mLevel 1[0m _identify(.) by extension 'cmake'
[0.282s] [34mcolcon.colcon_core.package_identification[0m [1;30mLevel 1[0m _identify(.) by extension 'python'
[0.282s] [34mcolcon.colcon_core.package_identification[0m [1;30mLevel 1[0m _identify(.) by extensions ['python_setup_py']
[0.282s] [34mcolcon.colcon_core.package_identification[0m [1;30mLevel 1[0m _identify(.) by extension 'python_setup_py'
[0.282s] [34mcolcon.colcon_core.package_identification[0m [1;30mLevel 1[0m _identify(build) by extensions ['ignore', 'ignore_ament_install']
[0.283s] [34mcolcon.colcon_core.package_identification[0m [1;30mLevel 1[0m _identify(build) by extension 'ignore'
[0.283s] [34mcolcon.colcon_core.package_identification[0m [1;30mLevel 1[0m _identify(build) ignored
[0.283s] [34mcolcon.colcon_core.package_identification[0m [1;30mLevel 1[0m _identify(install) by extensions ['ignore', 'ignore_ament_install']
[0.283s] [34mcolcon.colcon_core.package_identification[0m [1;30mLevel 1[0m _identify(install) by extension 'ignore'
[0.283s] [34mcolcon.colcon_core.package_identification[0m [1;30mLevel 1[0m _identify(install) ignored
[0.283s] [34mcolcon.colcon_core.package_identification[0m [1;30mLevel 1[0m _identify(log) by extensions ['ignore', 'ignore_ament_install']
[0.283s] [34mcolcon.colcon_core.package_identification[0m [1;30mLevel 1[0m _identify(log) by extension 'ignore'
[0.283s] [34mcolcon.colcon_core.package_identification[0m [1;30mLevel 1[0m _identify(log) ignored
[0.283s] [34mcolcon.colcon_core.package_identification[0m [1;30mLevel 1[0m _identify(src) by extensions ['ignore', 'ignore_ament_install']
[0.283s] [34mcolcon.colcon_core.package_identification[0m [1;30mLevel 1[0m _identify(src) by extension 'ignore'
[0.283s] [34mcolcon.colcon_core.package_identification[0m [1;30mLevel 1[0m _identify(src) by extension 'ignore_ament_install'
[0.283s] [34mcolcon.colcon_core.package_identification[0m [1;30mLevel 1[0m _identify(src) by extensions ['colcon_pkg']
[0.283s] [34mcolcon.colcon_core.package_identification[0m [1;30mLevel 1[0m _identify(src) by extension 'colcon_pkg'
[0.283s] [34mcolcon.colcon_core.package_identification[0m [1;30mLevel 1[0m _identify(src) by extensions ['colcon_meta']
[0.283s] [34mcolcon.colcon_core.package_identification[0m [1;30mLevel 1[0m _identify(src) by extension 'colcon_meta'
[0.283s] [34mcolcon.colcon_core.package_identification[0m [1;30mLevel 1[0m _identify(src) by extensions ['ros']
[0.283s] [34mcolcon.colcon_core.package_identification[0m [1;30mLevel 1[0m _identify(src) by extension 'ros'
[0.283s] [34mcolcon.colcon_core.package_identification[0m [1;30mLevel 1[0m _identify(src) by extensions ['cmake', 'python']
[0.283s] [34mcolcon.colcon_core.package_identification[0m [1;30mLevel 1[0m _identify(src) by extension 'cmake'
[0.284s] [34mcolcon.colcon_core.package_identification[0m [1;30mLevel 1[0m _identify(src) by extension 'python'
[0.284s] [34mcolcon.colcon_core.package_identification[0m [1;30mLevel 1[0m _identify(src) by extensions ['python_setup_py']
[0.284s] [34mcolcon.colcon_core.package_identification[0m [1;30mLevel 1[0m _identify(src) by extension 'python_setup_py'
[0.284s] [34mcolcon.colcon_core.package_identification[0m [1;30mLevel 1[0m _identify(src/aero_arm_control) by extensions ['ignore', 'ignore_ament_install']
[0.284s] [34mcolcon.colcon_core.package_identification[0m [1;30mLevel 1[0m _identify(src/aero_arm_control) by extension 'ignore'
[0.284s] [34mcolcon.colcon_core.package_identification[0m [1;30mLevel 1[0m _identify(src/aero_arm_control) by extension 'ignore_ament_install'
[0.284s] [34mcolcon.colcon_core.package_identification[0m [1;30mLevel 1[0m _identify(src/aero_arm_control) by extensions ['colcon_pkg']
[0.284s] [34mcolcon.colcon_core.package_identification[0m [1;30mLevel 1[0m _identify(src/aero_arm_control) by extension 'colcon_pkg'
[0.284s] [34mcolcon.colcon_core.package_identification[0m [1;30mLevel 1[0m _identify(src/aero_arm_control) by extensions ['colcon_meta']
[0.284s] [34mcolcon.colcon_core.package_identification[0m [1;30mLevel 1[0m _identify(src/aero_arm_control) by extension 'colcon_meta'
[0.284s] [34mcolcon.colcon_core.package_identification[0m [1;30mLevel 1[0m _identify(src/aero_arm_control) by extensions ['ros']
[0.284s] [34mcolcon.colcon_core.package_identification[0m [1;30mLevel 1[0m _identify(src/aero_arm_control) by extension 'ros'
[0.286s] [34mcolcon.colcon_core.package_identification[0m [1;30mDEBUG[0m [32mPackage 'src/aero_arm_control' with type 'ros.ament_python' and name 'aero_arm_control'[0m
[0.286s] [34mcolcon.colcon_core.package_identification[0m [1;30mLevel 1[0m _identify(src/aero_bringup) by extensions ['ignore', 'ignore_ament_install']
[0.286s] [34mcolcon.colcon_core.package_identification[0m [1;30mLevel 1[0m _identify(src/aero_bringup) by extension 'ignore'
[0.286s] [34mcolcon.colcon_core.package_identification[0m [1;30mLevel 1[0m _identify(src/aero_bringup) by extension 'ignore_ament_install'
[0.286s] [34mcolcon.colcon_core.package_identification[0m [1;30mLevel 1[0m _identify(src/aero_bringup) by extensions ['colcon_pkg']
[0.286s] [34mcolcon.colcon_core.package_identification[0m [1;30mLevel 1[0m _identify(src/aero_bringup) by extension 'colcon_pkg'
[0.286s] [34mcolcon.colcon_core.package_identification[0m [1;30mLevel 1[0m _identify(src/aero_bringup) by extensions ['colcon_meta']
[0.286s] [34mcolcon.colcon_core.package_identification[0m [1;30mLevel 1[0m _identify(src/aero_bringup) by extension 'colcon_meta'
[0.286s] [34mcolcon.colcon_core.package_identification[0m [1;30mLevel 1[0m _identify(src/aero_bringup) by extensions ['ros']
[0.286s] [34mcolcon.colcon_core.package_identification[0m [1;30mLevel 1[0m _identify(src/aero_bringup) by extension 'ros'
[0.287s] [34mcolcon.colcon_core.package_identification[0m [1;30mDEBUG[0m [32mPackage 'src/aero_bringup' with type 'ros.ament_cmake' and name 'aero_bringup'[0m
[0.287s] [34mcolcon.colcon_core.package_identification[0m [1;30mLevel 1[0m _identify(src/aero_description) by extensions ['ignore', 'ignore_ament_install']
[0.287s] [34mcolcon.colcon_core.package_identification[0m [1;30mLevel 1[0m _identify(src/aero_description) by extension 'ignore'
[0.287s] [34mcolcon.colcon_core.package_identification[0m [1;30mLevel 1[0m _identify(src/aero_description) by extension 'ignore_ament_install'
[0.287s] [34mcolcon.colcon_core.package_identification[0m [1;30mLevel 1[0m _identify(src/aero_description) by extensions ['colcon_pkg']
[0.287s] [34mcolcon.colcon_core.package_identification[0m [1;30mLevel 1[0m _identify(src/aero_description) by extension 'colcon_pkg'
[0.287s] [34mcolcon.colcon_core.package_identification[0m [1;30mLevel 1[0m _identify(src/aero_description) by extensions ['colcon_meta']
[0.287s] [34mcolcon.colcon_core.package_identification[0m [1;30mLevel 1[0m _identify(src/aero_description) by extension 'colcon_meta'
[0.287s] [34mcolcon.colcon_core.package_identification[0m [1;30mLevel 1[0m _identify(src/aero_description) by extensions ['ros']
[0.287s] [34mcolcon.colcon_core.package_identification[0m [1;30mLevel 1[0m _identify(src/aero_description) by extension 'ros'
[0.287s] [34mcolcon.colcon_core.package_identification[0m [1;30mDEBUG[0m [32mPackage 'src/aero_description' with type 'ros.ament_cmake' and name 'aero_description'[0m
[0.287s] [34mcolcon.colcon_core.package_identification[0m [1;30mLevel 1[0m _identify(src/aero_moveit_config) by extensions ['ignore', 'ignore_ament_install']
[0.288s] [34mcolcon.colcon_core.package_identification[0m [1;30mLevel 1[0m _identify(src/aero_moveit_config) by extension 'ignore'
[0.288s] [34mcolcon.colcon_core.package_identification[0m [1;30mLevel 1[0m _identify(src/aero_moveit_config) by extension 'ignore_ament_install'
[0.288s] [34mcolcon.colcon_core.package_identification[0m [1;30mLevel 1[0m _identify(src/aero_moveit_config) by extensions ['colcon_pkg']
[0.288s] [34mcolcon.colcon_core.package_identification[0m [1;30mLevel 1[0m _identify(src/aero_moveit_config) by extension 'colcon_pkg'
[0.288s] [34mcolcon.colcon_core.package_identification[0m [1;30mLevel 1[0m _identify(src/aero_moveit_config) by extensions ['colcon_meta']
[0.288s] [34mcolcon.colcon_core.package_identification[0m [1;30mLevel 1[0m _identify(src/aero_moveit_config) by extension 'colcon_meta'
[0.288s] [34mcolcon.colcon_core.package_identification[0m [1;30mLevel 1[0m _identify(src/aero_moveit_config) by extensions ['ros']
[0.288s] [34mcolcon.colcon_core.package_identification[0m [1;30mLevel 1[0m _identify(src/aero_moveit_config) by extension 'ros'
[0.289s] [34mcolcon.colcon_core.package_identification[0m [1;30mDEBUG[0m [32mPackage 'src/aero_moveit_config' with type 'ros.ament_cmake' and name 'aero_moveit_config'[0m
[0.289s] [34mcolcon.colcon_core.package_identification[0m [1;30mLevel 1[0m _identify(src/build) by extensions ['ignore', 'ignore_ament_install']
[0.289s] [34mcolcon.colcon_core.package_identification[0m [1;30mLevel 1[0m _identify(src/build) by extension 'ignore'
[0.289s] [34mcolcon.colcon_core.package_identification[0m [1;30mLevel 1[0m _identify(src/build) ignored
[0.289s] [34mcolcon.colcon_core.package_identification[0m [1;30mLevel 1[0m _identify(src/install) by extensions ['ignore', 'ignore_ament_install']
[0.289s] [34mcolcon.colcon_core.package_identification[0m [1;30mLevel 1[0m _identify(src/install) by extension 'ignore'
[0.289s] [34mcolcon.colcon_core.package_identification[0m [1;30mLevel 1[0m _identify(src/install) ignored
[0.289s] [34mcolcon.colcon_core.package_identification[0m [1;30mLevel 1[0m _identify(src/log) by extensions ['ignore', 'ignore_ament_install']
[0.289s] [34mcolcon.colcon_core.package_identification[0m [1;30mLevel 1[0m _identify(src/log) by extension 'ignore'
[0.289s] [34mcolcon.colcon_core.package_identification[0m [1;30mLevel 1[0m _identify(src/log) ignored
[0.289s] [34mcolcon.colcon_core.package_identification[0m [1;30mLevel 1[0m _identify(src/my_robot_bringup) by extensions ['ignore', 'ignore_ament_install']
[0.289s] [34mcolcon.colcon_core.package_identification[0m [1;30mLevel 1[0m _identify(src/my_robot_bringup) by extension 'ignore'
[0.289s] [34mcolcon.colcon_core.package_identification[0m [1;30mLevel 1[0m _identify(src/my_robot_bringup) by extension 'ignore_ament_install'
[0.290s] [34mcolcon.colcon_core.package_identification[0m [1;30mLevel 1[0m _identify(src/my_robot_bringup) by extensions ['colcon_pkg']
[0.290s] [34mcolcon.colcon_core.package_identification[0m [1;30mLevel 1[0m _identify(src/my_robot_bringup) by extension 'colcon_pkg'
[0.290s] [34mcolcon.colcon_core.package_identification[0m [1;30mLevel 1[0m _identify(src/my_robot_bringup) by extensions ['colcon_meta']
[0.290s] [34mcolcon.colcon_core.package_identification[0m [1;30mLevel 1[0m _identify(src/my_robot_bringup) by extension 'colcon_meta'
[0.290s] [34mcolcon.colcon_core.package_identification[0m [1;30mLevel 1[0m _identify(src/my_robot_bringup) by extensions ['ros']
[0.290s] [34mcolcon.colcon_core.package_identification[0m [1;30mLevel 1[0m _identify(src/my_robot_bringup) by extension 'ros'
[0.290s] [34mcolcon.colcon_core.package_identification[0m [1;30mDEBUG[0m [32mPackage 'src/my_robot_bringup' with type 'ros.ament_cmake' and name 'my_robot_bringup'[0m
[0.290s] [34mcolcon.colcon_core.package_identification[0m [1;30mLevel 1[0m _identify(src/my_robot_description) by extensions ['ignore', 'ignore_ament_install']
[0.290s] [34mcolcon.colcon_core.package_identification[0m [1;30mLevel 1[0m _identify(src/my_robot_description) by extension 'ignore'
[0.290s] [34mcolcon.colcon_core.package_identification[0m [1;30mLevel 1[0m _identify(src/my_robot_description) by extension 'ignore_ament_install'
[0.290s] [34mcolcon.colcon_core.package_identification[0m [1;30mLevel 1[0m _identify(src/my_robot_description) by extensions ['colcon_pkg']
[0.290s] [34mcolcon.colcon_core.package_identification[0m [1;30mLevel 1[0m _identify(src/my_robot_description) by extension 'colcon_pkg'
[0.290s] [34mcolcon.colcon_core.package_identification[0m [1;30mLevel 1[0m _identify(src/my_robot_description) by extensions ['colcon_meta']
[0.290s] [34mcolcon.colcon_core.package_identification[0m [1;30mLevel 1[0m _identify(src/my_robot_description) by extension 'colcon_meta'
[0.291s] [34mcolcon.colcon_core.package_identification[0m [1;30mLevel 1[0m _identify(src/my_robot_description) by extensions ['ros']
[0.291s] [34mcolcon.colcon_core.package_identification[0m [1;30mLevel 1[0m _identify(src/my_robot_description) by extension 'ros'
[0.291s] [34mcolcon.colcon_core.package_identification[0m [1;30mDEBUG[0m [32mPackage 'src/my_robot_description' with type 'ros.ament_cmake' and name 'my_robot_description'[0m
[0.291s] [34mcolcon.colcon_core.package_discovery[0m [1;30mLevel 1[0m discover_packages(recursive) using defaults
[0.291s] [34mcolcon.colcon_core.package_discovery[0m [1;30mLevel 1[0m discover_packages(ignore) discover
[0.291s] [34mcolcon.colcon_core.package_discovery[0m [1;30mLevel 1[0m discover_packages(ignore) using defaults
[0.291s] [34mcolcon.colcon_core.package_discovery[0m [1;30mLevel 1[0m discover_packages(path) discover
[0.291s] [34mcolcon.colcon_core.package_discovery[0m [1;30mLevel 1[0m discover_packages(path) using defaults
[0.304s] [34mcolcon.colcon_core.package_discovery[0m [1;30mLevel 1[0m discover_packages(prefix_path) check parameters
[0.304s] [34mcolcon.colcon_core.package_discovery[0m [1;30mLevel 1[0m discover_packages(prefix_path) discover
[0.306s] [34mcolcon.colcon_installed_package_information.package_discovery[0m [1;30mDEBUG[0m [32mFound 6 installed packages in /home/ali/Desktop/Ros2_Control/install[0m
[0.307s] [34mcolcon.colcon_installed_package_information.package_discovery[0m [1;30mDEBUG[0m [32mFound 338 installed packages in /opt/ros/humble[0m
[0.308s] [34mcolcon.colcon_core.package_discovery[0m [1;30mLevel 1[0m discover_packages(prefix_path) using defaults
[0.335s] [34mcolcon.colcon_core.verb[0m [1;30mLevel 5[0m set package 'aero_arm_control' build argument 'cmake_args' from command line to 'None'
[0.335s] [34mcolcon.colcon_core.verb[0m [1;30mLevel 5[0m set package 'aero_arm_control' build argument 'cmake_target' from command line to 'None'
[0.335s] [34mcolcon.colcon_core.verb[0m [1;30mLevel 5[0m set package 'aero_arm_control' build argument 'cmake_target_skip_unavailable' from command line to 'False'
[0.335s] [34mcolcon.colcon_core.verb[0m [1;30mLevel 5[0m set package 'aero_arm_control' build argument 'cmake_clean_cache' from command line to 'False'
[0.335s] [34mcolcon.colcon_core.verb[0m [1;30mLevel 5[0m set package 'aero_arm_control' build argument 'cmake_clean_first' from command line to 'False'
[0.335s] [34mcolcon.colcon_core.verb[0m [1;30mLevel 5[0m set package 'aero_arm_control' build argument 'cmake_force_configure' from command line to 'False'
[0.335s] [34mcolcon.colcon_core.verb[0m [1;30mLevel 5[0m set package 'aero_arm_control' build argument 'ament_cmake_args' from command line to 'None'
[0.335s] [34mcolcon.colcon_core.verb[0m [1;30mLevel 5[0m set package 'aero_arm_control' build argument 'catkin_cmake_args' from command line to 'None'
[0.335s] [34mcolcon.colcon_core.verb[0m [1;30mLevel 5[0m set package 'aero_arm_control' build argument 'catkin_skip_building_tests' from command line to 'False'
[0.335s] [34mcolcon.colcon_core.verb[0m [1;30mDEBUG[0m [32mBuilding package 'aero_arm_control' with the following arguments: {'ament_cmake_args': None, 'build_base': '/home/ali/Desktop/Ros2_Control/build/aero_arm_control', 'catkin_cmake_args': None, 'catkin_skip_building_tests': False, 'cmake_args': None, 'cmake_clean_cache': False, 'cmake_clean_first': False, 'cmake_force_configure': False, 'cmake_target': None, 'cmake_target_skip_unavailable': False, 'install_base': '/home/ali/Desktop/Ros2_Control/install/aero_arm_control', 'merge_install': False, 'path': '/home/ali/Desktop/Ros2_Control/src/aero_arm_control', 'symlink_install': True, 'test_result_base': None}[0m
[0.335s] [34mcolcon.colcon_core.verb[0m [1;30mLevel 5[0m set package 'aero_description' build argument 'cmake_args' from command line to 'None'
[0.335s] [34mcolcon.colcon_core.verb[0m [1;30mLevel 5[0m set package 'aero_description' build argument 'cmake_target' from command line to 'None'
[0.335s] [34mcolcon.colcon_core.verb[0m [1;30mLevel 5[0m set package 'aero_description' build argument 'cmake_target_skip_unavailable' from command line to 'False'
[0.335s] [34mcolcon.colcon_core.verb[0m [1;30mLevel 5[0m set package 'aero_description' build argument 'cmake_clean_cache' from command line to 'False'
[0.335s] [34mcolcon.colcon_core.verb[0m [1;30mLevel 5[0m set package 'aero_description' build argument 'cmake_clean_first' from command line to 'False'
[0.335s] [34mcolcon.colcon_core.verb[0m [1;30mLevel 5[0m set package 'aero_description' build argument 'cmake_force_configure' from command line to 'False'
[0.335s] [34mcolcon.colcon_core.verb[0m [1;30mLevel 5[0m set package 'aero_description' build argument 'ament_cmake_args' from command line to 'None'
[0.335s] [34mcolcon.colcon_core.verb[0m [1;30mLevel 5[0m set package 'aero_description' build argument 'catkin_cmake_args' from command line to 'None'
[0.335s] [34mcolcon.colcon_core.verb[0m [1;30mLevel 5[0m set package 'aero_description' build argument 'catkin_skip_building_tests' from command line to 'False'
[0.335s] [34mcolcon.colcon_core.verb[0m [1;30mDEBUG[0m [32mBuilding package 'aero_description' with the following arguments: {'ament_cmake_args': None, 'build_base': '/home/ali/Desktop/Ros2_Control/build/aero_description', 'catkin_cmake_args': None, 'catkin_skip_building_tests': False, 'cmake_args': None, 'cmake_clean_cache': False, 'cmake_clean_first': False, 'cmake_force_configure': False, 'cmake_target': None, 'cmake_target_skip_unavailable': False, 'install_base': '/home/ali/Desktop/Ros2_Control/install/aero_description', 'merge_install': False, 'path': '/home/ali/Desktop/Ros2_Control/src/aero_description', 'symlink_install': True, 'test_result_base': None}[0m
[0.335s] [34mcolcon.colcon_core.verb[0m [1;30mLevel 5[0m set package 'my_robot_description' build argument 'cmake_args' from command line to 'None'
[0.335s] [34mcolcon.colcon_core.verb[0m [1;30mLevel 5[0m set package 'my_robot_description' build argument 'cmake_target' from command line to 'None'
[0.335s] [34mcolcon.colcon_core.verb[0m [1;30mLevel 5[0m set package 'my_robot_description' build argument 'cmake_target_skip_unavailable' from command line to 'False'
[0.336s] [34mcolcon.colcon_core.verb[0m [1;30mLevel 5[0m set package 'my_robot_description' build argument 'cmake_clean_cache' from command line to 'False'
[0.336s] [34mcolcon.colcon_core.verb[0m [1;30mLevel 5[0m set package 'my_robot_description' build argument 'cmake_clean_first' from command line to 'False'
[0.336s] [34mcolcon.colcon_core.verb[0m [1;30mLevel 5[0m set package 'my_robot_description' build argument 'cmake_force_configure' from command line to 'False'
[0.336s] [34mcolcon.colcon_core.verb[0m [1;30mLevel 5[0m set package 'my_robot_description' build argument 'ament_cmake_args' from command line to 'None'
[0.336s] [34mcolcon.colcon_core.verb[0m [1;30mLevel 5[0m set package 'my_robot_description' build argument 'catkin_cmake_args' from command line to 'None'
[0.336s] [34mcolcon.colcon_core.verb[0m [1;30mLevel 5[0m set package 'my_robot_description' build argument 'catkin_skip_building_tests' from command line to 'False'
[0.336s] [34mcolcon.colcon_core.verb[0m [1;30mDEBUG[0m [32mBuilding package 'my_robot_description' with the following arguments: {'ament_cmake_args': None, 'build_base': '/home/ali/Desktop/Ros2_Control/build/my_robot_description', 'catkin_cmake_args': None, 'catkin_skip_building_tests': False, 'cmake_args': None, 'cmake_clean_cache': False, 'cmake_clean_first': False, 'cmake_force_configure': False, 'cmake_target': None, 'cmake_target_skip_unavailable': False, 'install_base': '/home/ali/Desktop/Ros2_Control/install/my_robot_description', 'merge_install': False, 'path': '/home/ali/Desktop/Ros2_Control/src/my_robot_description', 'symlink_install': True, 'test_result_base': None}[0m
[0.336s] [34mcolcon.colcon_core.verb[0m [1;30mLevel 5[0m set package 'aero_bringup' build argument 'cmake_args' from command line to 'None'
[0.336s] [34mcolcon.colcon_core.verb[0m [1;30mLevel 5[0m set package 'aero_bringup' build argument 'cmake_target' from command line to 'None'
[0.336s] [34mcolcon.colcon_core.verb[0m [1;30mLevel 5[0m set package 'aero_bringup' build argument 'cmake_target_skip_unavailable' from command line to 'False'
[0.336s] [34mcolcon.colcon_core.verb[0m [1;30mLevel 5[0m set package 'aero_bringup' build argument 'cmake_clean_cache' from command line to 'False'
[0.336s] [34mcolcon.colcon_core.verb[0m [1;30mLevel 5[0m set package 'aero_bringup' build argument 'cmake_clean_first' from command line to 'False'
[0.336s] [34mcolcon.colcon_core.verb[0m [1;30mLevel 5[0m set package 'aero_bringup' build argument 'cmake_force_configure' from command line to 'False'
[0.336s] [34mcolcon.colcon_core.verb[0m [1;30mLevel 5[0m set package 'aero_bringup' build argument 'ament_cmake_args' from command line to 'None'
[0.336s] [34mcolcon.colcon_core.verb[0m [1;30mLevel 5[0m set package 'aero_bringup' build argument 'catkin_cmake_args' from command line to 'None'
[0.336s] [34mcolcon.colcon_core.verb[0m [1;30mLevel 5[0m set package 'aero_bringup' build argument 'catkin_skip_building_tests' from command line to 'False'
[0.336s] [34mcolcon.colcon_core.verb[0m [1;30mDEBUG[0m [32mBuilding package 'aero_bringup' with the following arguments: {'ament_cmake_args': None, 'build_base': '/home/ali/Desktop/Ros2_Control/build/aero_bringup', 'catkin_cmake_args': None, 'catkin_skip_building_tests': False, 'cmake_args': None, 'cmake_clean_cache': False, 'cmake_clean_first': False, 'cmake_force_configure': False, 'cmake_target': None, 'cmake_target_skip_unavailable': False, 'install_base': '/home/ali/Desktop/Ros2_Control/install/aero_bringup', 'merge_install': False, 'path': '/home/ali/Desktop/Ros2_Control/src/aero_bringup', 'symlink_install': True, 'test_result_base': None}[0m
[0.336s] [34mcolcon.colcon_core.verb[0m [1;30mLevel 5[0m set package 'aero_moveit_config' build argument 'cmake_args' from command line to 'None'
[0.336s] [34mcolcon.colcon_core.verb[0m [1;30mLevel 5[0m set package 'aero_moveit_config' build argument 'cmake_target' from command line to 'None'
[0.336s] [34mcolcon.colcon_core.verb[0m [1;30mLevel 5[0m set package 'aero_moveit_config' build argument 'cmake_target_skip_unavailable' from command line to 'False'
[0.336s] [34mcolcon.colcon_core.verb[0m [1;30mLevel 5[0m set package 'aero_moveit_config' build argument 'cmake_clean_cache' from command line to 'False'
[0.336s] [34mcolcon.colcon_core.verb[0m [1;30mLevel 5[0m set package 'aero_moveit_config' build argument 'cmake_clean_first' from command line to 'False'
[0.336s] [34mcolcon.colcon_core.verb[0m [1;30mLevel 5[0m set package 'aero_moveit_config' build argument 'cmake_force_configure' from command line to 'False'
[0.336s] [34mcolcon.colcon_core.verb[0m [1;30mLevel 5[0m set package 'aero_moveit_config' build argument 'ament_cmake_args' from command line to 'None'
[0.336s] [34mcolcon.colcon_core.verb[0m [1;30mLevel 5[0m set package 'aero_moveit_config' build argument 'catkin_cmake_args' from command line to 'None'
[0.336s] [34mcolcon.colcon_core.verb[0m [1;30mLevel 5[0m set package 'aero_moveit_config' build argument 'catkin_skip_building_tests' from command line to 'False'
[0.336s] [34mcolcon.colcon_core.verb[0m [1;30mDEBUG[0m [32mBuilding package 'aero_moveit_config' with the following arguments: {'ament_cmake_args': None, 'build_base': '/home/ali/Desktop/Ros2_Control/build/aero_moveit_config', 'catkin_cmake_args': None, 'catkin_skip_building_tests': False, 'cmake_args': None, 'cmake_clean_cache': False, 'cmake_clean_first': False, 'cmake_force_configure': False, 'cmake_target': None, 'cmake_target_skip_unavailable': False, 'install_base': '/home/ali/Desktop/Ros2_Control/install/aero_moveit_config', 'merge_install': False, 'path': '/home/ali/Desktop/Ros2_Control/src/aero_moveit_config', 'symlink_install': True, 'test_result_base': None}[0m
[0.337s] [34mcolcon.colcon_core.verb[0m [1;30mLevel 5[0m set package 'my_robot_bringup' build argument 'cmake_args' from command line to 'None'
[0.337s] [34mcolcon.colcon_core.verb[0m [1;30mLevel 5[0m set package 'my_robot_bringup' build argument 'cmake_target' from command line to 'None'
[0.337s] [34mcolcon.colcon_core.verb[0m [1;30mLevel 5[0m set package 'my_robot_bringup' build argument 'cmake_target_skip_unavailable' from command line to 'False'
[0.337s] [34mcolcon.colcon_core.verb[0m [1;30mLevel 5[0m set package 'my_robot_bringup' build argument 'cmake_clean_cache' from command line to 'False'
[0.337s] [34mcolcon.colcon_core.verb[0m [1;30mLevel 5[0m set package 'my_robot_bringup' build argument 'cmake_clean_first' from command line to 'False'
[0.337s] [34mcolcon.colcon_core.verb[0m [1;30mLevel 5[0m set package 'my_robot_bringup' build argument 'cmake_force_configure' from command line to 'False'
[0.337s] [34mcolcon.colcon_core.verb[0m [1;30mLevel 5[0m set package 'my_robot_bringup' build argument 'ament_cmake_args' from command line to 'None'
[0.337s] [34mcolcon.colcon_core.verb[0m [1;30mLevel 5[0m set package 'my_robot_bringup' build argument 'catkin_cmake_args' from command line to 'None'
[0.337s] [34mcolcon.colcon_core.verb[0m [1;30mLevel 5[0m set package 'my_robot_bringup' build argument 'catkin_skip_building_tests' from command line to 'False'
[0.337s] [34mcolcon.colcon_core.verb[0m [1;30mDEBUG[0m [32mBuilding package 'my_robot_bringup' with the following arguments: {'ament_cmake_args': None, 'build_base': '/home/ali/Desktop/Ros2_Control/build/my_robot_bringup', 'catkin_cmake_args': None, 'catkin_skip_building_tests': False, 'cmake_args': None, 'cmake_clean_cache': False, 'cmake_clean_first': False, 'cmake_force_configure': False, 'cmake_target': None, 'cmake_target_skip_unavailable': False, 'install_base': '/home/ali/Desktop/Ros2_Control/install/my_robot_bringup', 'merge_install': False, 'path': '/home/ali/Desktop/Ros2_Control/src/my_robot_bringup', 'symlink_install': True, 'test_result_base': None}[0m
[0.337s] [34mcolcon.colcon_core.executor[0m [1;30mINFO[0m Executing jobs using 'parallel' executor
[0.338s] [34mcolcon.colcon_parallel_executor.executor.parallel[0m [1;30mDEBUG[0m [32mrun_until_complete[0m
[0.339s] [34mcolcon.colcon_ros.task.ament_cmake.build[0m [1;30mINFO[0m Building ROS package in '/home/ali/Desktop/Ros2_Control/src/aero_description' with build type 'ament_cmake'
[0.339s] [34mcolcon.colcon_cmake.task.cmake.build[0m [1;30mINFO[0m Building CMake package in '/home/ali/Desktop/Ros2_Control/src/aero_description'
[0.340s] [34mcolcon.colcon_core.plugin_system[0m [1;30mINFO[0m Skipping extension 'colcon_core.shell.bat': Not used on non-Windows systems
[0.340s] [34mcolcon.colcon_core.shell[0m [1;30mINFO[0m Skip shell extension 'powershell' for command environment: Not usable outside of PowerShell
[0.340s] [34mcolcon.colcon_core.shell[0m [1;30mDEBUG[0m [32mSkip shell extension 'dsv' for command environment[0m
[0.343s] [34mcolcon.colcon_ros.task.ament_cmake.build[0m [1;30mINFO[0m Building ROS package in '/home/ali/Desktop/Ros2_Control/src/my_robot_description' with build type 'ament_cmake'
[0.343s] [34mcolcon.colcon_cmake.task.cmake.build[0m [1;30mINFO[0m Building CMake package in '/home/ali/Desktop/Ros2_Control/src/my_robot_description'
[0.343s] [34mcolcon.colcon_core.shell[0m [1;30mINFO[0m Skip shell extension 'powershell' for command environment: Not usable outside of PowerShell
[0.343s] [34mcolcon.colcon_core.shell[0m [1;30mDEBUG[0m [32mSkip shell extension 'dsv' for command environment[0m
[0.347s] [34mcolcon.colcon_ros.task.ament_python.build[0m [1;30mINFO[0m Building ROS package in '/home/ali/Desktop/Ros2_Control/src/aero_arm_control' with build type 'ament_python'
[0.347s] [34mcolcon.colcon_core.shell[0m [1;30mLevel 1[0m create_environment_hook('aero_arm_control', 'ament_prefix_path')
[0.348s] [34mcolcon.colcon_core.shell[0m [1;30mINFO[0m Creating environment hook '/home/ali/Desktop/Ros2_Control/install/aero_arm_control/share/aero_arm_control/hook/ament_prefix_path.ps1'
[0.349s] [34mcolcon.colcon_core.shell[0m [1;30mINFO[0m Creating environment descriptor '/home/ali/Desktop/Ros2_Control/install/aero_arm_control/share/aero_arm_control/hook/ament_prefix_path.dsv'
[0.349s] [34mcolcon.colcon_core.shell[0m [1;30mINFO[0m Creating environment hook '/home/ali/Desktop/Ros2_Control/install/aero_arm_control/share/aero_arm_control/hook/ament_prefix_path.sh'
[0.350s] [34mcolcon.colcon_core.shell[0m [1;30mINFO[0m Skip shell extension 'powershell' for command environment: Not usable outside of PowerShell
[0.350s] [34mcolcon.colcon_core.shell[0m [1;30mDEBUG[0m [32mSkip shell extension 'dsv' for command environment[0m
[0.361s] [34mcolcon.colcon_core.event_handler.log_command[0m [1;30mDEBUG[0m [32mInvoking command in '/home/ali/Desktop/Ros2_Control/build/aero_description': CMAKE_PREFIX_PATH=${CMAKE_PREFIX_PATH}:/home/ali/Desktop/Ros2_Control/install/aero_arm_control:/opt/ros/humble /usr/bin/cmake --build /home/ali/Desktop/Ros2_Control/build/aero_description -- -j20 -l20[0m
[0.365s] [34mcolcon.colcon_core.event_handler.log_command[0m [1;30mDEBUG[0m [32mInvoking command in '/home/ali/Desktop/Ros2_Control/build/my_robot_description': CMAKE_PREFIX_PATH=${CMAKE_PREFIX_PATH}:/home/ali/Desktop/Ros2_Control/install/aero_arm_control:/opt/ros/humble /usr/bin/cmake --build /home/ali/Desktop/Ros2_Control/build/my_robot_description -- -j20 -l20[0m
[0.656s] [34mcolcon.colcon_core.task.python.build[0m [1;30mINFO[0m Building Python package in '/home/ali/Desktop/Ros2_Control/src/aero_arm_control'
[0.657s] [34mcolcon.colcon_core.shell[0m [1;30mINFO[0m Skip shell extension 'powershell' for command environment: Not usable outside of PowerShell
[0.657s] [34mcolcon.colcon_core.shell[0m [1;30mDEBUG[0m [32mSkip shell extension 'dsv' for command environment[0m
[0.666s] [34mcolcon.colcon_core.event_handler.log_command[0m [1;30mDEBUG[0m [32mInvoked command in '/home/ali/Desktop/Ros2_Control/build/my_robot_description' returned '0': CMAKE_PREFIX_PATH=${CMAKE_PREFIX_PATH}:/home/ali/Desktop/Ros2_Control/install/aero_arm_control:/opt/ros/humble /usr/bin/cmake --build /home/ali/Desktop/Ros2_Control/build/my_robot_description -- -j20 -l20[0m
[0.681s] [34mcolcon.colcon_core.event_handler.log_command[0m [1;30mDEBUG[0m [32mInvoking command in '/home/ali/Desktop/Ros2_Control/build/my_robot_description': CMAKE_PREFIX_PATH=${CMAKE_PREFIX_PATH}:/home/ali/Desktop/Ros2_Control/install/aero_arm_control:/opt/ros/humble /usr/bin/cmake --install /home/ali/Desktop/Ros2_Control/build/my_robot_description[0m
[0.682s] [34mcolcon.colcon_core.event_handler.log_command[0m [1;30mDEBUG[0m [32mInvoked command in '/home/ali/Desktop/Ros2_Control/build/aero_description' returned '0': CMAKE_PREFIX_PATH=${CMAKE_PREFIX_PATH}:/home/ali/Desktop/Ros2_Control/install/aero_arm_control:/opt/ros/humble /usr/bin/cmake --build /home/ali/Desktop/Ros2_Control/build/aero_description -- -j20 -l20[0m
[0.683s] [34mcolcon.colcon_core.event_handler.log_command[0m [1;30mDEBUG[0m [32mInvoking command in '/home/ali/Desktop/Ros2_Control/build/aero_description': CMAKE_PREFIX_PATH=${CMAKE_PREFIX_PATH}:/home/ali/Desktop/Ros2_Control/install/aero_arm_control:/opt/ros/humble /usr/bin/cmake --install /home/ali/Desktop/Ros2_Control/build/aero_description[0m
[0.706s] [34mcolcon.colcon_core.environment[0m [1;30mLevel 1[0m create_environment_scripts_only(my_robot_description)
[0.707s] [34mcolcon.colcon_core.event_handler.log_command[0m [1;30mDEBUG[0m [32mInvoked command in '/home/ali/Desktop/Ros2_Control/build/my_robot_description' returned '0': CMAKE_PREFIX_PATH=${CMAKE_PREFIX_PATH}:/home/ali/Desktop/Ros2_Control/install/aero_arm_control:/opt/ros/humble /usr/bin/cmake --install /home/ali/Desktop/Ros2_Control/build/my_robot_description[0m
[0.709s] [34mcolcon.colcon_core.environment[0m [1;30mLevel 1[0m checking '/home/ali/Desktop/Ros2_Control/install/my_robot_description' for CMake module files
[0.710s] [34mcolcon.colcon_core.environment[0m [1;30mLevel 1[0m checking '/home/ali/Desktop/Ros2_Control/install/my_robot_description' for CMake config files
[0.710s] [34mcolcon.colcon_core.shell[0m [1;30mLevel 1[0m create_environment_hook('my_robot_description', 'cmake_prefix_path')
[0.710s] [34mcolcon.colcon_core.shell[0m [1;30mINFO[0m Creating environment hook '/home/ali/Desktop/Ros2_Control/install/my_robot_description/share/my_robot_description/hook/cmake_prefix_path.ps1'
[0.711s] [34mcolcon.colcon_core.shell[0m [1;30mINFO[0m Creating environment descriptor '/home/ali/Desktop/Ros2_Control/install/my_robot_description/share/my_robot_description/hook/cmake_prefix_path.dsv'
[0.711s] [34mcolcon.colcon_core.shell[0m [1;30mINFO[0m Creating environment hook '/home/ali/Desktop/Ros2_Control/install/my_robot_description/share/my_robot_description/hook/cmake_prefix_path.sh'
[0.712s] [34mcolcon.colcon_core.environment[0m [1;30mLevel 1[0m checking '/home/ali/Desktop/Ros2_Control/install/my_robot_description/bin'
[0.712s] [34mcolcon.colcon_core.environment[0m [1;30mLevel 1[0m checking '/home/ali/Desktop/Ros2_Control/install/my_robot_description/lib/pkgconfig/my_robot_description.pc'
[0.712s] [34mcolcon.colcon_core.environment[0m [1;30mLevel 1[0m checking '/home/ali/Desktop/Ros2_Control/install/my_robot_description/lib/python3.10/site-packages'
[0.713s] [34mcolcon.colcon_core.environment[0m [1;30mLevel 1[0m checking '/home/ali/Desktop/Ros2_Control/install/my_robot_description/bin'
[0.713s] [34mcolcon.colcon_core.shell[0m [1;30mINFO[0m Creating package script '/home/ali/Desktop/Ros2_Control/install/my_robot_description/share/my_robot_description/package.ps1'
[0.714s] [34mcolcon.colcon_core.shell[0m [1;30mINFO[0m Creating package descriptor '/home/ali/Desktop/Ros2_Control/install/my_robot_description/share/my_robot_description/package.dsv'
[0.714s] [34mcolcon.colcon_core.shell[0m [1;30mINFO[0m Creating package script '/home/ali/Desktop/Ros2_Control/install/my_robot_description/share/my_robot_description/package.sh'
[0.715s] [34mcolcon.colcon_core.shell[0m [1;30mINFO[0m Creating package script '/home/ali/Desktop/Ros2_Control/install/my_robot_description/share/my_robot_description/package.bash'
[0.716s] [34mcolcon.colcon_core.shell[0m [1;30mINFO[0m Creating package script '/home/ali/Desktop/Ros2_Control/install/my_robot_description/share/my_robot_description/package.zsh'
[0.716s] [34mcolcon.colcon_core.environment[0m [1;30mLevel 1[0m create_file_with_runtime_dependencies(/home/ali/Desktop/Ros2_Control/install/my_robot_description/share/colcon-core/packages/my_robot_description)
[0.717s] [34mcolcon.colcon_core.environment[0m [1;30mLevel 1[0m create_environment_scripts_only(my_robot_description)
[0.717s] [34mcolcon.colcon_core.environment[0m [1;30mLevel 1[0m checking '/home/ali/Desktop/Ros2_Control/install/my_robot_description' for CMake module files
[0.717s] [34mcolcon.colcon_core.environment[0m [1;30mLevel 1[0m checking '/home/ali/Desktop/Ros2_Control/install/my_robot_description' for CMake config files
[0.718s] [34mcolcon.colcon_core.shell[0m [1;30mLevel 1[0m create_environment_hook('my_robot_description', 'cmake_prefix_path')
[0.718s] [34mcolcon.colcon_core.shell[0m [1;30mINFO[0m Creating environment hook '/home/ali/Desktop/Ros2_Control/install/my_robot_description/share/my_robot_description/hook/cmake_prefix_path.ps1'
[0.718s] [34mcolcon.colcon_core.shell[0m [1;30mINFO[0m Creating environment descriptor '/home/ali/Desktop/Ros2_Control/install/my_robot_description/share/my_robot_description/hook/cmake_prefix_path.dsv'
[0.718s] [34mcolcon.colcon_core.shell[0m [1;30mINFO[0m Creating environment hook '/home/ali/Desktop/Ros2_Control/install/my_robot_description/share/my_robot_description/hook/cmake_prefix_path.sh'
[0.719s] [34mcolcon.colcon_core.environment[0m [1;30mLevel 1[0m checking '/home/ali/Desktop/Ros2_Control/install/my_robot_description/bin'
[0.719s] [34mcolcon.colcon_core.environment[0m [1;30mLevel 1[0m checking '/home/ali/Desktop/Ros2_Control/install/my_robot_description/lib/pkgconfig/my_robot_description.pc'
[0.720s] [34mcolcon.colcon_core.environment[0m [1;30mLevel 1[0m checking '/home/ali/Desktop/Ros2_Control/install/my_robot_description/lib/python3.10/site-packages'
[0.720s] [34mcolcon.colcon_core.environment[0m [1;30mLevel 1[0m checking '/home/ali/Desktop/Ros2_Control/install/my_robot_description/bin'
[0.720s] [34mcolcon.colcon_core.shell[0m [1;30mINFO[0m Creating package script '/home/ali/Desktop/Ros2_Control/install/my_robot_description/share/my_robot_description/package.ps1'
[0.721s] [34mcolcon.colcon_core.shell[0m [1;30mINFO[0m Creating package descriptor '/home/ali/Desktop/Ros2_Control/install/my_robot_description/share/my_robot_description/package.dsv'
[0.721s] [34mcolcon.colcon_core.shell[0m [1;30mINFO[0m Creating package script '/home/ali/Desktop/Ros2_Control/install/my_robot_description/share/my_robot_description/package.sh'
[0.722s] [34mcolcon.colcon_core.shell[0m [1;30mINFO[0m Creating package script '/home/ali/Desktop/Ros2_Control/install/my_robot_description/share/my_robot_description/package.bash'
[0.722s] [34mcolcon.colcon_core.shell[0m [1;30mINFO[0m Creating package script '/home/ali/Desktop/Ros2_Control/install/my_robot_description/share/my_robot_description/package.zsh'
[0.722s] [34mcolcon.colcon_core.environment[0m [1;30mLevel 1[0m create_file_with_runtime_dependencies(/home/ali/Desktop/Ros2_Control/install/my_robot_description/share/colcon-core/packages/my_robot_description)
[0.723s] [34mcolcon.colcon_ros.task.ament_cmake.build[0m [1;30mINFO[0m Building ROS package in '/home/ali/Desktop/Ros2_Control/src/my_robot_bringup' with build type 'ament_cmake'
[0.723s] [34mcolcon.colcon_cmake.task.cmake.build[0m [1;30mINFO[0m Building CMake package in '/home/ali/Desktop/Ros2_Control/src/my_robot_bringup'
[0.723s] [34mcolcon.colcon_core.shell[0m [1;30mINFO[0m Skip shell extension 'powershell' for command environment: Not usable outside of PowerShell
[0.723s] [34mcolcon.colcon_core.shell[0m [1;30mDEBUG[0m [32mSkip shell extension 'dsv' for command environment[0m
[0.728s] [34mcolcon.colcon_core.environment[0m [1;30mLevel 1[0m create_environment_scripts_only(aero_description)
[0.729s] [34mcolcon.colcon_core.event_handler.log_command[0m [1;30mDEBUG[0m [32mInvoked command in '/home/ali/Desktop/Ros2_Control/build/aero_description' returned '0': CMAKE_PREFIX_PATH=${CMAKE_PREFIX_PATH}:/home/ali/Desktop/Ros2_Control/install/aero_arm_control:/opt/ros/humble /usr/bin/cmake --install /home/ali/Desktop/Ros2_Control/build/aero_description[0m
[0.729s] [34mcolcon.colcon_core.environment[0m [1;30mLevel 1[0m checking '/home/ali/Desktop/Ros2_Control/install/aero_description' for CMake module files
[0.730s] [34mcolcon.colcon_core.environment[0m [1;30mLevel 1[0m checking '/home/ali/Desktop/Ros2_Control/install/aero_description' for CMake config files
[0.731s] [34mcolcon.colcon_core.shell[0m [1;30mLevel 1[0m create_environment_hook('aero_description', 'cmake_prefix_path')
[0.731s] [34mcolcon.colcon_core.shell[0m [1;30mINFO[0m Creating environment hook '/home/ali/Desktop/Ros2_Control/install/aero_description/share/aero_description/hook/cmake_prefix_path.ps1'
[0.732s] [34mcolcon.colcon_core.shell[0m [1;30mINFO[0m Creating environment descriptor '/home/ali/Desktop/Ros2_Control/install/aero_description/share/aero_description/hook/cmake_prefix_path.dsv'
[0.732s] [34mcolcon.colcon_core.shell[0m [1;30mINFO[0m Creating environment hook '/home/ali/Desktop/Ros2_Control/install/aero_description/share/aero_description/hook/cmake_prefix_path.sh'
[0.733s] [34mcolcon.colcon_core.environment[0m [1;30mLevel 1[0m checking '/home/ali/Desktop/Ros2_Control/install/aero_description/bin'
[0.734s] [34mcolcon.colcon_core.environment[0m [1;30mLevel 1[0m checking '/home/ali/Desktop/Ros2_Control/install/aero_description/lib/pkgconfig/aero_description.pc'
[0.734s] [34mcolcon.colcon_core.environment[0m [1;30mLevel 1[0m checking '/home/ali/Desktop/Ros2_Control/install/aero_description/lib/python3.10/site-packages'
[0.735s] [34mcolcon.colcon_core.environment[0m [1;30mLevel 1[0m checking '/home/ali/Desktop/Ros2_Control/install/aero_description/bin'
[0.735s] [34mcolcon.colcon_core.shell[0m [1;30mINFO[0m Creating package script '/home/ali/Desktop/Ros2_Control/install/aero_description/share/aero_description/package.ps1'
[0.735s] [34mcolcon.colcon_core.shell[0m [1;30mINFO[0m Creating package descriptor '/home/ali/Desktop/Ros2_Control/install/aero_description/share/aero_description/package.dsv'
[0.736s] [34mcolcon.colcon_core.shell[0m [1;30mINFO[0m Creating package script '/home/ali/Desktop/Ros2_Control/install/aero_description/share/aero_description/package.sh'
[0.736s] [34mcolcon.colcon_core.shell[0m [1;30mINFO[0m Creating package script '/home/ali/Desktop/Ros2_Control/install/aero_description/share/aero_description/package.bash'
[0.736s] [34mcolcon.colcon_core.shell[0m [1;30mINFO[0m Creating package script '/home/ali/Desktop/Ros2_Control/install/aero_description/share/aero_description/package.zsh'
[0.736s] [34mcolcon.colcon_core.environment[0m [1;30mLevel 1[0m create_file_with_runtime_dependencies(/home/ali/Desktop/Ros2_Control/install/aero_description/share/colcon-core/packages/aero_description)
[0.737s] [34mcolcon.colcon_core.environment[0m [1;30mLevel 1[0m create_environment_scripts_only(aero_description)
[0.737s] [34mcolcon.colcon_core.environment[0m [1;30mLevel 1[0m checking '/home/ali/Desktop/Ros2_Control/install/aero_description' for CMake module files
[0.737s] [34mcolcon.colcon_core.environment[0m [1;30mLevel 1[0m checking '/home/ali/Desktop/Ros2_Control/install/aero_description' for CMake config files
[0.738s] [34mcolcon.colcon_core.shell[0m [1;30mLevel 1[0m create_environment_hook('aero_description', 'cmake_prefix_path')
[0.738s] [34mcolcon.colcon_core.shell[0m [1;30mINFO[0m Creating environment hook '/home/ali/Desktop/Ros2_Control/install/aero_description/share/aero_description/hook/cmake_prefix_path.ps1'
[0.738s] [34mcolcon.colcon_core.shell[0m [1;30mINFO[0m Creating environment descriptor '/home/ali/Desktop/Ros2_Control/install/aero_description/share/aero_description/hook/cmake_prefix_path.dsv'
[0.738s] [34mcolcon.colcon_core.shell[0m [1;30mINFO[0m Creating environment hook '/home/ali/Desktop/Ros2_Control/install/aero_description/share/aero_description/hook/cmake_prefix_path.sh'
[0.739s] [34mcolcon.colcon_core.environment[0m [1;30mLevel 1[0m checking '/home/ali/Desktop/Ros2_Control/install/aero_description/bin'
[0.739s] [34mcolcon.colcon_core.environment[0m [1;30mLevel 1[0m checking '/home/ali/Desktop/Ros2_Control/install/aero_description/lib/pkgconfig/aero_description.pc'
[0.739s] [34mcolcon.colcon_core.environment[0m [1;30mLevel 1[0m checking '/home/ali/Desktop/Ros2_Control/install/aero_description/lib/python3.10/site-packages'
[0.740s] [34mcolcon.colcon_core.environment[0m [1;30mLevel 1[0m checking '/home/ali/Desktop/Ros2_Control/install/aero_description/bin'
[0.741s] [34mcolcon.colcon_core.shell[0m [1;30mINFO[0m Creating package script '/home/ali/Desktop/Ros2_Control/install/aero_description/share/aero_description/package.ps1'
[0.741s] [34mcolcon.colcon_core.shell[0m [1;30mINFO[0m Creating package descriptor '/home/ali/Desktop/Ros2_Control/install/aero_description/share/aero_description/package.dsv'
[0.742s] [34mcolcon.colcon_core.shell[0m [1;30mINFO[0m Creating package script '/home/ali/Desktop/Ros2_Control/install/aero_description/share/aero_description/package.sh'
[0.743s] [34mcolcon.colcon_core.shell[0m [1;30mINFO[0m Creating package script '/home/ali/Desktop/Ros2_Control/install/aero_description/share/aero_description/package.bash'
[0.744s] [34mcolcon.colcon_core.shell[0m [1;30mINFO[0m Creating package script '/home/ali/Desktop/Ros2_Control/install/aero_description/share/aero_description/package.zsh'
[0.745s] [34mcolcon.colcon_core.environment[0m [1;30mLevel 1[0m create_file_with_runtime_dependencies(/home/ali/Desktop/Ros2_Control/install/aero_description/share/colcon-core/packages/aero_description)
[0.747s] [34mcolcon.colcon_ros.task.ament_cmake.build[0m [1;30mINFO[0m Building ROS package in '/home/ali/Desktop/Ros2_Control/src/aero_bringup' with build type 'ament_cmake'
[0.747s] [34mcolcon.colcon_cmake.task.cmake.build[0m [1;30mINFO[0m Building CMake package in '/home/ali/Desktop/Ros2_Control/src/aero_bringup'
[0.748s] [34mcolcon.colcon_core.shell[0m [1;30mINFO[0m Skip shell extension 'powershell' for command environment: Not usable outside of PowerShell
[0.748s] [34mcolcon.colcon_core.shell[0m [1;30mDEBUG[0m [32mSkip shell extension 'dsv' for command environment[0m
[0.756s] [34mcolcon.colcon_ros.task.ament_cmake.build[0m [1;30mINFO[0m Building ROS package in '/home/ali/Desktop/Ros2_Control/src/aero_moveit_config' with build type 'ament_cmake'
[0.756s] [34mcolcon.colcon_cmake.task.cmake.build[0m [1;30mINFO[0m Building CMake package in '/home/ali/Desktop/Ros2_Control/src/aero_moveit_config'
[0.757s] [34mcolcon.colcon_core.shell[0m [1;30mINFO[0m Skip shell extension 'powershell' for command environment: Not usable outside of PowerShell
[0.757s] [34mcolcon.colcon_core.shell[0m [1;30mDEBUG[0m [32mSkip shell extension 'dsv' for command environment[0m
[0.773s] [34mcolcon.colcon_core.event_handler.log_command[0m [1;30mDEBUG[0m [32mInvoking command in '/home/ali/Desktop/Ros2_Control/build/my_robot_bringup': CMAKE_PREFIX_PATH=/home/ali/Desktop/Ros2_Control/install/my_robot_description:/home/ali/Desktop/Ros2_Control/install/my_robot_bringup:/home/ali/Desktop/Ros2_Control/install/aero_moveit_config:/home/ali/Desktop/Ros2_Control/install/aero_bringup:/home/ali/Desktop/Ros2_Control/install/aero_description:/home/ali/Desktop/Ros2_Control/install/aero_arm_control:/opt/ros/humble /usr/bin/cmake --build /home/ali/Desktop/Ros2_Control/build/my_robot_bringup -- -j20 -l20[0m
[0.782s] [34mcolcon.colcon_core.event_handler.log_command[0m [1;30mDEBUG[0m [32mInvoking command in '/home/ali/Desktop/Ros2_Control/build/aero_bringup': CMAKE_PREFIX_PATH=/home/ali/Desktop/Ros2_Control/install/aero_description:/home/ali/Desktop/Ros2_Control/install/my_robot_bringup:/home/ali/Desktop/Ros2_Control/install/my_robot_description:/home/ali/Desktop/Ros2_Control/install/aero_moveit_config:/home/ali/Desktop/Ros2_Control/install/aero_bringup:/home/ali/Desktop/Ros2_Control/install/aero_arm_control:/opt/ros/humble /usr/bin/cmake --build /home/ali/Desktop/Ros2_Control/build/aero_bringup -- -j20 -l20[0m
[0.787s] [34mcolcon.colcon_core.event_handler.log_command[0m [1;30mDEBUG[0m [32mInvoking command in '/home/ali/Desktop/Ros2_Control/build/aero_moveit_config': CMAKE_PREFIX_PATH=/home/ali/Desktop/Ros2_Control/install/aero_description:/home/ali/Desktop/Ros2_Control/install/my_robot_bringup:/home/ali/Desktop/Ros2_Control/install/my_robot_description:/home/ali/Desktop/Ros2_Control/install/aero_moveit_config:/home/ali/Desktop/Ros2_Control/install/aero_bringup:/home/ali/Desktop/Ros2_Control/install/aero_arm_control:/opt/ros/humble /usr/bin/cmake --build /home/ali/Desktop/Ros2_Control/build/aero_moveit_config -- -j20 -l20[0m
[0.823s] [34mcolcon.colcon_core.event_handler.log_command[0m [1;30mDEBUG[0m [32mInvoked command in '/home/ali/Desktop/Ros2_Control/build/my_robot_bringup' returned '0': CMAKE_PREFIX_PATH=/home/ali/Desktop/Ros2_Control/install/my_robot_description:/home/ali/Desktop/Ros2_Control/install/my_robot_bringup:/home/ali/Desktop/Ros2_Control/install/aero_moveit_config:/home/ali/Desktop/Ros2_Control/install/aero_bringup:/home/ali/Desktop/Ros2_Control/install/aero_description:/home/ali/Desktop/Ros2_Control/install/aero_arm_control:/opt/ros/humble /usr/bin/cmake --build /home/ali/Desktop/Ros2_Control/build/my_robot_bringup -- -j20 -l20[0m
[0.826s] [34mcolcon.colcon_core.event_handler.log_command[0m [1;30mDEBUG[0m [32mInvoking command in '/home/ali/Desktop/Ros2_Control/build/my_robot_bringup': CMAKE_PREFIX_PATH=/home/ali/Desktop/Ros2_Control/install/my_robot_description:/home/ali/Desktop/Ros2_Control/install/my_robot_bringup:/home/ali/Desktop/Ros2_Control/install/aero_moveit_config:/home/ali/Desktop/Ros2_Control/install/aero_bringup:/home/ali/Desktop/Ros2_Control/install/aero_description:/home/ali/Desktop/Ros2_Control/install/aero_arm_control:/opt/ros/humble /usr/bin/cmake --install /home/ali/Desktop/Ros2_Control/build/my_robot_bringup[0m
[0.827s] [34mcolcon.colcon_core.event_handler.log_command[0m [1;30mDEBUG[0m [32mInvoked command in '/home/ali/Desktop/Ros2_Control/build/aero_bringup' returned '0': CMAKE_PREFIX_PATH=/home/ali/Desktop/Ros2_Control/install/aero_description:/home/ali/Desktop/Ros2_Control/install/my_robot_bringup:/home/ali/Desktop/Ros2_Control/install/my_robot_description:/home/ali/Desktop/Ros2_Control/install/aero_moveit_config:/home/ali/Desktop/Ros2_Control/install/aero_bringup:/home/ali/Desktop/Ros2_Control/install/aero_arm_control:/opt/ros/humble /usr/bin/cmake --build /home/ali/Desktop/Ros2_Control/build/aero_bringup -- -j20 -l20[0m
[0.828s] [34mcolcon.colcon_core.event_handler.log_command[0m [1;30mDEBUG[0m [32mInvoking command in '/home/ali/Desktop/Ros2_Control/build/aero_bringup': CMAKE_PREFIX_PATH=/home/ali/Desktop/Ros2_Control/install/aero_description:/home/ali/Desktop/Ros2_Control/install/my_robot_bringup:/home/ali/Desktop/Ros2_Control/install/my_robot_description:/home/ali/Desktop/Ros2_Control/install/aero_moveit_config:/home/ali/Desktop/Ros2_Control/install/aero_bringup:/home/ali/Desktop/Ros2_Control/install/aero_arm_control:/opt/ros/humble /usr/bin/cmake --install /home/ali/Desktop/Ros2_Control/build/aero_bringup[0m
[0.839s] [34mcolcon.colcon_core.event_handler.log_command[0m [1;30mDEBUG[0m [32mInvoked command in '/home/ali/Desktop/Ros2_Control/build/aero_moveit_config' returned '0': CMAKE_PREFIX_PATH=/home/ali/Desktop/Ros2_Control/install/aero_description:/home/ali/Desktop/Ros2_Control/install/my_robot_bringup:/home/ali/Desktop/Ros2_Control/install/my_robot_description:/home/ali/Desktop/Ros2_Control/install/aero_moveit_config:/home/ali/Desktop/Ros2_Control/install/aero_bringup:/home/ali/Desktop/Ros2_Control/install/aero_arm_control:/opt/ros/humble /usr/bin/cmake --build /home/ali/Desktop/Ros2_Control/build/aero_moveit_config -- -j20 -l20[0m
[0.848s] [34mcolcon.colcon_core.event_handler.log_command[0m [1;30mDEBUG[0m [32mInvoking command in '/home/ali/Desktop/Ros2_Control/build/aero_moveit_config': CMAKE_PREFIX_PATH=/home/ali/Desktop/Ros2_Control/install/aero_description:/home/ali/Desktop/Ros2_Control/install/my_robot_bringup:/home/ali/Desktop/Ros2_Control/install/my_robot_description:/home/ali/Desktop/Ros2_Control/install/aero_moveit_config:/home/ali/Desktop/Ros2_Control/install/aero_bringup:/home/ali/Desktop/Ros2_Control/install/aero_arm_control:/opt/ros/humble /usr/bin/cmake --install /home/ali/Desktop/Ros2_Control/build/aero_moveit_config[0m
[0.859s] [34mcolcon.colcon_core.environment[0m [1;30mLevel 1[0m create_environment_scripts_only(my_robot_bringup)
[0.859s] [34mcolcon.colcon_core.environment[0m [1;30mLevel 1[0m checking '/home/ali/Desktop/Ros2_Control/install/my_robot_bringup' for CMake module files
[0.861s] [34mcolcon.colcon_core.event_handler.log_command[0m [1;30mDEBUG[0m [32mInvoked command in '/home/ali/Desktop/Ros2_Control/build/my_robot_bringup' returned '0': CMAKE_PREFIX_PATH=/home/ali/Desktop/Ros2_Control/install/my_robot_description:/home/ali/Desktop/Ros2_Control/install/my_robot_bringup:/home/ali/Desktop/Ros2_Control/install/aero_moveit_config:/home/ali/Desktop/Ros2_Control/install/aero_bringup:/home/ali/Desktop/Ros2_Control/install/aero_description:/home/ali/Desktop/Ros2_Control/install/aero_arm_control:/opt/ros/humble /usr/bin/cmake --install /home/ali/Desktop/Ros2_Control/build/my_robot_bringup[0m
[0.864s] [34mcolcon.colcon_core.environment[0m [1;30mLevel 1[0m checking '/home/ali/Desktop/Ros2_Control/install/my_robot_bringup' for CMake config files
[0.865s] [34mcolcon.colcon_core.shell[0m [1;30mLevel 1[0m create_environment_hook('my_robot_bringup', 'cmake_prefix_path')
[0.866s] [34mcolcon.colcon_core.shell[0m [1;30mINFO[0m Creating environment hook '/home/ali/Desktop/Ros2_Control/install/my_robot_bringup/share/my_robot_bringup/hook/cmake_prefix_path.ps1'
[0.867s] [34mcolcon.colcon_core.shell[0m [1;30mINFO[0m Creating environment descriptor '/home/ali/Desktop/Ros2_Control/install/my_robot_bringup/share/my_robot_bringup/hook/cmake_prefix_path.dsv'
[0.867s] [34mcolcon.colcon_core.shell[0m [1;30mINFO[0m Creating environment hook '/home/ali/Desktop/Ros2_Control/install/my_robot_bringup/share/my_robot_bringup/hook/cmake_prefix_path.sh'
[0.868s] [34mcolcon.colcon_core.environment[0m [1;30mLevel 1[0m checking '/home/ali/Desktop/Ros2_Control/install/my_robot_bringup/lib'
[0.869s] [34mcolcon.colcon_core.environment[0m [1;30mLevel 1[0m checking '/home/ali/Desktop/Ros2_Control/install/my_robot_bringup/bin'
[0.869s] [34mcolcon.colcon_core.environment[0m [1;30mLevel 1[0m checking '/home/ali/Desktop/Ros2_Control/install/my_robot_bringup/lib/pkgconfig/my_robot_bringup.pc'
[0.869s] [34mcolcon.colcon_core.environment[0m [1;30mLevel 1[0m checking '/home/ali/Desktop/Ros2_Control/install/my_robot_bringup/lib/python3.10/site-packages'
[0.870s] [34mcolcon.colcon_core.environment[0m [1;30mLevel 1[0m checking '/home/ali/Desktop/Ros2_Control/install/my_robot_bringup/bin'
[0.870s] [34mcolcon.colcon_core.shell[0m [1;30mINFO[0m Creating package script '/home/ali/Desktop/Ros2_Control/install/my_robot_bringup/share/my_robot_bringup/package.ps1'
[0.871s] [34mcolcon.colcon_core.shell[0m [1;30mINFO[0m Creating package descriptor '/home/ali/Desktop/Ros2_Control/install/my_robot_bringup/share/my_robot_bringup/package.dsv'
[0.872s] [34mcolcon.colcon_core.shell[0m [1;30mINFO[0m Creating package script '/home/ali/Desktop/Ros2_Control/install/my_robot_bringup/share/my_robot_bringup/package.sh'
[0.873s] [34mcolcon.colcon_core.shell[0m [1;30mINFO[0m Creating package script '/home/ali/Desktop/Ros2_Control/install/my_robot_bringup/share/my_robot_bringup/package.bash'
[0.873s] [34mcolcon.colcon_core.shell[0m [1;30mINFO[0m Creating package script '/home/ali/Desktop/Ros2_Control/install/my_robot_bringup/share/my_robot_bringup/package.zsh'
[0.874s] [34mcolcon.colcon_core.environment[0m [1;30mLevel 1[0m create_file_with_runtime_dependencies(/home/ali/Desktop/Ros2_Control/install/my_robot_bringup/share/colcon-core/packages/my_robot_bringup)
[0.875s] [34mcolcon.colcon_core.environment[0m [1;30mLevel 1[0m create_environment_scripts_only(my_robot_bringup)
[0.876s] [34mcolcon.colcon_core.environment[0m [1;30mLevel 1[0m checking '/home/ali/Desktop/Ros2_Control/install/my_robot_bringup' for CMake module files
[0.878s] [34mcolcon.colcon_core.environment[0m [1;30mLevel 1[0m checking '/home/ali/Desktop/Ros2_Control/install/my_robot_bringup' for CMake config files
[0.880s] [34mcolcon.colcon_core.shell[0m [1;30mLevel 1[0m create_environment_hook('my_robot_bringup', 'cmake_prefix_path')
[0.881s] [34mcolcon.colcon_core.shell[0m [1;30mINFO[0m Creating environment hook '/home/ali/Desktop/Ros2_Control/install/my_robot_bringup/share/my_robot_bringup/hook/cmake_prefix_path.ps1'
[0.883s] [34mcolcon.colcon_core.shell[0m [1;30mINFO[0m Creating environment descriptor '/home/ali/Desktop/Ros2_Control/install/my_robot_bringup/share/my_robot_bringup/hook/cmake_prefix_path.dsv'
[0.884s] [34mcolcon.colcon_core.shell[0m [1;30mINFO[0m Creating environment hook '/home/ali/Desktop/Ros2_Control/install/my_robot_bringup/share/my_robot_bringup/hook/cmake_prefix_path.sh'
[0.885s] [34mcolcon.colcon_core.environment[0m [1;30mLevel 1[0m checking '/home/ali/Desktop/Ros2_Control/install/my_robot_bringup/lib'
[0.885s] [34mcolcon.colcon_core.environment[0m [1;30mLevel 1[0m checking '/home/ali/Desktop/Ros2_Control/install/my_robot_bringup/bin'
[0.885s] [34mcolcon.colcon_core.environment[0m [1;30mLevel 1[0m checking '/home/ali/Desktop/Ros2_Control/install/my_robot_bringup/lib/pkgconfig/my_robot_bringup.pc'
[0.886s] [34mcolcon.colcon_core.environment[0m [1;30mLevel 1[0m checking '/home/ali/Desktop/Ros2_Control/install/my_robot_bringup/lib/python3.10/site-packages'
[0.886s] [34mcolcon.colcon_core.environment[0m [1;30mLevel 1[0m checking '/home/ali/Desktop/Ros2_Control/install/my_robot_bringup/bin'
[0.886s] [34mcolcon.colcon_core.shell[0m [1;30mINFO[0m Creating package script '/home/ali/Desktop/Ros2_Control/install/my_robot_bringup/share/my_robot_bringup/package.ps1'
[0.887s] [34mcolcon.colcon_core.shell[0m [1;30mINFO[0m Creating package descriptor '/home/ali/Desktop/Ros2_Control/install/my_robot_bringup/share/my_robot_bringup/package.dsv'
[0.888s] [34mcolcon.colcon_core.shell[0m [1;30mINFO[0m Creating package script '/home/ali/Desktop/Ros2_Control/install/my_robot_bringup/share/my_robot_bringup/package.sh'
[0.888s] [34mcolcon.colcon_core.shell[0m [1;30mINFO[0m Creating package script '/home/ali/Desktop/Ros2_Control/install/my_robot_bringup/share/my_robot_bringup/package.bash'
[0.888s] [34mcolcon.colcon_core.shell[0m [1;30mINFO[0m Creating package script '/home/ali/Desktop/Ros2_Control/install/my_robot_bringup/share/my_robot_bringup/package.zsh'
[0.889s] [34mcolcon.colcon_core.environment[0m [1;30mLevel 1[0m create_file_with_runtime_dependencies(/home/ali/Desktop/Ros2_Control/install/my_robot_bringup/share/colcon-core/packages/my_robot_bringup)
[0.890s] [34mcolcon.colcon_core.environment[0m [1;30mLevel 1[0m create_environment_scripts_only(aero_bringup)
[0.890s] [34mcolcon.colcon_core.environment[0m [1;30mLevel 1[0m checking '/home/ali/Desktop/Ros2_Control/install/aero_bringup' for CMake module files
[0.891s] [34mcolcon.colcon_core.event_handler.log_command[0m [1;30mDEBUG[0m [32mInvoked command in '/home/ali/Desktop/Ros2_Control/build/aero_bringup' returned '0': CMAKE_PREFIX_PATH=/home/ali/Desktop/Ros2_Control/install/aero_description:/home/ali/Desktop/Ros2_Control/install/my_robot_bringup:/home/ali/Desktop/Ros2_Control/install/my_robot_description:/home/ali/Desktop/Ros2_Control/install/aero_moveit_config:/home/ali/Desktop/Ros2_Control/install/aero_bringup:/home/ali/Desktop/Ros2_Control/install/aero_arm_control:/opt/ros/humble /usr/bin/cmake --install /home/ali/Desktop/Ros2_Control/build/aero_bringup[0m
[0.892s] [34mcolcon.colcon_core.environment[0m [1;30mLevel 1[0m checking '/home/ali/Desktop/Ros2_Control/install/aero_bringup' for CMake config files
[0.892s] [34mcolcon.colcon_core.shell[0m [1;30mLevel 1[0m create_environment_hook('aero_bringup', 'cmake_prefix_path')
[0.892s] [34mcolcon.colcon_core.shell[0m [1;30mINFO[0m Creating environment hook '/home/ali/Desktop/Ros2_Control/install/aero_bringup/share/aero_bringup/hook/cmake_prefix_path.ps1'
[0.893s] [34mcolcon.colcon_core.shell[0m [1;30mINFO[0m Creating environment descriptor '/home/ali/Desktop/Ros2_Control/install/aero_bringup/share/aero_bringup/hook/cmake_prefix_path.dsv'
[0.893s] [34mcolcon.colcon_core.shell[0m [1;30mINFO[0m Creating environment hook '/home/ali/Desktop/Ros2_Control/install/aero_bringup/share/aero_bringup/hook/cmake_prefix_path.sh'
[0.893s] [34mcolcon.colcon_core.environment[0m [1;30mLevel 1[0m checking '/home/ali/Desktop/Ros2_Control/install/aero_bringup/bin'
[0.894s] [34mcolcon.colcon_core.environment[0m [1;30mLevel 1[0m checking '/home/ali/Desktop/Ros2_Control/install/aero_bringup/lib/pkgconfig/aero_bringup.pc'
[0.894s] [34mcolcon.colcon_core.environment[0m [1;30mLevel 1[0m checking '/home/ali/Desktop/Ros2_Control/install/aero_bringup/lib/python3.10/site-packages'
[0.894s] [34mcolcon.colcon_core.environment[0m [1;30mLevel 1[0m checking '/home/ali/Desktop/Ros2_Control/install/aero_bringup/bin'
[0.894s] [34mcolcon.colcon_core.shell[0m [1;30mINFO[0m Creating package script '/home/ali/Desktop/Ros2_Control/install/aero_bringup/share/aero_bringup/package.ps1'
[0.895s] [34mcolcon.colcon_core.shell[0m [1;30mINFO[0m Creating package descriptor '/home/ali/Desktop/Ros2_Control/install/aero_bringup/share/aero_bringup/package.dsv'
[0.895s] [34mcolcon.colcon_core.shell[0m [1;30mINFO[0m Creating package script '/home/ali/Desktop/Ros2_Control/install/aero_bringup/share/aero_bringup/package.sh'
[0.896s] [34mcolcon.colcon_core.shell[0m [1;30mINFO[0m Creating package script '/home/ali/Desktop/Ros2_Control/install/aero_bringup/share/aero_bringup/package.bash'
[0.896s] [34mcolcon.colcon_core.shell[0m [1;30mINFO[0m Creating package script '/home/ali/Desktop/Ros2_Control/install/aero_bringup/share/aero_bringup/package.zsh'
[0.896s] [34mcolcon.colcon_core.environment[0m [1;30mLevel 1[0m create_file_with_runtime_dependencies(/home/ali/Desktop/Ros2_Control/install/aero_bringup/share/colcon-core/packages/aero_bringup)
[0.897s] [34mcolcon.colcon_core.environment[0m [1;30mLevel 1[0m create_environment_scripts_only(aero_bringup)
[0.897s] [34mcolcon.colcon_core.environment[0m [1;30mLevel 1[0m checking '/home/ali/Desktop/Ros2_Control/install/aero_bringup' for CMake module files
[0.897s] [34mcolcon.colcon_core.environment[0m [1;30mLevel 1[0m checking '/home/ali/Desktop/Ros2_Control/install/aero_bringup' for CMake config files
[0.897s] [34mcolcon.colcon_core.shell[0m [1;30mLevel 1[0m create_environment_hook('aero_bringup', 'cmake_prefix_path')
[0.898s] [34mcolcon.colcon_core.shell[0m [1;30mINFO[0m Creating environment hook '/home/ali/Desktop/Ros2_Control/install/aero_bringup/share/aero_bringup/hook/cmake_prefix_path.ps1'
[0.898s] [34mcolcon.colcon_core.shell[0m [1;30mINFO[0m Creating environment descriptor '/home/ali/Desktop/Ros2_Control/install/aero_bringup/share/aero_bringup/hook/cmake_prefix_path.dsv'
[0.898s] [34mcolcon.colcon_core.shell[0m [1;30mINFO[0m Creating environment hook '/home/ali/Desktop/Ros2_Control/install/aero_bringup/share/aero_bringup/hook/cmake_prefix_path.sh'
[0.898s] [34mcolcon.colcon_core.environment[0m [1;30mLevel 1[0m checking '/home/ali/Desktop/Ros2_Control/install/aero_bringup/bin'
[0.899s] [34mcolcon.colcon_core.environment[0m [1;30mLevel 1[0m checking '/home/ali/Desktop/Ros2_Control/install/aero_bringup/lib/pkgconfig/aero_bringup.pc'
[0.899s] [34mcolcon.colcon_core.environment[0m [1;30mLevel 1[0m checking '/home/ali/Desktop/Ros2_Control/install/aero_bringup/lib/python3.10/site-packages'
[0.899s] [34mcolcon.colcon_core.environment[0m [1;30mLevel 1[0m checking '/home/ali/Desktop/Ros2_Control/install/aero_bringup/bin'
[0.899s] [34mcolcon.colcon_core.shell[0m [1;30mINFO[0m Creating package script '/home/ali/Desktop/Ros2_Control/install/aero_bringup/share/aero_bringup/package.ps1'
[0.900s] [34mcolcon.colcon_core.shell[0m [1;30mINFO[0m Creating package descriptor '/home/ali/Desktop/Ros2_Control/install/aero_bringup/share/aero_bringup/package.dsv'
[0.900s] [34mcolcon.colcon_core.shell[0m [1;30mINFO[0m Creating package script '/home/ali/Desktop/Ros2_Control/install/aero_bringup/share/aero_bringup/package.sh'
[0.901s] [34mcolcon.colcon_core.shell[0m [1;30mINFO[0m Creating package script '/home/ali/Desktop/Ros2_Control/install/aero_bringup/share/aero_bringup/package.bash'
[0.901s] [34mcolcon.colcon_core.shell[0m [1;30mINFO[0m Creating package script '/home/ali/Desktop/Ros2_Control/install/aero_bringup/share/aero_bringup/package.zsh'
[0.901s] [34mcolcon.colcon_core.environment[0m [1;30mLevel 1[0m create_file_with_runtime_dependencies(/home/ali/Desktop/Ros2_Control/install/aero_bringup/share/colcon-core/packages/aero_bringup)
[0.902s] [34mcolcon.colcon_core.environment[0m [1;30mLevel 1[0m create_environment_scripts_only(aero_moveit_config)
[0.902s] [34mcolcon.colcon_core.environment[0m [1;30mLevel 1[0m checking '/home/ali/Desktop/Ros2_Control/install/aero_moveit_config' for CMake module files
[0.903s] [34mcolcon.colcon_core.event_handler.log_command[0m [1;30mDEBUG[0m [32mInvoked command in '/home/ali/Desktop/Ros2_Control/build/aero_moveit_config' returned '0': CMAKE_PREFIX_PATH=/home/ali/Desktop/Ros2_Control/install/aero_description:/home/ali/Desktop/Ros2_Control/install/my_robot_bringup:/home/ali/Desktop/Ros2_Control/install/my_robot_description:/home/ali/Desktop/Ros2_Control/install/aero_moveit_config:/home/ali/Desktop/Ros2_Control/install/aero_bringup:/home/ali/Desktop/Ros2_Control/install/aero_arm_control:/opt/ros/humble /usr/bin/cmake --install /home/ali/Desktop/Ros2_Control/build/aero_moveit_config[0m
[0.903s] [34mcolcon.colcon_core.environment[0m [1;30mLevel 1[0m checking '/home/ali/Desktop/Ros2_Control/install/aero_moveit_config' for CMake config files
[0.903s] [34mcolcon.colcon_core.shell[0m [1;30mLevel 1[0m create_environment_hook('aero_moveit_config', 'cmake_prefix_path')
[0.903s] [34mcolcon.colcon_core.shell[0m [1;30mINFO[0m Creating environment hook '/home/ali/Desktop/Ros2_Control/install/aero_moveit_config/share/aero_moveit_config/hook/cmake_prefix_path.ps1'
[0.904s] [34mcolcon.colcon_core.shell[0m [1;30mINFO[0m Creating environment descriptor '/home/ali/Desktop/Ros2_Control/install/aero_moveit_config/share/aero_moveit_config/hook/cmake_prefix_path.dsv'
[0.904s] [34mcolcon.colcon_core.shell[0m [1;30mINFO[0m Creating environment hook '/home/ali/Desktop/Ros2_Control/install/aero_moveit_config/share/aero_moveit_config/hook/cmake_prefix_path.sh'
[0.905s] [34mcolcon.colcon_core.environment[0m [1;30mLevel 1[0m checking '/home/ali/Desktop/Ros2_Control/install/aero_moveit_config/bin'
[0.905s] [34mcolcon.colcon_core.environment[0m [1;30mLevel 1[0m checking '/home/ali/Desktop/Ros2_Control/install/aero_moveit_config/lib/pkgconfig/aero_moveit_config.pc'
[0.905s] [34mcolcon.colcon_core.environment[0m [1;30mLevel 1[0m checking '/home/ali/Desktop/Ros2_Control/install/aero_moveit_config/lib/python3.10/site-packages'
[0.905s] [34mcolcon.colcon_core.environment[0m [1;30mLevel 1[0m checking '/home/ali/Desktop/Ros2_Control/install/aero_moveit_config/bin'
[0.906s] [34mcolcon.colcon_core.shell[0m [1;30mINFO[0m Creating package script '/home/ali/Desktop/Ros2_Control/install/aero_moveit_config/share/aero_moveit_config/package.ps1'
[0.907s] [34mcolcon.colcon_core.shell[0m [1;30mINFO[0m Creating package descriptor '/home/ali/Desktop/Ros2_Control/install/aero_moveit_config/share/aero_moveit_config/package.dsv'
[0.907s] [34mcolcon.colcon_core.shell[0m [1;30mINFO[0m Creating package script '/home/ali/Desktop/Ros2_Control/install/aero_moveit_config/share/aero_moveit_config/package.sh'
[0.908s] [34mcolcon.colcon_core.shell[0m [1;30mINFO[0m Creating package script '/home/ali/Desktop/Ros2_Control/install/aero_moveit_config/share/aero_moveit_config/package.bash'
[0.909s] [34mcolcon.colcon_core.shell[0m [1;30mINFO[0m Creating package script '/home/ali/Desktop/Ros2_Control/install/aero_moveit_config/share/aero_moveit_config/package.zsh'
[0.909s] [34mcolcon.colcon_core.environment[0m [1;30mLevel 1[0m create_file_with_runtime_dependencies(/home/ali/Desktop/Ros2_Control/install/aero_moveit_config/share/colcon-core/packages/aero_moveit_config)
[0.910s] [34mcolcon.colcon_core.environment[0m [1;30mLevel 1[0m create_environment_scripts_only(aero_moveit_config)
[0.910s] [34mcolcon.colcon_core.environment[0m [1;30mLevel 1[0m checking '/home/ali/Desktop/Ros2_Control/install/aero_moveit_config' for CMake module files
[0.910s] [34mcolcon.colcon_core.environment[0m [1;30mLevel 1[0m checking '/home/ali/Desktop/Ros2_Control/install/aero_moveit_config' for CMake config files
[0.911s] [34mcolcon.colcon_core.shell[0m [1;30mLevel 1[0m create_environment_hook('aero_moveit_config', 'cmake_prefix_path')
[0.911s] [34mcolcon.colcon_core.shell[0m [1;30mINFO[0m Creating environment hook '/home/ali/Desktop/Ros2_Control/install/aero_moveit_config/share/aero_moveit_config/hook/cmake_prefix_path.ps1'
[0.912s] [34mcolcon.colcon_core.shell[0m [1;30mINFO[0m Creating environment descriptor '/home/ali/Desktop/Ros2_Control/install/aero_moveit_config/share/aero_moveit_config/hook/cmake_prefix_path.dsv'
[0.912s] [34mcolcon.colcon_core.shell[0m [1;30mINFO[0m Creating environment hook '/home/ali/Desktop/Ros2_Control/install/aero_moveit_config/share/aero_moveit_config/hook/cmake_prefix_path.sh'
[0.912s] [34mcolcon.colcon_core.environment[0m [1;30mLevel 1[0m checking '/home/ali/Desktop/Ros2_Control/install/aero_moveit_config/bin'
[0.912s] [34mcolcon.colcon_core.environment[0m [1;30mLevel 1[0m checking '/home/ali/Desktop/Ros2_Control/install/aero_moveit_config/lib/pkgconfig/aero_moveit_config.pc'
[0.913s] [34mcolcon.colcon_core.environment[0m [1;30mLevel 1[0m checking '/home/ali/Desktop/Ros2_Control/install/aero_moveit_config/lib/python3.10/site-packages'
[0.913s] [34mcolcon.colcon_core.environment[0m [1;30mLevel 1[0m checking '/home/ali/Desktop/Ros2_Control/install/aero_moveit_config/bin'
[0.914s] [34mcolcon.colcon_core.shell[0m [1;30mINFO[0m Creating package script '/home/ali/Desktop/Ros2_Control/install/aero_moveit_config/share/aero_moveit_config/package.ps1'
[0.914s] [34mcolcon.colcon_core.shell[0m [1;30mINFO[0m Creating package descriptor '/home/ali/Desktop/Ros2_Control/install/aero_moveit_config/share/aero_moveit_config/package.dsv'
[0.915s] [34mcolcon.colcon_core.shell[0m [1;30mINFO[0m Creating package script '/home/ali/Desktop/Ros2_Control/install/aero_moveit_config/share/aero_moveit_config/package.sh'
[0.915s] [34mcolcon.colcon_core.shell[0m [1;30mINFO[0m Creating package script '/home/ali/Desktop/Ros2_Control/install/aero_moveit_config/share/aero_moveit_config/package.bash'
[0.916s] [34mcolcon.colcon_core.shell[0m [1;30mINFO[0m Creating package script '/home/ali/Desktop/Ros2_Control/install/aero_moveit_config/share/aero_moveit_config/package.zsh'
[0.916s] [34mcolcon.colcon_core.environment[0m [1;30mLevel 1[0m create_file_with_runtime_dependencies(/home/ali/Desktop/Ros2_Control/install/aero_moveit_config/share/colcon-core/packages/aero_moveit_config)
[1.137s] [34mcolcon.colcon_core.event_handler.log_command[0m [1;30mDEBUG[0m [32mInvoking command in '/home/ali/Desktop/Ros2_Control/build/aero_arm_control': PYTHONPATH=/home/ali/Desktop/Ros2_Control/build/aero_arm_control/prefix_override:/usr/lib/python3/dist-packages/colcon_core/task/python/colcon_distutils_commands:/home/ali/Desktop/Ros2_Control/install/aero_arm_control/lib/python3.10/site-packages:${PYTHONPATH} /usr/bin/python3 -W ignore:setup.py install is deprecated -W ignore:easy_install command is deprecated setup.py develop --editable --build-directory /home/ali/Desktop/Ros2_Control/build/aero_arm_control/build --no-deps symlink_data[0m
[1.589s] [34mcolcon.colcon_core.shell[0m [1;30mLevel 1[0m create_environment_hook('aero_arm_control', 'pythonpath_develop')
[1.590s] [34mcolcon.colcon_core.shell[0m [1;30mINFO[0m Creating environment hook '/home/ali/Desktop/Ros2_Control/build/aero_arm_control/share/aero_arm_control/hook/pythonpath_develop.ps1'
[1.590s] [34mcolcon.colcon_core.event_handler.log_command[0m [1;30mDEBUG[0m [32mInvoked command in '/home/ali/Desktop/Ros2_Control/build/aero_arm_control' returned '0': PYTHONPATH=/home/ali/Desktop/Ros2_Control/build/aero_arm_control/prefix_override:/usr/lib/python3/dist-packages/colcon_core/task/python/colcon_distutils_commands:/home/ali/Desktop/Ros2_Control/install/aero_arm_control/lib/python3.10/site-packages:${PYTHONPATH} /usr/bin/python3 -W ignore:setup.py install is deprecated -W ignore:easy_install command is deprecated setup.py develop --editable --build-directory /home/ali/Desktop/Ros2_Control/build/aero_arm_control/build --no-deps symlink_data[0m
[1.590s] [34mcolcon.colcon_core.shell[0m [1;30mINFO[0m Creating environment descriptor '/home/ali/Desktop/Ros2_Control/build/aero_arm_control/share/aero_arm_control/hook/pythonpath_develop.dsv'
[1.591s] [34mcolcon.colcon_core.shell[0m [1;30mINFO[0m Creating environment hook '/home/ali/Desktop/Ros2_Control/build/aero_arm_control/share/aero_arm_control/hook/pythonpath_develop.sh'
[1.591s] [34mcolcon.colcon_core.environment[0m [1;30mLevel 1[0m checking '/home/ali/Desktop/Ros2_Control/install/aero_arm_control' for CMake module files
[1.591s] [34mcolcon.colcon_core.environment[0m [1;30mLevel 1[0m checking '/home/ali/Desktop/Ros2_Control/install/aero_arm_control' for CMake config files
[1.592s] [34mcolcon.colcon_core.environment[0m [1;30mLevel 1[0m checking '/home/ali/Desktop/Ros2_Control/install/aero_arm_control/lib'
[1.592s] [34mcolcon.colcon_core.environment[0m [1;30mLevel 1[0m checking '/home/ali/Desktop/Ros2_Control/install/aero_arm_control/bin'
[1.592s] [34mcolcon.colcon_core.environment[0m [1;30mLevel 1[0m checking '/home/ali/Desktop/Ros2_Control/install/aero_arm_control/lib/pkgconfig/aero_arm_control.pc'
[1.592s] [34mcolcon.colcon_core.environment[0m [1;30mLevel 1[0m checking '/home/ali/Desktop/Ros2_Control/install/aero_arm_control/lib/python3.10/site-packages'
[1.592s] [34mcolcon.colcon_core.shell[0m [1;30mLevel 1[0m create_environment_hook('aero_arm_control', 'pythonpath')
[1.592s] [34mcolcon.colcon_core.shell[0m [1;30mINFO[0m Creating environment hook '/home/ali/Desktop/Ros2_Control/install/aero_arm_control/share/aero_arm_control/hook/pythonpath.ps1'
[1.592s] [34mcolcon.colcon_core.shell[0m [1;30mINFO[0m Creating environment descriptor '/home/ali/Desktop/Ros2_Control/install/aero_arm_control/share/aero_arm_control/hook/pythonpath.dsv'
[1.593s] [34mcolcon.colcon_core.shell[0m [1;30mINFO[0m Creating environment hook '/home/ali/Desktop/Ros2_Control/install/aero_arm_control/share/aero_arm_control/hook/pythonpath.sh'
[1.593s] [34mcolcon.colcon_core.environment[0m [1;30mLevel 1[0m checking '/home/ali/Desktop/Ros2_Control/install/aero_arm_control/bin'
[1.593s] [34mcolcon.colcon_core.environment[0m [1;30mLevel 1[0m create_environment_scripts_only(aero_arm_control)
[1.594s] [34mcolcon.colcon_core.shell[0m [1;30mINFO[0m Creating package script '/home/ali/Desktop/Ros2_Control/install/aero_arm_control/share/aero_arm_control/package.ps1'
[1.594s] [34mcolcon.colcon_core.shell[0m [1;30mINFO[0m Creating package descriptor '/home/ali/Desktop/Ros2_Control/install/aero_arm_control/share/aero_arm_control/package.dsv'
[1.594s] [34mcolcon.colcon_core.shell[0m [1;30mINFO[0m Creating package script '/home/ali/Desktop/Ros2_Control/install/aero_arm_control/share/aero_arm_control/package.sh'
[1.595s] [34mcolcon.colcon_core.shell[0m [1;30mINFO[0m Creating package script '/home/ali/Desktop/Ros2_Control/install/aero_arm_control/share/aero_arm_control/package.bash'
[1.595s] [34mcolcon.colcon_core.shell[0m [1;30mINFO[0m Creating package script '/home/ali/Desktop/Ros2_Control/install/aero_arm_control/share/aero_arm_control/package.zsh'
[1.595s] [34mcolcon.colcon_core.environment[0m [1;30mLevel 1[0m create_file_with_runtime_dependencies(/home/ali/Desktop/Ros2_Control/install/aero_arm_control/share/colcon-core/packages/aero_arm_control)
[1.596s] [34mcolcon.colcon_parallel_executor.executor.parallel[0m [1;30mDEBUG[0m [32mclosing loop[0m
[1.596s] [34mcolcon.colcon_parallel_executor.executor.parallel[0m [1;30mDEBUG[0m [32mloop closed[0m
[1.596s] [34mcolcon.colcon_parallel_executor.executor.parallel[0m [1;30mDEBUG[0m [32mrun_until_complete finished with '0'[0m
[1.596s] [34mcolcon.colcon_core.event_reactor[0m [1;30mDEBUG[0m [32mjoining thread[0m
[1.600s] [34mcolcon.colcon_core.plugin_system[0m [1;30mINFO[0m Skipping extension 'colcon_notification.desktop_notification.terminal_notifier': Not used on non-Darwin systems
[1.600s] [34mcolcon.colcon_core.plugin_system[0m [1;30mINFO[0m Skipping extension 'colcon_notification.desktop_notification.win32': Not used on non-Windows systems
[1.600s] [34mcolcon.colcon_notification.desktop_notification[0m [1;30mINFO[0m Sending desktop notification using 'notify2'
[1.615s] [34mcolcon.colcon_core.event_reactor[0m [1;30mDEBUG[0m [32mjoined thread[0m
[1.615s] [34mcolcon.colcon_core.shell[0m [1;30mINFO[0m Creating prefix script '/home/ali/Desktop/Ros2_Control/install/local_setup.ps1'
[1.616s] [34mcolcon.colcon_core.shell[0m [1;30mINFO[0m Creating prefix util module '/home/ali/Desktop/Ros2_Control/install/_local_setup_util_ps1.py'
[1.619s] [34mcolcon.colcon_core.shell[0m [1;30mINFO[0m Creating prefix chain script '/home/ali/Desktop/Ros2_Control/install/setup.ps1'
[1.620s] [34mcolcon.colcon_core.shell[0m [1;30mINFO[0m Creating prefix script '/home/ali/Desktop/Ros2_Control/install/local_setup.sh'
[1.621s] [34mcolcon.colcon_core.shell[0m [1;30mINFO[0m Creating prefix util module '/home/ali/Desktop/Ros2_Control/install/_local_setup_util_sh.py'
[1.622s] [34mcolcon.colcon_core.shell[0m [1;30mINFO[0m Creating prefix chain script '/home/ali/Desktop/Ros2_Control/install/setup.sh'
[1.623s] [34mcolcon.colcon_core.shell[0m [1;30mINFO[0m Creating prefix script '/home/ali/Desktop/Ros2_Control/install/local_setup.bash'
[1.624s] [34mcolcon.colcon_core.shell[0m [1;30mINFO[0m Creating prefix chain script '/home/ali/Desktop/Ros2_Control/install/setup.bash'
[1.625s] [34mcolcon.colcon_core.shell[0m [1;30mINFO[0m Creating prefix script '/home/ali/Desktop/Ros2_Control/install/local_setup.zsh'
[1.626s] [34mcolcon.colcon_core.shell[0m [1;30mINFO[0m Creating prefix chain script '/home/ali/Desktop/Ros2_Control/install/setup.zsh'
