[0.685s] Invoking command in '/home/ali/Desktop/Ros2_Control/src/aero_arm_control': PYTHONPATH=/home/ali/Desktop/Ros2_Control/build/aero_arm_control/prefix_override:/usr/lib/python3/dist-packages/colcon_core/task/python/colcon_distutils_commands:/home/ali/Desktop/Ros2_Control/install/aero_arm_control/lib/python3.10/site-packages:${PYTHONPATH} /usr/bin/python3 -W ignore:setup.py install is deprecated -W ignore:easy_install command is deprecated setup.py egg_info --egg-base ../../build/aero_arm_control build --build-base /home/ali/Desktop/Ros2_Control/build/aero_arm_control/build install --record /home/ali/Desktop/Ros2_Control/build/aero_arm_control/install.log --single-version-externally-managed install_data
[0.951s] running egg_info
[0.951s] writing ../../build/aero_arm_control/aero_arm_control.egg-info/PKG-INFO
[0.952s] writing dependency_links to ../../build/aero_arm_control/aero_arm_control.egg-info/dependency_links.txt
[0.952s] writing entry points to ../../build/aero_arm_control/aero_arm_control.egg-info/entry_points.txt
[0.952s] writing requirements to ../../build/aero_arm_control/aero_arm_control.egg-info/requires.txt
[0.952s] writing top-level names to ../../build/aero_arm_control/aero_arm_control.egg-info/top_level.txt
[0.954s] reading manifest file '../../build/aero_arm_control/aero_arm_control.egg-info/SOURCES.txt'
[0.955s] writing manifest file '../../build/aero_arm_control/aero_arm_control.egg-info/SOURCES.txt'
[0.955s] running build
[0.955s] running build_py
[0.955s] copying aero_arm_control/ps4_rover_controller.py -> /home/ali/Desktop/Ros2_Control/build/aero_arm_control/build/lib/aero_arm_control
[0.955s] running install
[0.955s] running install_lib
[0.956s] copying /home/ali/Desktop/Ros2_Control/build/aero_arm_control/build/lib/aero_arm_control/ps4_rover_controller.py -> /home/ali/Desktop/Ros2_Control/install/aero_arm_control/lib/python3.10/site-packages/aero_arm_control
[0.957s] byte-compiling /home/ali/Desktop/Ros2_Control/install/aero_arm_control/lib/python3.10/site-packages/aero_arm_control/ps4_rover_controller.py to ps4_rover_controller.cpython-310.pyc
[0.958s] running install_data
[0.958s] running install_egg_info
[0.960s] removing '/home/ali/Desktop/Ros2_Control/install/aero_arm_control/lib/python3.10/site-packages/aero_arm_control-0.0.0-py3.10.egg-info' (and everything under it)
[0.960s] Copying ../../build/aero_arm_control/aero_arm_control.egg-info to /home/ali/Desktop/Ros2_Control/install/aero_arm_control/lib/python3.10/site-packages/aero_arm_control-0.0.0-py3.10.egg-info
[0.961s] running install_scripts
[0.978s] Installing arm_teleop script to /home/ali/Desktop/Ros2_Control/install/aero_arm_control/lib/aero_arm_control
[0.978s] Installing ps4_rover_controller script to /home/ali/Desktop/Ros2_Control/install/aero_arm_control/lib/aero_arm_control
[0.978s] writing list of installed files to '/home/ali/Desktop/Ros2_Control/build/aero_arm_control/install.log'
[0.999s] Invoked command in '/home/ali/Desktop/Ros2_Control/src/aero_arm_control' returned '0': PYTHONPATH=/home/ali/Desktop/Ros2_Control/build/aero_arm_control/prefix_override:/usr/lib/python3/dist-packages/colcon_core/task/python/colcon_distutils_commands:/home/ali/Desktop/Ros2_Control/install/aero_arm_control/lib/python3.10/site-packages:${PYTHONPATH} /usr/bin/python3 -W ignore:setup.py install is deprecated -W ignore:easy_install command is deprecated setup.py egg_info --egg-base ../../build/aero_arm_control build --build-base /home/ali/Desktop/Ros2_Control/build/aero_arm_control/build install --record /home/ali/Desktop/Ros2_Control/build/aero_arm_control/install.log --single-version-externally-managed install_data
