[0.684s] Invoking command in '/home/ali/Desktop/Ros2_Control/build/aero_arm_control': PYTHONPATH=/home/ali/Desktop/Ros2_Control/build/aero_arm_control/prefix_override:/usr/lib/python3/dist-packages/colcon_core/task/python/colcon_distutils_commands:/home/ali/Desktop/Ros2_Control/install/aero_arm_control/lib/python3.10/site-packages:${PYTHONPATH} /usr/bin/python3 -W ignore:setup.py install is deprecated -W ignore:easy_install command is deprecated setup.py develop --editable --build-directory /home/ali/Desktop/Ros2_Control/build/aero_arm_control/build --no-deps symlink_data
[0.959s] running develop
[1.194s] running egg_info
[1.194s] creating aero_arm_control.egg-info
[1.194s] writing aero_arm_control.egg-info/PKG-INFO
[1.194s] writing dependency_links to aero_arm_control.egg-info/dependency_links.txt
[1.195s] writing entry points to aero_arm_control.egg-info/entry_points.txt
[1.195s] writing requirements to aero_arm_control.egg-info/requires.txt
[1.195s] writing top-level names to aero_arm_control.egg-info/top_level.txt
[1.195s] writing manifest file 'aero_arm_control.egg-info/SOURCES.txt'
[1.196s] reading manifest file 'aero_arm_control.egg-info/SOURCES.txt'
[1.197s] writing manifest file 'aero_arm_control.egg-info/SOURCES.txt'
[1.199s] running build_ext
[1.199s] Creating /home/ali/Desktop/Ros2_Control/install/aero_arm_control/lib/python3.10/site-packages/aero-arm-control.egg-link (link to .)
[1.200s] Installing arm_teleop script to /home/ali/Desktop/Ros2_Control/install/aero_arm_control/lib/aero_arm_control
[1.200s] Installing ps4_rover_controller script to /home/ali/Desktop/Ros2_Control/install/aero_arm_control/lib/aero_arm_control
[1.200s] 
[1.200s] Installed /home/ali/Desktop/Ros2_Control/build/aero_arm_control
[1.200s] running symlink_data
[1.200s] creating /home/ali/Desktop/Ros2_Control/install/aero_arm_control/share
[1.200s] creating /home/ali/Desktop/Ros2_Control/install/aero_arm_control/share/ament_index
[1.201s] creating /home/ali/Desktop/Ros2_Control/install/aero_arm_control/share/ament_index/resource_index
[1.201s] creating /home/ali/Desktop/Ros2_Control/install/aero_arm_control/share/ament_index/resource_index/packages
[1.201s] symbolically linking /home/ali/Desktop/Ros2_Control/build/aero_arm_control/resource/aero_arm_control -> /home/ali/Desktop/Ros2_Control/install/aero_arm_control/share/ament_index/resource_index/packages
[1.201s] creating /home/ali/Desktop/Ros2_Control/install/aero_arm_control/share/aero_arm_control
[1.201s] symbolically linking /home/ali/Desktop/Ros2_Control/build/aero_arm_control/package.xml -> /home/ali/Desktop/Ros2_Control/install/aero_arm_control/share/aero_arm_control
[1.243s] Invoked command in '/home/ali/Desktop/Ros2_Control/build/aero_arm_control' returned '0': PYTHONPATH=/home/ali/Desktop/Ros2_Control/build/aero_arm_control/prefix_override:/usr/lib/python3/dist-packages/colcon_core/task/python/colcon_distutils_commands:/home/ali/Desktop/Ros2_Control/install/aero_arm_control/lib/python3.10/site-packages:${PYTHONPATH} /usr/bin/python3 -W ignore:setup.py install is deprecated -W ignore:easy_install command is deprecated setup.py develop --editable --build-directory /home/ali/Desktop/Ros2_Control/build/aero_arm_control/build --no-deps symlink_data
