[0.008s] Invoking command in '/home/ali/Desktop/Ros2_Control/build/my_robot_description': CMAKE_PREFIX_PATH=/opt/ros/humble /usr/bin/cmake /home/ali/Desktop/Ros2_Control/src/my_robot_description -DAMENT_CMAKE_SYMLINK_INSTALL=1 -DCMAKE_INSTALL_PREFIX=/home/ali/Desktop/Ros2_Control/install/my_robot_description
[0.066s] -- The C compiler identification is GNU 11.4.0
[0.116s] -- The CXX compiler identification is GNU 11.4.0
[0.123s] -- Detecting C compiler ABI info
[0.179s] -- Detecting C compiler ABI info - done
[0.185s] -- Check for working C compiler: /usr/bin/cc - skipped
[0.185s] -- Detecting C compile features
[0.185s] -- Detecting C compile features - done
[0.187s] -- Detecting CXX compiler ABI info
[0.248s] -- Detecting CXX compiler ABI info - done
[0.253s] -- Check for working CXX compiler: /usr/bin/c++ - skipped
[0.253s] -- Detecting CXX compile features
[0.254s] -- Detecting CXX compile features - done
[0.256s] -- Found ament_cmake: 1.3.12 (/opt/ros/humble/share/ament_cmake/cmake)
[0.362s] -- Found Python3: /usr/bin/python3 (found version "3.10.12") found components: Interpreter 
[0.415s] -- Override CMake install command with custom implementation using symlinks instead of copying resources
[0.495s] -- Configuring done
[0.496s] -- Generating done
[0.497s] -- Build files have been written to: /home/ali/Desktop/Ros2_Control/build/my_robot_description
[0.501s] Invoked command in '/home/ali/Desktop/Ros2_Control/build/my_robot_description' returned '0': CMAKE_PREFIX_PATH=/opt/ros/humble /usr/bin/cmake /home/ali/Desktop/Ros2_Control/src/my_robot_description -DAMENT_CMAKE_SYMLINK_INSTALL=1 -DCMAKE_INSTALL_PREFIX=/home/ali/Desktop/Ros2_Control/install/my_robot_description
[0.504s] Invoking command in '/home/ali/Desktop/Ros2_Control/build/my_robot_description': CMAKE_PREFIX_PATH=/opt/ros/humble /usr/bin/cmake --build /home/ali/Desktop/Ros2_Control/build/my_robot_description -- -j20 -l20
[0.541s] Invoked command in '/home/ali/Desktop/Ros2_Control/build/my_robot_description' returned '0': CMAKE_PREFIX_PATH=/opt/ros/humble /usr/bin/cmake --build /home/ali/Desktop/Ros2_Control/build/my_robot_description -- -j20 -l20
[0.551s] Invoking command in '/home/ali/Desktop/Ros2_Control/build/my_robot_description': CMAKE_PREFIX_PATH=/opt/ros/humble /usr/bin/cmake --install /home/ali/Desktop/Ros2_Control/build/my_robot_description
[0.560s] -- Install configuration: ""
[0.561s] -- Execute custom install script
[0.561s] -- Symlinking: /home/ali/Desktop/Ros2_Control/install/my_robot_description/share/my_robot_description//urdf/arm/arm.urdf.xacro
[0.568s] -- Symlinking: /home/ali/Desktop/Ros2_Control/install/my_robot_description/share/my_robot_description//urdf/common_properties.xacro
[0.573s] -- Symlinking: /home/ali/Desktop/Ros2_Control/install/my_robot_description/share/my_robot_description//urdf/mobile_base.ros2_control.xacro
[0.580s] -- Symlinking: /home/ali/Desktop/Ros2_Control/install/my_robot_description/share/my_robot_description//urdf/mobile_base.xacro
[0.587s] -- Symlinking: /home/ali/Desktop/Ros2_Control/install/my_robot_description/share/my_robot_description//urdf/my_robot.gazebo.xacro
[0.595s] -- Symlinking: /home/ali/Desktop/Ros2_Control/install/my_robot_description/share/my_robot_description//urdf/my_robot.ignition.xacro
[0.601s] -- Symlinking: /home/ali/Desktop/Ros2_Control/install/my_robot_description/share/my_robot_description//urdf/my_robot.urdf.xacro
[0.608s] -- Symlinking: /home/ali/Desktop/Ros2_Control/install/my_robot_description/share/my_robot_description//launch/arm.display.launch.py
[0.615s] -- Symlinking: /home/ali/Desktop/Ros2_Control/install/my_robot_description/share/my_robot_description//launch/display.launch.py
[0.622s] -- Symlinking: /home/ali/Desktop/Ros2_Control/install/my_robot_description/share/my_robot_description//rviz/urdf_config.rviz
[0.629s] -- Symlinking: /home/ali/Desktop/Ros2_Control/install/my_robot_description/share/my_robot_description//meshes/LINK1.stl
[0.636s] -- Symlinking: /home/ali/Desktop/Ros2_Control/install/my_robot_description/share/my_robot_description//meshes/LINK2.stl
[0.643s] -- Symlinking: /home/ali/Desktop/Ros2_Control/install/my_robot_description/share/my_robot_description//meshes/LINK3.stl
[0.650s] -- Symlinking: /home/ali/Desktop/Ros2_Control/install/my_robot_description/share/my_robot_description//meshes/LINK4.stl
[0.657s] -- Symlinking: /home/ali/Desktop/Ros2_Control/install/my_robot_description/share/my_robot_description//meshes/base_link.stl
[0.663s] -- Symlinking: /home/ali/Desktop/Ros2_Control/install/my_robot_description/share/my_robot_description//meshes/base_link.stl.new
[0.669s] -- Symlinking: /home/ali/Desktop/Ros2_Control/install/my_robot_description/share/my_robot_description//meshes/end.stl
[0.675s] -- Symlinking: /home/ali/Desktop/Ros2_Control/install/my_robot_description/share/ament_index/resource_index/package_run_dependencies/my_robot_description
[0.681s] -- Symlinking: /home/ali/Desktop/Ros2_Control/install/my_robot_description/share/ament_index/resource_index/parent_prefix_path/my_robot_description
[0.688s] -- Symlinking: /home/ali/Desktop/Ros2_Control/install/my_robot_description/share/my_robot_description/environment/ament_prefix_path.sh
[0.694s] -- Symlinking: /home/ali/Desktop/Ros2_Control/install/my_robot_description/share/my_robot_description/environment/ament_prefix_path.dsv
[0.700s] -- Symlinking: /home/ali/Desktop/Ros2_Control/install/my_robot_description/share/my_robot_description/environment/path.sh
[0.706s] -- Symlinking: /home/ali/Desktop/Ros2_Control/install/my_robot_description/share/my_robot_description/environment/path.dsv
[0.712s] -- Symlinking: /home/ali/Desktop/Ros2_Control/install/my_robot_description/share/my_robot_description/local_setup.bash
[0.719s] -- Symlinking: /home/ali/Desktop/Ros2_Control/install/my_robot_description/share/my_robot_description/local_setup.sh
[0.725s] -- Symlinking: /home/ali/Desktop/Ros2_Control/install/my_robot_description/share/my_robot_description/local_setup.zsh
[0.732s] -- Symlinking: /home/ali/Desktop/Ros2_Control/install/my_robot_description/share/my_robot_description/local_setup.dsv
[0.738s] -- Symlinking: /home/ali/Desktop/Ros2_Control/install/my_robot_description/share/my_robot_description/package.dsv
[0.745s] -- Symlinking: /home/ali/Desktop/Ros2_Control/install/my_robot_description/share/ament_index/resource_index/packages/my_robot_description
[0.752s] -- Symlinking: /home/ali/Desktop/Ros2_Control/install/my_robot_description/share/my_robot_description/cmake/my_robot_descriptionConfig.cmake
[0.758s] -- Symlinking: /home/ali/Desktop/Ros2_Control/install/my_robot_description/share/my_robot_description/cmake/my_robot_descriptionConfig-version.cmake
[0.763s] -- Symlinking: /home/ali/Desktop/Ros2_Control/install/my_robot_description/share/my_robot_description/package.xml
[0.772s] Invoked command in '/home/ali/Desktop/Ros2_Control/build/my_robot_description' returned '0': CMAKE_PREFIX_PATH=/opt/ros/humble /usr/bin/cmake --install /home/ali/Desktop/Ros2_Control/build/my_robot_description
