[0.051s] Invoking command in '/home/ali/Desktop/Ros2_Control/build/aero_bringup': AMENT_PREFIX_PATH=/home/ali/Desktop/Ros2_Control/install/aero_description:${AMENT_PREFIX_PATH} CMAKE_PREFIX_PATH=/home/ali/Desktop/Ros2_Control/install/aero_description:/opt/ros/humble /usr/bin/cmake --build /home/ali/Desktop/Ros2_Control/build/aero_bringup -- -j20 -l20
[0.140s] Invoked command in '/home/ali/Desktop/Ros2_Control/build/aero_bringup' returned '0': AMENT_PREFIX_PATH=/home/ali/Desktop/Ros2_Control/install/aero_description:${AMENT_PREFIX_PATH} CMAKE_PREFIX_PATH=/home/ali/Desktop/Ros2_Control/install/aero_description:/opt/ros/humble /usr/bin/cmake --build /home/ali/Desktop/Ros2_Control/build/aero_bringup -- -j20 -l20
[0.143s] Invoking command in '/home/ali/Desktop/Ros2_Control/build/aero_bringup': AMENT_PREFIX_PATH=/home/ali/Desktop/Ros2_Control/install/aero_description:${AMENT_PREFIX_PATH} CMAKE_PREFIX_PATH=/home/ali/Desktop/Ros2_Control/install/aero_description:/opt/ros/humble /usr/bin/cmake --install /home/ali/Desktop/Ros2_Control/build/aero_bringup
[0.156s] -- Install configuration: ""
[0.158s] -- Execute custom install script
[0.158s] -- Up-to-date symlink: /home/ali/Desktop/Ros2_Control/install/aero_bringup/share/aero_bringup//launch/aero.launch.py
[0.159s] -- Up-to-date symlink: /home/ali/Desktop/Ros2_Control/install/aero_bringup/share/aero_bringup//launch/ignition.launch.py
[0.159s] -- Up-to-date symlink: /home/ali/Desktop/Ros2_Control/install/aero_bringup/share/aero_bringup//launch/webots.launch.py
[0.159s] -- Up-to-date symlink: /home/ali/Desktop/Ros2_Control/install/aero_bringup/share/aero_bringup//config/controllers.yaml
[0.159s] -- Up-to-date symlink: /home/ali/Desktop/Ros2_Control/install/aero_bringup/share/aero_bringup//config/ekf.yaml
[0.159s] -- Up-to-date symlink: /home/ali/Desktop/Ros2_Control/install/aero_bringup/share/aero_bringup//config/ignition_bridge.yaml
[0.159s] -- Up-to-date symlink: /home/ali/Desktop/Ros2_Control/install/aero_bringup/share/aero_bringup//config/navigation.yaml
[0.159s] -- Up-to-date symlink: /home/ali/Desktop/Ros2_Control/install/aero_bringup/share/aero_bringup//config/slam.yaml
[0.160s] -- Up-to-date symlink: /home/ali/Desktop/Ros2_Control/install/aero_bringup/share/aero_bringup//worlds/my_world.wbt
[0.160s] -- Up-to-date symlink: /home/ali/Desktop/Ros2_Control/install/aero_bringup/share/aero_bringup//worlds/test.sdf
[0.160s] -- Up-to-date symlink: /home/ali/Desktop/Ros2_Control/install/aero_bringup/share/aero_bringup//aero_bringup/twist_stamper.py
[0.160s] -- Up-to-date symlink: /home/ali/Desktop/Ros2_Control/install/aero_bringup/share/ament_index/resource_index/package_run_dependencies/aero_bringup
[0.160s] -- Up-to-date symlink: /home/ali/Desktop/Ros2_Control/install/aero_bringup/share/ament_index/resource_index/parent_prefix_path/aero_bringup
[0.160s] -- Up-to-date symlink: /home/ali/Desktop/Ros2_Control/install/aero_bringup/share/aero_bringup/environment/ament_prefix_path.sh
[0.160s] -- Up-to-date symlink: /home/ali/Desktop/Ros2_Control/install/aero_bringup/share/aero_bringup/environment/ament_prefix_path.dsv
[0.161s] -- Up-to-date symlink: /home/ali/Desktop/Ros2_Control/install/aero_bringup/share/aero_bringup/environment/path.sh
[0.161s] -- Up-to-date symlink: /home/ali/Desktop/Ros2_Control/install/aero_bringup/share/aero_bringup/environment/path.dsv
[0.161s] -- Up-to-date symlink: /home/ali/Desktop/Ros2_Control/install/aero_bringup/share/aero_bringup/local_setup.bash
[0.161s] -- Up-to-date symlink: /home/ali/Desktop/Ros2_Control/install/aero_bringup/share/aero_bringup/local_setup.sh
[0.161s] -- Up-to-date symlink: /home/ali/Desktop/Ros2_Control/install/aero_bringup/share/aero_bringup/local_setup.zsh
[0.161s] -- Up-to-date symlink: /home/ali/Desktop/Ros2_Control/install/aero_bringup/share/aero_bringup/local_setup.dsv
[0.161s] -- Symlinking: /home/ali/Desktop/Ros2_Control/install/aero_bringup/share/aero_bringup/package.dsv
[0.184s] -- Up-to-date symlink: /home/ali/Desktop/Ros2_Control/install/aero_bringup/share/ament_index/resource_index/packages/aero_bringup
[0.184s] -- Up-to-date symlink: /home/ali/Desktop/Ros2_Control/install/aero_bringup/share/aero_bringup/cmake/aero_bringupConfig.cmake
[0.184s] -- Up-to-date symlink: /home/ali/Desktop/Ros2_Control/install/aero_bringup/share/aero_bringup/cmake/aero_bringupConfig-version.cmake
[0.185s] -- Up-to-date symlink: /home/ali/Desktop/Ros2_Control/install/aero_bringup/share/aero_bringup/package.xml
[0.190s] Invoked command in '/home/ali/Desktop/Ros2_Control/build/aero_bringup' returned '0': AMENT_PREFIX_PATH=/home/ali/Desktop/Ros2_Control/install/aero_description:${AMENT_PREFIX_PATH} CMAKE_PREFIX_PATH=/home/ali/Desktop/Ros2_Control/install/aero_description:/opt/ros/humble /usr/bin/cmake --install /home/ali/Desktop/Ros2_Control/build/aero_bringup
