[0.031s] Invoking command in '/home/ali/Desktop/Ros2_Control/build/aero_description': CMAKE_PREFIX_PATH=${CMAKE_PREFIX_PATH}:/home/ali/Desktop/Ros2_Control/install/aero_arm_control:/opt/ros/humble /usr/bin/cmake --build /home/ali/Desktop/Ros2_Control/build/aero_description -- -j20 -l20
[0.367s] Invoked command in '/home/ali/Desktop/Ros2_Control/build/aero_description' returned '0': CMAKE_PREFIX_PATH=${CMAKE_PREFIX_PATH}:/home/ali/Desktop/Ros2_Control/install/aero_arm_control:/opt/ros/humble /usr/bin/cmake --build /home/ali/Desktop/Ros2_Control/build/aero_description -- -j20 -l20
[0.375s] Invoking command in '/home/ali/Desktop/Ros2_Control/build/aero_description': CMAKE_PREFIX_PATH=${CMAKE_PREFIX_PATH}:/home/ali/Desktop/Ros2_Control/install/aero_arm_control:/opt/ros/humble /usr/bin/cmake --install /home/ali/Desktop/Ros2_Control/build/aero_description
[0.384s] -- Install configuration: ""
[0.384s] -- Execute custom install script
[0.385s] -- Up-to-date symlink: /home/ali/Desktop/Ros2_Control/install/aero_description/share/aero_description//urdf/aero.gazebo.xacro
[0.385s] -- Up-to-date symlink: /home/ali/Desktop/Ros2_Control/install/aero_description/share/aero_description//urdf/aero.ignition.xacro
[0.386s] -- Up-to-date symlink: /home/ali/Desktop/Ros2_Control/install/aero_description/share/aero_description//urdf/aero.urdf.xacro
[0.386s] -- Up-to-date symlink: /home/ali/Desktop/Ros2_Control/install/aero_description/share/aero_description//urdf/aero.webots.xacro
[0.386s] -- Up-to-date symlink: /home/ali/Desktop/Ros2_Control/install/aero_description/share/aero_description//urdf/aero_base.xacro
[0.386s] -- Up-to-date symlink: /home/ali/Desktop/Ros2_Control/install/aero_description/share/aero_description//urdf/arm/arm.urdf.xacro
[0.386s] -- Up-to-date symlink: /home/ali/Desktop/Ros2_Control/install/aero_description/share/aero_description//urdf/common_properties.xacro
[0.387s] -- Up-to-date symlink: /home/ali/Desktop/Ros2_Control/install/aero_description/share/aero_description//urdf/mobile_base.ros2_control.xacro
[0.387s] -- Up-to-date symlink: /home/ali/Desktop/Ros2_Control/install/aero_description/share/aero_description//launch/arm.display.launch.py
[0.387s] -- Up-to-date symlink: /home/ali/Desktop/Ros2_Control/install/aero_description/share/aero_description//launch/display.launch.py
[0.388s] -- Up-to-date symlink: /home/ali/Desktop/Ros2_Control/install/aero_description/share/aero_description//rviz/urdf_config.rviz
[0.389s] -- Up-to-date symlink: /home/ali/Desktop/Ros2_Control/install/aero_description/share/aero_description//meshes/LINK1.stl
[0.390s] -- Up-to-date symlink: /home/ali/Desktop/Ros2_Control/install/aero_description/share/aero_description//meshes/LINK2.stl
[0.391s] -- Up-to-date symlink: /home/ali/Desktop/Ros2_Control/install/aero_description/share/aero_description//meshes/LINK3.stl
[0.391s] -- Up-to-date symlink: /home/ali/Desktop/Ros2_Control/install/aero_description/share/aero_description//meshes/LINK4.stl
[0.392s] -- Up-to-date symlink: /home/ali/Desktop/Ros2_Control/install/aero_description/share/aero_description//meshes/arm_base_link.stl
[0.392s] -- Up-to-date symlink: /home/ali/Desktop/Ros2_Control/install/aero_description/share/aero_description//meshes/arm_end.stl
[0.394s] -- Up-to-date symlink: /home/ali/Desktop/Ros2_Control/install/aero_description/share/aero_description//meshes/base_link.STL
[0.394s] -- Up-to-date symlink: /home/ali/Desktop/Ros2_Control/install/aero_description/share/aero_description//meshes/base_link.stl.new
[0.394s] -- Up-to-date symlink: /home/ali/Desktop/Ros2_Control/install/aero_description/share/aero_description//meshes/link_lb.STL
[0.394s] -- Up-to-date symlink: /home/ali/Desktop/Ros2_Control/install/aero_description/share/aero_description//meshes/link_lf.STL
[0.395s] -- Up-to-date symlink: /home/ali/Desktop/Ros2_Control/install/aero_description/share/aero_description//meshes/link_rb.STL
[0.395s] -- Up-to-date symlink: /home/ali/Desktop/Ros2_Control/install/aero_description/share/aero_description//meshes/link_rf.STL
[0.395s] -- Up-to-date symlink: /home/ali/Desktop/Ros2_Control/install/aero_description/share/ament_index/resource_index/package_run_dependencies/aero_description
[0.396s] -- Up-to-date symlink: /home/ali/Desktop/Ros2_Control/install/aero_description/share/ament_index/resource_index/parent_prefix_path/aero_description
[0.396s] -- Up-to-date symlink: /home/ali/Desktop/Ros2_Control/install/aero_description/share/aero_description/environment/ament_prefix_path.sh
[0.396s] -- Up-to-date symlink: /home/ali/Desktop/Ros2_Control/install/aero_description/share/aero_description/environment/ament_prefix_path.dsv
[0.396s] -- Up-to-date symlink: /home/ali/Desktop/Ros2_Control/install/aero_description/share/aero_description/environment/path.sh
[0.397s] -- Up-to-date symlink: /home/ali/Desktop/Ros2_Control/install/aero_description/share/aero_description/environment/path.dsv
[0.397s] -- Up-to-date symlink: /home/ali/Desktop/Ros2_Control/install/aero_description/share/aero_description/local_setup.bash
[0.397s] -- Up-to-date symlink: /home/ali/Desktop/Ros2_Control/install/aero_description/share/aero_description/local_setup.sh
[0.397s] -- Up-to-date symlink: /home/ali/Desktop/Ros2_Control/install/aero_description/share/aero_description/local_setup.zsh
[0.397s] -- Up-to-date symlink: /home/ali/Desktop/Ros2_Control/install/aero_description/share/aero_description/local_setup.dsv
[0.397s] -- Symlinking: /home/ali/Desktop/Ros2_Control/install/aero_description/share/aero_description/package.dsv
[0.408s] -- Up-to-date symlink: /home/ali/Desktop/Ros2_Control/install/aero_description/share/ament_index/resource_index/packages/aero_description
[0.408s] -- Up-to-date symlink: /home/ali/Desktop/Ros2_Control/install/aero_description/share/aero_description/cmake/aero_descriptionConfig.cmake
[0.408s] -- Up-to-date symlink: /home/ali/Desktop/Ros2_Control/install/aero_description/share/aero_description/cmake/aero_descriptionConfig-version.cmake
[0.408s] -- Up-to-date symlink: /home/ali/Desktop/Ros2_Control/install/aero_description/share/aero_description/package.xml
[0.444s] Invoked command in '/home/ali/Desktop/Ros2_Control/build/aero_description' returned '0': CMAKE_PREFIX_PATH=${CMAKE_PREFIX_PATH}:/home/ali/Desktop/Ros2_Control/install/aero_arm_control:/opt/ros/humble /usr/bin/cmake --install /home/ali/Desktop/Ros2_Control/build/aero_description
