[0.076s] [34mcolcon[0m [1;30mDEBUG[0m [32mCommand line arguments: ['/usr/bin/colcon', 'build', '--symlink-install'][0m
[0.076s] [34mcolcon[0m [1;30mDEBUG[0m [32mParsed command line arguments: Namespace(log_base=None, log_level=None, verb_name='build', build_base='build', install_base='install', merge_install=False, symlink_install=True, test_result_base=None, continue_on_error=False, executor='parallel', parallel_workers=20, event_handlers=None, ignore_user_meta=False, metas=['./colcon.meta'], base_paths=['.'], packages_ignore=None, packages_ignore_regex=None, paths=None, packages_up_to=None, packages_up_to_regex=None, packages_above=None, packages_above_and_dependencies=None, packages_above_depth=None, packages_select_by_dep=None, packages_skip_by_dep=None, packages_skip_up_to=None, packages_select_build_failed=False, packages_skip_build_finished=False, packages_select_test_failures=False, packages_skip_test_passed=False, packages_select=None, packages_skip=None, packages_select_regex=None, packages_skip_regex=None, packages_start=None, packages_end=None, allow_overriding=[], cmake_args=None, cmake_target=None, cmake_target_skip_unavailable=False, cmake_clean_cache=False, cmake_clean_first=False, cmake_force_configure=False, ament_cmake_args=None, catkin_cmake_args=None, catkin_skip_building_tests=False, mixin_files=None, mixin=None, verb_parser=<colcon_mixin.mixin.mixin_argument.MixinArgumentDecorator object at 0x7b5e2dd32dd0>, verb_extension=<colcon_core.verb.build.BuildVerb object at 0x7b5e2dd32740>, main=<bound method BuildVerb.main of <colcon_core.verb.build.BuildVerb object at 0x7b5e2dd32740>>, mixin_verb=('build',))[0m
[0.197s] [34mcolcon.colcon_core.package_discovery[0m [1;30mLevel 1[0m discover_packages(colcon_meta) check parameters
[0.197s] [34mcolcon.colcon_core.package_discovery[0m [1;30mLevel 1[0m discover_packages(recursive) check parameters
[0.197s] [34mcolcon.colcon_core.package_discovery[0m [1;30mLevel 1[0m discover_packages(ignore) check parameters
[0.197s] [34mcolcon.colcon_core.package_discovery[0m [1;30mLevel 1[0m discover_packages(path) check parameters
[0.197s] [34mcolcon.colcon_core.package_discovery[0m [1;30mLevel 1[0m discover_packages(colcon_meta) discover
[0.197s] [34mcolcon.colcon_core.package_discovery[0m [1;30mLevel 1[0m discover_packages(recursive) discover
[0.197s] [34mcolcon.colcon_core.package_discovery[0m [1;30mINFO[0m Crawling recursively for packages in '/home/ali/Desktop/Ros2_Control'
[0.197s] [34mcolcon.colcon_core.package_identification[0m [1;30mLevel 1[0m _identify(.) by extensions ['ignore', 'ignore_ament_install']
[0.198s] [34mcolcon.colcon_core.package_identification[0m [1;30mLevel 1[0m _identify(.) by extension 'ignore'
[0.198s] [34mcolcon.colcon_core.package_identification[0m [1;30mLevel 1[0m _identify(.) by extension 'ignore_ament_install'
[0.198s] [34mcolcon.colcon_core.package_identification[0m [1;30mLevel 1[0m _identify(.) by extensions ['colcon_pkg']
[0.198s] [34mcolcon.colcon_core.package_identification[0m [1;30mLevel 1[0m _identify(.) by extension 'colcon_pkg'
[0.198s] [34mcolcon.colcon_core.package_identification[0m [1;30mLevel 1[0m _identify(.) by extensions ['colcon_meta']
[0.198s] [34mcolcon.colcon_core.package_identification[0m [1;30mLevel 1[0m _identify(.) by extension 'colcon_meta'
[0.198s] [34mcolcon.colcon_core.package_identification[0m [1;30mLevel 1[0m _identify(.) by extensions ['ros']
[0.198s] [34mcolcon.colcon_core.package_identification[0m [1;30mLevel 1[0m _identify(.) by extension 'ros'
[0.205s] [34mcolcon.colcon_core.package_identification[0m [1;30mLevel 1[0m _identify(.) by extensions ['cmake', 'python']
[0.205s] [34mcolcon.colcon_core.package_identification[0m [1;30mLevel 1[0m _identify(.) by extension 'cmake'
[0.205s] [34mcolcon.colcon_core.package_identification[0m [1;30mLevel 1[0m _identify(.) by extension 'python'
[0.205s] [34mcolcon.colcon_core.package_identification[0m [1;30mLevel 1[0m _identify(.) by extensions ['python_setup_py']
[0.205s] [34mcolcon.colcon_core.package_identification[0m [1;30mLevel 1[0m _identify(.) by extension 'python_setup_py'
[0.205s] [34mcolcon.colcon_core.package_identification[0m [1;30mLevel 1[0m _identify(build) by extensions ['ignore', 'ignore_ament_install']
[0.205s] [34mcolcon.colcon_core.package_identification[0m [1;30mLevel 1[0m _identify(build) by extension 'ignore'
[0.205s] [34mcolcon.colcon_core.package_identification[0m [1;30mLevel 1[0m _identify(build) ignored
[0.205s] [34mcolcon.colcon_core.package_identification[0m [1;30mLevel 1[0m _identify(install) by extensions ['ignore', 'ignore_ament_install']
[0.205s] [34mcolcon.colcon_core.package_identification[0m [1;30mLevel 1[0m _identify(install) by extension 'ignore'
[0.205s] [34mcolcon.colcon_core.package_identification[0m [1;30mLevel 1[0m _identify(install) ignored
[0.205s] [34mcolcon.colcon_core.package_identification[0m [1;30mLevel 1[0m _identify(log) by extensions ['ignore', 'ignore_ament_install']
[0.205s] [34mcolcon.colcon_core.package_identification[0m [1;30mLevel 1[0m _identify(log) by extension 'ignore'
[0.205s] [34mcolcon.colcon_core.package_identification[0m [1;30mLevel 1[0m _identify(log) ignored
[0.205s] [34mcolcon.colcon_core.package_identification[0m [1;30mLevel 1[0m _identify(src) by extensions ['ignore', 'ignore_ament_install']
[0.205s] [34mcolcon.colcon_core.package_identification[0m [1;30mLevel 1[0m _identify(src) by extension 'ignore'
[0.205s] [34mcolcon.colcon_core.package_identification[0m [1;30mLevel 1[0m _identify(src) by extension 'ignore_ament_install'
[0.205s] [34mcolcon.colcon_core.package_identification[0m [1;30mLevel 1[0m _identify(src) by extensions ['colcon_pkg']
[0.205s] [34mcolcon.colcon_core.package_identification[0m [1;30mLevel 1[0m _identify(src) by extension 'colcon_pkg'
[0.205s] [34mcolcon.colcon_core.package_identification[0m [1;30mLevel 1[0m _identify(src) by extensions ['colcon_meta']
[0.205s] [34mcolcon.colcon_core.package_identification[0m [1;30mLevel 1[0m _identify(src) by extension 'colcon_meta'
[0.205s] [34mcolcon.colcon_core.package_identification[0m [1;30mLevel 1[0m _identify(src) by extensions ['ros']
[0.205s] [34mcolcon.colcon_core.package_identification[0m [1;30mLevel 1[0m _identify(src) by extension 'ros'
[0.206s] [34mcolcon.colcon_core.package_identification[0m [1;30mLevel 1[0m _identify(src) by extensions ['cmake', 'python']
[0.206s] [34mcolcon.colcon_core.package_identification[0m [1;30mLevel 1[0m _identify(src) by extension 'cmake'
[0.206s] [34mcolcon.colcon_core.package_identification[0m [1;30mLevel 1[0m _identify(src) by extension 'python'
[0.206s] [34mcolcon.colcon_core.package_identification[0m [1;30mLevel 1[0m _identify(src) by extensions ['python_setup_py']
[0.206s] [34mcolcon.colcon_core.package_identification[0m [1;30mLevel 1[0m _identify(src) by extension 'python_setup_py'
[0.206s] [34mcolcon.colcon_core.package_identification[0m [1;30mLevel 1[0m _identify(src/aero_arm_control) by extensions ['ignore', 'ignore_ament_install']
[0.206s] [34mcolcon.colcon_core.package_identification[0m [1;30mLevel 1[0m _identify(src/aero_arm_control) by extension 'ignore'
[0.206s] [34mcolcon.colcon_core.package_identification[0m [1;30mLevel 1[0m _identify(src/aero_arm_control) by extension 'ignore_ament_install'
[0.206s] [34mcolcon.colcon_core.package_identification[0m [1;30mLevel 1[0m _identify(src/aero_arm_control) by extensions ['colcon_pkg']
[0.206s] [34mcolcon.colcon_core.package_identification[0m [1;30mLevel 1[0m _identify(src/aero_arm_control) by extension 'colcon_pkg'
[0.206s] [34mcolcon.colcon_core.package_identification[0m [1;30mLevel 1[0m _identify(src/aero_arm_control) by extensions ['colcon_meta']
[0.206s] [34mcolcon.colcon_core.package_identification[0m [1;30mLevel 1[0m _identify(src/aero_arm_control) by extension 'colcon_meta'
[0.206s] [34mcolcon.colcon_core.package_identification[0m [1;30mLevel 1[0m _identify(src/aero_arm_control) by extensions ['ros']
[0.206s] [34mcolcon.colcon_core.package_identification[0m [1;30mLevel 1[0m _identify(src/aero_arm_control) by extension 'ros'
[0.206s] [34mcolcon.colcon_core.package_identification[0m [1;30mDEBUG[0m [32mFailed to parse potential ROS package manifest in'src/aero_arm_control': Error(s) in package 'src/aero_arm_control/package.xml':
The manifest contains invalid XML:
junk after document element: line 5, column 2[0m
[0.206s] [34mcolcon.colcon_core.package_identification[0m [1;30mLevel 1[0m _identify(src/aero_arm_control) by extensions ['cmake', 'python']
[0.206s] [34mcolcon.colcon_core.package_identification[0m [1;30mLevel 1[0m _identify(src/aero_arm_control) by extension 'cmake'
[0.206s] [34mcolcon.colcon_core.package_identification[0m [1;30mLevel 1[0m _identify(src/aero_arm_control) by extension 'python'
[0.207s] [34mcolcon.colcon_core.package_identification[0m [1;30mDEBUG[0m [32mPython package in 'src/aero_arm_control' passes arguments to the setup() function which requires a different identification extension than 'python'[0m
[0.207s] [34mcolcon.colcon_core.package_identification[0m [1;30mLevel 1[0m _identify(src/aero_arm_control) by extensions ['python_setup_py']
[0.207s] [34mcolcon.colcon_core.package_identification[0m [1;30mLevel 1[0m _identify(src/aero_arm_control) by extension 'python_setup_py'
[0.370s] [34mcolcon.colcon_core.package_identification[0m [1;30mDEBUG[0m [32mPackage 'src/aero_arm_control' with type 'python' and name 'aero_arm_control'[0m
[0.370s] [34mcolcon.colcon_core.package_identification[0m [1;30mLevel 1[0m _identify(src/aero_bringup) by extensions ['ignore', 'ignore_ament_install']
[0.371s] [34mcolcon.colcon_core.package_identification[0m [1;30mLevel 1[0m _identify(src/aero_bringup) by extension 'ignore'
[0.371s] [34mcolcon.colcon_core.package_identification[0m [1;30mLevel 1[0m _identify(src/aero_bringup) by extension 'ignore_ament_install'
[0.371s] [34mcolcon.colcon_core.package_identification[0m [1;30mLevel 1[0m _identify(src/aero_bringup) by extensions ['colcon_pkg']
[0.371s] [34mcolcon.colcon_core.package_identification[0m [1;30mLevel 1[0m _identify(src/aero_bringup) by extension 'colcon_pkg'
[0.371s] [34mcolcon.colcon_core.package_identification[0m [1;30mLevel 1[0m _identify(src/aero_bringup) by extensions ['colcon_meta']
[0.371s] [34mcolcon.colcon_core.package_identification[0m [1;30mLevel 1[0m _identify(src/aero_bringup) by extension 'colcon_meta'
[0.371s] [34mcolcon.colcon_core.package_identification[0m [1;30mLevel 1[0m _identify(src/aero_bringup) by extensions ['ros']
[0.371s] [34mcolcon.colcon_core.package_identification[0m [1;30mLevel 1[0m _identify(src/aero_bringup) by extension 'ros'
[0.372s] [34mcolcon.colcon_core.package_identification[0m [1;30mDEBUG[0m [32mPackage 'src/aero_bringup' with type 'ros.ament_cmake' and name 'aero_bringup'[0m
[0.372s] [34mcolcon.colcon_core.package_identification[0m [1;30mLevel 1[0m _identify(src/aero_description) by extensions ['ignore', 'ignore_ament_install']
[0.372s] [34mcolcon.colcon_core.package_identification[0m [1;30mLevel 1[0m _identify(src/aero_description) by extension 'ignore'
[0.372s] [34mcolcon.colcon_core.package_identification[0m [1;30mLevel 1[0m _identify(src/aero_description) by extension 'ignore_ament_install'
[0.372s] [34mcolcon.colcon_core.package_identification[0m [1;30mLevel 1[0m _identify(src/aero_description) by extensions ['colcon_pkg']
[0.372s] [34mcolcon.colcon_core.package_identification[0m [1;30mLevel 1[0m _identify(src/aero_description) by extension 'colcon_pkg'
[0.372s] [34mcolcon.colcon_core.package_identification[0m [1;30mLevel 1[0m _identify(src/aero_description) by extensions ['colcon_meta']
[0.372s] [34mcolcon.colcon_core.package_identification[0m [1;30mLevel 1[0m _identify(src/aero_description) by extension 'colcon_meta'
[0.372s] [34mcolcon.colcon_core.package_identification[0m [1;30mLevel 1[0m _identify(src/aero_description) by extensions ['ros']
[0.372s] [34mcolcon.colcon_core.package_identification[0m [1;30mLevel 1[0m _identify(src/aero_description) by extension 'ros'
[0.373s] [34mcolcon.colcon_core.package_identification[0m [1;30mDEBUG[0m [32mPackage 'src/aero_description' with type 'ros.ament_cmake' and name 'aero_description'[0m
[0.373s] [34mcolcon.colcon_core.package_identification[0m [1;30mLevel 1[0m _identify(src/aero_moveit_config) by extensions ['ignore', 'ignore_ament_install']
[0.373s] [34mcolcon.colcon_core.package_identification[0m [1;30mLevel 1[0m _identify(src/aero_moveit_config) by extension 'ignore'
[0.373s] [34mcolcon.colcon_core.package_identification[0m [1;30mLevel 1[0m _identify(src/aero_moveit_config) by extension 'ignore_ament_install'
[0.373s] [34mcolcon.colcon_core.package_identification[0m [1;30mLevel 1[0m _identify(src/aero_moveit_config) by extensions ['colcon_pkg']
[0.373s] [34mcolcon.colcon_core.package_identification[0m [1;30mLevel 1[0m _identify(src/aero_moveit_config) by extension 'colcon_pkg'
[0.373s] [34mcolcon.colcon_core.package_identification[0m [1;30mLevel 1[0m _identify(src/aero_moveit_config) by extensions ['colcon_meta']
[0.373s] [34mcolcon.colcon_core.package_identification[0m [1;30mLevel 1[0m _identify(src/aero_moveit_config) by extension 'colcon_meta'
[0.373s] [34mcolcon.colcon_core.package_identification[0m [1;30mLevel 1[0m _identify(src/aero_moveit_config) by extensions ['ros']
[0.373s] [34mcolcon.colcon_core.package_identification[0m [1;30mLevel 1[0m _identify(src/aero_moveit_config) by extension 'ros'
[0.374s] [34mcolcon.colcon_core.package_identification[0m [1;30mDEBUG[0m [32mPackage 'src/aero_moveit_config' with type 'ros.ament_cmake' and name 'aero_moveit_config'[0m
[0.374s] [34mcolcon.colcon_core.package_identification[0m [1;30mLevel 1[0m _identify(src/build) by extensions ['ignore', 'ignore_ament_install']
[0.374s] [34mcolcon.colcon_core.package_identification[0m [1;30mLevel 1[0m _identify(src/build) by extension 'ignore'
[0.374s] [34mcolcon.colcon_core.package_identification[0m [1;30mLevel 1[0m _identify(src/build) ignored
[0.374s] [34mcolcon.colcon_core.package_identification[0m [1;30mLevel 1[0m _identify(src/install) by extensions ['ignore', 'ignore_ament_install']
[0.374s] [34mcolcon.colcon_core.package_identification[0m [1;30mLevel 1[0m _identify(src/install) by extension 'ignore'
[0.374s] [34mcolcon.colcon_core.package_identification[0m [1;30mLevel 1[0m _identify(src/install) ignored
[0.374s] [34mcolcon.colcon_core.package_identification[0m [1;30mLevel 1[0m _identify(src/log) by extensions ['ignore', 'ignore_ament_install']
[0.374s] [34mcolcon.colcon_core.package_identification[0m [1;30mLevel 1[0m _identify(src/log) by extension 'ignore'
[0.374s] [34mcolcon.colcon_core.package_identification[0m [1;30mLevel 1[0m _identify(src/log) ignored
[0.374s] [34mcolcon.colcon_core.package_identification[0m [1;30mLevel 1[0m _identify(src/my_robot_bringup) by extensions ['ignore', 'ignore_ament_install']
[0.374s] [34mcolcon.colcon_core.package_identification[0m [1;30mLevel 1[0m _identify(src/my_robot_bringup) by extension 'ignore'
[0.374s] [34mcolcon.colcon_core.package_identification[0m [1;30mLevel 1[0m _identify(src/my_robot_bringup) by extension 'ignore_ament_install'
[0.374s] [34mcolcon.colcon_core.package_identification[0m [1;30mLevel 1[0m _identify(src/my_robot_bringup) by extensions ['colcon_pkg']
[0.374s] [34mcolcon.colcon_core.package_identification[0m [1;30mLevel 1[0m _identify(src/my_robot_bringup) by extension 'colcon_pkg'
[0.374s] [34mcolcon.colcon_core.package_identification[0m [1;30mLevel 1[0m _identify(src/my_robot_bringup) by extensions ['colcon_meta']
[0.374s] [34mcolcon.colcon_core.package_identification[0m [1;30mLevel 1[0m _identify(src/my_robot_bringup) by extension 'colcon_meta'
[0.374s] [34mcolcon.colcon_core.package_identification[0m [1;30mLevel 1[0m _identify(src/my_robot_bringup) by extensions ['ros']
[0.374s] [34mcolcon.colcon_core.package_identification[0m [1;30mLevel 1[0m _identify(src/my_robot_bringup) by extension 'ros'
[0.374s] [34mcolcon.colcon_core.package_identification[0m [1;30mDEBUG[0m [32mPackage 'src/my_robot_bringup' with type 'ros.ament_cmake' and name 'my_robot_bringup'[0m
[0.375s] [34mcolcon.colcon_core.package_identification[0m [1;30mLevel 1[0m _identify(src/my_robot_description) by extensions ['ignore', 'ignore_ament_install']
[0.375s] [34mcolcon.colcon_core.package_identification[0m [1;30mLevel 1[0m _identify(src/my_robot_description) by extension 'ignore'
[0.375s] [34mcolcon.colcon_core.package_identification[0m [1;30mLevel 1[0m _identify(src/my_robot_description) by extension 'ignore_ament_install'
[0.375s] [34mcolcon.colcon_core.package_identification[0m [1;30mLevel 1[0m _identify(src/my_robot_description) by extensions ['colcon_pkg']
[0.375s] [34mcolcon.colcon_core.package_identification[0m [1;30mLevel 1[0m _identify(src/my_robot_description) by extension 'colcon_pkg'
[0.375s] [34mcolcon.colcon_core.package_identification[0m [1;30mLevel 1[0m _identify(src/my_robot_description) by extensions ['colcon_meta']
[0.375s] [34mcolcon.colcon_core.package_identification[0m [1;30mLevel 1[0m _identify(src/my_robot_description) by extension 'colcon_meta'
[0.375s] [34mcolcon.colcon_core.package_identification[0m [1;30mLevel 1[0m _identify(src/my_robot_description) by extensions ['ros']
[0.375s] [34mcolcon.colcon_core.package_identification[0m [1;30mLevel 1[0m _identify(src/my_robot_description) by extension 'ros'
[0.375s] [34mcolcon.colcon_core.package_identification[0m [1;30mDEBUG[0m [32mPackage 'src/my_robot_description' with type 'ros.ament_cmake' and name 'my_robot_description'[0m
[0.375s] [34mcolcon.colcon_core.package_discovery[0m [1;30mLevel 1[0m discover_packages(recursive) using defaults
[0.375s] [34mcolcon.colcon_core.package_discovery[0m [1;30mLevel 1[0m discover_packages(ignore) discover
[0.375s] [34mcolcon.colcon_core.package_discovery[0m [1;30mLevel 1[0m discover_packages(ignore) using defaults
[0.375s] [34mcolcon.colcon_core.package_discovery[0m [1;30mLevel 1[0m discover_packages(path) discover
[0.375s] [34mcolcon.colcon_core.package_discovery[0m [1;30mLevel 1[0m discover_packages(path) using defaults
[0.384s] [34mcolcon.colcon_core.package_discovery[0m [1;30mLevel 1[0m discover_packages(prefix_path) check parameters
[0.385s] [34mcolcon.colcon_core.package_discovery[0m [1;30mLevel 1[0m discover_packages(prefix_path) discover
[0.386s] [34mcolcon.colcon_installed_package_information.package_discovery[0m [1;30mDEBUG[0m [32mFound 6 installed packages in /home/ali/Desktop/Ros2_Control/install[0m
[0.386s] [34mcolcon.colcon_installed_package_information.package_discovery[0m [1;30mDEBUG[0m [32mFound 338 installed packages in /opt/ros/humble[0m
[0.387s] [34mcolcon.colcon_core.package_discovery[0m [1;30mLevel 1[0m discover_packages(prefix_path) using defaults
[0.407s] [34mcolcon.colcon_core.verb[0m [1;30mLevel 5[0m set package 'aero_arm_control' build argument 'cmake_args' from command line to 'None'
[0.407s] [34mcolcon.colcon_core.verb[0m [1;30mLevel 5[0m set package 'aero_arm_control' build argument 'cmake_target' from command line to 'None'
[0.407s] [34mcolcon.colcon_core.verb[0m [1;30mLevel 5[0m set package 'aero_arm_control' build argument 'cmake_target_skip_unavailable' from command line to 'False'
[0.407s] [34mcolcon.colcon_core.verb[0m [1;30mLevel 5[0m set package 'aero_arm_control' build argument 'cmake_clean_cache' from command line to 'False'
[0.407s] [34mcolcon.colcon_core.verb[0m [1;30mLevel 5[0m set package 'aero_arm_control' build argument 'cmake_clean_first' from command line to 'False'
[0.407s] [34mcolcon.colcon_core.verb[0m [1;30mLevel 5[0m set package 'aero_arm_control' build argument 'cmake_force_configure' from command line to 'False'
[0.407s] [34mcolcon.colcon_core.verb[0m [1;30mLevel 5[0m set package 'aero_arm_control' build argument 'ament_cmake_args' from command line to 'None'
[0.407s] [34mcolcon.colcon_core.verb[0m [1;30mLevel 5[0m set package 'aero_arm_control' build argument 'catkin_cmake_args' from command line to 'None'
[0.407s] [34mcolcon.colcon_core.verb[0m [1;30mLevel 5[0m set package 'aero_arm_control' build argument 'catkin_skip_building_tests' from command line to 'False'
[0.407s] [34mcolcon.colcon_core.verb[0m [1;30mDEBUG[0m [32mBuilding package 'aero_arm_control' with the following arguments: {'ament_cmake_args': None, 'build_base': '/home/ali/Desktop/Ros2_Control/build/aero_arm_control', 'catkin_cmake_args': None, 'catkin_skip_building_tests': False, 'cmake_args': None, 'cmake_clean_cache': False, 'cmake_clean_first': False, 'cmake_force_configure': False, 'cmake_target': None, 'cmake_target_skip_unavailable': False, 'install_base': '/home/ali/Desktop/Ros2_Control/install/aero_arm_control', 'merge_install': False, 'path': '/home/ali/Desktop/Ros2_Control/src/aero_arm_control', 'symlink_install': True, 'test_result_base': None}[0m
[0.408s] [34mcolcon.colcon_core.verb[0m [1;30mLevel 5[0m set package 'aero_description' build argument 'cmake_args' from command line to 'None'
[0.408s] [34mcolcon.colcon_core.verb[0m [1;30mLevel 5[0m set package 'aero_description' build argument 'cmake_target' from command line to 'None'
[0.408s] [34mcolcon.colcon_core.verb[0m [1;30mLevel 5[0m set package 'aero_description' build argument 'cmake_target_skip_unavailable' from command line to 'False'
[0.408s] [34mcolcon.colcon_core.verb[0m [1;30mLevel 5[0m set package 'aero_description' build argument 'cmake_clean_cache' from command line to 'False'
[0.408s] [34mcolcon.colcon_core.verb[0m [1;30mLevel 5[0m set package 'aero_description' build argument 'cmake_clean_first' from command line to 'False'
[0.408s] [34mcolcon.colcon_core.verb[0m [1;30mLevel 5[0m set package 'aero_description' build argument 'cmake_force_configure' from command line to 'False'
[0.408s] [34mcolcon.colcon_core.verb[0m [1;30mLevel 5[0m set package 'aero_description' build argument 'ament_cmake_args' from command line to 'None'
[0.408s] [34mcolcon.colcon_core.verb[0m [1;30mLevel 5[0m set package 'aero_description' build argument 'catkin_cmake_args' from command line to 'None'
[0.408s] [34mcolcon.colcon_core.verb[0m [1;30mLevel 5[0m set package 'aero_description' build argument 'catkin_skip_building_tests' from command line to 'False'
[0.408s] [34mcolcon.colcon_core.verb[0m [1;30mDEBUG[0m [32mBuilding package 'aero_description' with the following arguments: {'ament_cmake_args': None, 'build_base': '/home/ali/Desktop/Ros2_Control/build/aero_description', 'catkin_cmake_args': None, 'catkin_skip_building_tests': False, 'cmake_args': None, 'cmake_clean_cache': False, 'cmake_clean_first': False, 'cmake_force_configure': False, 'cmake_target': None, 'cmake_target_skip_unavailable': False, 'install_base': '/home/ali/Desktop/Ros2_Control/install/aero_description', 'merge_install': False, 'path': '/home/ali/Desktop/Ros2_Control/src/aero_description', 'symlink_install': True, 'test_result_base': None}[0m
[0.408s] [34mcolcon.colcon_core.verb[0m [1;30mLevel 5[0m set package 'my_robot_description' build argument 'cmake_args' from command line to 'None'
[0.408s] [34mcolcon.colcon_core.verb[0m [1;30mLevel 5[0m set package 'my_robot_description' build argument 'cmake_target' from command line to 'None'
[0.408s] [34mcolcon.colcon_core.verb[0m [1;30mLevel 5[0m set package 'my_robot_description' build argument 'cmake_target_skip_unavailable' from command line to 'False'
[0.408s] [34mcolcon.colcon_core.verb[0m [1;30mLevel 5[0m set package 'my_robot_description' build argument 'cmake_clean_cache' from command line to 'False'
[0.408s] [34mcolcon.colcon_core.verb[0m [1;30mLevel 5[0m set package 'my_robot_description' build argument 'cmake_clean_first' from command line to 'False'
[0.408s] [34mcolcon.colcon_core.verb[0m [1;30mLevel 5[0m set package 'my_robot_description' build argument 'cmake_force_configure' from command line to 'False'
[0.408s] [34mcolcon.colcon_core.verb[0m [1;30mLevel 5[0m set package 'my_robot_description' build argument 'ament_cmake_args' from command line to 'None'
[0.408s] [34mcolcon.colcon_core.verb[0m [1;30mLevel 5[0m set package 'my_robot_description' build argument 'catkin_cmake_args' from command line to 'None'
[0.408s] [34mcolcon.colcon_core.verb[0m [1;30mLevel 5[0m set package 'my_robot_description' build argument 'catkin_skip_building_tests' from command line to 'False'
[0.408s] [34mcolcon.colcon_core.verb[0m [1;30mDEBUG[0m [32mBuilding package 'my_robot_description' with the following arguments: {'ament_cmake_args': None, 'build_base': '/home/ali/Desktop/Ros2_Control/build/my_robot_description', 'catkin_cmake_args': None, 'catkin_skip_building_tests': False, 'cmake_args': None, 'cmake_clean_cache': False, 'cmake_clean_first': False, 'cmake_force_configure': False, 'cmake_target': None, 'cmake_target_skip_unavailable': False, 'install_base': '/home/ali/Desktop/Ros2_Control/install/my_robot_description', 'merge_install': False, 'path': '/home/ali/Desktop/Ros2_Control/src/my_robot_description', 'symlink_install': True, 'test_result_base': None}[0m
[0.408s] [34mcolcon.colcon_core.verb[0m [1;30mLevel 5[0m set package 'aero_bringup' build argument 'cmake_args' from command line to 'None'
[0.408s] [34mcolcon.colcon_core.verb[0m [1;30mLevel 5[0m set package 'aero_bringup' build argument 'cmake_target' from command line to 'None'
[0.408s] [34mcolcon.colcon_core.verb[0m [1;30mLevel 5[0m set package 'aero_bringup' build argument 'cmake_target_skip_unavailable' from command line to 'False'
[0.408s] [34mcolcon.colcon_core.verb[0m [1;30mLevel 5[0m set package 'aero_bringup' build argument 'cmake_clean_cache' from command line to 'False'
[0.408s] [34mcolcon.colcon_core.verb[0m [1;30mLevel 5[0m set package 'aero_bringup' build argument 'cmake_clean_first' from command line to 'False'
[0.408s] [34mcolcon.colcon_core.verb[0m [1;30mLevel 5[0m set package 'aero_bringup' build argument 'cmake_force_configure' from command line to 'False'
[0.408s] [34mcolcon.colcon_core.verb[0m [1;30mLevel 5[0m set package 'aero_bringup' build argument 'ament_cmake_args' from command line to 'None'
[0.408s] [34mcolcon.colcon_core.verb[0m [1;30mLevel 5[0m set package 'aero_bringup' build argument 'catkin_cmake_args' from command line to 'None'
[0.408s] [34mcolcon.colcon_core.verb[0m [1;30mLevel 5[0m set package 'aero_bringup' build argument 'catkin_skip_building_tests' from command line to 'False'
[0.408s] [34mcolcon.colcon_core.verb[0m [1;30mDEBUG[0m [32mBuilding package 'aero_bringup' with the following arguments: {'ament_cmake_args': None, 'build_base': '/home/ali/Desktop/Ros2_Control/build/aero_bringup', 'catkin_cmake_args': None, 'catkin_skip_building_tests': False, 'cmake_args': None, 'cmake_clean_cache': False, 'cmake_clean_first': False, 'cmake_force_configure': False, 'cmake_target': None, 'cmake_target_skip_unavailable': False, 'install_base': '/home/ali/Desktop/Ros2_Control/install/aero_bringup', 'merge_install': False, 'path': '/home/ali/Desktop/Ros2_Control/src/aero_bringup', 'symlink_install': True, 'test_result_base': None}[0m
[0.408s] [34mcolcon.colcon_core.verb[0m [1;30mLevel 5[0m set package 'aero_moveit_config' build argument 'cmake_args' from command line to 'None'
[0.408s] [34mcolcon.colcon_core.verb[0m [1;30mLevel 5[0m set package 'aero_moveit_config' build argument 'cmake_target' from command line to 'None'
[0.408s] [34mcolcon.colcon_core.verb[0m [1;30mLevel 5[0m set package 'aero_moveit_config' build argument 'cmake_target_skip_unavailable' from command line to 'False'
[0.408s] [34mcolcon.colcon_core.verb[0m [1;30mLevel 5[0m set package 'aero_moveit_config' build argument 'cmake_clean_cache' from command line to 'False'
[0.408s] [34mcolcon.colcon_core.verb[0m [1;30mLevel 5[0m set package 'aero_moveit_config' build argument 'cmake_clean_first' from command line to 'False'
[0.408s] [34mcolcon.colcon_core.verb[0m [1;30mLevel 5[0m set package 'aero_moveit_config' build argument 'cmake_force_configure' from command line to 'False'
[0.408s] [34mcolcon.colcon_core.verb[0m [1;30mLevel 5[0m set package 'aero_moveit_config' build argument 'ament_cmake_args' from command line to 'None'
[0.408s] [34mcolcon.colcon_core.verb[0m [1;30mLevel 5[0m set package 'aero_moveit_config' build argument 'catkin_cmake_args' from command line to 'None'
[0.408s] [34mcolcon.colcon_core.verb[0m [1;30mLevel 5[0m set package 'aero_moveit_config' build argument 'catkin_skip_building_tests' from command line to 'False'
[0.408s] [34mcolcon.colcon_core.verb[0m [1;30mDEBUG[0m [32mBuilding package 'aero_moveit_config' with the following arguments: {'ament_cmake_args': None, 'build_base': '/home/ali/Desktop/Ros2_Control/build/aero_moveit_config', 'catkin_cmake_args': None, 'catkin_skip_building_tests': False, 'cmake_args': None, 'cmake_clean_cache': False, 'cmake_clean_first': False, 'cmake_force_configure': False, 'cmake_target': None, 'cmake_target_skip_unavailable': False, 'install_base': '/home/ali/Desktop/Ros2_Control/install/aero_moveit_config', 'merge_install': False, 'path': '/home/ali/Desktop/Ros2_Control/src/aero_moveit_config', 'symlink_install': True, 'test_result_base': None}[0m
[0.409s] [34mcolcon.colcon_core.verb[0m [1;30mLevel 5[0m set package 'my_robot_bringup' build argument 'cmake_args' from command line to 'None'
[0.409s] [34mcolcon.colcon_core.verb[0m [1;30mLevel 5[0m set package 'my_robot_bringup' build argument 'cmake_target' from command line to 'None'
[0.409s] [34mcolcon.colcon_core.verb[0m [1;30mLevel 5[0m set package 'my_robot_bringup' build argument 'cmake_target_skip_unavailable' from command line to 'False'
[0.409s] [34mcolcon.colcon_core.verb[0m [1;30mLevel 5[0m set package 'my_robot_bringup' build argument 'cmake_clean_cache' from command line to 'False'
[0.409s] [34mcolcon.colcon_core.verb[0m [1;30mLevel 5[0m set package 'my_robot_bringup' build argument 'cmake_clean_first' from command line to 'False'
[0.409s] [34mcolcon.colcon_core.verb[0m [1;30mLevel 5[0m set package 'my_robot_bringup' build argument 'cmake_force_configure' from command line to 'False'
[0.409s] [34mcolcon.colcon_core.verb[0m [1;30mLevel 5[0m set package 'my_robot_bringup' build argument 'ament_cmake_args' from command line to 'None'
[0.409s] [34mcolcon.colcon_core.verb[0m [1;30mLevel 5[0m set package 'my_robot_bringup' build argument 'catkin_cmake_args' from command line to 'None'
[0.409s] [34mcolcon.colcon_core.verb[0m [1;30mLevel 5[0m set package 'my_robot_bringup' build argument 'catkin_skip_building_tests' from command line to 'False'
[0.409s] [34mcolcon.colcon_core.verb[0m [1;30mDEBUG[0m [32mBuilding package 'my_robot_bringup' with the following arguments: {'ament_cmake_args': None, 'build_base': '/home/ali/Desktop/Ros2_Control/build/my_robot_bringup', 'catkin_cmake_args': None, 'catkin_skip_building_tests': False, 'cmake_args': None, 'cmake_clean_cache': False, 'cmake_clean_first': False, 'cmake_force_configure': False, 'cmake_target': None, 'cmake_target_skip_unavailable': False, 'install_base': '/home/ali/Desktop/Ros2_Control/install/my_robot_bringup', 'merge_install': False, 'path': '/home/ali/Desktop/Ros2_Control/src/my_robot_bringup', 'symlink_install': True, 'test_result_base': None}[0m
[0.409s] [34mcolcon.colcon_core.executor[0m [1;30mINFO[0m Executing jobs using 'parallel' executor
[0.410s] [34mcolcon.colcon_parallel_executor.executor.parallel[0m [1;30mDEBUG[0m [32mrun_until_complete[0m
[0.410s] [34mcolcon.colcon_ros.task.ament_cmake.build[0m [1;30mINFO[0m Building ROS package in '/home/ali/Desktop/Ros2_Control/src/aero_description' with build type 'ament_cmake'
[0.410s] [34mcolcon.colcon_cmake.task.cmake.build[0m [1;30mINFO[0m Building CMake package in '/home/ali/Desktop/Ros2_Control/src/aero_description'
[0.411s] [34mcolcon.colcon_core.plugin_system[0m [1;30mINFO[0m Skipping extension 'colcon_core.shell.bat': Not used on non-Windows systems
[0.411s] [34mcolcon.colcon_core.shell[0m [1;30mINFO[0m Skip shell extension 'powershell' for command environment: Not usable outside of PowerShell
[0.411s] [34mcolcon.colcon_core.shell[0m [1;30mDEBUG[0m [32mSkip shell extension 'dsv' for command environment[0m
[0.413s] [34mcolcon.colcon_ros.task.ament_cmake.build[0m [1;30mINFO[0m Building ROS package in '/home/ali/Desktop/Ros2_Control/src/my_robot_description' with build type 'ament_cmake'
[0.413s] [34mcolcon.colcon_cmake.task.cmake.build[0m [1;30mINFO[0m Building CMake package in '/home/ali/Desktop/Ros2_Control/src/my_robot_description'
[0.413s] [34mcolcon.colcon_core.shell[0m [1;30mINFO[0m Skip shell extension 'powershell' for command environment: Not usable outside of PowerShell
[0.413s] [34mcolcon.colcon_core.shell[0m [1;30mDEBUG[0m [32mSkip shell extension 'dsv' for command environment[0m
[0.415s] [34mcolcon.colcon_core.task.python.build[0m [1;30mINFO[0m Building Python package in '/home/ali/Desktop/Ros2_Control/src/aero_arm_control'
[0.415s] [34mcolcon.colcon_core.shell[0m [1;30mINFO[0m Skip shell extension 'powershell' for command environment: Not usable outside of PowerShell
[0.415s] [34mcolcon.colcon_core.shell[0m [1;30mDEBUG[0m [32mSkip shell extension 'dsv' for command environment[0m
[0.420s] [34mcolcon.colcon_core.event_handler.log_command[0m [1;30mDEBUG[0m [32mInvoking command in '/home/ali/Desktop/Ros2_Control/build/aero_description': CMAKE_PREFIX_PATH=${CMAKE_PREFIX_PATH}:/opt/ros/humble /usr/bin/cmake /home/ali/Desktop/Ros2_Control/src/aero_description -DAMENT_CMAKE_SYMLINK_INSTALL=1 -DCMAKE_INSTALL_PREFIX=/home/ali/Desktop/Ros2_Control/install/aero_description[0m
[0.422s] [34mcolcon.colcon_core.event_handler.log_command[0m [1;30mDEBUG[0m [32mInvoking command in '/home/ali/Desktop/Ros2_Control/build/my_robot_description': CMAKE_PREFIX_PATH=${CMAKE_PREFIX_PATH}:/opt/ros/humble /usr/bin/cmake /home/ali/Desktop/Ros2_Control/src/my_robot_description -DAMENT_CMAKE_SYMLINK_INSTALL=1 -DCMAKE_INSTALL_PREFIX=/home/ali/Desktop/Ros2_Control/install/my_robot_description[0m
[0.626s] [34mcolcon.colcon_core.event_handler.log_command[0m [1;30mDEBUG[0m [32mInvoked command in '/home/ali/Desktop/Ros2_Control/build/my_robot_description' returned '0': CMAKE_PREFIX_PATH=${CMAKE_PREFIX_PATH}:/opt/ros/humble /usr/bin/cmake /home/ali/Desktop/Ros2_Control/src/my_robot_description -DAMENT_CMAKE_SYMLINK_INSTALL=1 -DCMAKE_INSTALL_PREFIX=/home/ali/Desktop/Ros2_Control/install/my_robot_description[0m
[0.628s] [34mcolcon.colcon_core.event_handler.log_command[0m [1;30mDEBUG[0m [32mInvoking command in '/home/ali/Desktop/Ros2_Control/build/my_robot_description': CMAKE_PREFIX_PATH=${CMAKE_PREFIX_PATH}:/opt/ros/humble /usr/bin/cmake --build /home/ali/Desktop/Ros2_Control/build/my_robot_description -- -j20 -l20[0m
[0.628s] [34mcolcon.colcon_core.event_handler.log_command[0m [1;30mDEBUG[0m [32mInvoked command in '/home/ali/Desktop/Ros2_Control/build/aero_description' returned '0': CMAKE_PREFIX_PATH=${CMAKE_PREFIX_PATH}:/opt/ros/humble /usr/bin/cmake /home/ali/Desktop/Ros2_Control/src/aero_description -DAMENT_CMAKE_SYMLINK_INSTALL=1 -DCMAKE_INSTALL_PREFIX=/home/ali/Desktop/Ros2_Control/install/aero_description[0m
[0.630s] [34mcolcon.colcon_core.event_handler.log_command[0m [1;30mDEBUG[0m [32mInvoking command in '/home/ali/Desktop/Ros2_Control/build/aero_description': CMAKE_PREFIX_PATH=${CMAKE_PREFIX_PATH}:/opt/ros/humble /usr/bin/cmake --build /home/ali/Desktop/Ros2_Control/build/aero_description -- -j20 -l20[0m
[0.659s] [34mcolcon.colcon_core.event_handler.log_command[0m [1;30mDEBUG[0m [32mInvoked command in '/home/ali/Desktop/Ros2_Control/build/my_robot_description' returned '0': CMAKE_PREFIX_PATH=${CMAKE_PREFIX_PATH}:/opt/ros/humble /usr/bin/cmake --build /home/ali/Desktop/Ros2_Control/build/my_robot_description -- -j20 -l20[0m
[0.667s] [34mcolcon.colcon_core.event_handler.log_command[0m [1;30mDEBUG[0m [32mInvoking command in '/home/ali/Desktop/Ros2_Control/build/my_robot_description': CMAKE_PREFIX_PATH=${CMAKE_PREFIX_PATH}:/opt/ros/humble /usr/bin/cmake --install /home/ali/Desktop/Ros2_Control/build/my_robot_description[0m
[0.668s] [34mcolcon.colcon_core.event_handler.log_command[0m [1;30mDEBUG[0m [32mInvoked command in '/home/ali/Desktop/Ros2_Control/build/aero_description' returned '0': CMAKE_PREFIX_PATH=${CMAKE_PREFIX_PATH}:/opt/ros/humble /usr/bin/cmake --build /home/ali/Desktop/Ros2_Control/build/aero_description -- -j20 -l20[0m
[0.669s] [34mcolcon.colcon_core.event_handler.log_command[0m [1;30mDEBUG[0m [32mInvoking command in '/home/ali/Desktop/Ros2_Control/build/aero_description': CMAKE_PREFIX_PATH=${CMAKE_PREFIX_PATH}:/opt/ros/humble /usr/bin/cmake --install /home/ali/Desktop/Ros2_Control/build/aero_description[0m
[0.682s] [34mcolcon.colcon_core.environment[0m [1;30mLevel 1[0m create_environment_scripts_only(my_robot_description)
[0.682s] [34mcolcon.colcon_core.event_handler.log_command[0m [1;30mDEBUG[0m [32mInvoked command in '/home/ali/Desktop/Ros2_Control/build/my_robot_description' returned '0': CMAKE_PREFIX_PATH=${CMAKE_PREFIX_PATH}:/opt/ros/humble /usr/bin/cmake --install /home/ali/Desktop/Ros2_Control/build/my_robot_description[0m
[0.685s] [34mcolcon.colcon_core.environment[0m [1;30mLevel 1[0m checking '/home/ali/Desktop/Ros2_Control/install/my_robot_description' for CMake module files
[0.685s] [34mcolcon.colcon_core.environment[0m [1;30mLevel 1[0m checking '/home/ali/Desktop/Ros2_Control/install/my_robot_description' for CMake config files
[0.685s] [34mcolcon.colcon_core.shell[0m [1;30mLevel 1[0m create_environment_hook('my_robot_description', 'cmake_prefix_path')
[0.685s] [34mcolcon.colcon_core.shell[0m [1;30mINFO[0m Creating environment hook '/home/ali/Desktop/Ros2_Control/install/my_robot_description/share/my_robot_description/hook/cmake_prefix_path.ps1'
[0.686s] [34mcolcon.colcon_core.shell[0m [1;30mINFO[0m Creating environment descriptor '/home/ali/Desktop/Ros2_Control/install/my_robot_description/share/my_robot_description/hook/cmake_prefix_path.dsv'
[0.686s] [34mcolcon.colcon_core.shell[0m [1;30mINFO[0m Creating environment hook '/home/ali/Desktop/Ros2_Control/install/my_robot_description/share/my_robot_description/hook/cmake_prefix_path.sh'
[0.686s] [34mcolcon.colcon_core.environment[0m [1;30mLevel 1[0m checking '/home/ali/Desktop/Ros2_Control/install/my_robot_description/bin'
[0.686s] [34mcolcon.colcon_core.environment[0m [1;30mLevel 1[0m checking '/home/ali/Desktop/Ros2_Control/install/my_robot_description/lib/pkgconfig/my_robot_description.pc'
[0.687s] [34mcolcon.colcon_core.environment[0m [1;30mLevel 1[0m checking '/home/ali/Desktop/Ros2_Control/install/my_robot_description/lib/python3.10/site-packages'
[0.687s] [34mcolcon.colcon_core.environment[0m [1;30mLevel 1[0m checking '/home/ali/Desktop/Ros2_Control/install/my_robot_description/bin'
[0.687s] [34mcolcon.colcon_core.shell[0m [1;30mINFO[0m Creating package script '/home/ali/Desktop/Ros2_Control/install/my_robot_description/share/my_robot_description/package.ps1'
[0.687s] [34mcolcon.colcon_core.shell[0m [1;30mINFO[0m Creating package descriptor '/home/ali/Desktop/Ros2_Control/install/my_robot_description/share/my_robot_description/package.dsv'
[0.688s] [34mcolcon.colcon_core.shell[0m [1;30mINFO[0m Creating package script '/home/ali/Desktop/Ros2_Control/install/my_robot_description/share/my_robot_description/package.sh'
[0.688s] [34mcolcon.colcon_core.shell[0m [1;30mINFO[0m Creating package script '/home/ali/Desktop/Ros2_Control/install/my_robot_description/share/my_robot_description/package.bash'
[0.688s] [34mcolcon.colcon_core.shell[0m [1;30mINFO[0m Creating package script '/home/ali/Desktop/Ros2_Control/install/my_robot_description/share/my_robot_description/package.zsh'
[0.689s] [34mcolcon.colcon_core.environment[0m [1;30mLevel 1[0m create_file_with_runtime_dependencies(/home/ali/Desktop/Ros2_Control/install/my_robot_description/share/colcon-core/packages/my_robot_description)
[0.689s] [34mcolcon.colcon_core.environment[0m [1;30mLevel 1[0m create_environment_scripts_only(my_robot_description)
[0.689s] [34mcolcon.colcon_core.environment[0m [1;30mLevel 1[0m checking '/home/ali/Desktop/Ros2_Control/install/my_robot_description' for CMake module files
[0.689s] [34mcolcon.colcon_core.environment[0m [1;30mLevel 1[0m checking '/home/ali/Desktop/Ros2_Control/install/my_robot_description' for CMake config files
[0.689s] [34mcolcon.colcon_core.shell[0m [1;30mLevel 1[0m create_environment_hook('my_robot_description', 'cmake_prefix_path')
[0.690s] [34mcolcon.colcon_core.shell[0m [1;30mINFO[0m Creating environment hook '/home/ali/Desktop/Ros2_Control/install/my_robot_description/share/my_robot_description/hook/cmake_prefix_path.ps1'
[0.690s] [34mcolcon.colcon_core.shell[0m [1;30mINFO[0m Creating environment descriptor '/home/ali/Desktop/Ros2_Control/install/my_robot_description/share/my_robot_description/hook/cmake_prefix_path.dsv'
[0.690s] [34mcolcon.colcon_core.shell[0m [1;30mINFO[0m Creating environment hook '/home/ali/Desktop/Ros2_Control/install/my_robot_description/share/my_robot_description/hook/cmake_prefix_path.sh'
[0.690s] [34mcolcon.colcon_core.environment[0m [1;30mLevel 1[0m checking '/home/ali/Desktop/Ros2_Control/install/my_robot_description/bin'
[0.690s] [34mcolcon.colcon_core.environment[0m [1;30mLevel 1[0m checking '/home/ali/Desktop/Ros2_Control/install/my_robot_description/lib/pkgconfig/my_robot_description.pc'
[0.690s] [34mcolcon.colcon_core.environment[0m [1;30mLevel 1[0m checking '/home/ali/Desktop/Ros2_Control/install/my_robot_description/lib/python3.10/site-packages'
[0.691s] [34mcolcon.colcon_core.environment[0m [1;30mLevel 1[0m checking '/home/ali/Desktop/Ros2_Control/install/my_robot_description/bin'
[0.691s] [34mcolcon.colcon_core.shell[0m [1;30mINFO[0m Creating package script '/home/ali/Desktop/Ros2_Control/install/my_robot_description/share/my_robot_description/package.ps1'
[0.691s] [34mcolcon.colcon_core.shell[0m [1;30mINFO[0m Creating package descriptor '/home/ali/Desktop/Ros2_Control/install/my_robot_description/share/my_robot_description/package.dsv'
[0.691s] [34mcolcon.colcon_core.shell[0m [1;30mINFO[0m Creating package script '/home/ali/Desktop/Ros2_Control/install/my_robot_description/share/my_robot_description/package.sh'
[0.691s] [34mcolcon.colcon_core.shell[0m [1;30mINFO[0m Creating package script '/home/ali/Desktop/Ros2_Control/install/my_robot_description/share/my_robot_description/package.bash'
[0.692s] [34mcolcon.colcon_core.shell[0m [1;30mINFO[0m Creating package script '/home/ali/Desktop/Ros2_Control/install/my_robot_description/share/my_robot_description/package.zsh'
[0.692s] [34mcolcon.colcon_core.environment[0m [1;30mLevel 1[0m create_file_with_runtime_dependencies(/home/ali/Desktop/Ros2_Control/install/my_robot_description/share/colcon-core/packages/my_robot_description)
[0.692s] [34mcolcon.colcon_ros.task.ament_cmake.build[0m [1;30mINFO[0m Building ROS package in '/home/ali/Desktop/Ros2_Control/src/my_robot_bringup' with build type 'ament_cmake'
[0.692s] [34mcolcon.colcon_cmake.task.cmake.build[0m [1;30mINFO[0m Building CMake package in '/home/ali/Desktop/Ros2_Control/src/my_robot_bringup'
[0.692s] [34mcolcon.colcon_core.shell[0m [1;30mINFO[0m Skip shell extension 'powershell' for command environment: Not usable outside of PowerShell
[0.692s] [34mcolcon.colcon_core.shell[0m [1;30mDEBUG[0m [32mSkip shell extension 'dsv' for command environment[0m
[0.696s] [34mcolcon.colcon_core.environment[0m [1;30mLevel 1[0m create_environment_scripts_only(aero_description)
[0.696s] [34mcolcon.colcon_core.environment[0m [1;30mLevel 1[0m checking '/home/ali/Desktop/Ros2_Control/install/aero_description' for CMake module files
[0.696s] [34mcolcon.colcon_core.event_handler.log_command[0m [1;30mDEBUG[0m [32mInvoked command in '/home/ali/Desktop/Ros2_Control/build/aero_description' returned '0': CMAKE_PREFIX_PATH=${CMAKE_PREFIX_PATH}:/opt/ros/humble /usr/bin/cmake --install /home/ali/Desktop/Ros2_Control/build/aero_description[0m
[0.696s] [34mcolcon.colcon_core.environment[0m [1;30mLevel 1[0m checking '/home/ali/Desktop/Ros2_Control/install/aero_description' for CMake config files
[0.696s] [34mcolcon.colcon_core.shell[0m [1;30mLevel 1[0m create_environment_hook('aero_description', 'cmake_prefix_path')
[0.697s] [34mcolcon.colcon_core.shell[0m [1;30mINFO[0m Creating environment hook '/home/ali/Desktop/Ros2_Control/install/aero_description/share/aero_description/hook/cmake_prefix_path.ps1'
[0.697s] [34mcolcon.colcon_core.shell[0m [1;30mINFO[0m Creating environment descriptor '/home/ali/Desktop/Ros2_Control/install/aero_description/share/aero_description/hook/cmake_prefix_path.dsv'
[0.697s] [34mcolcon.colcon_core.shell[0m [1;30mINFO[0m Creating environment hook '/home/ali/Desktop/Ros2_Control/install/aero_description/share/aero_description/hook/cmake_prefix_path.sh'
[0.697s] [34mcolcon.colcon_core.environment[0m [1;30mLevel 1[0m checking '/home/ali/Desktop/Ros2_Control/install/aero_description/bin'
[0.697s] [34mcolcon.colcon_core.environment[0m [1;30mLevel 1[0m checking '/home/ali/Desktop/Ros2_Control/install/aero_description/lib/pkgconfig/aero_description.pc'
[0.698s] [34mcolcon.colcon_core.environment[0m [1;30mLevel 1[0m checking '/home/ali/Desktop/Ros2_Control/install/aero_description/lib/python3.10/site-packages'
[0.698s] [34mcolcon.colcon_core.environment[0m [1;30mLevel 1[0m checking '/home/ali/Desktop/Ros2_Control/install/aero_description/bin'
[0.698s] [34mcolcon.colcon_core.shell[0m [1;30mINFO[0m Creating package script '/home/ali/Desktop/Ros2_Control/install/aero_description/share/aero_description/package.ps1'
[0.699s] [34mcolcon.colcon_core.shell[0m [1;30mINFO[0m Creating package descriptor '/home/ali/Desktop/Ros2_Control/install/aero_description/share/aero_description/package.dsv'
[0.699s] [34mcolcon.colcon_core.shell[0m [1;30mINFO[0m Creating package script '/home/ali/Desktop/Ros2_Control/install/aero_description/share/aero_description/package.sh'
[0.699s] [34mcolcon.colcon_core.shell[0m [1;30mINFO[0m Creating package script '/home/ali/Desktop/Ros2_Control/install/aero_description/share/aero_description/package.bash'
[0.699s] [34mcolcon.colcon_core.shell[0m [1;30mINFO[0m Creating package script '/home/ali/Desktop/Ros2_Control/install/aero_description/share/aero_description/package.zsh'
[0.699s] [34mcolcon.colcon_core.environment[0m [1;30mLevel 1[0m create_file_with_runtime_dependencies(/home/ali/Desktop/Ros2_Control/install/aero_description/share/colcon-core/packages/aero_description)
[0.700s] [34mcolcon.colcon_core.environment[0m [1;30mLevel 1[0m create_environment_scripts_only(aero_description)
[0.700s] [34mcolcon.colcon_core.environment[0m [1;30mLevel 1[0m checking '/home/ali/Desktop/Ros2_Control/install/aero_description' for CMake module files
[0.700s] [34mcolcon.colcon_core.environment[0m [1;30mLevel 1[0m checking '/home/ali/Desktop/Ros2_Control/install/aero_description' for CMake config files
[0.700s] [34mcolcon.colcon_core.shell[0m [1;30mLevel 1[0m create_environment_hook('aero_description', 'cmake_prefix_path')
[0.700s] [34mcolcon.colcon_core.shell[0m [1;30mINFO[0m Creating environment hook '/home/ali/Desktop/Ros2_Control/install/aero_description/share/aero_description/hook/cmake_prefix_path.ps1'
[0.700s] [34mcolcon.colcon_core.shell[0m [1;30mINFO[0m Creating environment descriptor '/home/ali/Desktop/Ros2_Control/install/aero_description/share/aero_description/hook/cmake_prefix_path.dsv'
[0.701s] [34mcolcon.colcon_core.shell[0m [1;30mINFO[0m Creating environment hook '/home/ali/Desktop/Ros2_Control/install/aero_description/share/aero_description/hook/cmake_prefix_path.sh'
[0.701s] [34mcolcon.colcon_core.environment[0m [1;30mLevel 1[0m checking '/home/ali/Desktop/Ros2_Control/install/aero_description/bin'
[0.701s] [34mcolcon.colcon_core.environment[0m [1;30mLevel 1[0m checking '/home/ali/Desktop/Ros2_Control/install/aero_description/lib/pkgconfig/aero_description.pc'
[0.701s] [34mcolcon.colcon_core.environment[0m [1;30mLevel 1[0m checking '/home/ali/Desktop/Ros2_Control/install/aero_description/lib/python3.10/site-packages'
[0.701s] [34mcolcon.colcon_core.environment[0m [1;30mLevel 1[0m checking '/home/ali/Desktop/Ros2_Control/install/aero_description/bin'
[0.701s] [34mcolcon.colcon_core.shell[0m [1;30mINFO[0m Creating package script '/home/ali/Desktop/Ros2_Control/install/aero_description/share/aero_description/package.ps1'
[0.702s] [34mcolcon.colcon_core.shell[0m [1;30mINFO[0m Creating package descriptor '/home/ali/Desktop/Ros2_Control/install/aero_description/share/aero_description/package.dsv'
[0.702s] [34mcolcon.colcon_core.shell[0m [1;30mINFO[0m Creating package script '/home/ali/Desktop/Ros2_Control/install/aero_description/share/aero_description/package.sh'
[0.702s] [34mcolcon.colcon_core.shell[0m [1;30mINFO[0m Creating package script '/home/ali/Desktop/Ros2_Control/install/aero_description/share/aero_description/package.bash'
[0.702s] [34mcolcon.colcon_core.shell[0m [1;30mINFO[0m Creating package script '/home/ali/Desktop/Ros2_Control/install/aero_description/share/aero_description/package.zsh'
[0.703s] [34mcolcon.colcon_core.environment[0m [1;30mLevel 1[0m create_file_with_runtime_dependencies(/home/ali/Desktop/Ros2_Control/install/aero_description/share/colcon-core/packages/aero_description)
[0.703s] [34mcolcon.colcon_ros.task.ament_cmake.build[0m [1;30mINFO[0m Building ROS package in '/home/ali/Desktop/Ros2_Control/src/aero_bringup' with build type 'ament_cmake'
[0.703s] [34mcolcon.colcon_cmake.task.cmake.build[0m [1;30mINFO[0m Building CMake package in '/home/ali/Desktop/Ros2_Control/src/aero_bringup'
[0.703s] [34mcolcon.colcon_core.shell[0m [1;30mINFO[0m Skip shell extension 'powershell' for command environment: Not usable outside of PowerShell
[0.703s] [34mcolcon.colcon_core.shell[0m [1;30mDEBUG[0m [32mSkip shell extension 'dsv' for command environment[0m
[0.706s] [34mcolcon.colcon_ros.task.ament_cmake.build[0m [1;30mINFO[0m Building ROS package in '/home/ali/Desktop/Ros2_Control/src/aero_moveit_config' with build type 'ament_cmake'
[0.706s] [34mcolcon.colcon_cmake.task.cmake.build[0m [1;30mINFO[0m Building CMake package in '/home/ali/Desktop/Ros2_Control/src/aero_moveit_config'
[0.706s] [34mcolcon.colcon_core.shell[0m [1;30mINFO[0m Skip shell extension 'powershell' for command environment: Not usable outside of PowerShell
[0.706s] [34mcolcon.colcon_core.shell[0m [1;30mDEBUG[0m [32mSkip shell extension 'dsv' for command environment[0m
[0.715s] [34mcolcon.colcon_core.event_handler.log_command[0m [1;30mDEBUG[0m [32mInvoking command in '/home/ali/Desktop/Ros2_Control/build/my_robot_bringup': CMAKE_PREFIX_PATH=/home/ali/Desktop/Ros2_Control/install/my_robot_description:/home/ali/Desktop/Ros2_Control/install/my_robot_bringup:/home/ali/Desktop/Ros2_Control/install/aero_moveit_config:/home/ali/Desktop/Ros2_Control/install/aero_bringup:/home/ali/Desktop/Ros2_Control/install/aero_description:/opt/ros/humble /usr/bin/cmake /home/ali/Desktop/Ros2_Control/src/my_robot_bringup -DAMENT_CMAKE_SYMLINK_INSTALL=1 -DCMAKE_INSTALL_PREFIX=/home/ali/Desktop/Ros2_Control/install/my_robot_bringup[0m
[0.717s] [34mcolcon.colcon_core.event_handler.log_command[0m [1;30mDEBUG[0m [32mInvoking command in '/home/ali/Desktop/Ros2_Control/build/aero_bringup': CMAKE_PREFIX_PATH=/home/ali/Desktop/Ros2_Control/install/aero_description:/home/ali/Desktop/Ros2_Control/install/my_robot_bringup:/home/ali/Desktop/Ros2_Control/install/my_robot_description:/home/ali/Desktop/Ros2_Control/install/aero_moveit_config:/home/ali/Desktop/Ros2_Control/install/aero_bringup:/opt/ros/humble /usr/bin/cmake /home/ali/Desktop/Ros2_Control/src/aero_bringup -DAMENT_CMAKE_SYMLINK_INSTALL=1 -DCMAKE_INSTALL_PREFIX=/home/ali/Desktop/Ros2_Control/install/aero_bringup[0m
[0.719s] [34mcolcon.colcon_core.event_handler.log_command[0m [1;30mDEBUG[0m [32mInvoking command in '/home/ali/Desktop/Ros2_Control/build/aero_moveit_config': CMAKE_PREFIX_PATH=/home/ali/Desktop/Ros2_Control/install/aero_description:/home/ali/Desktop/Ros2_Control/install/my_robot_bringup:/home/ali/Desktop/Ros2_Control/install/my_robot_description:/home/ali/Desktop/Ros2_Control/install/aero_moveit_config:/home/ali/Desktop/Ros2_Control/install/aero_bringup:/opt/ros/humble /usr/bin/cmake /home/ali/Desktop/Ros2_Control/src/aero_moveit_config -DAMENT_CMAKE_SYMLINK_INSTALL=1 -DCMAKE_INSTALL_PREFIX=/home/ali/Desktop/Ros2_Control/install/aero_moveit_config[0m
[0.891s] [34mcolcon.colcon_core.event_handler.log_command[0m [1;30mDEBUG[0m [32mInvoked command in '/home/ali/Desktop/Ros2_Control/build/my_robot_bringup' returned '0': CMAKE_PREFIX_PATH=/home/ali/Desktop/Ros2_Control/install/my_robot_description:/home/ali/Desktop/Ros2_Control/install/my_robot_bringup:/home/ali/Desktop/Ros2_Control/install/aero_moveit_config:/home/ali/Desktop/Ros2_Control/install/aero_bringup:/home/ali/Desktop/Ros2_Control/install/aero_description:/opt/ros/humble /usr/bin/cmake /home/ali/Desktop/Ros2_Control/src/my_robot_bringup -DAMENT_CMAKE_SYMLINK_INSTALL=1 -DCMAKE_INSTALL_PREFIX=/home/ali/Desktop/Ros2_Control/install/my_robot_bringup[0m
[0.893s] [34mcolcon.colcon_core.event_handler.log_command[0m [1;30mDEBUG[0m [32mInvoking command in '/home/ali/Desktop/Ros2_Control/build/my_robot_bringup': CMAKE_PREFIX_PATH=/home/ali/Desktop/Ros2_Control/install/my_robot_description:/home/ali/Desktop/Ros2_Control/install/my_robot_bringup:/home/ali/Desktop/Ros2_Control/install/aero_moveit_config:/home/ali/Desktop/Ros2_Control/install/aero_bringup:/home/ali/Desktop/Ros2_Control/install/aero_description:/opt/ros/humble /usr/bin/cmake --build /home/ali/Desktop/Ros2_Control/build/my_robot_bringup -- -j20 -l20[0m
[0.906s] [34mcolcon.colcon_core.event_handler.log_command[0m [1;30mDEBUG[0m [32mInvoked command in '/home/ali/Desktop/Ros2_Control/build/aero_moveit_config' returned '0': CMAKE_PREFIX_PATH=/home/ali/Desktop/Ros2_Control/install/aero_description:/home/ali/Desktop/Ros2_Control/install/my_robot_bringup:/home/ali/Desktop/Ros2_Control/install/my_robot_description:/home/ali/Desktop/Ros2_Control/install/aero_moveit_config:/home/ali/Desktop/Ros2_Control/install/aero_bringup:/opt/ros/humble /usr/bin/cmake /home/ali/Desktop/Ros2_Control/src/aero_moveit_config -DAMENT_CMAKE_SYMLINK_INSTALL=1 -DCMAKE_INSTALL_PREFIX=/home/ali/Desktop/Ros2_Control/install/aero_moveit_config[0m
[0.908s] [34mcolcon.colcon_core.event_handler.log_command[0m [1;30mDEBUG[0m [32mInvoking command in '/home/ali/Desktop/Ros2_Control/build/aero_moveit_config': CMAKE_PREFIX_PATH=/home/ali/Desktop/Ros2_Control/install/aero_description:/home/ali/Desktop/Ros2_Control/install/my_robot_bringup:/home/ali/Desktop/Ros2_Control/install/my_robot_description:/home/ali/Desktop/Ros2_Control/install/aero_moveit_config:/home/ali/Desktop/Ros2_Control/install/aero_bringup:/opt/ros/humble /usr/bin/cmake --build /home/ali/Desktop/Ros2_Control/build/aero_moveit_config -- -j20 -l20[0m
[0.909s] [34mcolcon.colcon_core.event_handler.log_command[0m [1;30mDEBUG[0m [32mInvoked command in '/home/ali/Desktop/Ros2_Control/build/aero_bringup' returned '0': CMAKE_PREFIX_PATH=/home/ali/Desktop/Ros2_Control/install/aero_description:/home/ali/Desktop/Ros2_Control/install/my_robot_bringup:/home/ali/Desktop/Ros2_Control/install/my_robot_description:/home/ali/Desktop/Ros2_Control/install/aero_moveit_config:/home/ali/Desktop/Ros2_Control/install/aero_bringup:/opt/ros/humble /usr/bin/cmake /home/ali/Desktop/Ros2_Control/src/aero_bringup -DAMENT_CMAKE_SYMLINK_INSTALL=1 -DCMAKE_INSTALL_PREFIX=/home/ali/Desktop/Ros2_Control/install/aero_bringup[0m
[0.911s] [34mcolcon.colcon_core.event_handler.log_command[0m [1;30mDEBUG[0m [32mInvoking command in '/home/ali/Desktop/Ros2_Control/build/aero_bringup': CMAKE_PREFIX_PATH=/home/ali/Desktop/Ros2_Control/install/aero_description:/home/ali/Desktop/Ros2_Control/install/my_robot_bringup:/home/ali/Desktop/Ros2_Control/install/my_robot_description:/home/ali/Desktop/Ros2_Control/install/aero_moveit_config:/home/ali/Desktop/Ros2_Control/install/aero_bringup:/opt/ros/humble /usr/bin/cmake --build /home/ali/Desktop/Ros2_Control/build/aero_bringup -- -j20 -l20[0m
[0.915s] [34mcolcon.colcon_core.task.python.build[0m [1;30mDEBUG[0m [32mWhile undoing a previous installation files outside the Python library path are being ignored: /home/ali/Desktop/Ros2_Control/install/aero_arm_control/share/ament_index/resource_index/packages/aero_arm_control[0m
[0.915s] [34mcolcon.colcon_core.task.python.build[0m [1;30mDEBUG[0m [32mWhile undoing a previous installation files outside the Python library path are being ignored: /home/ali/Desktop/Ros2_Control/install/aero_arm_control/share/aero_arm_control/package.xml[0m
[0.915s] [34mcolcon.colcon_core.task.python.build[0m [1;30mDEBUG[0m [32mWhile undoing a previous installation files outside the Python library path are being ignored: /home/ali/Desktop/Ros2_Control/install/aero_arm_control/lib/aero_arm_control/arm_teleop[0m
[0.915s] [34mcolcon.colcon_core.task.python.build[0m [1;30mDEBUG[0m [32mWhile undoing a previous installation files outside the Python library path are being ignored: /home/ali/Desktop/Ros2_Control/install/aero_arm_control/lib/aero_arm_control/ps4_rover_controller[0m
[0.917s] [34mcolcon.colcon_core.event_handler.log_command[0m [1;30mDEBUG[0m [32mInvoking command in '/home/ali/Desktop/Ros2_Control/build/aero_arm_control': PYTHONPATH=/home/ali/Desktop/Ros2_Control/build/aero_arm_control/prefix_override:/usr/lib/python3/dist-packages/colcon_core/task/python/colcon_distutils_commands:/home/ali/Desktop/Ros2_Control/install/aero_arm_control/lib/python3.10/site-packages:${PYTHONPATH} /usr/bin/python3 -W ignore:setup.py install is deprecated -W ignore:easy_install command is deprecated setup.py develop --editable --build-directory /home/ali/Desktop/Ros2_Control/build/aero_arm_control/build --no-deps symlink_data --force[0m
[0.926s] [34mcolcon.colcon_core.event_handler.log_command[0m [1;30mDEBUG[0m [32mInvoked command in '/home/ali/Desktop/Ros2_Control/build/my_robot_bringup' returned '0': CMAKE_PREFIX_PATH=/home/ali/Desktop/Ros2_Control/install/my_robot_description:/home/ali/Desktop/Ros2_Control/install/my_robot_bringup:/home/ali/Desktop/Ros2_Control/install/aero_moveit_config:/home/ali/Desktop/Ros2_Control/install/aero_bringup:/home/ali/Desktop/Ros2_Control/install/aero_description:/opt/ros/humble /usr/bin/cmake --build /home/ali/Desktop/Ros2_Control/build/my_robot_bringup -- -j20 -l20[0m
[0.926s] [34mcolcon.colcon_core.event_handler.log_command[0m [1;30mDEBUG[0m [32mInvoking command in '/home/ali/Desktop/Ros2_Control/build/my_robot_bringup': CMAKE_PREFIX_PATH=/home/ali/Desktop/Ros2_Control/install/my_robot_description:/home/ali/Desktop/Ros2_Control/install/my_robot_bringup:/home/ali/Desktop/Ros2_Control/install/aero_moveit_config:/home/ali/Desktop/Ros2_Control/install/aero_bringup:/home/ali/Desktop/Ros2_Control/install/aero_description:/opt/ros/humble /usr/bin/cmake --install /home/ali/Desktop/Ros2_Control/build/my_robot_bringup[0m
[0.939s] [34mcolcon.colcon_core.event_handler.log_command[0m [1;30mDEBUG[0m [32mInvoked command in '/home/ali/Desktop/Ros2_Control/build/aero_bringup' returned '0': CMAKE_PREFIX_PATH=/home/ali/Desktop/Ros2_Control/install/aero_description:/home/ali/Desktop/Ros2_Control/install/my_robot_bringup:/home/ali/Desktop/Ros2_Control/install/my_robot_description:/home/ali/Desktop/Ros2_Control/install/aero_moveit_config:/home/ali/Desktop/Ros2_Control/install/aero_bringup:/opt/ros/humble /usr/bin/cmake --build /home/ali/Desktop/Ros2_Control/build/aero_bringup -- -j20 -l20[0m
[0.941s] [34mcolcon.colcon_core.event_handler.log_command[0m [1;30mDEBUG[0m [32mInvoking command in '/home/ali/Desktop/Ros2_Control/build/aero_bringup': CMAKE_PREFIX_PATH=/home/ali/Desktop/Ros2_Control/install/aero_description:/home/ali/Desktop/Ros2_Control/install/my_robot_bringup:/home/ali/Desktop/Ros2_Control/install/my_robot_description:/home/ali/Desktop/Ros2_Control/install/aero_moveit_config:/home/ali/Desktop/Ros2_Control/install/aero_bringup:/opt/ros/humble /usr/bin/cmake --install /home/ali/Desktop/Ros2_Control/build/aero_bringup[0m
[0.942s] [34mcolcon.colcon_core.event_handler.log_command[0m [1;30mDEBUG[0m [32mInvoked command in '/home/ali/Desktop/Ros2_Control/build/aero_moveit_config' returned '0': CMAKE_PREFIX_PATH=/home/ali/Desktop/Ros2_Control/install/aero_description:/home/ali/Desktop/Ros2_Control/install/my_robot_bringup:/home/ali/Desktop/Ros2_Control/install/my_robot_description:/home/ali/Desktop/Ros2_Control/install/aero_moveit_config:/home/ali/Desktop/Ros2_Control/install/aero_bringup:/opt/ros/humble /usr/bin/cmake --build /home/ali/Desktop/Ros2_Control/build/aero_moveit_config -- -j20 -l20[0m
[0.943s] [34mcolcon.colcon_core.event_handler.log_command[0m [1;30mDEBUG[0m [32mInvoking command in '/home/ali/Desktop/Ros2_Control/build/aero_moveit_config': CMAKE_PREFIX_PATH=/home/ali/Desktop/Ros2_Control/install/aero_description:/home/ali/Desktop/Ros2_Control/install/my_robot_bringup:/home/ali/Desktop/Ros2_Control/install/my_robot_description:/home/ali/Desktop/Ros2_Control/install/aero_moveit_config:/home/ali/Desktop/Ros2_Control/install/aero_bringup:/opt/ros/humble /usr/bin/cmake --install /home/ali/Desktop/Ros2_Control/build/aero_moveit_config[0m
[0.943s] [34mcolcon.colcon_core.environment[0m [1;30mLevel 1[0m create_environment_scripts_only(my_robot_bringup)
[0.944s] [34mcolcon.colcon_core.environment[0m [1;30mLevel 1[0m checking '/home/ali/Desktop/Ros2_Control/install/my_robot_bringup' for CMake module files
[0.944s] [34mcolcon.colcon_core.event_handler.log_command[0m [1;30mDEBUG[0m [32mInvoked command in '/home/ali/Desktop/Ros2_Control/build/my_robot_bringup' returned '0': CMAKE_PREFIX_PATH=/home/ali/Desktop/Ros2_Control/install/my_robot_description:/home/ali/Desktop/Ros2_Control/install/my_robot_bringup:/home/ali/Desktop/Ros2_Control/install/aero_moveit_config:/home/ali/Desktop/Ros2_Control/install/aero_bringup:/home/ali/Desktop/Ros2_Control/install/aero_description:/opt/ros/humble /usr/bin/cmake --install /home/ali/Desktop/Ros2_Control/build/my_robot_bringup[0m
[0.944s] [34mcolcon.colcon_core.environment[0m [1;30mLevel 1[0m checking '/home/ali/Desktop/Ros2_Control/install/my_robot_bringup' for CMake config files
[0.945s] [34mcolcon.colcon_core.shell[0m [1;30mLevel 1[0m create_environment_hook('my_robot_bringup', 'cmake_prefix_path')
[0.945s] [34mcolcon.colcon_core.shell[0m [1;30mINFO[0m Creating environment hook '/home/ali/Desktop/Ros2_Control/install/my_robot_bringup/share/my_robot_bringup/hook/cmake_prefix_path.ps1'
[0.945s] [34mcolcon.colcon_core.shell[0m [1;30mINFO[0m Creating environment descriptor '/home/ali/Desktop/Ros2_Control/install/my_robot_bringup/share/my_robot_bringup/hook/cmake_prefix_path.dsv'
[0.946s] [34mcolcon.colcon_core.shell[0m [1;30mINFO[0m Creating environment hook '/home/ali/Desktop/Ros2_Control/install/my_robot_bringup/share/my_robot_bringup/hook/cmake_prefix_path.sh'
[0.946s] [34mcolcon.colcon_core.environment[0m [1;30mLevel 1[0m checking '/home/ali/Desktop/Ros2_Control/install/my_robot_bringup/lib'
[0.946s] [34mcolcon.colcon_core.environment[0m [1;30mLevel 1[0m checking '/home/ali/Desktop/Ros2_Control/install/my_robot_bringup/bin'
[0.946s] [34mcolcon.colcon_core.environment[0m [1;30mLevel 1[0m checking '/home/ali/Desktop/Ros2_Control/install/my_robot_bringup/lib/pkgconfig/my_robot_bringup.pc'
[0.946s] [34mcolcon.colcon_core.environment[0m [1;30mLevel 1[0m checking '/home/ali/Desktop/Ros2_Control/install/my_robot_bringup/lib/python3.10/site-packages'
[0.946s] [34mcolcon.colcon_core.environment[0m [1;30mLevel 1[0m checking '/home/ali/Desktop/Ros2_Control/install/my_robot_bringup/bin'
[0.947s] [34mcolcon.colcon_core.shell[0m [1;30mINFO[0m Creating package script '/home/ali/Desktop/Ros2_Control/install/my_robot_bringup/share/my_robot_bringup/package.ps1'
[0.947s] [34mcolcon.colcon_core.shell[0m [1;30mINFO[0m Creating package descriptor '/home/ali/Desktop/Ros2_Control/install/my_robot_bringup/share/my_robot_bringup/package.dsv'
[0.948s] [34mcolcon.colcon_core.shell[0m [1;30mINFO[0m Creating package script '/home/ali/Desktop/Ros2_Control/install/my_robot_bringup/share/my_robot_bringup/package.sh'
[0.948s] [34mcolcon.colcon_core.shell[0m [1;30mINFO[0m Creating package script '/home/ali/Desktop/Ros2_Control/install/my_robot_bringup/share/my_robot_bringup/package.bash'
[0.949s] [34mcolcon.colcon_core.shell[0m [1;30mINFO[0m Creating package script '/home/ali/Desktop/Ros2_Control/install/my_robot_bringup/share/my_robot_bringup/package.zsh'
[0.949s] [34mcolcon.colcon_core.environment[0m [1;30mLevel 1[0m create_file_with_runtime_dependencies(/home/ali/Desktop/Ros2_Control/install/my_robot_bringup/share/colcon-core/packages/my_robot_bringup)
[0.950s] [34mcolcon.colcon_core.environment[0m [1;30mLevel 1[0m create_environment_scripts_only(my_robot_bringup)
[0.950s] [34mcolcon.colcon_core.environment[0m [1;30mLevel 1[0m checking '/home/ali/Desktop/Ros2_Control/install/my_robot_bringup' for CMake module files
[0.950s] [34mcolcon.colcon_core.environment[0m [1;30mLevel 1[0m checking '/home/ali/Desktop/Ros2_Control/install/my_robot_bringup' for CMake config files
[0.951s] [34mcolcon.colcon_core.shell[0m [1;30mLevel 1[0m create_environment_hook('my_robot_bringup', 'cmake_prefix_path')
[0.951s] [34mcolcon.colcon_core.shell[0m [1;30mINFO[0m Creating environment hook '/home/ali/Desktop/Ros2_Control/install/my_robot_bringup/share/my_robot_bringup/hook/cmake_prefix_path.ps1'
[0.951s] [34mcolcon.colcon_core.shell[0m [1;30mINFO[0m Creating environment descriptor '/home/ali/Desktop/Ros2_Control/install/my_robot_bringup/share/my_robot_bringup/hook/cmake_prefix_path.dsv'
[0.951s] [34mcolcon.colcon_core.shell[0m [1;30mINFO[0m Creating environment hook '/home/ali/Desktop/Ros2_Control/install/my_robot_bringup/share/my_robot_bringup/hook/cmake_prefix_path.sh'
[0.952s] [34mcolcon.colcon_core.environment[0m [1;30mLevel 1[0m checking '/home/ali/Desktop/Ros2_Control/install/my_robot_bringup/lib'
[0.952s] [34mcolcon.colcon_core.environment[0m [1;30mLevel 1[0m checking '/home/ali/Desktop/Ros2_Control/install/my_robot_bringup/bin'
[0.952s] [34mcolcon.colcon_core.environment[0m [1;30mLevel 1[0m checking '/home/ali/Desktop/Ros2_Control/install/my_robot_bringup/lib/pkgconfig/my_robot_bringup.pc'
[0.952s] [34mcolcon.colcon_core.environment[0m [1;30mLevel 1[0m checking '/home/ali/Desktop/Ros2_Control/install/my_robot_bringup/lib/python3.10/site-packages'
[0.952s] [34mcolcon.colcon_core.environment[0m [1;30mLevel 1[0m checking '/home/ali/Desktop/Ros2_Control/install/my_robot_bringup/bin'
[0.952s] [34mcolcon.colcon_core.shell[0m [1;30mINFO[0m Creating package script '/home/ali/Desktop/Ros2_Control/install/my_robot_bringup/share/my_robot_bringup/package.ps1'
[0.953s] [34mcolcon.colcon_core.shell[0m [1;30mINFO[0m Creating package descriptor '/home/ali/Desktop/Ros2_Control/install/my_robot_bringup/share/my_robot_bringup/package.dsv'
[0.953s] [34mcolcon.colcon_core.shell[0m [1;30mINFO[0m Creating package script '/home/ali/Desktop/Ros2_Control/install/my_robot_bringup/share/my_robot_bringup/package.sh'
[0.953s] [34mcolcon.colcon_core.shell[0m [1;30mINFO[0m Creating package script '/home/ali/Desktop/Ros2_Control/install/my_robot_bringup/share/my_robot_bringup/package.bash'
[0.953s] [34mcolcon.colcon_core.shell[0m [1;30mINFO[0m Creating package script '/home/ali/Desktop/Ros2_Control/install/my_robot_bringup/share/my_robot_bringup/package.zsh'
[0.953s] [34mcolcon.colcon_core.environment[0m [1;30mLevel 1[0m create_file_with_runtime_dependencies(/home/ali/Desktop/Ros2_Control/install/my_robot_bringup/share/colcon-core/packages/my_robot_bringup)
[0.959s] [34mcolcon.colcon_core.environment[0m [1;30mLevel 1[0m create_environment_scripts_only(aero_bringup)
[0.959s] [34mcolcon.colcon_core.environment[0m [1;30mLevel 1[0m checking '/home/ali/Desktop/Ros2_Control/install/aero_bringup' for CMake module files
[0.960s] [34mcolcon.colcon_core.event_handler.log_command[0m [1;30mDEBUG[0m [32mInvoked command in '/home/ali/Desktop/Ros2_Control/build/aero_bringup' returned '0': CMAKE_PREFIX_PATH=/home/ali/Desktop/Ros2_Control/install/aero_description:/home/ali/Desktop/Ros2_Control/install/my_robot_bringup:/home/ali/Desktop/Ros2_Control/install/my_robot_description:/home/ali/Desktop/Ros2_Control/install/aero_moveit_config:/home/ali/Desktop/Ros2_Control/install/aero_bringup:/opt/ros/humble /usr/bin/cmake --install /home/ali/Desktop/Ros2_Control/build/aero_bringup[0m
[0.960s] [34mcolcon.colcon_core.environment[0m [1;30mLevel 1[0m checking '/home/ali/Desktop/Ros2_Control/install/aero_bringup' for CMake config files
[0.960s] [34mcolcon.colcon_core.shell[0m [1;30mLevel 1[0m create_environment_hook('aero_bringup', 'cmake_prefix_path')
[0.960s] [34mcolcon.colcon_core.shell[0m [1;30mINFO[0m Creating environment hook '/home/ali/Desktop/Ros2_Control/install/aero_bringup/share/aero_bringup/hook/cmake_prefix_path.ps1'
[0.960s] [34mcolcon.colcon_core.shell[0m [1;30mINFO[0m Creating environment descriptor '/home/ali/Desktop/Ros2_Control/install/aero_bringup/share/aero_bringup/hook/cmake_prefix_path.dsv'
[0.961s] [34mcolcon.colcon_core.shell[0m [1;30mINFO[0m Creating environment hook '/home/ali/Desktop/Ros2_Control/install/aero_bringup/share/aero_bringup/hook/cmake_prefix_path.sh'
[0.961s] [34mcolcon.colcon_core.environment[0m [1;30mLevel 1[0m checking '/home/ali/Desktop/Ros2_Control/install/aero_bringup/bin'
[0.961s] [34mcolcon.colcon_core.environment[0m [1;30mLevel 1[0m checking '/home/ali/Desktop/Ros2_Control/install/aero_bringup/lib/pkgconfig/aero_bringup.pc'
[0.961s] [34mcolcon.colcon_core.environment[0m [1;30mLevel 1[0m checking '/home/ali/Desktop/Ros2_Control/install/aero_bringup/lib/python3.10/site-packages'
[0.961s] [34mcolcon.colcon_core.environment[0m [1;30mLevel 1[0m checking '/home/ali/Desktop/Ros2_Control/install/aero_bringup/bin'
[0.962s] [34mcolcon.colcon_core.shell[0m [1;30mINFO[0m Creating package script '/home/ali/Desktop/Ros2_Control/install/aero_bringup/share/aero_bringup/package.ps1'
[0.962s] [34mcolcon.colcon_core.shell[0m [1;30mINFO[0m Creating package descriptor '/home/ali/Desktop/Ros2_Control/install/aero_bringup/share/aero_bringup/package.dsv'
[0.962s] [34mcolcon.colcon_core.shell[0m [1;30mINFO[0m Creating package script '/home/ali/Desktop/Ros2_Control/install/aero_bringup/share/aero_bringup/package.sh'
[0.962s] [34mcolcon.colcon_core.shell[0m [1;30mINFO[0m Creating package script '/home/ali/Desktop/Ros2_Control/install/aero_bringup/share/aero_bringup/package.bash'
[0.962s] [34mcolcon.colcon_core.shell[0m [1;30mINFO[0m Creating package script '/home/ali/Desktop/Ros2_Control/install/aero_bringup/share/aero_bringup/package.zsh'
[0.963s] [34mcolcon.colcon_core.environment[0m [1;30mLevel 1[0m create_file_with_runtime_dependencies(/home/ali/Desktop/Ros2_Control/install/aero_bringup/share/colcon-core/packages/aero_bringup)
[0.963s] [34mcolcon.colcon_core.environment[0m [1;30mLevel 1[0m create_environment_scripts_only(aero_bringup)
[0.963s] [34mcolcon.colcon_core.environment[0m [1;30mLevel 1[0m checking '/home/ali/Desktop/Ros2_Control/install/aero_bringup' for CMake module files
[0.963s] [34mcolcon.colcon_core.environment[0m [1;30mLevel 1[0m checking '/home/ali/Desktop/Ros2_Control/install/aero_bringup' for CMake config files
[0.963s] [34mcolcon.colcon_core.shell[0m [1;30mLevel 1[0m create_environment_hook('aero_bringup', 'cmake_prefix_path')
[0.964s] [34mcolcon.colcon_core.shell[0m [1;30mINFO[0m Creating environment hook '/home/ali/Desktop/Ros2_Control/install/aero_bringup/share/aero_bringup/hook/cmake_prefix_path.ps1'
[0.964s] [34mcolcon.colcon_core.shell[0m [1;30mINFO[0m Creating environment descriptor '/home/ali/Desktop/Ros2_Control/install/aero_bringup/share/aero_bringup/hook/cmake_prefix_path.dsv'
[0.964s] [34mcolcon.colcon_core.shell[0m [1;30mINFO[0m Creating environment hook '/home/ali/Desktop/Ros2_Control/install/aero_bringup/share/aero_bringup/hook/cmake_prefix_path.sh'
[0.964s] [34mcolcon.colcon_core.environment[0m [1;30mLevel 1[0m checking '/home/ali/Desktop/Ros2_Control/install/aero_bringup/bin'
[0.964s] [34mcolcon.colcon_core.environment[0m [1;30mLevel 1[0m checking '/home/ali/Desktop/Ros2_Control/install/aero_bringup/lib/pkgconfig/aero_bringup.pc'
[0.964s] [34mcolcon.colcon_core.environment[0m [1;30mLevel 1[0m checking '/home/ali/Desktop/Ros2_Control/install/aero_bringup/lib/python3.10/site-packages'
[0.965s] [34mcolcon.colcon_core.environment[0m [1;30mLevel 1[0m checking '/home/ali/Desktop/Ros2_Control/install/aero_bringup/bin'
[0.965s] [34mcolcon.colcon_core.shell[0m [1;30mINFO[0m Creating package script '/home/ali/Desktop/Ros2_Control/install/aero_bringup/share/aero_bringup/package.ps1'
[0.965s] [34mcolcon.colcon_core.shell[0m [1;30mINFO[0m Creating package descriptor '/home/ali/Desktop/Ros2_Control/install/aero_bringup/share/aero_bringup/package.dsv'
[0.966s] [34mcolcon.colcon_core.shell[0m [1;30mINFO[0m Creating package script '/home/ali/Desktop/Ros2_Control/install/aero_bringup/share/aero_bringup/package.sh'
[0.966s] [34mcolcon.colcon_core.shell[0m [1;30mINFO[0m Creating package script '/home/ali/Desktop/Ros2_Control/install/aero_bringup/share/aero_bringup/package.bash'
[0.967s] [34mcolcon.colcon_core.shell[0m [1;30mINFO[0m Creating package script '/home/ali/Desktop/Ros2_Control/install/aero_bringup/share/aero_bringup/package.zsh'
[0.967s] [34mcolcon.colcon_core.environment[0m [1;30mLevel 1[0m create_file_with_runtime_dependencies(/home/ali/Desktop/Ros2_Control/install/aero_bringup/share/colcon-core/packages/aero_bringup)
[0.968s] [34mcolcon.colcon_core.environment[0m [1;30mLevel 1[0m create_environment_scripts_only(aero_moveit_config)
[0.969s] [34mcolcon.colcon_core.environment[0m [1;30mLevel 1[0m checking '/home/ali/Desktop/Ros2_Control/install/aero_moveit_config' for CMake module files
[0.969s] [34mcolcon.colcon_core.environment[0m [1;30mLevel 1[0m checking '/home/ali/Desktop/Ros2_Control/install/aero_moveit_config' for CMake config files
[0.969s] [34mcolcon.colcon_core.shell[0m [1;30mLevel 1[0m create_environment_hook('aero_moveit_config', 'cmake_prefix_path')
[0.970s] [34mcolcon.colcon_core.shell[0m [1;30mINFO[0m Creating environment hook '/home/ali/Desktop/Ros2_Control/install/aero_moveit_config/share/aero_moveit_config/hook/cmake_prefix_path.ps1'
[0.970s] [34mcolcon.colcon_core.shell[0m [1;30mINFO[0m Creating environment descriptor '/home/ali/Desktop/Ros2_Control/install/aero_moveit_config/share/aero_moveit_config/hook/cmake_prefix_path.dsv'
[0.970s] [34mcolcon.colcon_core.shell[0m [1;30mINFO[0m Creating environment hook '/home/ali/Desktop/Ros2_Control/install/aero_moveit_config/share/aero_moveit_config/hook/cmake_prefix_path.sh'
[0.970s] [34mcolcon.colcon_core.environment[0m [1;30mLevel 1[0m checking '/home/ali/Desktop/Ros2_Control/install/aero_moveit_config/bin'
[0.971s] [34mcolcon.colcon_core.environment[0m [1;30mLevel 1[0m checking '/home/ali/Desktop/Ros2_Control/install/aero_moveit_config/lib/pkgconfig/aero_moveit_config.pc'
[0.971s] [34mcolcon.colcon_core.environment[0m [1;30mLevel 1[0m checking '/home/ali/Desktop/Ros2_Control/install/aero_moveit_config/lib/python3.10/site-packages'
[0.968s] [34mcolcon.colcon_core.event_handler.log_command[0m [1;30mDEBUG[0m [32mInvoked command in '/home/ali/Desktop/Ros2_Control/build/aero_moveit_config' returned '0': CMAKE_PREFIX_PATH=/home/ali/Desktop/Ros2_Control/install/aero_description:/home/ali/Desktop/Ros2_Control/install/my_robot_bringup:/home/ali/Desktop/Ros2_Control/install/my_robot_description:/home/ali/Desktop/Ros2_Control/install/aero_moveit_config:/home/ali/Desktop/Ros2_Control/install/aero_bringup:/opt/ros/humble /usr/bin/cmake --install /home/ali/Desktop/Ros2_Control/build/aero_moveit_config[0m
[0.971s] [34mcolcon.colcon_core.environment[0m [1;30mLevel 1[0m checking '/home/ali/Desktop/Ros2_Control/install/aero_moveit_config/bin'
[0.972s] [34mcolcon.colcon_core.shell[0m [1;30mINFO[0m Creating package script '/home/ali/Desktop/Ros2_Control/install/aero_moveit_config/share/aero_moveit_config/package.ps1'
[0.972s] [34mcolcon.colcon_core.shell[0m [1;30mINFO[0m Creating package descriptor '/home/ali/Desktop/Ros2_Control/install/aero_moveit_config/share/aero_moveit_config/package.dsv'
[0.973s] [34mcolcon.colcon_core.shell[0m [1;30mINFO[0m Creating package script '/home/ali/Desktop/Ros2_Control/install/aero_moveit_config/share/aero_moveit_config/package.sh'
[0.973s] [34mcolcon.colcon_core.shell[0m [1;30mINFO[0m Creating package script '/home/ali/Desktop/Ros2_Control/install/aero_moveit_config/share/aero_moveit_config/package.bash'
[0.973s] [34mcolcon.colcon_core.shell[0m [1;30mINFO[0m Creating package script '/home/ali/Desktop/Ros2_Control/install/aero_moveit_config/share/aero_moveit_config/package.zsh'
[0.974s] [34mcolcon.colcon_core.environment[0m [1;30mLevel 1[0m create_file_with_runtime_dependencies(/home/ali/Desktop/Ros2_Control/install/aero_moveit_config/share/colcon-core/packages/aero_moveit_config)
[0.974s] [34mcolcon.colcon_core.environment[0m [1;30mLevel 1[0m create_environment_scripts_only(aero_moveit_config)
[0.975s] [34mcolcon.colcon_core.environment[0m [1;30mLevel 1[0m checking '/home/ali/Desktop/Ros2_Control/install/aero_moveit_config' for CMake module files
[0.975s] [34mcolcon.colcon_core.environment[0m [1;30mLevel 1[0m checking '/home/ali/Desktop/Ros2_Control/install/aero_moveit_config' for CMake config files
[0.976s] [34mcolcon.colcon_core.shell[0m [1;30mLevel 1[0m create_environment_hook('aero_moveit_config', 'cmake_prefix_path')
[0.976s] [34mcolcon.colcon_core.shell[0m [1;30mINFO[0m Creating environment hook '/home/ali/Desktop/Ros2_Control/install/aero_moveit_config/share/aero_moveit_config/hook/cmake_prefix_path.ps1'
[0.976s] [34mcolcon.colcon_core.shell[0m [1;30mINFO[0m Creating environment descriptor '/home/ali/Desktop/Ros2_Control/install/aero_moveit_config/share/aero_moveit_config/hook/cmake_prefix_path.dsv'
[0.977s] [34mcolcon.colcon_core.shell[0m [1;30mINFO[0m Creating environment hook '/home/ali/Desktop/Ros2_Control/install/aero_moveit_config/share/aero_moveit_config/hook/cmake_prefix_path.sh'
[0.977s] [34mcolcon.colcon_core.environment[0m [1;30mLevel 1[0m checking '/home/ali/Desktop/Ros2_Control/install/aero_moveit_config/bin'
[0.977s] [34mcolcon.colcon_core.environment[0m [1;30mLevel 1[0m checking '/home/ali/Desktop/Ros2_Control/install/aero_moveit_config/lib/pkgconfig/aero_moveit_config.pc'
[0.978s] [34mcolcon.colcon_core.environment[0m [1;30mLevel 1[0m checking '/home/ali/Desktop/Ros2_Control/install/aero_moveit_config/lib/python3.10/site-packages'
[0.978s] [34mcolcon.colcon_core.environment[0m [1;30mLevel 1[0m checking '/home/ali/Desktop/Ros2_Control/install/aero_moveit_config/bin'
[0.978s] [34mcolcon.colcon_core.shell[0m [1;30mINFO[0m Creating package script '/home/ali/Desktop/Ros2_Control/install/aero_moveit_config/share/aero_moveit_config/package.ps1'
[0.979s] [34mcolcon.colcon_core.shell[0m [1;30mINFO[0m Creating package descriptor '/home/ali/Desktop/Ros2_Control/install/aero_moveit_config/share/aero_moveit_config/package.dsv'
[0.979s] [34mcolcon.colcon_core.shell[0m [1;30mINFO[0m Creating package script '/home/ali/Desktop/Ros2_Control/install/aero_moveit_config/share/aero_moveit_config/package.sh'
[0.979s] [34mcolcon.colcon_core.shell[0m [1;30mINFO[0m Creating package script '/home/ali/Desktop/Ros2_Control/install/aero_moveit_config/share/aero_moveit_config/package.bash'
[0.980s] [34mcolcon.colcon_core.shell[0m [1;30mINFO[0m Creating package script '/home/ali/Desktop/Ros2_Control/install/aero_moveit_config/share/aero_moveit_config/package.zsh'
[0.980s] [34mcolcon.colcon_core.environment[0m [1;30mLevel 1[0m create_file_with_runtime_dependencies(/home/ali/Desktop/Ros2_Control/install/aero_moveit_config/share/colcon-core/packages/aero_moveit_config)
[1.258s] [34mcolcon.colcon_core.shell[0m [1;30mLevel 1[0m create_environment_hook('aero_arm_control', 'pythonpath_develop')
[1.258s] [34mcolcon.colcon_core.shell[0m [1;30mINFO[0m Creating environment hook '/home/ali/Desktop/Ros2_Control/build/aero_arm_control/share/aero_arm_control/hook/pythonpath_develop.ps1'
[1.259s] [34mcolcon.colcon_core.event_handler.log_command[0m [1;30mDEBUG[0m [32mInvoked command in '/home/ali/Desktop/Ros2_Control/build/aero_arm_control' returned '0': PYTHONPATH=/home/ali/Desktop/Ros2_Control/build/aero_arm_control/prefix_override:/usr/lib/python3/dist-packages/colcon_core/task/python/colcon_distutils_commands:/home/ali/Desktop/Ros2_Control/install/aero_arm_control/lib/python3.10/site-packages:${PYTHONPATH} /usr/bin/python3 -W ignore:setup.py install is deprecated -W ignore:easy_install command is deprecated setup.py develop --editable --build-directory /home/ali/Desktop/Ros2_Control/build/aero_arm_control/build --no-deps symlink_data --force[0m
[1.259s] [34mcolcon.colcon_core.shell[0m [1;30mINFO[0m Creating environment descriptor '/home/ali/Desktop/Ros2_Control/build/aero_arm_control/share/aero_arm_control/hook/pythonpath_develop.dsv'
[1.259s] [34mcolcon.colcon_core.shell[0m [1;30mINFO[0m Creating environment hook '/home/ali/Desktop/Ros2_Control/build/aero_arm_control/share/aero_arm_control/hook/pythonpath_develop.sh'
[1.260s] [34mcolcon.colcon_core.environment[0m [1;30mLevel 1[0m checking '/home/ali/Desktop/Ros2_Control/install/aero_arm_control' for CMake module files
[1.260s] [34mcolcon.colcon_core.environment[0m [1;30mLevel 1[0m checking '/home/ali/Desktop/Ros2_Control/install/aero_arm_control' for CMake config files
[1.260s] [34mcolcon.colcon_core.environment[0m [1;30mLevel 1[0m checking '/home/ali/Desktop/Ros2_Control/install/aero_arm_control/lib'
[1.260s] [34mcolcon.colcon_core.environment[0m [1;30mLevel 1[0m checking '/home/ali/Desktop/Ros2_Control/install/aero_arm_control/bin'
[1.260s] [34mcolcon.colcon_core.environment[0m [1;30mLevel 1[0m checking '/home/ali/Desktop/Ros2_Control/install/aero_arm_control/lib/pkgconfig/aero_arm_control.pc'
[1.260s] [34mcolcon.colcon_core.environment[0m [1;30mLevel 1[0m checking '/home/ali/Desktop/Ros2_Control/install/aero_arm_control/lib/python3.10/site-packages'
[1.260s] [34mcolcon.colcon_core.shell[0m [1;30mLevel 1[0m create_environment_hook('aero_arm_control', 'pythonpath')
[1.261s] [34mcolcon.colcon_core.shell[0m [1;30mINFO[0m Creating environment hook '/home/ali/Desktop/Ros2_Control/install/aero_arm_control/share/aero_arm_control/hook/pythonpath.ps1'
[1.261s] [34mcolcon.colcon_core.shell[0m [1;30mINFO[0m Creating environment descriptor '/home/ali/Desktop/Ros2_Control/install/aero_arm_control/share/aero_arm_control/hook/pythonpath.dsv'
[1.261s] [34mcolcon.colcon_core.shell[0m [1;30mINFO[0m Creating environment hook '/home/ali/Desktop/Ros2_Control/install/aero_arm_control/share/aero_arm_control/hook/pythonpath.sh'
[1.261s] [34mcolcon.colcon_core.environment[0m [1;30mLevel 1[0m checking '/home/ali/Desktop/Ros2_Control/install/aero_arm_control/bin'
[1.261s] [34mcolcon.colcon_core.environment[0m [1;30mLevel 1[0m create_environment_scripts_only(aero_arm_control)
[1.262s] [34mcolcon.colcon_core.shell[0m [1;30mINFO[0m Creating package script '/home/ali/Desktop/Ros2_Control/install/aero_arm_control/share/aero_arm_control/package.ps1'
[1.262s] [34mcolcon.colcon_core.shell[0m [1;30mINFO[0m Creating package descriptor '/home/ali/Desktop/Ros2_Control/install/aero_arm_control/share/aero_arm_control/package.dsv'
[1.262s] [34mcolcon.colcon_core.shell[0m [1;30mINFO[0m Creating package script '/home/ali/Desktop/Ros2_Control/install/aero_arm_control/share/aero_arm_control/package.sh'
[1.262s] [34mcolcon.colcon_core.shell[0m [1;30mINFO[0m Creating package script '/home/ali/Desktop/Ros2_Control/install/aero_arm_control/share/aero_arm_control/package.bash'
[1.262s] [34mcolcon.colcon_core.shell[0m [1;30mINFO[0m Creating package script '/home/ali/Desktop/Ros2_Control/install/aero_arm_control/share/aero_arm_control/package.zsh'
[1.263s] [34mcolcon.colcon_core.environment[0m [1;30mLevel 1[0m create_file_with_runtime_dependencies(/home/ali/Desktop/Ros2_Control/install/aero_arm_control/share/colcon-core/packages/aero_arm_control)
[1.263s] [34mcolcon.colcon_parallel_executor.executor.parallel[0m [1;30mDEBUG[0m [32mclosing loop[0m
[1.263s] [34mcolcon.colcon_parallel_executor.executor.parallel[0m [1;30mDEBUG[0m [32mloop closed[0m
[1.263s] [34mcolcon.colcon_parallel_executor.executor.parallel[0m [1;30mDEBUG[0m [32mrun_until_complete finished with '0'[0m
[1.263s] [34mcolcon.colcon_core.event_reactor[0m [1;30mDEBUG[0m [32mjoining thread[0m
[1.266s] [34mcolcon.colcon_core.plugin_system[0m [1;30mINFO[0m Skipping extension 'colcon_notification.desktop_notification.terminal_notifier': Not used on non-Darwin systems
[1.266s] [34mcolcon.colcon_core.plugin_system[0m [1;30mINFO[0m Skipping extension 'colcon_notification.desktop_notification.win32': Not used on non-Windows systems
[1.267s] [34mcolcon.colcon_notification.desktop_notification[0m [1;30mINFO[0m Sending desktop notification using 'notify2'
[1.277s] [34mcolcon.colcon_core.event_reactor[0m [1;30mDEBUG[0m [32mjoined thread[0m
[1.277s] [34mcolcon.colcon_core.shell[0m [1;30mINFO[0m Creating prefix script '/home/ali/Desktop/Ros2_Control/install/local_setup.ps1'
[1.278s] [34mcolcon.colcon_core.shell[0m [1;30mINFO[0m Creating prefix util module '/home/ali/Desktop/Ros2_Control/install/_local_setup_util_ps1.py'
[1.280s] [34mcolcon.colcon_core.shell[0m [1;30mINFO[0m Creating prefix chain script '/home/ali/Desktop/Ros2_Control/install/setup.ps1'
[1.281s] [34mcolcon.colcon_core.shell[0m [1;30mINFO[0m Creating prefix script '/home/ali/Desktop/Ros2_Control/install/local_setup.sh'
[1.282s] [34mcolcon.colcon_core.shell[0m [1;30mINFO[0m Creating prefix util module '/home/ali/Desktop/Ros2_Control/install/_local_setup_util_sh.py'
[1.282s] [34mcolcon.colcon_core.shell[0m [1;30mINFO[0m Creating prefix chain script '/home/ali/Desktop/Ros2_Control/install/setup.sh'
[1.283s] [34mcolcon.colcon_core.shell[0m [1;30mINFO[0m Creating prefix script '/home/ali/Desktop/Ros2_Control/install/local_setup.bash'
[1.284s] [34mcolcon.colcon_core.shell[0m [1;30mINFO[0m Creating prefix chain script '/home/ali/Desktop/Ros2_Control/install/setup.bash'
[1.285s] [34mcolcon.colcon_core.shell[0m [1;30mINFO[0m Creating prefix script '/home/ali/Desktop/Ros2_Control/install/local_setup.zsh'
[1.285s] [34mcolcon.colcon_core.shell[0m [1;30mINFO[0m Creating prefix chain script '/home/ali/Desktop/Ros2_Control/install/setup.zsh'
