[0.011s] Invoking command in '/home/ali/Desktop/Ros2_Control/build/aero_description': CMAKE_PREFIX_PATH=${CMAKE_PREFIX_PATH}:/home/ali/Desktop/Ros2_Control/install/aero_arm_control:/opt/ros/humble /usr/bin/cmake /home/ali/Desktop/Ros2_Control/src/aero_description -DAMENT_CMAKE_SYMLINK_INSTALL=1 -DCMAKE_INSTALL_PREFIX=/home/ali/Desktop/Ros2_Control/install/aero_description
[0.032s] -- Found ament_cmake: 1.3.12 (/opt/ros/humble/share/ament_cmake/cmake)
[0.158s] -- Override CMake install command with custom implementation using symlinks instead of copying resources
[0.245s] -- Configuring done
[0.249s] -- Generating done
[0.252s] -- Build files have been written to: /home/ali/Desktop/Ros2_Control/build/aero_description
[0.256s] Invoked command in '/home/ali/Desktop/Ros2_Control/build/aero_description' returned '0': CMAKE_PREFIX_PATH=${CMAKE_PREFIX_PATH}:/home/ali/Desktop/Ros2_Control/install/aero_arm_control:/opt/ros/humble /usr/bin/cmake /home/ali/Desktop/Ros2_Control/src/aero_description -DAMENT_CMAKE_SYMLINK_INSTALL=1 -DCMAKE_INSTALL_PREFIX=/home/ali/Desktop/Ros2_Control/install/aero_description
[0.259s] Invoking command in '/home/ali/Desktop/Ros2_Control/build/aero_description': CMAKE_PREFIX_PATH=${CMAKE_PREFIX_PATH}:/home/ali/Desktop/Ros2_Control/install/aero_arm_control:/opt/ros/humble /usr/bin/cmake --build /home/ali/Desktop/Ros2_Control/build/aero_description -- -j20 -l20
[0.294s] Invoked command in '/home/ali/Desktop/Ros2_Control/build/aero_description' returned '0': CMAKE_PREFIX_PATH=${CMAKE_PREFIX_PATH}:/home/ali/Desktop/Ros2_Control/install/aero_arm_control:/opt/ros/humble /usr/bin/cmake --build /home/ali/Desktop/Ros2_Control/build/aero_description -- -j20 -l20
[0.303s] Invoking command in '/home/ali/Desktop/Ros2_Control/build/aero_description': CMAKE_PREFIX_PATH=${CMAKE_PREFIX_PATH}:/home/ali/Desktop/Ros2_Control/install/aero_arm_control:/opt/ros/humble /usr/bin/cmake --install /home/ali/Desktop/Ros2_Control/build/aero_description
[0.311s] -- Install configuration: ""
[0.311s] -- Execute custom install script
[0.312s] -- Up-to-date symlink: /home/ali/Desktop/Ros2_Control/install/aero_description/share/aero_description//urdf/aero.gazebo.xacro
[0.312s] -- Up-to-date symlink: /home/ali/Desktop/Ros2_Control/install/aero_description/share/aero_description//urdf/aero.ignition.xacro
[0.312s] -- Up-to-date symlink: /home/ali/Desktop/Ros2_Control/install/aero_description/share/aero_description//urdf/aero.urdf.xacro
[0.312s] -- Up-to-date symlink: /home/ali/Desktop/Ros2_Control/install/aero_description/share/aero_description//urdf/aero.webots.xacro
[0.312s] -- Up-to-date symlink: /home/ali/Desktop/Ros2_Control/install/aero_description/share/aero_description//urdf/aero_base.xacro
[0.313s] -- Up-to-date symlink: /home/ali/Desktop/Ros2_Control/install/aero_description/share/aero_description//urdf/arm/arm.urdf.xacro
[0.313s] -- Up-to-date symlink: /home/ali/Desktop/Ros2_Control/install/aero_description/share/aero_description//urdf/common_properties.xacro
[0.313s] -- Up-to-date symlink: /home/ali/Desktop/Ros2_Control/install/aero_description/share/aero_description//urdf/mobile_base.ros2_control.xacro
[0.313s] -- Up-to-date symlink: /home/ali/Desktop/Ros2_Control/install/aero_description/share/aero_description//launch/arm.display.launch.py
[0.314s] -- Up-to-date symlink: /home/ali/Desktop/Ros2_Control/install/aero_description/share/aero_description//launch/display.launch.py
[0.314s] -- Up-to-date symlink: /home/ali/Desktop/Ros2_Control/install/aero_description/share/aero_description//rviz/urdf_config.rviz
[0.314s] -- Up-to-date symlink: /home/ali/Desktop/Ros2_Control/install/aero_description/share/aero_description//meshes/LINK1.stl
[0.314s] -- Up-to-date symlink: /home/ali/Desktop/Ros2_Control/install/aero_description/share/aero_description//meshes/LINK2.stl
[0.315s] -- Up-to-date symlink: /home/ali/Desktop/Ros2_Control/install/aero_description/share/aero_description//meshes/LINK3.stl
[0.315s] -- Up-to-date symlink: /home/ali/Desktop/Ros2_Control/install/aero_description/share/aero_description//meshes/LINK4.stl
[0.315s] -- Up-to-date symlink: /home/ali/Desktop/Ros2_Control/install/aero_description/share/aero_description//meshes/arm_base_link.stl
[0.315s] -- Up-to-date symlink: /home/ali/Desktop/Ros2_Control/install/aero_description/share/aero_description//meshes/arm_end.stl
[0.315s] -- Up-to-date symlink: /home/ali/Desktop/Ros2_Control/install/aero_description/share/aero_description//meshes/base_link.STL
[0.315s] -- Up-to-date symlink: /home/ali/Desktop/Ros2_Control/install/aero_description/share/aero_description//meshes/base_link.stl.new
[0.316s] -- Up-to-date symlink: /home/ali/Desktop/Ros2_Control/install/aero_description/share/aero_description//meshes/link_lb.STL
[0.316s] -- Up-to-date symlink: /home/ali/Desktop/Ros2_Control/install/aero_description/share/aero_description//meshes/link_lf.STL
[0.316s] -- Up-to-date symlink: /home/ali/Desktop/Ros2_Control/install/aero_description/share/aero_description//meshes/link_rb.STL
[0.316s] -- Up-to-date symlink: /home/ali/Desktop/Ros2_Control/install/aero_description/share/aero_description//meshes/link_rf.STL
[0.316s] -- Up-to-date symlink: /home/ali/Desktop/Ros2_Control/install/aero_description/share/ament_index/resource_index/package_run_dependencies/aero_description
[0.316s] -- Up-to-date symlink: /home/ali/Desktop/Ros2_Control/install/aero_description/share/ament_index/resource_index/parent_prefix_path/aero_description
[0.316s] -- Up-to-date symlink: /home/ali/Desktop/Ros2_Control/install/aero_description/share/aero_description/environment/ament_prefix_path.sh
[0.316s] -- Up-to-date symlink: /home/ali/Desktop/Ros2_Control/install/aero_description/share/aero_description/environment/ament_prefix_path.dsv
[0.317s] -- Up-to-date symlink: /home/ali/Desktop/Ros2_Control/install/aero_description/share/aero_description/environment/path.sh
[0.317s] -- Up-to-date symlink: /home/ali/Desktop/Ros2_Control/install/aero_description/share/aero_description/environment/path.dsv
[0.317s] -- Up-to-date symlink: /home/ali/Desktop/Ros2_Control/install/aero_description/share/aero_description/local_setup.bash
[0.317s] -- Up-to-date symlink: /home/ali/Desktop/Ros2_Control/install/aero_description/share/aero_description/local_setup.sh
[0.318s] -- Up-to-date symlink: /home/ali/Desktop/Ros2_Control/install/aero_description/share/aero_description/local_setup.zsh
[0.318s] -- Up-to-date symlink: /home/ali/Desktop/Ros2_Control/install/aero_description/share/aero_description/local_setup.dsv
[0.318s] -- Symlinking: /home/ali/Desktop/Ros2_Control/install/aero_description/share/aero_description/package.dsv
[0.330s] -- Up-to-date symlink: /home/ali/Desktop/Ros2_Control/install/aero_description/share/ament_index/resource_index/packages/aero_description
[0.330s] -- Up-to-date symlink: /home/ali/Desktop/Ros2_Control/install/aero_description/share/aero_description/cmake/aero_descriptionConfig.cmake
[0.330s] -- Up-to-date symlink: /home/ali/Desktop/Ros2_Control/install/aero_description/share/aero_description/cmake/aero_descriptionConfig-version.cmake
[0.330s] -- Up-to-date symlink: /home/ali/Desktop/Ros2_Control/install/aero_description/share/aero_description/package.xml
[0.332s] Invoked command in '/home/ali/Desktop/Ros2_Control/build/aero_description' returned '0': CMAKE_PREFIX_PATH=${CMAKE_PREFIX_PATH}:/home/ali/Desktop/Ros2_Control/install/aero_arm_control:/opt/ros/humble /usr/bin/cmake --install /home/ali/Desktop/Ros2_Control/build/aero_description
