[0.011s] Invoking command in '/home/ali/Desktop/Ros2_Control/build/my_robot_bringup': CMAKE_PREFIX_PATH=/home/ali/Desktop/Ros2_Control/install/my_robot_description:/home/ali/Desktop/Ros2_Control/install/my_robot_bringup:/home/ali/Desktop/Ros2_Control/install/aero_moveit_config:/home/ali/Desktop/Ros2_Control/install/aero_bringup:/home/ali/Desktop/Ros2_Control/install/aero_description:/opt/ros/humble /usr/bin/cmake /home/ali/Desktop/Ros2_Control/src/my_robot_bringup -DAMENT_CMAKE_SYMLINK_INSTALL=1 -DCMAKE_INSTALL_PREFIX=/home/ali/Desktop/Ros2_Control/install/my_robot_bringup
[0.087s] -- The C compiler identification is GNU 11.4.0
[0.157s] -- The CXX compiler identification is GNU 11.4.0
[0.167s] -- Detecting C compiler ABI info
[0.245s] -- Detecting C compiler ABI info - done
[0.254s] -- Check for working C compiler: /usr/bin/cc - skipped
[0.254s] -- Detecting C compile features
[0.255s] -- Detecting C compile features - done
[0.258s] -- Detecting CXX compiler ABI info
[0.350s] -- Detecting CXX compiler ABI info - done
[0.358s] -- Check for working CXX compiler: /usr/bin/c++ - skipped
[0.359s] -- Detecting CXX compile features
[0.359s] -- Detecting CXX compile features - done
[0.361s] -- Found ament_cmake: 1.3.12 (/opt/ros/humble/share/ament_cmake/cmake)
[0.563s] -- Found Python3: /usr/bin/python3 (found version "3.10.12") found components: Interpreter 
[0.633s] -- Override CMake install command with custom implementation using symlinks instead of copying resources
[0.660s] -- Found ament_lint_auto: 0.12.14 (/opt/ros/humble/share/ament_lint_auto/cmake)
[0.739s] -- Added test 'flake8' to check Python code syntax and style conventions
[0.739s] -- Added test 'lint_cmake' to check CMake code style
[0.740s] -- Added test 'pep257' to check Python code against some of the docstring style conventions in PEP 257
[0.741s] -- Added test 'xmllint' to check XML markup files
[0.742s] -- Configuring done
[0.744s] -- Generating done
[0.746s] -- Build files have been written to: /home/ali/Desktop/Ros2_Control/build/my_robot_bringup
[0.750s] Invoked command in '/home/ali/Desktop/Ros2_Control/build/my_robot_bringup' returned '0': CMAKE_PREFIX_PATH=/home/ali/Desktop/Ros2_Control/install/my_robot_description:/home/ali/Desktop/Ros2_Control/install/my_robot_bringup:/home/ali/Desktop/Ros2_Control/install/aero_moveit_config:/home/ali/Desktop/Ros2_Control/install/aero_bringup:/home/ali/Desktop/Ros2_Control/install/aero_description:/opt/ros/humble /usr/bin/cmake /home/ali/Desktop/Ros2_Control/src/my_robot_bringup -DAMENT_CMAKE_SYMLINK_INSTALL=1 -DCMAKE_INSTALL_PREFIX=/home/ali/Desktop/Ros2_Control/install/my_robot_bringup
[0.753s] Invoking command in '/home/ali/Desktop/Ros2_Control/build/my_robot_bringup': CMAKE_PREFIX_PATH=/home/ali/Desktop/Ros2_Control/install/my_robot_description:/home/ali/Desktop/Ros2_Control/install/my_robot_bringup:/home/ali/Desktop/Ros2_Control/install/aero_moveit_config:/home/ali/Desktop/Ros2_Control/install/aero_bringup:/home/ali/Desktop/Ros2_Control/install/aero_description:/opt/ros/humble /usr/bin/cmake --build /home/ali/Desktop/Ros2_Control/build/my_robot_bringup -- -j20 -l20
[0.795s] Invoked command in '/home/ali/Desktop/Ros2_Control/build/my_robot_bringup' returned '0': CMAKE_PREFIX_PATH=/home/ali/Desktop/Ros2_Control/install/my_robot_description:/home/ali/Desktop/Ros2_Control/install/my_robot_bringup:/home/ali/Desktop/Ros2_Control/install/aero_moveit_config:/home/ali/Desktop/Ros2_Control/install/aero_bringup:/home/ali/Desktop/Ros2_Control/install/aero_description:/opt/ros/humble /usr/bin/cmake --build /home/ali/Desktop/Ros2_Control/build/my_robot_bringup -- -j20 -l20
[0.798s] Invoking command in '/home/ali/Desktop/Ros2_Control/build/my_robot_bringup': CMAKE_PREFIX_PATH=/home/ali/Desktop/Ros2_Control/install/my_robot_description:/home/ali/Desktop/Ros2_Control/install/my_robot_bringup:/home/ali/Desktop/Ros2_Control/install/aero_moveit_config:/home/ali/Desktop/Ros2_Control/install/aero_bringup:/home/ali/Desktop/Ros2_Control/install/aero_description:/opt/ros/humble /usr/bin/cmake --install /home/ali/Desktop/Ros2_Control/build/my_robot_bringup
[0.804s] -- Install configuration: ""
[0.805s] -- Execute custom install script
[0.805s] -- Symlinking: /home/ali/Desktop/Ros2_Control/install/my_robot_bringup/share/my_robot_bringup//launch/ignition.launch.py
[0.818s] -- Symlinking: /home/ali/Desktop/Ros2_Control/install/my_robot_bringup/share/my_robot_bringup//launch/my_robot.launch.py
[0.829s] -- Symlinking: /home/ali/Desktop/Ros2_Control/install/my_robot_bringup/share/my_robot_bringup//launch/ps4_teleop.launch.py
[0.838s] -- Symlinking: /home/ali/Desktop/Ros2_Control/install/my_robot_bringup/share/my_robot_bringup//config/99-dualshock4.rules
[0.845s] -- Symlinking: /home/ali/Desktop/Ros2_Control/install/my_robot_bringup/share/my_robot_bringup//config/ignition.yaml
[0.854s] -- Symlinking: /home/ali/Desktop/Ros2_Control/install/my_robot_bringup/share/my_robot_bringup//config/my_robot_controllers.yaml
[0.863s] -- Symlinking: /home/ali/Desktop/Ros2_Control/install/my_robot_bringup/share/my_robot_bringup//config/ps4_teleop.yaml
[0.872s] -- Symlinking: /home/ali/Desktop/Ros2_Control/install/my_robot_bringup/lib/my_robot_bringup/ps4_rover_teleop.py
[0.881s] -- Symlinking: /home/ali/Desktop/Ros2_Control/install/my_robot_bringup/lib/my_robot_bringup/ps4_arm_teleop.py
[0.889s] -- Symlinking: /home/ali/Desktop/Ros2_Control/install/my_robot_bringup/share/ament_index/resource_index/package_run_dependencies/my_robot_bringup
[0.896s] -- Symlinking: /home/ali/Desktop/Ros2_Control/install/my_robot_bringup/share/ament_index/resource_index/parent_prefix_path/my_robot_bringup
[0.904s] -- Symlinking: /home/ali/Desktop/Ros2_Control/install/my_robot_bringup/share/my_robot_bringup/environment/ament_prefix_path.sh
[0.910s] -- Symlinking: /home/ali/Desktop/Ros2_Control/install/my_robot_bringup/share/my_robot_bringup/environment/ament_prefix_path.dsv
[0.917s] -- Symlinking: /home/ali/Desktop/Ros2_Control/install/my_robot_bringup/share/my_robot_bringup/environment/path.sh
[0.924s] -- Symlinking: /home/ali/Desktop/Ros2_Control/install/my_robot_bringup/share/my_robot_bringup/environment/path.dsv
[0.932s] -- Symlinking: /home/ali/Desktop/Ros2_Control/install/my_robot_bringup/share/my_robot_bringup/local_setup.bash
[0.939s] -- Symlinking: /home/ali/Desktop/Ros2_Control/install/my_robot_bringup/share/my_robot_bringup/local_setup.sh
[0.946s] -- Symlinking: /home/ali/Desktop/Ros2_Control/install/my_robot_bringup/share/my_robot_bringup/local_setup.zsh
[0.955s] -- Symlinking: /home/ali/Desktop/Ros2_Control/install/my_robot_bringup/share/my_robot_bringup/local_setup.dsv
[0.963s] -- Symlinking: /home/ali/Desktop/Ros2_Control/install/my_robot_bringup/share/my_robot_bringup/package.dsv
[0.972s] -- Symlinking: /home/ali/Desktop/Ros2_Control/install/my_robot_bringup/share/ament_index/resource_index/packages/my_robot_bringup
[0.980s] -- Symlinking: /home/ali/Desktop/Ros2_Control/install/my_robot_bringup/share/my_robot_bringup/cmake/my_robot_bringupConfig.cmake
[0.986s] -- Symlinking: /home/ali/Desktop/Ros2_Control/install/my_robot_bringup/share/my_robot_bringup/cmake/my_robot_bringupConfig-version.cmake
[0.992s] -- Symlinking: /home/ali/Desktop/Ros2_Control/install/my_robot_bringup/share/my_robot_bringup/package.xml
[1.000s] Invoked command in '/home/ali/Desktop/Ros2_Control/build/my_robot_bringup' returned '0': CMAKE_PREFIX_PATH=/home/ali/Desktop/Ros2_Control/install/my_robot_description:/home/ali/Desktop/Ros2_Control/install/my_robot_bringup:/home/ali/Desktop/Ros2_Control/install/aero_moveit_config:/home/ali/Desktop/Ros2_Control/install/aero_bringup:/home/ali/Desktop/Ros2_Control/install/aero_description:/opt/ros/humble /usr/bin/cmake --install /home/ali/Desktop/Ros2_Control/build/my_robot_bringup
