running egg_info
writing ../../build/aero_arm_control/aero_arm_control.egg-info/PKG-INFO
writing dependency_links to ../../build/aero_arm_control/aero_arm_control.egg-info/dependency_links.txt
writing entry points to ../../build/aero_arm_control/aero_arm_control.egg-info/entry_points.txt
writing requirements to ../../build/aero_arm_control/aero_arm_control.egg-info/requires.txt
writing top-level names to ../../build/aero_arm_control/aero_arm_control.egg-info/top_level.txt
reading manifest file '../../build/aero_arm_control/aero_arm_control.egg-info/SOURCES.txt'
writing manifest file '../../build/aero_arm_control/aero_arm_control.egg-info/SOURCES.txt'
running build
running build_py
running install
running install_lib
running install_data
running install_egg_info
removing '/home/ali/Desktop/Ros2_Control/install/aero_arm_control/lib/python3.10/site-packages/aero_arm_control-0.0.0-py3.10.egg-info' (and everything under it)
Copying ../../build/aero_arm_control/aero_arm_control.egg-info to /home/ali/Desktop/Ros2_Control/install/aero_arm_control/lib/python3.10/site-packages/aero_arm_control-0.0.0-py3.10.egg-info
running install_scripts
Installing arm_teleop script to /home/ali/Desktop/Ros2_Control/install/aero_arm_control/lib/aero_arm_control
Installing ps4_rover_controller script to /home/ali/Desktop/Ros2_Control/install/aero_arm_control/lib/aero_arm_control
writing list of installed files to '/home/ali/Desktop/Ros2_Control/build/aero_arm_control/install.log'
