[0.007s] Invoking command in '/home/ali/Desktop/Ros2_Control/src/build/my_robot_bringup': AMENT_PREFIX_PATH=/home/ali/Desktop/Ros2_Control/src/install/my_robot_description:${AMENT_PREFIX_PATH} CMAKE_PREFIX_PATH=/home/ali/Desktop/Ros2_Control/src/install/my_robot_description:/home/ali/Desktop/Ros2_Control/install/my_robot_bringup:/home/ali/Desktop/Ros2_Control/install/my_robot_description:/home/ali/Desktop/Ros2_Control/install/aero_moveit_config:/home/ali/Desktop/Ros2_Control/install/aero_bringup:/home/ali/Desktop/Ros2_Control/install/aero_description:/opt/ros/humble /usr/bin/cmake /home/ali/Desktop/Ros2_Control/src/my_robot_bringup -DCMAKE_INSTALL_PREFIX=/home/ali/Desktop/Ros2_Control/src/install/my_robot_bringup
[0.061s] -- The C compiler identification is GNU 11.4.0
[0.115s] -- The CXX compiler identification is GNU 11.4.0
[0.121s] -- Detecting C compiler ABI info
[0.184s] -- Detecting C compiler ABI info - done
[0.191s] -- Check for working C compiler: /usr/bin/cc - skipped
[0.191s] -- Detecting C compile features
[0.191s] -- Detecting C compile features - done
[0.194s] -- Detecting CXX compiler ABI info
[0.280s] -- Detecting CXX compiler ABI info - done
[0.288s] -- Check for working CXX compiler: /usr/bin/c++ - skipped
[0.288s] -- Detecting CXX compile features
[0.289s] -- Detecting CXX compile features - done
[0.291s] -- Found ament_cmake: 1.3.12 (/opt/ros/humble/share/ament_cmake/cmake)
[0.435s] -- Found Python3: /usr/bin/python3 (found version "3.10.12") found components: Interpreter 
[0.518s] -- Found ament_lint_auto: 0.12.14 (/opt/ros/humble/share/ament_lint_auto/cmake)
[0.596s] -- Added test 'flake8' to check Python code syntax and style conventions
[0.597s] -- Added test 'lint_cmake' to check CMake code style
[0.598s] -- Added test 'pep257' to check Python code against some of the docstring style conventions in PEP 257
[0.599s] -- Added test 'xmllint' to check XML markup files
[0.600s] -- Configuring done
[0.603s] -- Generating done
[0.605s] -- Build files have been written to: /home/ali/Desktop/Ros2_Control/src/build/my_robot_bringup
[0.612s] Invoked command in '/home/ali/Desktop/Ros2_Control/src/build/my_robot_bringup' returned '0': AMENT_PREFIX_PATH=/home/ali/Desktop/Ros2_Control/src/install/my_robot_description:${AMENT_PREFIX_PATH} CMAKE_PREFIX_PATH=/home/ali/Desktop/Ros2_Control/src/install/my_robot_description:/home/ali/Desktop/Ros2_Control/install/my_robot_bringup:/home/ali/Desktop/Ros2_Control/install/my_robot_description:/home/ali/Desktop/Ros2_Control/install/aero_moveit_config:/home/ali/Desktop/Ros2_Control/install/aero_bringup:/home/ali/Desktop/Ros2_Control/install/aero_description:/opt/ros/humble /usr/bin/cmake /home/ali/Desktop/Ros2_Control/src/my_robot_bringup -DCMAKE_INSTALL_PREFIX=/home/ali/Desktop/Ros2_Control/src/install/my_robot_bringup
[0.612s] Invoking command in '/home/ali/Desktop/Ros2_Control/src/build/my_robot_bringup': AMENT_PREFIX_PATH=/home/ali/Desktop/Ros2_Control/src/install/my_robot_description:${AMENT_PREFIX_PATH} CMAKE_PREFIX_PATH=/home/ali/Desktop/Ros2_Control/src/install/my_robot_description:/home/ali/Desktop/Ros2_Control/install/my_robot_bringup:/home/ali/Desktop/Ros2_Control/install/my_robot_description:/home/ali/Desktop/Ros2_Control/install/aero_moveit_config:/home/ali/Desktop/Ros2_Control/install/aero_bringup:/home/ali/Desktop/Ros2_Control/install/aero_description:/opt/ros/humble /usr/bin/cmake --build /home/ali/Desktop/Ros2_Control/src/build/my_robot_bringup -- -j20 -l20
[0.682s] Invoked command in '/home/ali/Desktop/Ros2_Control/src/build/my_robot_bringup' returned '0': AMENT_PREFIX_PATH=/home/ali/Desktop/Ros2_Control/src/install/my_robot_description:${AMENT_PREFIX_PATH} CMAKE_PREFIX_PATH=/home/ali/Desktop/Ros2_Control/src/install/my_robot_description:/home/ali/Desktop/Ros2_Control/install/my_robot_bringup:/home/ali/Desktop/Ros2_Control/install/my_robot_description:/home/ali/Desktop/Ros2_Control/install/aero_moveit_config:/home/ali/Desktop/Ros2_Control/install/aero_bringup:/home/ali/Desktop/Ros2_Control/install/aero_description:/opt/ros/humble /usr/bin/cmake --build /home/ali/Desktop/Ros2_Control/src/build/my_robot_bringup -- -j20 -l20
[0.682s] Invoking command in '/home/ali/Desktop/Ros2_Control/src/build/my_robot_bringup': AMENT_PREFIX_PATH=/home/ali/Desktop/Ros2_Control/src/install/my_robot_description:${AMENT_PREFIX_PATH} CMAKE_PREFIX_PATH=/home/ali/Desktop/Ros2_Control/src/install/my_robot_description:/home/ali/Desktop/Ros2_Control/install/my_robot_bringup:/home/ali/Desktop/Ros2_Control/install/my_robot_description:/home/ali/Desktop/Ros2_Control/install/aero_moveit_config:/home/ali/Desktop/Ros2_Control/install/aero_bringup:/home/ali/Desktop/Ros2_Control/install/aero_description:/opt/ros/humble /usr/bin/cmake --install /home/ali/Desktop/Ros2_Control/src/build/my_robot_bringup
[0.692s] -- Install configuration: ""
[0.692s] -- Installing: /home/ali/Desktop/Ros2_Control/src/install/my_robot_bringup/share/my_robot_bringup//launch
[0.692s] -- Installing: /home/ali/Desktop/Ros2_Control/src/install/my_robot_bringup/share/my_robot_bringup//launch/my_robot.launch.py
[0.692s] -- Installing: /home/ali/Desktop/Ros2_Control/src/install/my_robot_bringup/share/my_robot_bringup//launch/ps4_teleop.launch.py
[0.692s] -- Installing: /home/ali/Desktop/Ros2_Control/src/install/my_robot_bringup/share/my_robot_bringup//launch/ignition.launch.py
[0.692s] -- Installing: /home/ali/Desktop/Ros2_Control/src/install/my_robot_bringup/share/my_robot_bringup//config
[0.692s] -- Installing: /home/ali/Desktop/Ros2_Control/src/install/my_robot_bringup/share/my_robot_bringup//config/my_robot_controllers.yaml
[0.692s] -- Installing: /home/ali/Desktop/Ros2_Control/src/install/my_robot_bringup/share/my_robot_bringup//config/99-dualshock4.rules
[0.692s] -- Installing: /home/ali/Desktop/Ros2_Control/src/install/my_robot_bringup/share/my_robot_bringup//config/ignition.yaml
[0.692s] -- Installing: /home/ali/Desktop/Ros2_Control/src/install/my_robot_bringup/share/my_robot_bringup//config/ps4_teleop.yaml
[0.693s] -- Installing: /home/ali/Desktop/Ros2_Control/src/install/my_robot_bringup/lib/my_robot_bringup/ps4_rover_teleop.py
[0.693s] -- Installing: /home/ali/Desktop/Ros2_Control/src/install/my_robot_bringup/lib/my_robot_bringup/ps4_arm_teleop.py
[0.693s] -- Installing: /home/ali/Desktop/Ros2_Control/src/install/my_robot_bringup/share/ament_index/resource_index/package_run_dependencies/my_robot_bringup
[0.694s] -- Installing: /home/ali/Desktop/Ros2_Control/src/install/my_robot_bringup/share/ament_index/resource_index/parent_prefix_path/my_robot_bringup
[0.694s] -- Installing: /home/ali/Desktop/Ros2_Control/src/install/my_robot_bringup/share/my_robot_bringup/environment/ament_prefix_path.sh
[0.694s] -- Installing: /home/ali/Desktop/Ros2_Control/src/install/my_robot_bringup/share/my_robot_bringup/environment/ament_prefix_path.dsv
[0.694s] -- Installing: /home/ali/Desktop/Ros2_Control/src/install/my_robot_bringup/share/my_robot_bringup/environment/path.sh
[0.694s] -- Installing: /home/ali/Desktop/Ros2_Control/src/install/my_robot_bringup/share/my_robot_bringup/environment/path.dsv
[0.695s] -- Installing: /home/ali/Desktop/Ros2_Control/src/install/my_robot_bringup/share/my_robot_bringup/local_setup.bash
[0.695s] -- Installing: /home/ali/Desktop/Ros2_Control/src/install/my_robot_bringup/share/my_robot_bringup/local_setup.sh
[0.695s] -- Installing: /home/ali/Desktop/Ros2_Control/src/install/my_robot_bringup/share/my_robot_bringup/local_setup.zsh
[0.695s] -- Installing: /home/ali/Desktop/Ros2_Control/src/install/my_robot_bringup/share/my_robot_bringup/local_setup.dsv
[0.695s] -- Installing: /home/ali/Desktop/Ros2_Control/src/install/my_robot_bringup/share/my_robot_bringup/package.dsv
[0.695s] -- Installing: /home/ali/Desktop/Ros2_Control/src/install/my_robot_bringup/share/ament_index/resource_index/packages/my_robot_bringup
[0.695s] -- Installing: /home/ali/Desktop/Ros2_Control/src/install/my_robot_bringup/share/my_robot_bringup/cmake/my_robot_bringupConfig.cmake
[0.695s] -- Installing: /home/ali/Desktop/Ros2_Control/src/install/my_robot_bringup/share/my_robot_bringup/cmake/my_robot_bringupConfig-version.cmake
[0.695s] -- Installing: /home/ali/Desktop/Ros2_Control/src/install/my_robot_bringup/share/my_robot_bringup/package.xml
[0.697s] Invoked command in '/home/ali/Desktop/Ros2_Control/src/build/my_robot_bringup' returned '0': AMENT_PREFIX_PATH=/home/ali/Desktop/Ros2_Control/src/install/my_robot_description:${AMENT_PREFIX_PATH} CMAKE_PREFIX_PATH=/home/ali/Desktop/Ros2_Control/src/install/my_robot_description:/home/ali/Desktop/Ros2_Control/install/my_robot_bringup:/home/ali/Desktop/Ros2_Control/install/my_robot_description:/home/ali/Desktop/Ros2_Control/install/aero_moveit_config:/home/ali/Desktop/Ros2_Control/install/aero_bringup:/home/ali/Desktop/Ros2_Control/install/aero_description:/opt/ros/humble /usr/bin/cmake --install /home/ali/Desktop/Ros2_Control/src/build/my_robot_bringup
