[0.022s] Invoking command in '/home/ali/Desktop/Ros2_Control/build/my_robot_bringup': CMAKE_PREFIX_PATH=/home/ali/Desktop/Ros2_Control/install/my_robot_description:/home/ali/Desktop/Ros2_Control/install/my_robot_bringup:/home/ali/Desktop/Ros2_Control/install/aero_moveit_config:/home/ali/Desktop/Ros2_Control/install/aero_bringup:/home/ali/Desktop/Ros2_Control/install/aero_description:/opt/ros/humble /usr/bin/cmake /home/ali/Desktop/Ros2_Control/src/my_robot_bringup -DAMENT_CMAKE_SYMLINK_INSTALL=1 -DCMAKE_INSTALL_PREFIX=/home/ali/Desktop/Ros2_Control/install/my_robot_bringup
[0.032s] -- Found ament_cmake: 1.3.12 (/opt/ros/humble/share/ament_cmake/cmake)
[0.135s] -- Override CMake install command with custom implementation using symlinks instead of copying resources
[0.141s] -- Found ament_lint_auto: 0.12.14 (/opt/ros/humble/share/ament_lint_auto/cmake)
[0.190s] -- Added test 'flake8' to check Python code syntax and style conventions
[0.190s] -- Added test 'lint_cmake' to check CMake code style
[0.191s] -- Added test 'pep257' to check Python code against some of the docstring style conventions in PEP 257
[0.191s] -- Added test 'xmllint' to check XML markup files
[0.192s] -- Configuring done
[0.194s] -- Generating done
[0.195s] -- Build files have been written to: /home/ali/Desktop/Ros2_Control/build/my_robot_bringup
[0.199s] Invoked command in '/home/ali/Desktop/Ros2_Control/build/my_robot_bringup' returned '0': CMAKE_PREFIX_PATH=/home/ali/Desktop/Ros2_Control/install/my_robot_description:/home/ali/Desktop/Ros2_Control/install/my_robot_bringup:/home/ali/Desktop/Ros2_Control/install/aero_moveit_config:/home/ali/Desktop/Ros2_Control/install/aero_bringup:/home/ali/Desktop/Ros2_Control/install/aero_description:/opt/ros/humble /usr/bin/cmake /home/ali/Desktop/Ros2_Control/src/my_robot_bringup -DAMENT_CMAKE_SYMLINK_INSTALL=1 -DCMAKE_INSTALL_PREFIX=/home/ali/Desktop/Ros2_Control/install/my_robot_bringup
[0.200s] Invoking command in '/home/ali/Desktop/Ros2_Control/build/my_robot_bringup': CMAKE_PREFIX_PATH=/home/ali/Desktop/Ros2_Control/install/my_robot_description:/home/ali/Desktop/Ros2_Control/install/my_robot_bringup:/home/ali/Desktop/Ros2_Control/install/aero_moveit_config:/home/ali/Desktop/Ros2_Control/install/aero_bringup:/home/ali/Desktop/Ros2_Control/install/aero_description:/opt/ros/humble /usr/bin/cmake --build /home/ali/Desktop/Ros2_Control/build/my_robot_bringup -- -j20 -l20
[0.233s] Invoked command in '/home/ali/Desktop/Ros2_Control/build/my_robot_bringup' returned '0': CMAKE_PREFIX_PATH=/home/ali/Desktop/Ros2_Control/install/my_robot_description:/home/ali/Desktop/Ros2_Control/install/my_robot_bringup:/home/ali/Desktop/Ros2_Control/install/aero_moveit_config:/home/ali/Desktop/Ros2_Control/install/aero_bringup:/home/ali/Desktop/Ros2_Control/install/aero_description:/opt/ros/humble /usr/bin/cmake --build /home/ali/Desktop/Ros2_Control/build/my_robot_bringup -- -j20 -l20
[0.233s] Invoking command in '/home/ali/Desktop/Ros2_Control/build/my_robot_bringup': CMAKE_PREFIX_PATH=/home/ali/Desktop/Ros2_Control/install/my_robot_description:/home/ali/Desktop/Ros2_Control/install/my_robot_bringup:/home/ali/Desktop/Ros2_Control/install/aero_moveit_config:/home/ali/Desktop/Ros2_Control/install/aero_bringup:/home/ali/Desktop/Ros2_Control/install/aero_description:/opt/ros/humble /usr/bin/cmake --install /home/ali/Desktop/Ros2_Control/build/my_robot_bringup
[0.238s] -- Install configuration: ""
[0.238s] -- Execute custom install script
[0.239s] -- Up-to-date symlink: /home/ali/Desktop/Ros2_Control/install/my_robot_bringup/share/my_robot_bringup//launch/ignition.launch.py
[0.239s] -- Up-to-date symlink: /home/ali/Desktop/Ros2_Control/install/my_robot_bringup/share/my_robot_bringup//launch/my_robot.launch.py
[0.239s] -- Up-to-date symlink: /home/ali/Desktop/Ros2_Control/install/my_robot_bringup/share/my_robot_bringup//launch/ps4_teleop.launch.py
[0.239s] -- Up-to-date symlink: /home/ali/Desktop/Ros2_Control/install/my_robot_bringup/share/my_robot_bringup//config/99-dualshock4.rules
[0.239s] -- Up-to-date symlink: /home/ali/Desktop/Ros2_Control/install/my_robot_bringup/share/my_robot_bringup//config/ignition.yaml
[0.239s] -- Up-to-date symlink: /home/ali/Desktop/Ros2_Control/install/my_robot_bringup/share/my_robot_bringup//config/my_robot_controllers.yaml
[0.240s] -- Up-to-date symlink: /home/ali/Desktop/Ros2_Control/install/my_robot_bringup/share/my_robot_bringup//config/ps4_teleop.yaml
[0.240s] -- Up-to-date symlink: /home/ali/Desktop/Ros2_Control/install/my_robot_bringup/lib/my_robot_bringup/ps4_rover_teleop.py
[0.240s] -- Up-to-date symlink: /home/ali/Desktop/Ros2_Control/install/my_robot_bringup/lib/my_robot_bringup/ps4_arm_teleop.py
[0.240s] -- Up-to-date symlink: /home/ali/Desktop/Ros2_Control/install/my_robot_bringup/share/ament_index/resource_index/package_run_dependencies/my_robot_bringup
[0.240s] -- Up-to-date symlink: /home/ali/Desktop/Ros2_Control/install/my_robot_bringup/share/ament_index/resource_index/parent_prefix_path/my_robot_bringup
[0.240s] -- Up-to-date symlink: /home/ali/Desktop/Ros2_Control/install/my_robot_bringup/share/my_robot_bringup/environment/ament_prefix_path.sh
[0.240s] -- Up-to-date symlink: /home/ali/Desktop/Ros2_Control/install/my_robot_bringup/share/my_robot_bringup/environment/ament_prefix_path.dsv
[0.240s] -- Up-to-date symlink: /home/ali/Desktop/Ros2_Control/install/my_robot_bringup/share/my_robot_bringup/environment/path.sh
[0.240s] -- Up-to-date symlink: /home/ali/Desktop/Ros2_Control/install/my_robot_bringup/share/my_robot_bringup/environment/path.dsv
[0.240s] -- Up-to-date symlink: /home/ali/Desktop/Ros2_Control/install/my_robot_bringup/share/my_robot_bringup/local_setup.bash
[0.241s] -- Up-to-date symlink: /home/ali/Desktop/Ros2_Control/install/my_robot_bringup/share/my_robot_bringup/local_setup.sh
[0.241s] -- Up-to-date symlink: /home/ali/Desktop/Ros2_Control/install/my_robot_bringup/share/my_robot_bringup/local_setup.zsh
[0.241s] -- Up-to-date symlink: /home/ali/Desktop/Ros2_Control/install/my_robot_bringup/share/my_robot_bringup/local_setup.dsv
[0.241s] -- Symlinking: /home/ali/Desktop/Ros2_Control/install/my_robot_bringup/share/my_robot_bringup/package.dsv
[0.246s] -- Up-to-date symlink: /home/ali/Desktop/Ros2_Control/install/my_robot_bringup/share/ament_index/resource_index/packages/my_robot_bringup
[0.247s] -- Up-to-date symlink: /home/ali/Desktop/Ros2_Control/install/my_robot_bringup/share/my_robot_bringup/cmake/my_robot_bringupConfig.cmake
[0.247s] -- Up-to-date symlink: /home/ali/Desktop/Ros2_Control/install/my_robot_bringup/share/my_robot_bringup/cmake/my_robot_bringupConfig-version.cmake
[0.247s] -- Up-to-date symlink: /home/ali/Desktop/Ros2_Control/install/my_robot_bringup/share/my_robot_bringup/package.xml
[0.251s] Invoked command in '/home/ali/Desktop/Ros2_Control/build/my_robot_bringup' returned '0': CMAKE_PREFIX_PATH=/home/ali/Desktop/Ros2_Control/install/my_robot_description:/home/ali/Desktop/Ros2_Control/install/my_robot_bringup:/home/ali/Desktop/Ros2_Control/install/aero_moveit_config:/home/ali/Desktop/Ros2_Control/install/aero_bringup:/home/ali/Desktop/Ros2_Control/install/aero_description:/opt/ros/humble /usr/bin/cmake --install /home/ali/Desktop/Ros2_Control/build/my_robot_bringup
