[0.746s] Invoking command in '/home/ali/Desktop/Ros2_Control/build/aero_arm_control': PYTHONPATH=/home/ali/Desktop/Ros2_Control/build/aero_arm_control/prefix_override:/usr/lib/python3/dist-packages/colcon_core/task/python/colcon_distutils_commands:/home/ali/Desktop/Ros2_Control/install/aero_arm_control/lib/python3.10/site-packages:${PYTHONPATH} /usr/bin/python3 -W ignore:setup.py install is deprecated -W ignore:easy_install command is deprecated setup.py develop --uninstall --editable --build-directory /home/ali/Desktop/Ros2_Control/build/aero_arm_control/build
[1.010s] running develop
[1.201s] Removing /home/ali/Desktop/Ros2_Control/install/aero_arm_control/lib/python3.10/site-packages/aero-arm-control.egg-link (link to .)
[1.236s] Invoked command in '/home/ali/Desktop/Ros2_Control/build/aero_arm_control' returned '0': PYTHONPATH=/home/ali/Desktop/Ros2_Control/build/aero_arm_control/prefix_override:/usr/lib/python3/dist-packages/colcon_core/task/python/colcon_distutils_commands:/home/ali/Desktop/Ros2_Control/install/aero_arm_control/lib/python3.10/site-packages:${PYTHONPATH} /usr/bin/python3 -W ignore:setup.py install is deprecated -W ignore:easy_install command is deprecated setup.py develop --uninstall --editable --build-directory /home/ali/Desktop/Ros2_Control/build/aero_arm_control/build
[1.239s] Invoking command in '/home/ali/Desktop/Ros2_Control/src/aero_arm_control': PYTHONPATH=/home/ali/Desktop/Ros2_Control/build/aero_arm_control/prefix_override:/usr/lib/python3/dist-packages/colcon_core/task/python/colcon_distutils_commands:/home/ali/Desktop/Ros2_Control/install/aero_arm_control/lib/python3.10/site-packages:${PYTHONPATH} /usr/bin/python3 -W ignore:setup.py install is deprecated -W ignore:easy_install command is deprecated setup.py egg_info --egg-base ../../build/aero_arm_control build --build-base /home/ali/Desktop/Ros2_Control/build/aero_arm_control/build install --record /home/ali/Desktop/Ros2_Control/build/aero_arm_control/install.log --single-version-externally-managed install_data --force
[1.521s] running egg_info
[1.522s] writing ../../build/aero_arm_control/aero_arm_control.egg-info/PKG-INFO
[1.522s] writing dependency_links to ../../build/aero_arm_control/aero_arm_control.egg-info/dependency_links.txt
[1.522s] writing entry points to ../../build/aero_arm_control/aero_arm_control.egg-info/entry_points.txt
[1.522s] writing requirements to ../../build/aero_arm_control/aero_arm_control.egg-info/requires.txt
[1.522s] writing top-level names to ../../build/aero_arm_control/aero_arm_control.egg-info/top_level.txt
[1.525s] reading manifest file '../../build/aero_arm_control/aero_arm_control.egg-info/SOURCES.txt'
[1.526s] writing manifest file '../../build/aero_arm_control/aero_arm_control.egg-info/SOURCES.txt'
[1.526s] running build
[1.526s] running build_py
[1.526s] copying aero_arm_control/ps4_rover_controller.py -> /home/ali/Desktop/Ros2_Control/build/aero_arm_control/build/lib/aero_arm_control
[1.526s] running install
[1.526s] running install_lib
[1.527s] creating /home/ali/Desktop/Ros2_Control/install/aero_arm_control/lib/python3.10/site-packages/aero_arm_control
[1.527s] copying /home/ali/Desktop/Ros2_Control/build/aero_arm_control/build/lib/aero_arm_control/arm_teleop.py -> /home/ali/Desktop/Ros2_Control/install/aero_arm_control/lib/python3.10/site-packages/aero_arm_control
[1.527s] copying /home/ali/Desktop/Ros2_Control/build/aero_arm_control/build/lib/aero_arm_control/__init__.py -> /home/ali/Desktop/Ros2_Control/install/aero_arm_control/lib/python3.10/site-packages/aero_arm_control
[1.527s] copying /home/ali/Desktop/Ros2_Control/build/aero_arm_control/build/lib/aero_arm_control/ps4_rover_controller.py -> /home/ali/Desktop/Ros2_Control/install/aero_arm_control/lib/python3.10/site-packages/aero_arm_control
[1.528s] byte-compiling /home/ali/Desktop/Ros2_Control/install/aero_arm_control/lib/python3.10/site-packages/aero_arm_control/arm_teleop.py to arm_teleop.cpython-310.pyc
[1.529s] byte-compiling /home/ali/Desktop/Ros2_Control/install/aero_arm_control/lib/python3.10/site-packages/aero_arm_control/__init__.py to __init__.cpython-310.pyc
[1.529s] byte-compiling /home/ali/Desktop/Ros2_Control/install/aero_arm_control/lib/python3.10/site-packages/aero_arm_control/ps4_rover_controller.py to ps4_rover_controller.cpython-310.pyc
[1.530s] running install_data
[1.530s] copying resource/aero_arm_control -> /home/ali/Desktop/Ros2_Control/install/aero_arm_control/share/ament_index/resource_index/packages
[1.530s] copying package.xml -> /home/ali/Desktop/Ros2_Control/install/aero_arm_control/share/aero_arm_control
[1.530s] running install_egg_info
[1.532s] Copying ../../build/aero_arm_control/aero_arm_control.egg-info to /home/ali/Desktop/Ros2_Control/install/aero_arm_control/lib/python3.10/site-packages/aero_arm_control-0.0.0-py3.10.egg-info
[1.533s] running install_scripts
[1.554s] Installing arm_teleop script to /home/ali/Desktop/Ros2_Control/install/aero_arm_control/lib/aero_arm_control
[1.554s] Installing ps4_rover_controller script to /home/ali/Desktop/Ros2_Control/install/aero_arm_control/lib/aero_arm_control
[1.554s] writing list of installed files to '/home/ali/Desktop/Ros2_Control/build/aero_arm_control/install.log'
[1.582s] Invoked command in '/home/ali/Desktop/Ros2_Control/src/aero_arm_control' returned '0': PYTHONPATH=/home/ali/Desktop/Ros2_Control/build/aero_arm_control/prefix_override:/usr/lib/python3/dist-packages/colcon_core/task/python/colcon_distutils_commands:/home/ali/Desktop/Ros2_Control/install/aero_arm_control/lib/python3.10/site-packages:${PYTHONPATH} /usr/bin/python3 -W ignore:setup.py install is deprecated -W ignore:easy_install command is deprecated setup.py egg_info --egg-base ../../build/aero_arm_control build --build-base /home/ali/Desktop/Ros2_Control/build/aero_arm_control/build install --record /home/ali/Desktop/Ros2_Control/build/aero_arm_control/install.log --single-version-externally-managed install_data --force
