[0.008s] Invoking command in '/home/ali/Desktop/Ros2_Control/build/my_robot_description': CMAKE_PREFIX_PATH=${CMAKE_PREFIX_PATH}:/opt/ros/humble /usr/bin/cmake /home/ali/Desktop/Ros2_Control/src/my_robot_description -DAMENT_CMAKE_SYMLINK_INSTALL=1 -DCMAKE_INSTALL_PREFIX=/home/ali/Desktop/Ros2_Control/install/my_robot_description
[0.068s] -- The C compiler identification is GNU 11.4.0
[0.120s] -- The CXX compiler identification is GNU 11.4.0
[0.129s] -- Detecting C compiler ABI info
[0.219s] -- Detecting C compiler ABI info - done
[0.228s] -- Check for working C compiler: /usr/bin/cc - skipped
[0.229s] -- Detecting C compile features
[0.229s] -- Detecting C compile features - done
[0.232s] -- Detecting CXX compiler ABI info
[0.326s] -- Detecting CXX compiler ABI info - done
[0.335s] -- Check for working CXX compiler: /usr/bin/c++ - skipped
[0.335s] -- Detecting CXX compile features
[0.336s] -- Detecting CXX compile features - done
[0.338s] -- Found ament_cmake: 1.3.12 (/opt/ros/humble/share/ament_cmake/cmake)
[0.527s] -- Found Python3: /usr/bin/python3 (found version "3.10.12") found components: Interpreter 
[0.602s] -- Override CMake install command with custom implementation using symlinks instead of copying resources
[0.680s] -- Configuring done
[0.681s] -- Generating done
[0.683s] -- Build files have been written to: /home/ali/Desktop/Ros2_Control/build/my_robot_description
[0.687s] Invoked command in '/home/ali/Desktop/Ros2_Control/build/my_robot_description' returned '0': CMAKE_PREFIX_PATH=${CMAKE_PREFIX_PATH}:/opt/ros/humble /usr/bin/cmake /home/ali/Desktop/Ros2_Control/src/my_robot_description -DAMENT_CMAKE_SYMLINK_INSTALL=1 -DCMAKE_INSTALL_PREFIX=/home/ali/Desktop/Ros2_Control/install/my_robot_description
[0.688s] Invoking command in '/home/ali/Desktop/Ros2_Control/build/my_robot_description': CMAKE_PREFIX_PATH=${CMAKE_PREFIX_PATH}:/opt/ros/humble /usr/bin/cmake --build /home/ali/Desktop/Ros2_Control/build/my_robot_description -- -j20 -l20
[0.728s] Invoked command in '/home/ali/Desktop/Ros2_Control/build/my_robot_description' returned '0': CMAKE_PREFIX_PATH=${CMAKE_PREFIX_PATH}:/opt/ros/humble /usr/bin/cmake --build /home/ali/Desktop/Ros2_Control/build/my_robot_description -- -j20 -l20
[0.729s] Invoking command in '/home/ali/Desktop/Ros2_Control/build/my_robot_description': CMAKE_PREFIX_PATH=${CMAKE_PREFIX_PATH}:/opt/ros/humble /usr/bin/cmake --install /home/ali/Desktop/Ros2_Control/build/my_robot_description
[0.738s] -- Install configuration: ""
[0.738s] -- Execute custom install script
[0.739s] -- Symlinking: /home/ali/Desktop/Ros2_Control/install/my_robot_description/share/my_robot_description//urdf/arm/arm.urdf.xacro
[0.746s] -- Symlinking: /home/ali/Desktop/Ros2_Control/install/my_robot_description/share/my_robot_description//urdf/common_properties.xacro
[0.755s] -- Symlinking: /home/ali/Desktop/Ros2_Control/install/my_robot_description/share/my_robot_description//urdf/mobile_base.ros2_control.xacro
[0.762s] -- Symlinking: /home/ali/Desktop/Ros2_Control/install/my_robot_description/share/my_robot_description//urdf/mobile_base.xacro
[0.769s] -- Symlinking: /home/ali/Desktop/Ros2_Control/install/my_robot_description/share/my_robot_description//urdf/my_robot.gazebo.xacro
[0.776s] -- Symlinking: /home/ali/Desktop/Ros2_Control/install/my_robot_description/share/my_robot_description//urdf/my_robot.ignition.xacro
[0.784s] -- Symlinking: /home/ali/Desktop/Ros2_Control/install/my_robot_description/share/my_robot_description//urdf/my_robot.urdf.xacro
[0.793s] -- Symlinking: /home/ali/Desktop/Ros2_Control/install/my_robot_description/share/my_robot_description//launch/arm.display.launch.py
[0.802s] -- Symlinking: /home/ali/Desktop/Ros2_Control/install/my_robot_description/share/my_robot_description//launch/display.launch.py
[0.812s] -- Symlinking: /home/ali/Desktop/Ros2_Control/install/my_robot_description/share/my_robot_description//rviz/urdf_config.rviz
[0.820s] -- Symlinking: /home/ali/Desktop/Ros2_Control/install/my_robot_description/share/my_robot_description//meshes/LINK1.stl
[0.828s] -- Symlinking: /home/ali/Desktop/Ros2_Control/install/my_robot_description/share/my_robot_description//meshes/LINK2.stl
[0.837s] -- Symlinking: /home/ali/Desktop/Ros2_Control/install/my_robot_description/share/my_robot_description//meshes/LINK3.stl
[0.846s] -- Symlinking: /home/ali/Desktop/Ros2_Control/install/my_robot_description/share/my_robot_description//meshes/LINK4.stl
[0.858s] -- Symlinking: /home/ali/Desktop/Ros2_Control/install/my_robot_description/share/my_robot_description//meshes/base_link.stl
[0.867s] -- Symlinking: /home/ali/Desktop/Ros2_Control/install/my_robot_description/share/my_robot_description//meshes/base_link.stl.new
[0.876s] -- Symlinking: /home/ali/Desktop/Ros2_Control/install/my_robot_description/share/my_robot_description//meshes/end.stl
[0.885s] -- Symlinking: /home/ali/Desktop/Ros2_Control/install/my_robot_description/share/ament_index/resource_index/package_run_dependencies/my_robot_description
[0.894s] -- Symlinking: /home/ali/Desktop/Ros2_Control/install/my_robot_description/share/ament_index/resource_index/parent_prefix_path/my_robot_description
[0.904s] -- Symlinking: /home/ali/Desktop/Ros2_Control/install/my_robot_description/share/my_robot_description/environment/ament_prefix_path.sh
[0.912s] -- Symlinking: /home/ali/Desktop/Ros2_Control/install/my_robot_description/share/my_robot_description/environment/ament_prefix_path.dsv
[0.920s] -- Symlinking: /home/ali/Desktop/Ros2_Control/install/my_robot_description/share/my_robot_description/environment/path.sh
[0.931s] -- Symlinking: /home/ali/Desktop/Ros2_Control/install/my_robot_description/share/my_robot_description/environment/path.dsv
[0.939s] -- Symlinking: /home/ali/Desktop/Ros2_Control/install/my_robot_description/share/my_robot_description/local_setup.bash
[0.948s] -- Symlinking: /home/ali/Desktop/Ros2_Control/install/my_robot_description/share/my_robot_description/local_setup.sh
[0.956s] -- Symlinking: /home/ali/Desktop/Ros2_Control/install/my_robot_description/share/my_robot_description/local_setup.zsh
[0.966s] -- Symlinking: /home/ali/Desktop/Ros2_Control/install/my_robot_description/share/my_robot_description/local_setup.dsv
[0.981s] -- Symlinking: /home/ali/Desktop/Ros2_Control/install/my_robot_description/share/my_robot_description/package.dsv
[0.994s] -- Symlinking: /home/ali/Desktop/Ros2_Control/install/my_robot_description/share/ament_index/resource_index/packages/my_robot_description
[1.004s] -- Symlinking: /home/ali/Desktop/Ros2_Control/install/my_robot_description/share/my_robot_description/cmake/my_robot_descriptionConfig.cmake
[1.016s] -- Symlinking: /home/ali/Desktop/Ros2_Control/install/my_robot_description/share/my_robot_description/cmake/my_robot_descriptionConfig-version.cmake
[1.026s] -- Symlinking: /home/ali/Desktop/Ros2_Control/install/my_robot_description/share/my_robot_description/package.xml
[1.040s] Invoked command in '/home/ali/Desktop/Ros2_Control/build/my_robot_description' returned '0': CMAKE_PREFIX_PATH=${CMAKE_PREFIX_PATH}:/opt/ros/humble /usr/bin/cmake --install /home/ali/Desktop/Ros2_Control/build/my_robot_description
