[0.019s] Invoking command in '/home/ali/Desktop/Ros2_Control/build/my_robot_bringup': AMENT_PREFIX_PATH=/home/ali/Desktop/Ros2_Control/install/my_robot_description:${AMENT_PREFIX_PATH} CMAKE_PREFIX_PATH=/home/ali/Desktop/Ros2_Control/install/my_robot_description:/opt/ros/humble /usr/bin/cmake /home/ali/Desktop/Ros2_Control/src/my_robot_bringup -DCMAKE_INSTALL_PREFIX=/home/ali/Desktop/Ros2_Control/install/my_robot_bringup
[0.025s] -- Found ament_cmake: 1.3.12 (/opt/ros/humble/share/ament_cmake/cmake)
[0.110s] -- Override CMake install command with custom implementation using symlinks instead of copying resources
[0.115s] -- Found ament_lint_auto: 0.12.14 (/opt/ros/humble/share/ament_lint_auto/cmake)
[0.165s] -- Added test 'flake8' to check Python code syntax and style conventions
[0.165s] -- Added test 'lint_cmake' to check CMake code style
[0.165s] -- Added test 'pep257' to check Python code against some of the docstring style conventions in PEP 257
[0.166s] -- Added test 'xmllint' to check XML markup files
[0.167s] -- Configuring done
[0.168s] -- Generating done
[0.169s] -- Build files have been written to: /home/ali/Desktop/Ros2_Control/build/my_robot_bringup
[0.171s] Invoked command in '/home/ali/Desktop/Ros2_Control/build/my_robot_bringup' returned '0': AMENT_PREFIX_PATH=/home/ali/Desktop/Ros2_Control/install/my_robot_description:${AMENT_PREFIX_PATH} CMAKE_PREFIX_PATH=/home/ali/Desktop/Ros2_Control/install/my_robot_description:/opt/ros/humble /usr/bin/cmake /home/ali/Desktop/Ros2_Control/src/my_robot_bringup -DCMAKE_INSTALL_PREFIX=/home/ali/Desktop/Ros2_Control/install/my_robot_bringup
[0.172s] Invoking command in '/home/ali/Desktop/Ros2_Control/build/my_robot_bringup': AMENT_PREFIX_PATH=/home/ali/Desktop/Ros2_Control/install/my_robot_description:${AMENT_PREFIX_PATH} CMAKE_PREFIX_PATH=/home/ali/Desktop/Ros2_Control/install/my_robot_description:/opt/ros/humble /usr/bin/cmake --build /home/ali/Desktop/Ros2_Control/build/my_robot_bringup -- -j20 -l20
[0.203s] Invoked command in '/home/ali/Desktop/Ros2_Control/build/my_robot_bringup' returned '0': AMENT_PREFIX_PATH=/home/ali/Desktop/Ros2_Control/install/my_robot_description:${AMENT_PREFIX_PATH} CMAKE_PREFIX_PATH=/home/ali/Desktop/Ros2_Control/install/my_robot_description:/opt/ros/humble /usr/bin/cmake --build /home/ali/Desktop/Ros2_Control/build/my_robot_bringup -- -j20 -l20
[0.204s] Invoking command in '/home/ali/Desktop/Ros2_Control/build/my_robot_bringup': AMENT_PREFIX_PATH=/home/ali/Desktop/Ros2_Control/install/my_robot_description:${AMENT_PREFIX_PATH} CMAKE_PREFIX_PATH=/home/ali/Desktop/Ros2_Control/install/my_robot_description:/opt/ros/humble /usr/bin/cmake --install /home/ali/Desktop/Ros2_Control/build/my_robot_bringup
[0.210s] -- Install configuration: ""
[0.211s] -- Execute custom install script
[0.213s] -- Up-to-date symlink: /home/ali/Desktop/Ros2_Control/install/my_robot_bringup/share/my_robot_bringup//launch/ignition.launch.py
[0.214s] -- Up-to-date symlink: /home/ali/Desktop/Ros2_Control/install/my_robot_bringup/share/my_robot_bringup//launch/my_robot.launch.py
[0.214s] -- Up-to-date symlink: /home/ali/Desktop/Ros2_Control/install/my_robot_bringup/share/my_robot_bringup//launch/ps4_teleop.launch.py
[0.214s] -- Up-to-date symlink: /home/ali/Desktop/Ros2_Control/install/my_robot_bringup/share/my_robot_bringup//config/99-dualshock4.rules
[0.214s] -- Up-to-date symlink: /home/ali/Desktop/Ros2_Control/install/my_robot_bringup/share/my_robot_bringup//config/ignition.yaml
[0.214s] -- Up-to-date symlink: /home/ali/Desktop/Ros2_Control/install/my_robot_bringup/share/my_robot_bringup//config/my_robot_controllers.yaml
[0.214s] -- Up-to-date symlink: /home/ali/Desktop/Ros2_Control/install/my_robot_bringup/share/my_robot_bringup//config/ps4_teleop.yaml
[0.214s] -- Up-to-date symlink: /home/ali/Desktop/Ros2_Control/install/my_robot_bringup/lib/my_robot_bringup/ps4_rover_teleop.py
[0.214s] -- Up-to-date symlink: /home/ali/Desktop/Ros2_Control/install/my_robot_bringup/lib/my_robot_bringup/ps4_arm_teleop.py
[0.214s] -- Up-to-date symlink: /home/ali/Desktop/Ros2_Control/install/my_robot_bringup/share/ament_index/resource_index/package_run_dependencies/my_robot_bringup
[0.214s] -- Up-to-date symlink: /home/ali/Desktop/Ros2_Control/install/my_robot_bringup/share/ament_index/resource_index/parent_prefix_path/my_robot_bringup
[0.214s] -- Up-to-date symlink: /home/ali/Desktop/Ros2_Control/install/my_robot_bringup/share/my_robot_bringup/environment/ament_prefix_path.sh
[0.214s] -- Up-to-date symlink: /home/ali/Desktop/Ros2_Control/install/my_robot_bringup/share/my_robot_bringup/environment/ament_prefix_path.dsv
[0.214s] -- Up-to-date symlink: /home/ali/Desktop/Ros2_Control/install/my_robot_bringup/share/my_robot_bringup/environment/path.sh
[0.214s] -- Up-to-date symlink: /home/ali/Desktop/Ros2_Control/install/my_robot_bringup/share/my_robot_bringup/environment/path.dsv
[0.215s] -- Up-to-date symlink: /home/ali/Desktop/Ros2_Control/install/my_robot_bringup/share/my_robot_bringup/local_setup.bash
[0.215s] -- Up-to-date symlink: /home/ali/Desktop/Ros2_Control/install/my_robot_bringup/share/my_robot_bringup/local_setup.sh
[0.215s] -- Up-to-date symlink: /home/ali/Desktop/Ros2_Control/install/my_robot_bringup/share/my_robot_bringup/local_setup.zsh
[0.215s] -- Up-to-date symlink: /home/ali/Desktop/Ros2_Control/install/my_robot_bringup/share/my_robot_bringup/local_setup.dsv
[0.215s] -- Symlinking: /home/ali/Desktop/Ros2_Control/install/my_robot_bringup/share/my_robot_bringup/package.dsv
[0.218s] -- Up-to-date symlink: /home/ali/Desktop/Ros2_Control/install/my_robot_bringup/share/ament_index/resource_index/packages/my_robot_bringup
[0.218s] -- Up-to-date symlink: /home/ali/Desktop/Ros2_Control/install/my_robot_bringup/share/my_robot_bringup/cmake/my_robot_bringupConfig.cmake
[0.218s] -- Up-to-date symlink: /home/ali/Desktop/Ros2_Control/install/my_robot_bringup/share/my_robot_bringup/cmake/my_robot_bringupConfig-version.cmake
[0.218s] -- Up-to-date symlink: /home/ali/Desktop/Ros2_Control/install/my_robot_bringup/share/my_robot_bringup/package.xml
[0.220s] Invoked command in '/home/ali/Desktop/Ros2_Control/build/my_robot_bringup' returned '0': AMENT_PREFIX_PATH=/home/ali/Desktop/Ros2_Control/install/my_robot_description:${AMENT_PREFIX_PATH} CMAKE_PREFIX_PATH=/home/ali/Desktop/Ros2_Control/install/my_robot_description:/opt/ros/humble /usr/bin/cmake --install /home/ali/Desktop/Ros2_Control/build/my_robot_bringup
