[0.024s] Invoking command in '/home/ali/Desktop/Ros2_Control/build/my_robot_bringup': AMENT_PREFIX_PATH=/home/ali/Desktop/Ros2_Control/install/my_robot_description:${AMENT_PREFIX_PATH} CMAKE_PREFIX_PATH=/home/ali/Desktop/Ros2_Control/install/my_robot_description:/opt/ros/humble /usr/bin/cmake --build /home/ali/Desktop/Ros2_Control/build/my_robot_bringup -- -j20 -l20
[0.111s] Invoked command in '/home/ali/Desktop/Ros2_Control/build/my_robot_bringup' returned '0': AMENT_PREFIX_PATH=/home/ali/Desktop/Ros2_Control/install/my_robot_description:${AMENT_PREFIX_PATH} CMAKE_PREFIX_PATH=/home/ali/Desktop/Ros2_Control/install/my_robot_description:/opt/ros/humble /usr/bin/cmake --build /home/ali/Desktop/Ros2_Control/build/my_robot_bringup -- -j20 -l20
[0.114s] Invoking command in '/home/ali/Desktop/Ros2_Control/build/my_robot_bringup': AMENT_PREFIX_PATH=/home/ali/Desktop/Ros2_Control/install/my_robot_description:${AMENT_PREFIX_PATH} CMAKE_PREFIX_PATH=/home/ali/Desktop/Ros2_Control/install/my_robot_description:/opt/ros/humble /usr/bin/cmake --install /home/ali/Desktop/Ros2_Control/build/my_robot_bringup
[0.130s] -- Install configuration: ""
[0.130s] -- Execute custom install script
[0.131s] -- Up-to-date symlink: /home/ali/Desktop/Ros2_Control/install/my_robot_bringup/share/my_robot_bringup//launch/ignition.launch.py
[0.131s] -- Up-to-date symlink: /home/ali/Desktop/Ros2_Control/install/my_robot_bringup/share/my_robot_bringup//launch/my_robot.launch.py
[0.131s] -- Up-to-date symlink: /home/ali/Desktop/Ros2_Control/install/my_robot_bringup/share/my_robot_bringup//launch/ps4_teleop.launch.py
[0.131s] -- Up-to-date symlink: /home/ali/Desktop/Ros2_Control/install/my_robot_bringup/share/my_robot_bringup//config/99-dualshock4.rules
[0.132s] -- Up-to-date symlink: /home/ali/Desktop/Ros2_Control/install/my_robot_bringup/share/my_robot_bringup//config/ignition.yaml
[0.132s] -- Up-to-date symlink: /home/ali/Desktop/Ros2_Control/install/my_robot_bringup/share/my_robot_bringup//config/my_robot_controllers.yaml
[0.132s] -- Up-to-date symlink: /home/ali/Desktop/Ros2_Control/install/my_robot_bringup/share/my_robot_bringup//config/ps4_teleop.yaml
[0.132s] -- Up-to-date symlink: /home/ali/Desktop/Ros2_Control/install/my_robot_bringup/lib/my_robot_bringup/ps4_rover_teleop.py
[0.132s] -- Up-to-date symlink: /home/ali/Desktop/Ros2_Control/install/my_robot_bringup/lib/my_robot_bringup/ps4_arm_teleop.py
[0.132s] -- Up-to-date symlink: /home/ali/Desktop/Ros2_Control/install/my_robot_bringup/share/ament_index/resource_index/package_run_dependencies/my_robot_bringup
[0.133s] -- Up-to-date symlink: /home/ali/Desktop/Ros2_Control/install/my_robot_bringup/share/ament_index/resource_index/parent_prefix_path/my_robot_bringup
[0.135s] -- Up-to-date symlink: /home/ali/Desktop/Ros2_Control/install/my_robot_bringup/share/my_robot_bringup/environment/ament_prefix_path.sh
[0.135s] -- Up-to-date symlink: /home/ali/Desktop/Ros2_Control/install/my_robot_bringup/share/my_robot_bringup/environment/ament_prefix_path.dsv
[0.136s] -- Up-to-date symlink: /home/ali/Desktop/Ros2_Control/install/my_robot_bringup/share/my_robot_bringup/environment/path.sh
[0.136s] -- Up-to-date symlink: /home/ali/Desktop/Ros2_Control/install/my_robot_bringup/share/my_robot_bringup/environment/path.dsv
[0.136s] -- Up-to-date symlink: /home/ali/Desktop/Ros2_Control/install/my_robot_bringup/share/my_robot_bringup/local_setup.bash
[0.137s] -- Up-to-date symlink: /home/ali/Desktop/Ros2_Control/install/my_robot_bringup/share/my_robot_bringup/local_setup.sh
[0.137s] -- Up-to-date symlink: /home/ali/Desktop/Ros2_Control/install/my_robot_bringup/share/my_robot_bringup/local_setup.zsh
[0.137s] -- Up-to-date symlink: /home/ali/Desktop/Ros2_Control/install/my_robot_bringup/share/my_robot_bringup/local_setup.dsv
[0.137s] -- Symlinking: /home/ali/Desktop/Ros2_Control/install/my_robot_bringup/share/my_robot_bringup/package.dsv
[0.155s] -- Up-to-date symlink: /home/ali/Desktop/Ros2_Control/install/my_robot_bringup/share/ament_index/resource_index/packages/my_robot_bringup
[0.155s] -- Up-to-date symlink: /home/ali/Desktop/Ros2_Control/install/my_robot_bringup/share/my_robot_bringup/cmake/my_robot_bringupConfig.cmake
[0.155s] -- Up-to-date symlink: /home/ali/Desktop/Ros2_Control/install/my_robot_bringup/share/my_robot_bringup/cmake/my_robot_bringupConfig-version.cmake
[0.155s] -- Up-to-date symlink: /home/ali/Desktop/Ros2_Control/install/my_robot_bringup/share/my_robot_bringup/package.xml
[0.207s] Invoked command in '/home/ali/Desktop/Ros2_Control/build/my_robot_bringup' returned '0': AMENT_PREFIX_PATH=/home/ali/Desktop/Ros2_Control/install/my_robot_description:${AMENT_PREFIX_PATH} CMAKE_PREFIX_PATH=/home/ali/Desktop/Ros2_Control/install/my_robot_description:/opt/ros/humble /usr/bin/cmake --install /home/ali/Desktop/Ros2_Control/build/my_robot_bringup
