[0.010s] Invoking command in '/home/ali/Desktop/Ros2_Control/src/build/aero_description': CMAKE_PREFIX_PATH=${CMAKE_PREFIX_PATH}:/opt/ros/humble /usr/bin/cmake /home/ali/Desktop/Ros2_Control/src/aero_description -DCMAKE_INSTALL_PREFIX=/home/ali/Desktop/Ros2_Control/src/install/aero_description
[0.086s] -- The C compiler identification is GNU 11.4.0
[0.152s] -- The CXX compiler identification is GNU 11.4.0
[0.158s] -- Detecting C compiler ABI info
[0.217s] -- Detecting C compiler ABI info - done
[0.223s] -- Check for working C compiler: /usr/bin/cc - skipped
[0.223s] -- Detecting C compile features
[0.223s] -- Detecting C compile features - done
[0.225s] -- Detecting CXX compiler ABI info
[0.300s] -- Detecting CXX compiler ABI info - done
[0.309s] -- Check for working CXX compiler: /usr/bin/c++ - skipped
[0.309s] -- Detecting CXX compile features
[0.310s] -- Detecting CXX compile features - done
[0.313s] -- Found ament_cmake: 1.3.12 (/opt/ros/humble/share/ament_cmake/cmake)
[0.449s] -- Found Python3: /usr/bin/python3 (found version "3.10.12") found components: Interpreter 
[0.576s] -- Configuring done
[0.577s] -- Generating done
[0.578s] -- Build files have been written to: /home/ali/Desktop/Ros2_Control/src/build/aero_description
[0.582s] Invoked command in '/home/ali/Desktop/Ros2_Control/src/build/aero_description' returned '0': CMAKE_PREFIX_PATH=${CMAKE_PREFIX_PATH}:/opt/ros/humble /usr/bin/cmake /home/ali/Desktop/Ros2_Control/src/aero_description -DCMAKE_INSTALL_PREFIX=/home/ali/Desktop/Ros2_Control/src/install/aero_description
[0.584s] Invoking command in '/home/ali/Desktop/Ros2_Control/src/build/aero_description': CMAKE_PREFIX_PATH=${CMAKE_PREFIX_PATH}:/opt/ros/humble /usr/bin/cmake --build /home/ali/Desktop/Ros2_Control/src/build/aero_description -- -j20 -l20
[0.617s] Invoked command in '/home/ali/Desktop/Ros2_Control/src/build/aero_description' returned '0': CMAKE_PREFIX_PATH=${CMAKE_PREFIX_PATH}:/opt/ros/humble /usr/bin/cmake --build /home/ali/Desktop/Ros2_Control/src/build/aero_description -- -j20 -l20
[0.624s] Invoking command in '/home/ali/Desktop/Ros2_Control/src/build/aero_description': CMAKE_PREFIX_PATH=${CMAKE_PREFIX_PATH}:/opt/ros/humble /usr/bin/cmake --install /home/ali/Desktop/Ros2_Control/src/build/aero_description
[0.630s] -- Install configuration: ""
[0.630s] -- Installing: /home/ali/Desktop/Ros2_Control/src/install/aero_description/share/aero_description//urdf
[0.630s] -- Installing: /home/ali/Desktop/Ros2_Control/src/install/aero_description/share/aero_description//urdf/aero_base.xacro
[0.630s] -- Installing: /home/ali/Desktop/Ros2_Control/src/install/aero_description/share/aero_description//urdf/common_properties.xacro
[0.630s] -- Installing: /home/ali/Desktop/Ros2_Control/src/install/aero_description/share/aero_description//urdf/aero.gazebo.xacro
[0.631s] -- Installing: /home/ali/Desktop/Ros2_Control/src/install/aero_description/share/aero_description//urdf/mobile_base.ros2_control.xacro
[0.631s] -- Installing: /home/ali/Desktop/Ros2_Control/src/install/aero_description/share/aero_description//urdf/aero.ignition.xacro
[0.631s] -- Installing: /home/ali/Desktop/Ros2_Control/src/install/aero_description/share/aero_description//urdf/aero.webots.xacro
[0.632s] -- Installing: /home/ali/Desktop/Ros2_Control/src/install/aero_description/share/aero_description//urdf/aero.urdf.xacro
[0.632s] -- Installing: /home/ali/Desktop/Ros2_Control/src/install/aero_description/share/aero_description//urdf/arm
[0.632s] -- Installing: /home/ali/Desktop/Ros2_Control/src/install/aero_description/share/aero_description//urdf/arm/arm.urdf.xacro
[0.632s] -- Installing: /home/ali/Desktop/Ros2_Control/src/install/aero_description/share/aero_description//launch
[0.632s] -- Installing: /home/ali/Desktop/Ros2_Control/src/install/aero_description/share/aero_description//launch/display.launch.py
[0.632s] -- Installing: /home/ali/Desktop/Ros2_Control/src/install/aero_description/share/aero_description//launch/arm.display.launch.py
[0.632s] -- Installing: /home/ali/Desktop/Ros2_Control/src/install/aero_description/share/aero_description//rviz
[0.632s] -- Installing: /home/ali/Desktop/Ros2_Control/src/install/aero_description/share/aero_description//rviz/urdf_config.rviz
[0.632s] -- Installing: /home/ali/Desktop/Ros2_Control/src/install/aero_description/share/aero_description//meshes
[0.632s] -- Installing: /home/ali/Desktop/Ros2_Control/src/install/aero_description/share/aero_description//meshes/base_link.stl.new
[0.633s] -- Installing: /home/ali/Desktop/Ros2_Control/src/install/aero_description/share/aero_description//meshes/base_link.STL
[0.639s] -- Installing: /home/ali/Desktop/Ros2_Control/src/install/aero_description/share/aero_description//meshes/LINK3.stl
[0.640s] -- Installing: /home/ali/Desktop/Ros2_Control/src/install/aero_description/share/aero_description//meshes/LINK2.stl
[0.640s] -- Installing: /home/ali/Desktop/Ros2_Control/src/install/aero_description/share/aero_description//meshes/link_lf.STL
[0.641s] -- Installing: /home/ali/Desktop/Ros2_Control/src/install/aero_description/share/aero_description//meshes/LINK1.stl
[0.642s] -- Installing: /home/ali/Desktop/Ros2_Control/src/install/aero_description/share/aero_description//meshes/arm_base_link.stl
[0.643s] -- Installing: /home/ali/Desktop/Ros2_Control/src/install/aero_description/share/aero_description//meshes/link_rb.STL
[0.643s] -- Installing: /home/ali/Desktop/Ros2_Control/src/install/aero_description/share/aero_description//meshes/link_rf.STL
[0.643s] -- Installing: /home/ali/Desktop/Ros2_Control/src/install/aero_description/share/aero_description//meshes/LINK4.stl
[0.644s] -- Installing: /home/ali/Desktop/Ros2_Control/src/install/aero_description/share/aero_description//meshes/link_lb.STL
[0.644s] -- Installing: /home/ali/Desktop/Ros2_Control/src/install/aero_description/share/aero_description//meshes/arm_end.stl
[0.654s] -- Installing: /home/ali/Desktop/Ros2_Control/src/install/aero_description/share/ament_index/resource_index/package_run_dependencies/aero_description
[0.655s] -- Installing: /home/ali/Desktop/Ros2_Control/src/install/aero_description/share/ament_index/resource_index/parent_prefix_path/aero_description
[0.655s] -- Installing: /home/ali/Desktop/Ros2_Control/src/install/aero_description/share/aero_description/environment/ament_prefix_path.sh
[0.655s] -- Installing: /home/ali/Desktop/Ros2_Control/src/install/aero_description/share/aero_description/environment/ament_prefix_path.dsv
[0.655s] -- Installing: /home/ali/Desktop/Ros2_Control/src/install/aero_description/share/aero_description/environment/path.sh
[0.655s] -- Installing: /home/ali/Desktop/Ros2_Control/src/install/aero_description/share/aero_description/environment/path.dsv
[0.655s] -- Installing: /home/ali/Desktop/Ros2_Control/src/install/aero_description/share/aero_description/local_setup.bash
[0.655s] -- Installing: /home/ali/Desktop/Ros2_Control/src/install/aero_description/share/aero_description/local_setup.sh
[0.655s] -- Installing: /home/ali/Desktop/Ros2_Control/src/install/aero_description/share/aero_description/local_setup.zsh
[0.655s] -- Installing: /home/ali/Desktop/Ros2_Control/src/install/aero_description/share/aero_description/local_setup.dsv
[0.655s] -- Installing: /home/ali/Desktop/Ros2_Control/src/install/aero_description/share/aero_description/package.dsv
[0.655s] -- Installing: /home/ali/Desktop/Ros2_Control/src/install/aero_description/share/ament_index/resource_index/packages/aero_description
[0.655s] -- Installing: /home/ali/Desktop/Ros2_Control/src/install/aero_description/share/aero_description/cmake/aero_descriptionConfig.cmake
[0.655s] -- Installing: /home/ali/Desktop/Ros2_Control/src/install/aero_description/share/aero_description/cmake/aero_descriptionConfig-version.cmake
[0.655s] -- Installing: /home/ali/Desktop/Ros2_Control/src/install/aero_description/share/aero_description/package.xml
[0.658s] Invoked command in '/home/ali/Desktop/Ros2_Control/src/build/aero_description' returned '0': CMAKE_PREFIX_PATH=${CMAKE_PREFIX_PATH}:/opt/ros/humble /usr/bin/cmake --install /home/ali/Desktop/Ros2_Control/src/build/aero_description
