[0.005s] Invoking command in '/home/ali/Desktop/Ros2_Control/build/my_robot_bringup': AMENT_PREFIX_PATH=/home/ali/Desktop/Ros2_Control/install/my_robot_description:${AMENT_PREFIX_PATH} CMAKE_PREFIX_PATH=/home/ali/Desktop/Ros2_Control/install/my_robot_description:/opt/ros/humble /usr/bin/cmake /home/ali/Desktop/Ros2_Control/src/my_robot_bringup -DAMENT_CMAKE_SYMLINK_INSTALL=1 -DCMAKE_INSTALL_PREFIX=/home/ali/Desktop/Ros2_Control/install/my_robot_bringup
[0.049s] -- The C compiler identification is GNU 11.4.0
[0.089s] -- The CXX compiler identification is GNU 11.4.0
[0.094s] -- Detecting C compiler ABI info
[0.150s] -- Detecting C compiler ABI info - done
[0.156s] -- Check for working C compiler: /usr/bin/cc - skipped
[0.156s] -- Detecting C compile features
[0.156s] -- Detecting C compile features - done
[0.158s] -- Detecting CXX compiler ABI info
[0.233s] -- Detecting CXX compiler ABI info - done
[0.237s] -- Check for working CXX compiler: /usr/bin/c++ - skipped
[0.237s] -- Detecting CXX compile features
[0.238s] -- Detecting CXX compile features - done
[0.239s] -- Found ament_cmake: 1.3.12 (/opt/ros/humble/share/ament_cmake/cmake)
[0.364s] -- Found Python3: /usr/bin/python3 (found version "3.10.12") found components: Interpreter 
[0.419s] -- Override CMake install command with custom implementation using symlinks instead of copying resources
[0.437s] -- Found ament_lint_auto: 0.12.14 (/opt/ros/humble/share/ament_lint_auto/cmake)
[0.499s] -- Added test 'flake8' to check Python code syntax and style conventions
[0.499s] -- Added test 'lint_cmake' to check CMake code style
[0.500s] -- Added test 'pep257' to check Python code against some of the docstring style conventions in PEP 257
[0.501s] -- Added test 'xmllint' to check XML markup files
[0.502s] -- Configuring done
[0.503s] -- Generating done
[0.504s] -- Build files have been written to: /home/ali/Desktop/Ros2_Control/build/my_robot_bringup
[0.510s] Invoked command in '/home/ali/Desktop/Ros2_Control/build/my_robot_bringup' returned '0': AMENT_PREFIX_PATH=/home/ali/Desktop/Ros2_Control/install/my_robot_description:${AMENT_PREFIX_PATH} CMAKE_PREFIX_PATH=/home/ali/Desktop/Ros2_Control/install/my_robot_description:/opt/ros/humble /usr/bin/cmake /home/ali/Desktop/Ros2_Control/src/my_robot_bringup -DAMENT_CMAKE_SYMLINK_INSTALL=1 -DCMAKE_INSTALL_PREFIX=/home/ali/Desktop/Ros2_Control/install/my_robot_bringup
[0.511s] Invoking command in '/home/ali/Desktop/Ros2_Control/build/my_robot_bringup': AMENT_PREFIX_PATH=/home/ali/Desktop/Ros2_Control/install/my_robot_description:${AMENT_PREFIX_PATH} CMAKE_PREFIX_PATH=/home/ali/Desktop/Ros2_Control/install/my_robot_description:/opt/ros/humble /usr/bin/cmake --build /home/ali/Desktop/Ros2_Control/build/my_robot_bringup -- -j20 -l20
[0.544s] Invoked command in '/home/ali/Desktop/Ros2_Control/build/my_robot_bringup' returned '0': AMENT_PREFIX_PATH=/home/ali/Desktop/Ros2_Control/install/my_robot_description:${AMENT_PREFIX_PATH} CMAKE_PREFIX_PATH=/home/ali/Desktop/Ros2_Control/install/my_robot_description:/opt/ros/humble /usr/bin/cmake --build /home/ali/Desktop/Ros2_Control/build/my_robot_bringup -- -j20 -l20
[0.546s] Invoking command in '/home/ali/Desktop/Ros2_Control/build/my_robot_bringup': AMENT_PREFIX_PATH=/home/ali/Desktop/Ros2_Control/install/my_robot_description:${AMENT_PREFIX_PATH} CMAKE_PREFIX_PATH=/home/ali/Desktop/Ros2_Control/install/my_robot_description:/opt/ros/humble /usr/bin/cmake --install /home/ali/Desktop/Ros2_Control/build/my_robot_bringup
[0.551s] -- Install configuration: ""
[0.552s] -- Execute custom install script
[0.552s] -- Symlinking: /home/ali/Desktop/Ros2_Control/install/my_robot_bringup/share/my_robot_bringup//launch/ignition.launch.py
[0.559s] -- Symlinking: /home/ali/Desktop/Ros2_Control/install/my_robot_bringup/share/my_robot_bringup//launch/my_robot.launch.py
[0.567s] -- Symlinking: /home/ali/Desktop/Ros2_Control/install/my_robot_bringup/share/my_robot_bringup//launch/ps4_teleop.launch.py
[0.574s] -- Symlinking: /home/ali/Desktop/Ros2_Control/install/my_robot_bringup/share/my_robot_bringup//config/99-dualshock4.rules
[0.581s] -- Symlinking: /home/ali/Desktop/Ros2_Control/install/my_robot_bringup/share/my_robot_bringup//config/ignition.yaml
[0.588s] -- Symlinking: /home/ali/Desktop/Ros2_Control/install/my_robot_bringup/share/my_robot_bringup//config/my_robot_controllers.yaml
[0.594s] -- Symlinking: /home/ali/Desktop/Ros2_Control/install/my_robot_bringup/share/my_robot_bringup//config/ps4_teleop.yaml
[0.602s] -- Symlinking: /home/ali/Desktop/Ros2_Control/install/my_robot_bringup/lib/my_robot_bringup/ps4_rover_teleop.py
[0.609s] -- Symlinking: /home/ali/Desktop/Ros2_Control/install/my_robot_bringup/lib/my_robot_bringup/ps4_arm_teleop.py
[0.615s] -- Symlinking: /home/ali/Desktop/Ros2_Control/install/my_robot_bringup/share/ament_index/resource_index/package_run_dependencies/my_robot_bringup
[0.622s] -- Symlinking: /home/ali/Desktop/Ros2_Control/install/my_robot_bringup/share/ament_index/resource_index/parent_prefix_path/my_robot_bringup
[0.628s] -- Symlinking: /home/ali/Desktop/Ros2_Control/install/my_robot_bringup/share/my_robot_bringup/environment/ament_prefix_path.sh
[0.635s] -- Symlinking: /home/ali/Desktop/Ros2_Control/install/my_robot_bringup/share/my_robot_bringup/environment/ament_prefix_path.dsv
[0.642s] -- Symlinking: /home/ali/Desktop/Ros2_Control/install/my_robot_bringup/share/my_robot_bringup/environment/path.sh
[0.649s] -- Symlinking: /home/ali/Desktop/Ros2_Control/install/my_robot_bringup/share/my_robot_bringup/environment/path.dsv
[0.655s] -- Symlinking: /home/ali/Desktop/Ros2_Control/install/my_robot_bringup/share/my_robot_bringup/local_setup.bash
[0.662s] -- Symlinking: /home/ali/Desktop/Ros2_Control/install/my_robot_bringup/share/my_robot_bringup/local_setup.sh
[0.669s] -- Symlinking: /home/ali/Desktop/Ros2_Control/install/my_robot_bringup/share/my_robot_bringup/local_setup.zsh
[0.677s] -- Symlinking: /home/ali/Desktop/Ros2_Control/install/my_robot_bringup/share/my_robot_bringup/local_setup.dsv
[0.685s] -- Symlinking: /home/ali/Desktop/Ros2_Control/install/my_robot_bringup/share/my_robot_bringup/package.dsv
[0.693s] -- Symlinking: /home/ali/Desktop/Ros2_Control/install/my_robot_bringup/share/ament_index/resource_index/packages/my_robot_bringup
[0.701s] -- Symlinking: /home/ali/Desktop/Ros2_Control/install/my_robot_bringup/share/my_robot_bringup/cmake/my_robot_bringupConfig.cmake
[0.711s] -- Symlinking: /home/ali/Desktop/Ros2_Control/install/my_robot_bringup/share/my_robot_bringup/cmake/my_robot_bringupConfig-version.cmake
[0.720s] -- Symlinking: /home/ali/Desktop/Ros2_Control/install/my_robot_bringup/share/my_robot_bringup/package.xml
[0.732s] Invoked command in '/home/ali/Desktop/Ros2_Control/build/my_robot_bringup' returned '0': AMENT_PREFIX_PATH=/home/ali/Desktop/Ros2_Control/install/my_robot_description:${AMENT_PREFIX_PATH} CMAKE_PREFIX_PATH=/home/ali/Desktop/Ros2_Control/install/my_robot_description:/opt/ros/humble /usr/bin/cmake --install /home/ali/Desktop/Ros2_Control/build/my_robot_bringup
