[0.006s] Invoking command in '/home/ali/Desktop/Ros2_Control/build/aero_bringup': AMENT_PREFIX_PATH=/home/ali/Desktop/Ros2_Control/install/aero_description:${AMENT_PREFIX_PATH} CMAKE_PREFIX_PATH=/home/ali/Desktop/Ros2_Control/install/aero_description:/opt/ros/humble /usr/bin/cmake /home/ali/Desktop/Ros2_Control/src/aero_bringup -DAMENT_CMAKE_SYMLINK_INSTALL=1 -DCMAKE_INSTALL_PREFIX=/home/ali/Desktop/Ros2_Control/install/aero_bringup
[0.052s] -- The C compiler identification is GNU 11.4.0
[0.098s] -- The CXX compiler identification is GNU 11.4.0
[0.103s] -- Detecting C compiler ABI info
[0.168s] -- Detecting C compiler ABI info - done
[0.173s] -- Check for working C compiler: /usr/bin/cc - skipped
[0.173s] -- Detecting C compile features
[0.173s] -- Detecting C compile features - done
[0.175s] -- Detecting CXX compiler ABI info
[0.238s] -- Detecting CXX compiler ABI info - done
[0.243s] -- Check for working CXX compiler: /usr/bin/c++ - skipped
[0.243s] -- Detecting CXX compile features
[0.243s] -- Detecting CXX compile features - done
[0.244s] -- Found ament_cmake: 1.3.12 (/opt/ros/humble/share/ament_cmake/cmake)
[0.370s] -- Found Python3: /usr/bin/python3 (found version "3.10.12") found components: Interpreter 
[0.424s] -- Override CMake install command with custom implementation using symlinks instead of copying resources
[0.439s] -- Found ament_lint_auto: 0.12.14 (/opt/ros/humble/share/ament_lint_auto/cmake)
[0.497s] -- Added test 'flake8' to check Python code syntax and style conventions
[0.497s] -- Added test 'lint_cmake' to check CMake code style
[0.497s] -- Added test 'pep257' to check Python code against some of the docstring style conventions in PEP 257
[0.498s] -- Added test 'xmllint' to check XML markup files
[0.499s] -- Configuring done
[0.500s] -- Generating done
[0.501s] -- Build files have been written to: /home/ali/Desktop/Ros2_Control/build/aero_bringup
[0.506s] Invoked command in '/home/ali/Desktop/Ros2_Control/build/aero_bringup' returned '0': AMENT_PREFIX_PATH=/home/ali/Desktop/Ros2_Control/install/aero_description:${AMENT_PREFIX_PATH} CMAKE_PREFIX_PATH=/home/ali/Desktop/Ros2_Control/install/aero_description:/opt/ros/humble /usr/bin/cmake /home/ali/Desktop/Ros2_Control/src/aero_bringup -DAMENT_CMAKE_SYMLINK_INSTALL=1 -DCMAKE_INSTALL_PREFIX=/home/ali/Desktop/Ros2_Control/install/aero_bringup
[0.507s] Invoking command in '/home/ali/Desktop/Ros2_Control/build/aero_bringup': AMENT_PREFIX_PATH=/home/ali/Desktop/Ros2_Control/install/aero_description:${AMENT_PREFIX_PATH} CMAKE_PREFIX_PATH=/home/ali/Desktop/Ros2_Control/install/aero_description:/opt/ros/humble /usr/bin/cmake --build /home/ali/Desktop/Ros2_Control/build/aero_bringup -- -j20 -l20
[0.537s] Invoked command in '/home/ali/Desktop/Ros2_Control/build/aero_bringup' returned '0': AMENT_PREFIX_PATH=/home/ali/Desktop/Ros2_Control/install/aero_description:${AMENT_PREFIX_PATH} CMAKE_PREFIX_PATH=/home/ali/Desktop/Ros2_Control/install/aero_description:/opt/ros/humble /usr/bin/cmake --build /home/ali/Desktop/Ros2_Control/build/aero_bringup -- -j20 -l20
[0.539s] Invoking command in '/home/ali/Desktop/Ros2_Control/build/aero_bringup': AMENT_PREFIX_PATH=/home/ali/Desktop/Ros2_Control/install/aero_description:${AMENT_PREFIX_PATH} CMAKE_PREFIX_PATH=/home/ali/Desktop/Ros2_Control/install/aero_description:/opt/ros/humble /usr/bin/cmake --install /home/ali/Desktop/Ros2_Control/build/aero_bringup
[0.544s] -- Install configuration: ""
[0.544s] -- Execute custom install script
[0.544s] -- Symlinking: /home/ali/Desktop/Ros2_Control/install/aero_bringup/share/aero_bringup//launch/aero.launch.py
[0.549s] -- Symlinking: /home/ali/Desktop/Ros2_Control/install/aero_bringup/share/aero_bringup//launch/ignition.launch.py
[0.556s] -- Symlinking: /home/ali/Desktop/Ros2_Control/install/aero_bringup/share/aero_bringup//launch/webots.launch.py
[0.562s] -- Symlinking: /home/ali/Desktop/Ros2_Control/install/aero_bringup/share/aero_bringup//config/controllers.yaml
[0.570s] -- Symlinking: /home/ali/Desktop/Ros2_Control/install/aero_bringup/share/aero_bringup//config/ekf.yaml
[0.578s] -- Symlinking: /home/ali/Desktop/Ros2_Control/install/aero_bringup/share/aero_bringup//config/ignition_bridge.yaml
[0.583s] -- Symlinking: /home/ali/Desktop/Ros2_Control/install/aero_bringup/share/aero_bringup//config/navigation.yaml
[0.590s] -- Symlinking: /home/ali/Desktop/Ros2_Control/install/aero_bringup/share/aero_bringup//config/slam.yaml
[0.596s] -- Symlinking: /home/ali/Desktop/Ros2_Control/install/aero_bringup/share/aero_bringup//worlds/my_world.wbt
[0.603s] -- Symlinking: /home/ali/Desktop/Ros2_Control/install/aero_bringup/share/aero_bringup//worlds/test.sdf
[0.610s] -- Symlinking: /home/ali/Desktop/Ros2_Control/install/aero_bringup/share/aero_bringup//aero_bringup/twist_stamper.py
[0.617s] -- Symlinking: /home/ali/Desktop/Ros2_Control/install/aero_bringup/share/ament_index/resource_index/package_run_dependencies/aero_bringup
[0.624s] -- Symlinking: /home/ali/Desktop/Ros2_Control/install/aero_bringup/share/ament_index/resource_index/parent_prefix_path/aero_bringup
[0.630s] -- Symlinking: /home/ali/Desktop/Ros2_Control/install/aero_bringup/share/aero_bringup/environment/ament_prefix_path.sh
[0.638s] -- Symlinking: /home/ali/Desktop/Ros2_Control/install/aero_bringup/share/aero_bringup/environment/ament_prefix_path.dsv
[0.645s] -- Symlinking: /home/ali/Desktop/Ros2_Control/install/aero_bringup/share/aero_bringup/environment/path.sh
[0.653s] -- Symlinking: /home/ali/Desktop/Ros2_Control/install/aero_bringup/share/aero_bringup/environment/path.dsv
[0.661s] -- Symlinking: /home/ali/Desktop/Ros2_Control/install/aero_bringup/share/aero_bringup/local_setup.bash
[0.669s] -- Symlinking: /home/ali/Desktop/Ros2_Control/install/aero_bringup/share/aero_bringup/local_setup.sh
[0.679s] -- Symlinking: /home/ali/Desktop/Ros2_Control/install/aero_bringup/share/aero_bringup/local_setup.zsh
[0.688s] -- Symlinking: /home/ali/Desktop/Ros2_Control/install/aero_bringup/share/aero_bringup/local_setup.dsv
[0.697s] -- Symlinking: /home/ali/Desktop/Ros2_Control/install/aero_bringup/share/aero_bringup/package.dsv
[0.707s] -- Symlinking: /home/ali/Desktop/Ros2_Control/install/aero_bringup/share/ament_index/resource_index/packages/aero_bringup
[0.717s] -- Symlinking: /home/ali/Desktop/Ros2_Control/install/aero_bringup/share/aero_bringup/cmake/aero_bringupConfig.cmake
[0.729s] -- Symlinking: /home/ali/Desktop/Ros2_Control/install/aero_bringup/share/aero_bringup/cmake/aero_bringupConfig-version.cmake
[0.740s] -- Symlinking: /home/ali/Desktop/Ros2_Control/install/aero_bringup/share/aero_bringup/package.xml
[0.752s] Invoked command in '/home/ali/Desktop/Ros2_Control/build/aero_bringup' returned '0': AMENT_PREFIX_PATH=/home/ali/Desktop/Ros2_Control/install/aero_description:${AMENT_PREFIX_PATH} CMAKE_PREFIX_PATH=/home/ali/Desktop/Ros2_Control/install/aero_description:/opt/ros/humble /usr/bin/cmake --install /home/ali/Desktop/Ros2_Control/build/aero_bringup
