[0.006s] Invoking command in '/home/ali/Desktop/Ros2_Control/build/aero_moveit_config': AMENT_PREFIX_PATH=/home/ali/Desktop/Ros2_Control/install/aero_description:${AMENT_PREFIX_PATH} CMAKE_PREFIX_PATH=/home/ali/Desktop/Ros2_Control/install/aero_description:/opt/ros/humble /usr/bin/cmake /home/ali/Desktop/Ros2_Control/src/aero_moveit_config -DAMENT_CMAKE_SYMLINK_INSTALL=1 -DCMAKE_INSTALL_PREFIX=/home/ali/Desktop/Ros2_Control/install/aero_moveit_config
[0.051s] -- The C compiler identification is GNU 11.4.0
[0.094s] -- The CXX compiler identification is GNU 11.4.0
[0.100s] -- Detecting C compiler ABI info
[0.161s] -- Detecting C compiler ABI info - done
[0.167s] -- Check for working C compiler: /usr/bin/cc - skipped
[0.167s] -- Detecting C compile features
[0.167s] -- Detecting C compile features - done
[0.169s] -- Detecting CXX compiler ABI info
[0.230s] -- Detecting CXX compiler ABI info - done
[0.235s] -- Check for working CXX compiler: /usr/bin/c++ - skipped
[0.235s] -- Detecting CXX compile features
[0.235s] -- Detecting CXX compile features - done
[0.237s] -- Found ament_cmake: 1.3.12 (/opt/ros/humble/share/ament_cmake/cmake)
[0.365s] -- Found Python3: /usr/bin/python3 (found version "3.10.12") found components: Interpreter 
[0.415s] -- Override CMake install command with custom implementation using symlinks instead of copying resources
[0.479s] -- Configuring done
[0.480s] -- Generating done
[0.481s] -- Build files have been written to: /home/ali/Desktop/Ros2_Control/build/aero_moveit_config
[0.485s] Invoked command in '/home/ali/Desktop/Ros2_Control/build/aero_moveit_config' returned '0': AMENT_PREFIX_PATH=/home/ali/Desktop/Ros2_Control/install/aero_description:${AMENT_PREFIX_PATH} CMAKE_PREFIX_PATH=/home/ali/Desktop/Ros2_Control/install/aero_description:/opt/ros/humble /usr/bin/cmake /home/ali/Desktop/Ros2_Control/src/aero_moveit_config -DAMENT_CMAKE_SYMLINK_INSTALL=1 -DCMAKE_INSTALL_PREFIX=/home/ali/Desktop/Ros2_Control/install/aero_moveit_config
[0.487s] Invoking command in '/home/ali/Desktop/Ros2_Control/build/aero_moveit_config': AMENT_PREFIX_PATH=/home/ali/Desktop/Ros2_Control/install/aero_description:${AMENT_PREFIX_PATH} CMAKE_PREFIX_PATH=/home/ali/Desktop/Ros2_Control/install/aero_description:/opt/ros/humble /usr/bin/cmake --build /home/ali/Desktop/Ros2_Control/build/aero_moveit_config -- -j20 -l20
[0.514s] Invoked command in '/home/ali/Desktop/Ros2_Control/build/aero_moveit_config' returned '0': AMENT_PREFIX_PATH=/home/ali/Desktop/Ros2_Control/install/aero_description:${AMENT_PREFIX_PATH} CMAKE_PREFIX_PATH=/home/ali/Desktop/Ros2_Control/install/aero_description:/opt/ros/humble /usr/bin/cmake --build /home/ali/Desktop/Ros2_Control/build/aero_moveit_config -- -j20 -l20
[0.516s] Invoking command in '/home/ali/Desktop/Ros2_Control/build/aero_moveit_config': AMENT_PREFIX_PATH=/home/ali/Desktop/Ros2_Control/install/aero_description:${AMENT_PREFIX_PATH} CMAKE_PREFIX_PATH=/home/ali/Desktop/Ros2_Control/install/aero_description:/opt/ros/humble /usr/bin/cmake --install /home/ali/Desktop/Ros2_Control/build/aero_moveit_config
[0.522s] -- Install configuration: ""
[0.522s] -- Execute custom install script
[0.522s] -- Symlinking: /home/ali/Desktop/Ros2_Control/install/aero_moveit_config/share/ament_index/resource_index/package_run_dependencies/aero_moveit_config
[0.529s] -- Symlinking: /home/ali/Desktop/Ros2_Control/install/aero_moveit_config/share/ament_index/resource_index/parent_prefix_path/aero_moveit_config
[0.535s] -- Symlinking: /home/ali/Desktop/Ros2_Control/install/aero_moveit_config/share/aero_moveit_config/environment/ament_prefix_path.sh
[0.541s] -- Symlinking: /home/ali/Desktop/Ros2_Control/install/aero_moveit_config/share/aero_moveit_config/environment/ament_prefix_path.dsv
[0.547s] -- Symlinking: /home/ali/Desktop/Ros2_Control/install/aero_moveit_config/share/aero_moveit_config/environment/path.sh
[0.555s] -- Symlinking: /home/ali/Desktop/Ros2_Control/install/aero_moveit_config/share/aero_moveit_config/environment/path.dsv
[0.561s] -- Symlinking: /home/ali/Desktop/Ros2_Control/install/aero_moveit_config/share/aero_moveit_config/local_setup.bash
[0.569s] -- Symlinking: /home/ali/Desktop/Ros2_Control/install/aero_moveit_config/share/aero_moveit_config/local_setup.sh
[0.576s] -- Symlinking: /home/ali/Desktop/Ros2_Control/install/aero_moveit_config/share/aero_moveit_config/local_setup.zsh
[0.582s] -- Symlinking: /home/ali/Desktop/Ros2_Control/install/aero_moveit_config/share/aero_moveit_config/local_setup.dsv
[0.589s] -- Symlinking: /home/ali/Desktop/Ros2_Control/install/aero_moveit_config/share/aero_moveit_config/package.dsv
[0.595s] -- Symlinking: /home/ali/Desktop/Ros2_Control/install/aero_moveit_config/share/ament_index/resource_index/packages/aero_moveit_config
[0.602s] -- Symlinking: /home/ali/Desktop/Ros2_Control/install/aero_moveit_config/share/aero_moveit_config/cmake/aero_moveit_configConfig.cmake
[0.609s] -- Symlinking: /home/ali/Desktop/Ros2_Control/install/aero_moveit_config/share/aero_moveit_config/cmake/aero_moveit_configConfig-version.cmake
[0.615s] -- Symlinking: /home/ali/Desktop/Ros2_Control/install/aero_moveit_config/share/aero_moveit_config/package.xml
[0.622s] -- Symlinking: /home/ali/Desktop/Ros2_Control/install/aero_moveit_config/share/aero_moveit_config/launch/demo.launch.py
[0.628s] -- Symlinking: /home/ali/Desktop/Ros2_Control/install/aero_moveit_config/share/aero_moveit_config/launch/move_group.launch.py
[0.636s] -- Symlinking: /home/ali/Desktop/Ros2_Control/install/aero_moveit_config/share/aero_moveit_config/launch/moveit_rviz.launch.py
[0.644s] -- Symlinking: /home/ali/Desktop/Ros2_Control/install/aero_moveit_config/share/aero_moveit_config/launch/rsp.launch.py
[0.652s] -- Symlinking: /home/ali/Desktop/Ros2_Control/install/aero_moveit_config/share/aero_moveit_config/launch/setup_assistant.launch.py
[0.659s] -- Symlinking: /home/ali/Desktop/Ros2_Control/install/aero_moveit_config/share/aero_moveit_config/launch/spawn_controllers.launch.py
[0.668s] -- Symlinking: /home/ali/Desktop/Ros2_Control/install/aero_moveit_config/share/aero_moveit_config/launch/static_virtual_joint_tfs.launch.py
[0.678s] -- Symlinking: /home/ali/Desktop/Ros2_Control/install/aero_moveit_config/share/aero_moveit_config/launch/warehouse_db.launch.py
[0.687s] -- Symlinking: /home/ali/Desktop/Ros2_Control/install/aero_moveit_config/share/aero_moveit_config/config/arm_robot.ros2_control.xacro
[0.695s] -- Symlinking: /home/ali/Desktop/Ros2_Control/install/aero_moveit_config/share/aero_moveit_config/config/arm_robot.srdf
[0.705s] -- Symlinking: /home/ali/Desktop/Ros2_Control/install/aero_moveit_config/share/aero_moveit_config/config/arm_robot.urdf.xacro
[0.715s] -- Symlinking: /home/ali/Desktop/Ros2_Control/install/aero_moveit_config/share/aero_moveit_config/config/initial_positions.yaml
[0.727s] -- Symlinking: /home/ali/Desktop/Ros2_Control/install/aero_moveit_config/share/aero_moveit_config/config/joint_limits.yaml
[0.738s] -- Symlinking: /home/ali/Desktop/Ros2_Control/install/aero_moveit_config/share/aero_moveit_config/config/kinematics.yaml
[0.748s] -- Symlinking: /home/ali/Desktop/Ros2_Control/install/aero_moveit_config/share/aero_moveit_config/config/moveit.rviz
[0.757s] -- Symlinking: /home/ali/Desktop/Ros2_Control/install/aero_moveit_config/share/aero_moveit_config/config/moveit_controllers.yaml
[0.764s] -- Symlinking: /home/ali/Desktop/Ros2_Control/install/aero_moveit_config/share/aero_moveit_config/config/pilz_cartesian_limits.yaml
[0.772s] -- Symlinking: /home/ali/Desktop/Ros2_Control/install/aero_moveit_config/share/aero_moveit_config/config/ros2_controllers.yaml
[0.779s] -- Symlinking: /home/ali/Desktop/Ros2_Control/install/aero_moveit_config/share/aero_moveit_config/.setup_assistant
[0.790s] Invoked command in '/home/ali/Desktop/Ros2_Control/build/aero_moveit_config' returned '0': AMENT_PREFIX_PATH=/home/ali/Desktop/Ros2_Control/install/aero_description:${AMENT_PREFIX_PATH} CMAKE_PREFIX_PATH=/home/ali/Desktop/Ros2_Control/install/aero_description:/opt/ros/humble /usr/bin/cmake --install /home/ali/Desktop/Ros2_Control/build/aero_moveit_config
