[0.011s] Invoking command in '/home/ali/Desktop/Ros2_Control/build/aero_description': CMAKE_PREFIX_PATH=${CMAKE_PREFIX_PATH}:/home/ali/Desktop/Ros2_Control/install/aero_arm_control:/opt/ros/humble /usr/bin/cmake /home/ali/Desktop/Ros2_Control/src/aero_description -DAMENT_CMAKE_SYMLINK_INSTALL=1 -DCMAKE_INSTALL_PREFIX=/home/ali/Desktop/Ros2_Control/install/aero_description
[0.068s] -- The C compiler identification is GNU 11.4.0
[0.113s] -- The CXX compiler identification is GNU 11.4.0
[0.121s] -- Detecting C compiler ABI info
[0.189s] -- Detecting C compiler ABI info - done
[0.196s] -- Check for working C compiler: /usr/bin/cc - skipped
[0.196s] -- Detecting C compile features
[0.196s] -- Detecting C compile features - done
[0.199s] -- Detecting CXX compiler ABI info
[0.282s] -- Detecting CXX compiler ABI info - done
[0.289s] -- Check for working CXX compiler: /usr/bin/c++ - skipped
[0.289s] -- Detecting CXX compile features
[0.289s] -- Detecting CXX compile features - done
[0.291s] -- Found ament_cmake: 1.3.12 (/opt/ros/humble/share/ament_cmake/cmake)
[0.448s] -- Found Python3: /usr/bin/python3 (found version "3.10.12") found components: Interpreter 
[0.498s] -- Override CMake install command with custom implementation using symlinks instead of copying resources
[0.593s] -- Configuring done
[0.595s] -- Generating done
[0.596s] -- Build files have been written to: /home/ali/Desktop/Ros2_Control/build/aero_description
[0.601s] Invoked command in '/home/ali/Desktop/Ros2_Control/build/aero_description' returned '0': CMAKE_PREFIX_PATH=${CMAKE_PREFIX_PATH}:/home/ali/Desktop/Ros2_Control/install/aero_arm_control:/opt/ros/humble /usr/bin/cmake /home/ali/Desktop/Ros2_Control/src/aero_description -DAMENT_CMAKE_SYMLINK_INSTALL=1 -DCMAKE_INSTALL_PREFIX=/home/ali/Desktop/Ros2_Control/install/aero_description
[0.602s] Invoking command in '/home/ali/Desktop/Ros2_Control/build/aero_description': CMAKE_PREFIX_PATH=${CMAKE_PREFIX_PATH}:/home/ali/Desktop/Ros2_Control/install/aero_arm_control:/opt/ros/humble /usr/bin/cmake --build /home/ali/Desktop/Ros2_Control/build/aero_description -- -j20 -l20
[0.654s] Invoked command in '/home/ali/Desktop/Ros2_Control/build/aero_description' returned '0': CMAKE_PREFIX_PATH=${CMAKE_PREFIX_PATH}:/home/ali/Desktop/Ros2_Control/install/aero_arm_control:/opt/ros/humble /usr/bin/cmake --build /home/ali/Desktop/Ros2_Control/build/aero_description -- -j20 -l20
[0.665s] Invoking command in '/home/ali/Desktop/Ros2_Control/build/aero_description': CMAKE_PREFIX_PATH=${CMAKE_PREFIX_PATH}:/home/ali/Desktop/Ros2_Control/install/aero_arm_control:/opt/ros/humble /usr/bin/cmake --install /home/ali/Desktop/Ros2_Control/build/aero_description
[0.671s] -- Install configuration: ""
[0.671s] -- Execute custom install script
[0.671s] -- Symlinking: /home/ali/Desktop/Ros2_Control/install/aero_description/share/aero_description//urdf/aero.gazebo.xacro
[0.679s] -- Symlinking: /home/ali/Desktop/Ros2_Control/install/aero_description/share/aero_description//urdf/aero.ignition.xacro
[0.686s] -- Symlinking: /home/ali/Desktop/Ros2_Control/install/aero_description/share/aero_description//urdf/aero.urdf.xacro
[0.694s] -- Symlinking: /home/ali/Desktop/Ros2_Control/install/aero_description/share/aero_description//urdf/aero.webots.xacro
[0.703s] -- Symlinking: /home/ali/Desktop/Ros2_Control/install/aero_description/share/aero_description//urdf/aero_base.xacro
[0.712s] -- Symlinking: /home/ali/Desktop/Ros2_Control/install/aero_description/share/aero_description//urdf/arm/arm.urdf.xacro
[0.727s] -- Symlinking: /home/ali/Desktop/Ros2_Control/install/aero_description/share/aero_description//urdf/common_properties.xacro
[0.741s] -- Symlinking: /home/ali/Desktop/Ros2_Control/install/aero_description/share/aero_description//urdf/mobile_base.ros2_control.xacro
[0.750s] -- Symlinking: /home/ali/Desktop/Ros2_Control/install/aero_description/share/aero_description//launch/arm.display.launch.py
[0.758s] -- Symlinking: /home/ali/Desktop/Ros2_Control/install/aero_description/share/aero_description//launch/display.launch.py
[0.766s] -- Symlinking: /home/ali/Desktop/Ros2_Control/install/aero_description/share/aero_description//rviz/urdf_config.rviz
[0.774s] -- Symlinking: /home/ali/Desktop/Ros2_Control/install/aero_description/share/aero_description//meshes/LINK1.stl
[0.782s] -- Symlinking: /home/ali/Desktop/Ros2_Control/install/aero_description/share/aero_description//meshes/LINK2.stl
[0.789s] -- Symlinking: /home/ali/Desktop/Ros2_Control/install/aero_description/share/aero_description//meshes/LINK3.stl
[0.795s] -- Symlinking: /home/ali/Desktop/Ros2_Control/install/aero_description/share/aero_description//meshes/LINK4.stl
[0.803s] -- Symlinking: /home/ali/Desktop/Ros2_Control/install/aero_description/share/aero_description//meshes/arm_base_link.stl
[0.811s] -- Symlinking: /home/ali/Desktop/Ros2_Control/install/aero_description/share/aero_description//meshes/arm_end.stl
[0.824s] -- Symlinking: /home/ali/Desktop/Ros2_Control/install/aero_description/share/aero_description//meshes/base_link.STL
[0.836s] -- Symlinking: /home/ali/Desktop/Ros2_Control/install/aero_description/share/aero_description//meshes/base_link.stl.new
[0.845s] -- Symlinking: /home/ali/Desktop/Ros2_Control/install/aero_description/share/aero_description//meshes/link_lb.STL
[0.852s] -- Symlinking: /home/ali/Desktop/Ros2_Control/install/aero_description/share/aero_description//meshes/link_lf.STL
[0.859s] -- Symlinking: /home/ali/Desktop/Ros2_Control/install/aero_description/share/aero_description//meshes/link_rb.STL
[0.867s] -- Symlinking: /home/ali/Desktop/Ros2_Control/install/aero_description/share/aero_description//meshes/link_rf.STL
[0.873s] -- Symlinking: /home/ali/Desktop/Ros2_Control/install/aero_description/share/ament_index/resource_index/package_run_dependencies/aero_description
[0.880s] -- Symlinking: /home/ali/Desktop/Ros2_Control/install/aero_description/share/ament_index/resource_index/parent_prefix_path/aero_description
[0.886s] -- Symlinking: /home/ali/Desktop/Ros2_Control/install/aero_description/share/aero_description/environment/ament_prefix_path.sh
[0.893s] -- Symlinking: /home/ali/Desktop/Ros2_Control/install/aero_description/share/aero_description/environment/ament_prefix_path.dsv
[0.900s] -- Symlinking: /home/ali/Desktop/Ros2_Control/install/aero_description/share/aero_description/environment/path.sh
[0.907s] -- Symlinking: /home/ali/Desktop/Ros2_Control/install/aero_description/share/aero_description/environment/path.dsv
[0.916s] -- Symlinking: /home/ali/Desktop/Ros2_Control/install/aero_description/share/aero_description/local_setup.bash
[0.933s] -- Symlinking: /home/ali/Desktop/Ros2_Control/install/aero_description/share/aero_description/local_setup.sh
[0.943s] -- Symlinking: /home/ali/Desktop/Ros2_Control/install/aero_description/share/aero_description/local_setup.zsh
[0.950s] -- Symlinking: /home/ali/Desktop/Ros2_Control/install/aero_description/share/aero_description/local_setup.dsv
[0.958s] -- Symlinking: /home/ali/Desktop/Ros2_Control/install/aero_description/share/aero_description/package.dsv
[0.965s] -- Symlinking: /home/ali/Desktop/Ros2_Control/install/aero_description/share/ament_index/resource_index/packages/aero_description
[0.972s] -- Symlinking: /home/ali/Desktop/Ros2_Control/install/aero_description/share/aero_description/cmake/aero_descriptionConfig.cmake
[0.981s] -- Symlinking: /home/ali/Desktop/Ros2_Control/install/aero_description/share/aero_description/cmake/aero_descriptionConfig-version.cmake
[0.989s] -- Symlinking: /home/ali/Desktop/Ros2_Control/install/aero_description/share/aero_description/package.xml
[1.000s] Invoked command in '/home/ali/Desktop/Ros2_Control/build/aero_description' returned '0': CMAKE_PREFIX_PATH=${CMAKE_PREFIX_PATH}:/home/ali/Desktop/Ros2_Control/install/aero_arm_control:/opt/ros/humble /usr/bin/cmake --install /home/ali/Desktop/Ros2_Control/build/aero_description
