[0.070s] colcon DEBUG Command line arguments: ['/usr/bin/colcon', 'build', '--packages-select', 'aero_bringup', '--symlink-install']
[0.070s] colcon DEBUG Parsed command line arguments: Namespace(log_base=None, log_level=None, verb_name='build', build_base='build', install_base='install', merge_install=False, symlink_install=True, test_result_base=None, continue_on_error=False, executor='parallel', parallel_workers=20, event_handlers=None, ignore_user_meta=False, metas=['./colcon.meta'], base_paths=['.'], packages_ignore=None, packages_ignore_regex=None, paths=None, packages_up_to=None, packages_up_to_regex=None, packages_above=None, packages_above_and_dependencies=None, packages_above_depth=None, packages_select_by_dep=None, packages_skip_by_dep=None, packages_skip_up_to=None, packages_select_build_failed=False, packages_skip_build_finished=False, packages_select_test_failures=False, packages_skip_test_passed=False, packages_select=['aero_bringup'], packages_skip=None, packages_select_regex=None, packages_skip_regex=None, packages_start=None, packages_end=None, allow_overriding=[], cmake_args=None, cmake_target=None, cmake_target_skip_unavailable=False, cmake_clean_cache=False, cmake_clean_first=False, cmake_force_configure=False, ament_cmake_args=None, catkin_cmake_args=None, catkin_skip_building_tests=False, mixin_files=None, mixin=None, verb_parser=<colcon_mixin.mixin.mixin_argument.MixinArgumentDecorator object at 0x7db308847190>, verb_extension=<colcon_core.verb.build.BuildVerb object at 0x7db308846b00>, main=<bound method BuildVerb.main of <colcon_core.verb.build.BuildVerb object at 0x7db308846b00>>, mixin_verb=('build',))
[0.187s] colcon.colcon_core.package_discovery Level 1 discover_packages(colcon_meta) check parameters
[0.187s] colcon.colcon_core.package_discovery Level 1 discover_packages(recursive) check parameters
[0.187s] colcon.colcon_core.package_discovery Level 1 discover_packages(ignore) check parameters
[0.187s] colcon.colcon_core.package_discovery Level 1 discover_packages(path) check parameters
[0.187s] colcon.colcon_core.package_discovery Level 1 discover_packages(colcon_meta) discover
[0.187s] colcon.colcon_core.package_discovery Level 1 discover_packages(recursive) discover
[0.187s] colcon.colcon_core.package_discovery INFO Crawling recursively for packages in '/home/ali/Desktop/Ros2_Control'
[0.187s] colcon.colcon_core.package_identification Level 1 _identify(.) by extensions ['ignore', 'ignore_ament_install']
[0.187s] colcon.colcon_core.package_identification Level 1 _identify(.) by extension 'ignore'
[0.187s] colcon.colcon_core.package_identification Level 1 _identify(.) by extension 'ignore_ament_install'
[0.187s] colcon.colcon_core.package_identification Level 1 _identify(.) by extensions ['colcon_pkg']
[0.187s] colcon.colcon_core.package_identification Level 1 _identify(.) by extension 'colcon_pkg'
[0.187s] colcon.colcon_core.package_identification Level 1 _identify(.) by extensions ['colcon_meta']
[0.187s] colcon.colcon_core.package_identification Level 1 _identify(.) by extension 'colcon_meta'
[0.187s] colcon.colcon_core.package_identification Level 1 _identify(.) by extensions ['ros']
[0.187s] colcon.colcon_core.package_identification Level 1 _identify(.) by extension 'ros'
[0.193s] colcon.colcon_core.package_identification Level 1 _identify(.) by extensions ['cmake', 'python']
[0.193s] colcon.colcon_core.package_identification Level 1 _identify(.) by extension 'cmake'
[0.193s] colcon.colcon_core.package_identification Level 1 _identify(.) by extension 'python'
[0.193s] colcon.colcon_core.package_identification Level 1 _identify(.) by extensions ['python_setup_py']
[0.193s] colcon.colcon_core.package_identification Level 1 _identify(.) by extension 'python_setup_py'
[0.193s] colcon.colcon_core.package_identification Level 1 _identify(build) by extensions ['ignore', 'ignore_ament_install']
[0.194s] colcon.colcon_core.package_identification Level 1 _identify(build) by extension 'ignore'
[0.194s] colcon.colcon_core.package_identification Level 1 _identify(build) ignored
[0.194s] colcon.colcon_core.package_identification Level 1 _identify(install) by extensions ['ignore', 'ignore_ament_install']
[0.194s] colcon.colcon_core.package_identification Level 1 _identify(install) by extension 'ignore'
[0.194s] colcon.colcon_core.package_identification Level 1 _identify(install) ignored
[0.194s] colcon.colcon_core.package_identification Level 1 _identify(log) by extensions ['ignore', 'ignore_ament_install']
[0.194s] colcon.colcon_core.package_identification Level 1 _identify(log) by extension 'ignore'
[0.194s] colcon.colcon_core.package_identification Level 1 _identify(log) ignored
[0.194s] colcon.colcon_core.package_identification Level 1 _identify(src) by extensions ['ignore', 'ignore_ament_install']
[0.194s] colcon.colcon_core.package_identification Level 1 _identify(src) by extension 'ignore'
[0.194s] colcon.colcon_core.package_identification Level 1 _identify(src) by extension 'ignore_ament_install'
[0.194s] colcon.colcon_core.package_identification Level 1 _identify(src) by extensions ['colcon_pkg']
[0.194s] colcon.colcon_core.package_identification Level 1 _identify(src) by extension 'colcon_pkg'
[0.194s] colcon.colcon_core.package_identification Level 1 _identify(src) by extensions ['colcon_meta']
[0.194s] colcon.colcon_core.package_identification Level 1 _identify(src) by extension 'colcon_meta'
[0.194s] colcon.colcon_core.package_identification Level 1 _identify(src) by extensions ['ros']
[0.194s] colcon.colcon_core.package_identification Level 1 _identify(src) by extension 'ros'
[0.194s] colcon.colcon_core.package_identification Level 1 _identify(src) by extensions ['cmake', 'python']
[0.194s] colcon.colcon_core.package_identification Level 1 _identify(src) by extension 'cmake'
[0.194s] colcon.colcon_core.package_identification Level 1 _identify(src) by extension 'python'
[0.194s] colcon.colcon_core.package_identification Level 1 _identify(src) by extensions ['python_setup_py']
[0.194s] colcon.colcon_core.package_identification Level 1 _identify(src) by extension 'python_setup_py'
[0.194s] colcon.colcon_core.package_identification Level 1 _identify(src/aero_arm_control) by extensions ['ignore', 'ignore_ament_install']
[0.194s] colcon.colcon_core.package_identification Level 1 _identify(src/aero_arm_control) by extension 'ignore'
[0.194s] colcon.colcon_core.package_identification Level 1 _identify(src/aero_arm_control) by extension 'ignore_ament_install'
[0.194s] colcon.colcon_core.package_identification Level 1 _identify(src/aero_arm_control) by extensions ['colcon_pkg']
[0.194s] colcon.colcon_core.package_identification Level 1 _identify(src/aero_arm_control) by extension 'colcon_pkg'
[0.194s] colcon.colcon_core.package_identification Level 1 _identify(src/aero_arm_control) by extensions ['colcon_meta']
[0.194s] colcon.colcon_core.package_identification Level 1 _identify(src/aero_arm_control) by extension 'colcon_meta'
[0.194s] colcon.colcon_core.package_identification Level 1 _identify(src/aero_arm_control) by extensions ['ros']
[0.194s] colcon.colcon_core.package_identification Level 1 _identify(src/aero_arm_control) by extension 'ros'
[0.196s] colcon.colcon_core.package_identification DEBUG Package 'src/aero_arm_control' with type 'ros.ament_python' and name 'aero_arm_control'
[0.196s] colcon.colcon_core.package_identification Level 1 _identify(src/aero_bringup) by extensions ['ignore', 'ignore_ament_install']
[0.196s] colcon.colcon_core.package_identification Level 1 _identify(src/aero_bringup) by extension 'ignore'
[0.196s] colcon.colcon_core.package_identification Level 1 _identify(src/aero_bringup) by extension 'ignore_ament_install'
[0.196s] colcon.colcon_core.package_identification Level 1 _identify(src/aero_bringup) by extensions ['colcon_pkg']
[0.196s] colcon.colcon_core.package_identification Level 1 _identify(src/aero_bringup) by extension 'colcon_pkg'
[0.196s] colcon.colcon_core.package_identification Level 1 _identify(src/aero_bringup) by extensions ['colcon_meta']
[0.196s] colcon.colcon_core.package_identification Level 1 _identify(src/aero_bringup) by extension 'colcon_meta'
[0.196s] colcon.colcon_core.package_identification Level 1 _identify(src/aero_bringup) by extensions ['ros']
[0.196s] colcon.colcon_core.package_identification Level 1 _identify(src/aero_bringup) by extension 'ros'
[0.196s] colcon.colcon_core.package_identification DEBUG Package 'src/aero_bringup' with type 'ros.ament_cmake' and name 'aero_bringup'
[0.197s] colcon.colcon_core.package_identification Level 1 _identify(src/aero_description) by extensions ['ignore', 'ignore_ament_install']
[0.197s] colcon.colcon_core.package_identification Level 1 _identify(src/aero_description) by extension 'ignore'
[0.197s] colcon.colcon_core.package_identification Level 1 _identify(src/aero_description) by extension 'ignore_ament_install'
[0.197s] colcon.colcon_core.package_identification Level 1 _identify(src/aero_description) by extensions ['colcon_pkg']
[0.197s] colcon.colcon_core.package_identification Level 1 _identify(src/aero_description) by extension 'colcon_pkg'
[0.197s] colcon.colcon_core.package_identification Level 1 _identify(src/aero_description) by extensions ['colcon_meta']
[0.197s] colcon.colcon_core.package_identification Level 1 _identify(src/aero_description) by extension 'colcon_meta'
[0.197s] colcon.colcon_core.package_identification Level 1 _identify(src/aero_description) by extensions ['ros']
[0.197s] colcon.colcon_core.package_identification Level 1 _identify(src/aero_description) by extension 'ros'
[0.197s] colcon.colcon_core.package_identification DEBUG Package 'src/aero_description' with type 'ros.ament_cmake' and name 'aero_description'
[0.197s] colcon.colcon_core.package_identification Level 1 _identify(src/aero_moveit_config) by extensions ['ignore', 'ignore_ament_install']
[0.197s] colcon.colcon_core.package_identification Level 1 _identify(src/aero_moveit_config) by extension 'ignore'
[0.197s] colcon.colcon_core.package_identification Level 1 _identify(src/aero_moveit_config) by extension 'ignore_ament_install'
[0.197s] colcon.colcon_core.package_identification Level 1 _identify(src/aero_moveit_config) by extensions ['colcon_pkg']
[0.197s] colcon.colcon_core.package_identification Level 1 _identify(src/aero_moveit_config) by extension 'colcon_pkg'
[0.197s] colcon.colcon_core.package_identification Level 1 _identify(src/aero_moveit_config) by extensions ['colcon_meta']
[0.197s] colcon.colcon_core.package_identification Level 1 _identify(src/aero_moveit_config) by extension 'colcon_meta'
[0.197s] colcon.colcon_core.package_identification Level 1 _identify(src/aero_moveit_config) by extensions ['ros']
[0.197s] colcon.colcon_core.package_identification Level 1 _identify(src/aero_moveit_config) by extension 'ros'
[0.198s] colcon.colcon_core.package_identification DEBUG Package 'src/aero_moveit_config' with type 'ros.ament_cmake' and name 'aero_moveit_config'
[0.198s] colcon.colcon_core.package_identification Level 1 _identify(src/build) by extensions ['ignore', 'ignore_ament_install']
[0.198s] colcon.colcon_core.package_identification Level 1 _identify(src/build) by extension 'ignore'
[0.198s] colcon.colcon_core.package_identification Level 1 _identify(src/build) ignored
[0.198s] colcon.colcon_core.package_identification Level 1 _identify(src/install) by extensions ['ignore', 'ignore_ament_install']
[0.198s] colcon.colcon_core.package_identification Level 1 _identify(src/install) by extension 'ignore'
[0.198s] colcon.colcon_core.package_identification Level 1 _identify(src/install) ignored
[0.198s] colcon.colcon_core.package_identification Level 1 _identify(src/log) by extensions ['ignore', 'ignore_ament_install']
[0.198s] colcon.colcon_core.package_identification Level 1 _identify(src/log) by extension 'ignore'
[0.198s] colcon.colcon_core.package_identification Level 1 _identify(src/log) ignored
[0.198s] colcon.colcon_core.package_identification Level 1 _identify(src/my_robot_bringup) by extensions ['ignore', 'ignore_ament_install']
[0.198s] colcon.colcon_core.package_identification Level 1 _identify(src/my_robot_bringup) by extension 'ignore'
[0.198s] colcon.colcon_core.package_identification Level 1 _identify(src/my_robot_bringup) by extension 'ignore_ament_install'
[0.198s] colcon.colcon_core.package_identification Level 1 _identify(src/my_robot_bringup) by extensions ['colcon_pkg']
[0.198s] colcon.colcon_core.package_identification Level 1 _identify(src/my_robot_bringup) by extension 'colcon_pkg'
[0.198s] colcon.colcon_core.package_identification Level 1 _identify(src/my_robot_bringup) by extensions ['colcon_meta']
[0.198s] colcon.colcon_core.package_identification Level 1 _identify(src/my_robot_bringup) by extension 'colcon_meta'
[0.198s] colcon.colcon_core.package_identification Level 1 _identify(src/my_robot_bringup) by extensions ['ros']
[0.198s] colcon.colcon_core.package_identification Level 1 _identify(src/my_robot_bringup) by extension 'ros'
[0.199s] colcon.colcon_core.package_identification DEBUG Package 'src/my_robot_bringup' with type 'ros.ament_cmake' and name 'my_robot_bringup'
[0.199s] colcon.colcon_core.package_identification Level 1 _identify(src/my_robot_description) by extensions ['ignore', 'ignore_ament_install']
[0.199s] colcon.colcon_core.package_identification Level 1 _identify(src/my_robot_description) by extension 'ignore'
[0.199s] colcon.colcon_core.package_identification Level 1 _identify(src/my_robot_description) by extension 'ignore_ament_install'
[0.199s] colcon.colcon_core.package_identification Level 1 _identify(src/my_robot_description) by extensions ['colcon_pkg']
[0.199s] colcon.colcon_core.package_identification Level 1 _identify(src/my_robot_description) by extension 'colcon_pkg'
[0.199s] colcon.colcon_core.package_identification Level 1 _identify(src/my_robot_description) by extensions ['colcon_meta']
[0.199s] colcon.colcon_core.package_identification Level 1 _identify(src/my_robot_description) by extension 'colcon_meta'
[0.199s] colcon.colcon_core.package_identification Level 1 _identify(src/my_robot_description) by extensions ['ros']
[0.199s] colcon.colcon_core.package_identification Level 1 _identify(src/my_robot_description) by extension 'ros'
[0.199s] colcon.colcon_core.package_identification DEBUG Package 'src/my_robot_description' with type 'ros.ament_cmake' and name 'my_robot_description'
[0.199s] colcon.colcon_core.package_discovery Level 1 discover_packages(recursive) using defaults
[0.199s] colcon.colcon_core.package_discovery Level 1 discover_packages(ignore) discover
[0.199s] colcon.colcon_core.package_discovery Level 1 discover_packages(ignore) using defaults
[0.199s] colcon.colcon_core.package_discovery Level 1 discover_packages(path) discover
[0.199s] colcon.colcon_core.package_discovery Level 1 discover_packages(path) using defaults
[0.208s] colcon.colcon_core.package_selection INFO Skipping not selected package 'aero_arm_control' in 'src/aero_arm_control'
[0.208s] colcon.colcon_core.package_selection INFO Skipping not selected package 'aero_description' in 'src/aero_description'
[0.208s] colcon.colcon_core.package_selection INFO Skipping not selected package 'my_robot_description' in 'src/my_robot_description'
[0.208s] colcon.colcon_core.package_selection INFO Skipping not selected package 'aero_moveit_config' in 'src/aero_moveit_config'
[0.208s] colcon.colcon_core.package_selection INFO Skipping not selected package 'my_robot_bringup' in 'src/my_robot_bringup'
[0.208s] colcon.colcon_core.package_discovery Level 1 discover_packages(prefix_path) check parameters
[0.208s] colcon.colcon_core.package_discovery Level 1 discover_packages(prefix_path) discover
[0.209s] colcon.colcon_installed_package_information.package_discovery DEBUG Found 6 installed packages in /home/ali/Desktop/Ros2_Control/install
[0.210s] colcon.colcon_installed_package_information.package_discovery DEBUG Found 342 installed packages in /opt/ros/humble
[0.211s] colcon.colcon_core.package_discovery Level 1 discover_packages(prefix_path) using defaults
[0.232s] colcon.colcon_core.verb Level 5 set package 'aero_bringup' build argument 'cmake_args' from command line to 'None'
[0.232s] colcon.colcon_core.verb Level 5 set package 'aero_bringup' build argument 'cmake_target' from command line to 'None'
[0.232s] colcon.colcon_core.verb Level 5 set package 'aero_bringup' build argument 'cmake_target_skip_unavailable' from command line to 'False'
[0.232s] colcon.colcon_core.verb Level 5 set package 'aero_bringup' build argument 'cmake_clean_cache' from command line to 'False'
[0.232s] colcon.colcon_core.verb Level 5 set package 'aero_bringup' build argument 'cmake_clean_first' from command line to 'False'
[0.232s] colcon.colcon_core.verb Level 5 set package 'aero_bringup' build argument 'cmake_force_configure' from command line to 'False'
[0.232s] colcon.colcon_core.verb Level 5 set package 'aero_bringup' build argument 'ament_cmake_args' from command line to 'None'
[0.232s] colcon.colcon_core.verb Level 5 set package 'aero_bringup' build argument 'catkin_cmake_args' from command line to 'None'
[0.232s] colcon.colcon_core.verb Level 5 set package 'aero_bringup' build argument 'catkin_skip_building_tests' from command line to 'False'
[0.232s] colcon.colcon_core.verb DEBUG Building package 'aero_bringup' with the following arguments: {'ament_cmake_args': None, 'build_base': '/home/ali/Desktop/Ros2_Control/build/aero_bringup', 'catkin_cmake_args': None, 'catkin_skip_building_tests': False, 'cmake_args': None, 'cmake_clean_cache': False, 'cmake_clean_first': False, 'cmake_force_configure': False, 'cmake_target': None, 'cmake_target_skip_unavailable': False, 'install_base': '/home/ali/Desktop/Ros2_Control/install/aero_bringup', 'merge_install': False, 'path': '/home/ali/Desktop/Ros2_Control/src/aero_bringup', 'symlink_install': True, 'test_result_base': None}
[0.232s] colcon.colcon_core.executor INFO Executing jobs using 'parallel' executor
[0.233s] colcon.colcon_parallel_executor.executor.parallel DEBUG run_until_complete
[0.233s] colcon.colcon_ros.task.ament_cmake.build INFO Building ROS package in '/home/ali/Desktop/Ros2_Control/src/aero_bringup' with build type 'ament_cmake'
[0.233s] colcon.colcon_cmake.task.cmake.build INFO Building CMake package in '/home/ali/Desktop/Ros2_Control/src/aero_bringup'
[0.234s] colcon.colcon_core.plugin_system INFO Skipping extension 'colcon_core.shell.bat': Not used on non-Windows systems
[0.234s] colcon.colcon_core.shell INFO Skip shell extension 'powershell' for command environment: Not usable outside of PowerShell
[0.234s] colcon.colcon_core.shell DEBUG Skip shell extension 'dsv' for command environment
[0.241s] colcon.colcon_core.event_handler.log_command DEBUG Invoking command in '/home/ali/Desktop/Ros2_Control/build/aero_bringup': CMAKE_PREFIX_PATH=/home/ali/Desktop/Ros2_Control/install/aero_description:/home/ali/Desktop/Ros2_Control/install/my_robot_bringup:/home/ali/Desktop/Ros2_Control/install/my_robot_description:/home/ali/Desktop/Ros2_Control/install/aero_moveit_config:/home/ali/Desktop/Ros2_Control/install/aero_bringup:/home/ali/Desktop/Ros2_Control/install/aero_arm_control:/opt/ros/humble /usr/bin/cmake --build /home/ali/Desktop/Ros2_Control/build/aero_bringup -- -j20 -l20
[0.268s] colcon.colcon_core.event_handler.log_command DEBUG Invoked command in '/home/ali/Desktop/Ros2_Control/build/aero_bringup' returned '0': CMAKE_PREFIX_PATH=/home/ali/Desktop/Ros2_Control/install/aero_description:/home/ali/Desktop/Ros2_Control/install/my_robot_bringup:/home/ali/Desktop/Ros2_Control/install/my_robot_description:/home/ali/Desktop/Ros2_Control/install/aero_moveit_config:/home/ali/Desktop/Ros2_Control/install/aero_bringup:/home/ali/Desktop/Ros2_Control/install/aero_arm_control:/opt/ros/humble /usr/bin/cmake --build /home/ali/Desktop/Ros2_Control/build/aero_bringup -- -j20 -l20
[0.273s] colcon.colcon_core.event_handler.log_command DEBUG Invoking command in '/home/ali/Desktop/Ros2_Control/build/aero_bringup': CMAKE_PREFIX_PATH=/home/ali/Desktop/Ros2_Control/install/aero_description:/home/ali/Desktop/Ros2_Control/install/my_robot_bringup:/home/ali/Desktop/Ros2_Control/install/my_robot_description:/home/ali/Desktop/Ros2_Control/install/aero_moveit_config:/home/ali/Desktop/Ros2_Control/install/aero_bringup:/home/ali/Desktop/Ros2_Control/install/aero_arm_control:/opt/ros/humble /usr/bin/cmake --install /home/ali/Desktop/Ros2_Control/build/aero_bringup
[0.287s] colcon.colcon_core.environment Level 1 create_environment_scripts_only(aero_bringup)
[0.287s] colcon.colcon_core.event_handler.log_command DEBUG Invoked command in '/home/ali/Desktop/Ros2_Control/build/aero_bringup' returned '0': CMAKE_PREFIX_PATH=/home/ali/Desktop/Ros2_Control/install/aero_description:/home/ali/Desktop/Ros2_Control/install/my_robot_bringup:/home/ali/Desktop/Ros2_Control/install/my_robot_description:/home/ali/Desktop/Ros2_Control/install/aero_moveit_config:/home/ali/Desktop/Ros2_Control/install/aero_bringup:/home/ali/Desktop/Ros2_Control/install/aero_arm_control:/opt/ros/humble /usr/bin/cmake --install /home/ali/Desktop/Ros2_Control/build/aero_bringup
[0.289s] colcon.colcon_core.environment Level 1 checking '/home/ali/Desktop/Ros2_Control/install/aero_bringup' for CMake module files
[0.290s] colcon.colcon_core.environment Level 1 checking '/home/ali/Desktop/Ros2_Control/install/aero_bringup' for CMake config files
[0.290s] colcon.colcon_core.shell Level 1 create_environment_hook('aero_bringup', 'cmake_prefix_path')
[0.290s] colcon.colcon_core.shell INFO Creating environment hook '/home/ali/Desktop/Ros2_Control/install/aero_bringup/share/aero_bringup/hook/cmake_prefix_path.ps1'
[0.290s] colcon.colcon_core.shell INFO Creating environment descriptor '/home/ali/Desktop/Ros2_Control/install/aero_bringup/share/aero_bringup/hook/cmake_prefix_path.dsv'
[0.291s] colcon.colcon_core.shell INFO Creating environment hook '/home/ali/Desktop/Ros2_Control/install/aero_bringup/share/aero_bringup/hook/cmake_prefix_path.sh'
[0.291s] colcon.colcon_core.environment Level 1 checking '/home/ali/Desktop/Ros2_Control/install/aero_bringup/bin'
[0.291s] colcon.colcon_core.environment Level 1 checking '/home/ali/Desktop/Ros2_Control/install/aero_bringup/lib/pkgconfig/aero_bringup.pc'
[0.292s] colcon.colcon_core.environment Level 1 checking '/home/ali/Desktop/Ros2_Control/install/aero_bringup/lib/python3.10/site-packages'
[0.292s] colcon.colcon_core.environment Level 1 checking '/home/ali/Desktop/Ros2_Control/install/aero_bringup/bin'
[0.292s] colcon.colcon_core.shell INFO Creating package script '/home/ali/Desktop/Ros2_Control/install/aero_bringup/share/aero_bringup/package.ps1'
[0.293s] colcon.colcon_core.shell INFO Creating package descriptor '/home/ali/Desktop/Ros2_Control/install/aero_bringup/share/aero_bringup/package.dsv'
[0.293s] colcon.colcon_core.shell INFO Creating package script '/home/ali/Desktop/Ros2_Control/install/aero_bringup/share/aero_bringup/package.sh'
[0.294s] colcon.colcon_core.shell INFO Creating package script '/home/ali/Desktop/Ros2_Control/install/aero_bringup/share/aero_bringup/package.bash'
[0.294s] colcon.colcon_core.shell INFO Creating package script '/home/ali/Desktop/Ros2_Control/install/aero_bringup/share/aero_bringup/package.zsh'
[0.294s] colcon.colcon_core.environment Level 1 create_file_with_runtime_dependencies(/home/ali/Desktop/Ros2_Control/install/aero_bringup/share/colcon-core/packages/aero_bringup)
[0.295s] colcon.colcon_core.environment Level 1 create_environment_scripts_only(aero_bringup)
[0.295s] colcon.colcon_core.environment Level 1 checking '/home/ali/Desktop/Ros2_Control/install/aero_bringup' for CMake module files
[0.295s] colcon.colcon_core.environment Level 1 checking '/home/ali/Desktop/Ros2_Control/install/aero_bringup' for CMake config files
[0.295s] colcon.colcon_core.shell Level 1 create_environment_hook('aero_bringup', 'cmake_prefix_path')
[0.296s] colcon.colcon_core.shell INFO Creating environment hook '/home/ali/Desktop/Ros2_Control/install/aero_bringup/share/aero_bringup/hook/cmake_prefix_path.ps1'
[0.296s] colcon.colcon_core.shell INFO Creating environment descriptor '/home/ali/Desktop/Ros2_Control/install/aero_bringup/share/aero_bringup/hook/cmake_prefix_path.dsv'
[0.296s] colcon.colcon_core.shell INFO Creating environment hook '/home/ali/Desktop/Ros2_Control/install/aero_bringup/share/aero_bringup/hook/cmake_prefix_path.sh'
[0.296s] colcon.colcon_core.environment Level 1 checking '/home/ali/Desktop/Ros2_Control/install/aero_bringup/bin'
[0.296s] colcon.colcon_core.environment Level 1 checking '/home/ali/Desktop/Ros2_Control/install/aero_bringup/lib/pkgconfig/aero_bringup.pc'
[0.296s] colcon.colcon_core.environment Level 1 checking '/home/ali/Desktop/Ros2_Control/install/aero_bringup/lib/python3.10/site-packages'
[0.297s] colcon.colcon_core.environment Level 1 checking '/home/ali/Desktop/Ros2_Control/install/aero_bringup/bin'
[0.297s] colcon.colcon_core.shell INFO Creating package script '/home/ali/Desktop/Ros2_Control/install/aero_bringup/share/aero_bringup/package.ps1'
[0.297s] colcon.colcon_core.shell INFO Creating package descriptor '/home/ali/Desktop/Ros2_Control/install/aero_bringup/share/aero_bringup/package.dsv'
[0.297s] colcon.colcon_core.shell INFO Creating package script '/home/ali/Desktop/Ros2_Control/install/aero_bringup/share/aero_bringup/package.sh'
[0.297s] colcon.colcon_core.shell INFO Creating package script '/home/ali/Desktop/Ros2_Control/install/aero_bringup/share/aero_bringup/package.bash'
[0.298s] colcon.colcon_core.shell INFO Creating package script '/home/ali/Desktop/Ros2_Control/install/aero_bringup/share/aero_bringup/package.zsh'
[0.298s] colcon.colcon_core.environment Level 1 create_file_with_runtime_dependencies(/home/ali/Desktop/Ros2_Control/install/aero_bringup/share/colcon-core/packages/aero_bringup)
[0.298s] colcon.colcon_parallel_executor.executor.parallel DEBUG closing loop
[0.298s] colcon.colcon_parallel_executor.executor.parallel DEBUG loop closed
[0.298s] colcon.colcon_parallel_executor.executor.parallel DEBUG run_until_complete finished with '0'
[0.298s] colcon.colcon_core.event_reactor DEBUG joining thread
[0.301s] colcon.colcon_core.plugin_system INFO Skipping extension 'colcon_notification.desktop_notification.terminal_notifier': Not used on non-Darwin systems
[0.301s] colcon.colcon_core.plugin_system INFO Skipping extension 'colcon_notification.desktop_notification.win32': Not used on non-Windows systems
[0.301s] colcon.colcon_notification.desktop_notification INFO Sending desktop notification using 'notify2'
[0.311s] colcon.colcon_core.event_reactor DEBUG joined thread
[0.311s] colcon.colcon_core.shell INFO Creating prefix script '/home/ali/Desktop/Ros2_Control/install/local_setup.ps1'
[0.312s] colcon.colcon_core.shell INFO Creating prefix util module '/home/ali/Desktop/Ros2_Control/install/_local_setup_util_ps1.py'
[0.313s] colcon.colcon_core.shell INFO Creating prefix chain script '/home/ali/Desktop/Ros2_Control/install/setup.ps1'
[0.314s] colcon.colcon_core.shell INFO Creating prefix script '/home/ali/Desktop/Ros2_Control/install/local_setup.sh'
[0.314s] colcon.colcon_core.shell INFO Creating prefix util module '/home/ali/Desktop/Ros2_Control/install/_local_setup_util_sh.py'
[0.314s] colcon.colcon_core.shell INFO Creating prefix chain script '/home/ali/Desktop/Ros2_Control/install/setup.sh'
[0.315s] colcon.colcon_core.shell INFO Creating prefix script '/home/ali/Desktop/Ros2_Control/install/local_setup.bash'
[0.315s] colcon.colcon_core.shell INFO Creating prefix chain script '/home/ali/Desktop/Ros2_Control/install/setup.bash'
[0.316s] colcon.colcon_core.shell INFO Creating prefix script '/home/ali/Desktop/Ros2_Control/install/local_setup.zsh'
[0.316s] colcon.colcon_core.shell INFO Creating prefix chain script '/home/ali/Desktop/Ros2_Control/install/setup.zsh'
