[0.007s] Invoking command in '/home/ali/Desktop/Ros2_Control/src/build/my_robot_description': CMAKE_PREFIX_PATH=${CMAKE_PREFIX_PATH}:/opt/ros/humble /usr/bin/cmake /home/ali/Desktop/Ros2_Control/src/my_robot_description -DCMAKE_INSTALL_PREFIX=/home/ali/Desktop/Ros2_Control/src/install/my_robot_description
[0.082s] -- The C compiler identification is GNU 11.4.0
[0.148s] -- The CXX compiler identification is GNU 11.4.0
[0.155s] -- Detecting C compiler ABI info
[0.212s] -- Detecting C compiler ABI info - done
[0.218s] -- Check for working C compiler: /usr/bin/cc - skipped
[0.219s] -- Detecting C compile features
[0.220s] -- Detecting C compile features - done
[0.222s] -- Detecting CXX compiler ABI info
[0.296s] -- Detecting CXX compiler ABI info - done
[0.302s] -- Check for working CXX compiler: /usr/bin/c++ - skipped
[0.302s] -- Detecting CXX compile features
[0.302s] -- Detecting CXX compile features - done
[0.309s] -- Found ament_cmake: 1.3.12 (/opt/ros/humble/share/ament_cmake/cmake)
[0.449s] -- Found Python3: /usr/bin/python3 (found version "3.10.12") found components: Interpreter 
[0.576s] -- Configuring done
[0.578s] -- Generating done
[0.582s] -- Build files have been written to: /home/ali/Desktop/Ros2_Control/src/build/my_robot_description
[0.583s] Invoked command in '/home/ali/Desktop/Ros2_Control/src/build/my_robot_description' returned '0': CMAKE_PREFIX_PATH=${CMAKE_PREFIX_PATH}:/opt/ros/humble /usr/bin/cmake /home/ali/Desktop/Ros2_Control/src/my_robot_description -DCMAKE_INSTALL_PREFIX=/home/ali/Desktop/Ros2_Control/src/install/my_robot_description
[0.584s] Invoking command in '/home/ali/Desktop/Ros2_Control/src/build/my_robot_description': CMAKE_PREFIX_PATH=${CMAKE_PREFIX_PATH}:/opt/ros/humble /usr/bin/cmake --build /home/ali/Desktop/Ros2_Control/src/build/my_robot_description -- -j20 -l20
[0.622s] Invoked command in '/home/ali/Desktop/Ros2_Control/src/build/my_robot_description' returned '0': CMAKE_PREFIX_PATH=${CMAKE_PREFIX_PATH}:/opt/ros/humble /usr/bin/cmake --build /home/ali/Desktop/Ros2_Control/src/build/my_robot_description -- -j20 -l20
[0.623s] Invoking command in '/home/ali/Desktop/Ros2_Control/src/build/my_robot_description': CMAKE_PREFIX_PATH=${CMAKE_PREFIX_PATH}:/opt/ros/humble /usr/bin/cmake --install /home/ali/Desktop/Ros2_Control/src/build/my_robot_description
[0.630s] -- Install configuration: ""
[0.631s] -- Installing: /home/ali/Desktop/Ros2_Control/src/install/my_robot_description/share/my_robot_description//urdf
[0.631s] -- Installing: /home/ali/Desktop/Ros2_Control/src/install/my_robot_description/share/my_robot_description//urdf/my_robot.urdf.xacro
[0.631s] -- Installing: /home/ali/Desktop/Ros2_Control/src/install/my_robot_description/share/my_robot_description//urdf/mobile_base.xacro
[0.631s] -- Installing: /home/ali/Desktop/Ros2_Control/src/install/my_robot_description/share/my_robot_description//urdf/common_properties.xacro
[0.631s] -- Installing: /home/ali/Desktop/Ros2_Control/src/install/my_robot_description/share/my_robot_description//urdf/my_robot.ignition.xacro
[0.632s] -- Installing: /home/ali/Desktop/Ros2_Control/src/install/my_robot_description/share/my_robot_description//urdf/mobile_base.ros2_control.xacro
[0.632s] -- Installing: /home/ali/Desktop/Ros2_Control/src/install/my_robot_description/share/my_robot_description//urdf/my_robot.gazebo.xacro
[0.632s] -- Installing: /home/ali/Desktop/Ros2_Control/src/install/my_robot_description/share/my_robot_description//urdf/arm
[0.632s] -- Installing: /home/ali/Desktop/Ros2_Control/src/install/my_robot_description/share/my_robot_description//urdf/arm/arm.urdf.xacro
[0.632s] -- Installing: /home/ali/Desktop/Ros2_Control/src/install/my_robot_description/share/my_robot_description//launch
[0.632s] -- Installing: /home/ali/Desktop/Ros2_Control/src/install/my_robot_description/share/my_robot_description//launch/display.launch.py
[0.632s] -- Installing: /home/ali/Desktop/Ros2_Control/src/install/my_robot_description/share/my_robot_description//launch/arm.display.launch.py
[0.632s] -- Installing: /home/ali/Desktop/Ros2_Control/src/install/my_robot_description/share/my_robot_description//rviz
[0.632s] -- Installing: /home/ali/Desktop/Ros2_Control/src/install/my_robot_description/share/my_robot_description//rviz/urdf_config.rviz
[0.632s] -- Installing: /home/ali/Desktop/Ros2_Control/src/install/my_robot_description/share/my_robot_description//meshes
[0.632s] -- Installing: /home/ali/Desktop/Ros2_Control/src/install/my_robot_description/share/my_robot_description//meshes/end.stl
[0.649s] -- Installing: /home/ali/Desktop/Ros2_Control/src/install/my_robot_description/share/my_robot_description//meshes/base_link.stl.new
[0.649s] -- Installing: /home/ali/Desktop/Ros2_Control/src/install/my_robot_description/share/my_robot_description//meshes/base_link.stl
[0.650s] -- Installing: /home/ali/Desktop/Ros2_Control/src/install/my_robot_description/share/my_robot_description//meshes/LINK3.stl
[0.651s] -- Installing: /home/ali/Desktop/Ros2_Control/src/install/my_robot_description/share/my_robot_description//meshes/LINK2.stl
[0.652s] -- Installing: /home/ali/Desktop/Ros2_Control/src/install/my_robot_description/share/my_robot_description//meshes/LINK1.stl
[0.653s] -- Installing: /home/ali/Desktop/Ros2_Control/src/install/my_robot_description/share/my_robot_description//meshes/LINK4.stl
[0.654s] -- Installing: /home/ali/Desktop/Ros2_Control/src/install/my_robot_description/share/ament_index/resource_index/package_run_dependencies/my_robot_description
[0.655s] -- Installing: /home/ali/Desktop/Ros2_Control/src/install/my_robot_description/share/ament_index/resource_index/parent_prefix_path/my_robot_description
[0.655s] -- Installing: /home/ali/Desktop/Ros2_Control/src/install/my_robot_description/share/my_robot_description/environment/ament_prefix_path.sh
[0.655s] -- Installing: /home/ali/Desktop/Ros2_Control/src/install/my_robot_description/share/my_robot_description/environment/ament_prefix_path.dsv
[0.655s] -- Installing: /home/ali/Desktop/Ros2_Control/src/install/my_robot_description/share/my_robot_description/environment/path.sh
[0.655s] -- Installing: /home/ali/Desktop/Ros2_Control/src/install/my_robot_description/share/my_robot_description/environment/path.dsv
[0.655s] -- Installing: /home/ali/Desktop/Ros2_Control/src/install/my_robot_description/share/my_robot_description/local_setup.bash
[0.655s] -- Installing: /home/ali/Desktop/Ros2_Control/src/install/my_robot_description/share/my_robot_description/local_setup.sh
[0.655s] -- Installing: /home/ali/Desktop/Ros2_Control/src/install/my_robot_description/share/my_robot_description/local_setup.zsh
[0.655s] -- Installing: /home/ali/Desktop/Ros2_Control/src/install/my_robot_description/share/my_robot_description/local_setup.dsv
[0.655s] -- Installing: /home/ali/Desktop/Ros2_Control/src/install/my_robot_description/share/my_robot_description/package.dsv
[0.655s] -- Installing: /home/ali/Desktop/Ros2_Control/src/install/my_robot_description/share/ament_index/resource_index/packages/my_robot_description
[0.655s] -- Installing: /home/ali/Desktop/Ros2_Control/src/install/my_robot_description/share/my_robot_description/cmake/my_robot_descriptionConfig.cmake
[0.655s] -- Installing: /home/ali/Desktop/Ros2_Control/src/install/my_robot_description/share/my_robot_description/cmake/my_robot_descriptionConfig-version.cmake
[0.655s] -- Installing: /home/ali/Desktop/Ros2_Control/src/install/my_robot_description/share/my_robot_description/package.xml
[0.677s] Invoked command in '/home/ali/Desktop/Ros2_Control/src/build/my_robot_description' returned '0': CMAKE_PREFIX_PATH=${CMAKE_PREFIX_PATH}:/opt/ros/humble /usr/bin/cmake --install /home/ali/Desktop/Ros2_Control/src/build/my_robot_description
