[0.015s] Invoking command in '/home/ali/Desktop/Ros2_Control/build/aero_moveit_config': CMAKE_PREFIX_PATH=/home/ali/Desktop/Ros2_Control/install/aero_description:/home/ali/Desktop/Ros2_Control/install/my_robot_bringup:/home/ali/Desktop/Ros2_Control/install/my_robot_description:/home/ali/Desktop/Ros2_Control/install/aero_moveit_config:/home/ali/Desktop/Ros2_Control/install/aero_bringup:/opt/ros/humble /usr/bin/cmake /home/ali/Desktop/Ros2_Control/src/aero_moveit_config -DAMENT_CMAKE_SYMLINK_INSTALL=1 -DCMAKE_INSTALL_PREFIX=/home/ali/Desktop/Ros2_Control/install/aero_moveit_config
[0.081s] -- The C compiler identification is GNU 11.4.0
[0.142s] -- The CXX compiler identification is GNU 11.4.0
[0.150s] -- Detecting C compiler ABI info
[0.230s] -- Detecting C compiler ABI info - done
[0.239s] -- Check for working C compiler: /usr/bin/cc - skipped
[0.239s] -- Detecting C compile features
[0.239s] -- Detecting C compile features - done
[0.243s] -- Detecting CXX compiler ABI info
[0.339s] -- Detecting CXX compiler ABI info - done
[0.348s] -- Check for working CXX compiler: /usr/bin/c++ - skipped
[0.348s] -- Detecting CXX compile features
[0.348s] -- Detecting CXX compile features - done
[0.351s] -- Found ament_cmake: 1.3.12 (/opt/ros/humble/share/ament_cmake/cmake)
[0.550s] -- Found Python3: /usr/bin/python3 (found version "3.10.12") found components: Interpreter 
[0.616s] -- Override CMake install command with custom implementation using symlinks instead of copying resources
[0.722s] -- Configuring done
[0.724s] -- Generating done
[0.726s] -- Build files have been written to: /home/ali/Desktop/Ros2_Control/build/aero_moveit_config
[0.731s] Invoked command in '/home/ali/Desktop/Ros2_Control/build/aero_moveit_config' returned '0': CMAKE_PREFIX_PATH=/home/ali/Desktop/Ros2_Control/install/aero_description:/home/ali/Desktop/Ros2_Control/install/my_robot_bringup:/home/ali/Desktop/Ros2_Control/install/my_robot_description:/home/ali/Desktop/Ros2_Control/install/aero_moveit_config:/home/ali/Desktop/Ros2_Control/install/aero_bringup:/opt/ros/humble /usr/bin/cmake /home/ali/Desktop/Ros2_Control/src/aero_moveit_config -DAMENT_CMAKE_SYMLINK_INSTALL=1 -DCMAKE_INSTALL_PREFIX=/home/ali/Desktop/Ros2_Control/install/aero_moveit_config
[0.734s] Invoking command in '/home/ali/Desktop/Ros2_Control/build/aero_moveit_config': CMAKE_PREFIX_PATH=/home/ali/Desktop/Ros2_Control/install/aero_description:/home/ali/Desktop/Ros2_Control/install/my_robot_bringup:/home/ali/Desktop/Ros2_Control/install/my_robot_description:/home/ali/Desktop/Ros2_Control/install/aero_moveit_config:/home/ali/Desktop/Ros2_Control/install/aero_bringup:/opt/ros/humble /usr/bin/cmake --build /home/ali/Desktop/Ros2_Control/build/aero_moveit_config -- -j20 -l20
[0.776s] Invoked command in '/home/ali/Desktop/Ros2_Control/build/aero_moveit_config' returned '0': CMAKE_PREFIX_PATH=/home/ali/Desktop/Ros2_Control/install/aero_description:/home/ali/Desktop/Ros2_Control/install/my_robot_bringup:/home/ali/Desktop/Ros2_Control/install/my_robot_description:/home/ali/Desktop/Ros2_Control/install/aero_moveit_config:/home/ali/Desktop/Ros2_Control/install/aero_bringup:/opt/ros/humble /usr/bin/cmake --build /home/ali/Desktop/Ros2_Control/build/aero_moveit_config -- -j20 -l20
[0.777s] Invoking command in '/home/ali/Desktop/Ros2_Control/build/aero_moveit_config': CMAKE_PREFIX_PATH=/home/ali/Desktop/Ros2_Control/install/aero_description:/home/ali/Desktop/Ros2_Control/install/my_robot_bringup:/home/ali/Desktop/Ros2_Control/install/my_robot_description:/home/ali/Desktop/Ros2_Control/install/aero_moveit_config:/home/ali/Desktop/Ros2_Control/install/aero_bringup:/opt/ros/humble /usr/bin/cmake --install /home/ali/Desktop/Ros2_Control/build/aero_moveit_config
[0.787s] -- Install configuration: ""
[0.787s] -- Execute custom install script
[0.787s] -- Symlinking: /home/ali/Desktop/Ros2_Control/install/aero_moveit_config/share/ament_index/resource_index/package_run_dependencies/aero_moveit_config
[0.793s] -- Symlinking: /home/ali/Desktop/Ros2_Control/install/aero_moveit_config/share/ament_index/resource_index/parent_prefix_path/aero_moveit_config
[0.802s] -- Symlinking: /home/ali/Desktop/Ros2_Control/install/aero_moveit_config/share/aero_moveit_config/environment/ament_prefix_path.sh
[0.808s] -- Symlinking: /home/ali/Desktop/Ros2_Control/install/aero_moveit_config/share/aero_moveit_config/environment/ament_prefix_path.dsv
[0.818s] -- Symlinking: /home/ali/Desktop/Ros2_Control/install/aero_moveit_config/share/aero_moveit_config/environment/path.sh
[0.824s] -- Symlinking: /home/ali/Desktop/Ros2_Control/install/aero_moveit_config/share/aero_moveit_config/environment/path.dsv
[0.830s] -- Symlinking: /home/ali/Desktop/Ros2_Control/install/aero_moveit_config/share/aero_moveit_config/local_setup.bash
[0.837s] -- Symlinking: /home/ali/Desktop/Ros2_Control/install/aero_moveit_config/share/aero_moveit_config/local_setup.sh
[0.844s] -- Symlinking: /home/ali/Desktop/Ros2_Control/install/aero_moveit_config/share/aero_moveit_config/local_setup.zsh
[0.851s] -- Symlinking: /home/ali/Desktop/Ros2_Control/install/aero_moveit_config/share/aero_moveit_config/local_setup.dsv
[0.859s] -- Symlinking: /home/ali/Desktop/Ros2_Control/install/aero_moveit_config/share/aero_moveit_config/package.dsv
[0.866s] -- Symlinking: /home/ali/Desktop/Ros2_Control/install/aero_moveit_config/share/ament_index/resource_index/packages/aero_moveit_config
[0.872s] -- Symlinking: /home/ali/Desktop/Ros2_Control/install/aero_moveit_config/share/aero_moveit_config/cmake/aero_moveit_configConfig.cmake
[0.879s] -- Symlinking: /home/ali/Desktop/Ros2_Control/install/aero_moveit_config/share/aero_moveit_config/cmake/aero_moveit_configConfig-version.cmake
[0.887s] -- Symlinking: /home/ali/Desktop/Ros2_Control/install/aero_moveit_config/share/aero_moveit_config/package.xml
[0.897s] -- Symlinking: /home/ali/Desktop/Ros2_Control/install/aero_moveit_config/share/aero_moveit_config/launch/demo.launch.py
[0.906s] -- Symlinking: /home/ali/Desktop/Ros2_Control/install/aero_moveit_config/share/aero_moveit_config/launch/move_group.launch.py
[0.915s] -- Symlinking: /home/ali/Desktop/Ros2_Control/install/aero_moveit_config/share/aero_moveit_config/launch/moveit_rviz.launch.py
[0.921s] -- Symlinking: /home/ali/Desktop/Ros2_Control/install/aero_moveit_config/share/aero_moveit_config/launch/rsp.launch.py
[0.929s] -- Symlinking: /home/ali/Desktop/Ros2_Control/install/aero_moveit_config/share/aero_moveit_config/launch/setup_assistant.launch.py
[0.938s] -- Symlinking: /home/ali/Desktop/Ros2_Control/install/aero_moveit_config/share/aero_moveit_config/launch/spawn_controllers.launch.py
[0.943s] -- Symlinking: /home/ali/Desktop/Ros2_Control/install/aero_moveit_config/share/aero_moveit_config/launch/static_virtual_joint_tfs.launch.py
[0.951s] -- Symlinking: /home/ali/Desktop/Ros2_Control/install/aero_moveit_config/share/aero_moveit_config/launch/warehouse_db.launch.py
[0.960s] -- Symlinking: /home/ali/Desktop/Ros2_Control/install/aero_moveit_config/share/aero_moveit_config/config/arm_robot.ros2_control.xacro
[0.969s] -- Symlinking: /home/ali/Desktop/Ros2_Control/install/aero_moveit_config/share/aero_moveit_config/config/arm_robot.srdf
[0.977s] -- Symlinking: /home/ali/Desktop/Ros2_Control/install/aero_moveit_config/share/aero_moveit_config/config/arm_robot.urdf.xacro
[0.984s] -- Symlinking: /home/ali/Desktop/Ros2_Control/install/aero_moveit_config/share/aero_moveit_config/config/initial_positions.yaml
[0.991s] -- Symlinking: /home/ali/Desktop/Ros2_Control/install/aero_moveit_config/share/aero_moveit_config/config/joint_limits.yaml
[0.997s] -- Symlinking: /home/ali/Desktop/Ros2_Control/install/aero_moveit_config/share/aero_moveit_config/config/kinematics.yaml
[1.004s] -- Symlinking: /home/ali/Desktop/Ros2_Control/install/aero_moveit_config/share/aero_moveit_config/config/moveit.rviz
[1.011s] -- Symlinking: /home/ali/Desktop/Ros2_Control/install/aero_moveit_config/share/aero_moveit_config/config/moveit_controllers.yaml
[1.017s] -- Symlinking: /home/ali/Desktop/Ros2_Control/install/aero_moveit_config/share/aero_moveit_config/config/pilz_cartesian_limits.yaml
[1.023s] -- Symlinking: /home/ali/Desktop/Ros2_Control/install/aero_moveit_config/share/aero_moveit_config/config/ros2_controllers.yaml
[1.029s] -- Symlinking: /home/ali/Desktop/Ros2_Control/install/aero_moveit_config/share/aero_moveit_config/.setup_assistant
[1.037s] Invoked command in '/home/ali/Desktop/Ros2_Control/build/aero_moveit_config' returned '0': CMAKE_PREFIX_PATH=/home/ali/Desktop/Ros2_Control/install/aero_description:/home/ali/Desktop/Ros2_Control/install/my_robot_bringup:/home/ali/Desktop/Ros2_Control/install/my_robot_description:/home/ali/Desktop/Ros2_Control/install/aero_moveit_config:/home/ali/Desktop/Ros2_Control/install/aero_bringup:/opt/ros/humble /usr/bin/cmake --install /home/ali/Desktop/Ros2_Control/build/aero_moveit_config
