[0.012s] Invoking command in '/home/ali/Desktop/Ros2_Control/build/aero_description': CMAKE_PREFIX_PATH=${CMAKE_PREFIX_PATH}:/home/ali/Desktop/Ros2_Control/install/aero_arm_control:/opt/ros/humble /usr/bin/cmake /home/ali/Desktop/Ros2_Control/src/aero_description -DAMENT_CMAKE_SYMLINK_INSTALL=1 -DCMAKE_INSTALL_PREFIX=/home/ali/Desktop/Ros2_Control/install/aero_description
[0.070s] -- The C compiler identification is GNU 11.4.0
[0.136s] -- The CXX compiler identification is GNU 11.4.0
[0.144s] -- Detecting C compiler ABI info
[0.219s] -- Detecting C compiler ABI info - done
[0.231s] -- Check for working C compiler: /usr/bin/cc - skipped
[0.231s] -- Detecting C compile features
[0.232s] -- Detecting C compile features - done
[0.236s] -- Detecting CXX compiler ABI info
[0.324s] -- Detecting CXX compiler ABI info - done
[0.334s] -- Check for working CXX compiler: /usr/bin/c++ - skipped
[0.334s] -- Detecting CXX compile features
[0.334s] -- Detecting CXX compile features - done
[0.337s] -- Found ament_cmake: 1.3.12 (/opt/ros/humble/share/ament_cmake/cmake)
[0.505s] -- Found Python3: /usr/bin/python3 (found version "3.10.12") found components: Interpreter 
[0.582s] -- Override CMake install command with custom implementation using symlinks instead of copying resources
[0.677s] -- Configuring done
[0.679s] -- Generating done
[0.680s] -- Build files have been written to: /home/ali/Desktop/Ros2_Control/build/aero_description
[0.685s] Invoked command in '/home/ali/Desktop/Ros2_Control/build/aero_description' returned '0': CMAKE_PREFIX_PATH=${CMAKE_PREFIX_PATH}:/home/ali/Desktop/Ros2_Control/install/aero_arm_control:/opt/ros/humble /usr/bin/cmake /home/ali/Desktop/Ros2_Control/src/aero_description -DAMENT_CMAKE_SYMLINK_INSTALL=1 -DCMAKE_INSTALL_PREFIX=/home/ali/Desktop/Ros2_Control/install/aero_description
[0.687s] Invoking command in '/home/ali/Desktop/Ros2_Control/build/aero_description': CMAKE_PREFIX_PATH=${CMAKE_PREFIX_PATH}:/home/ali/Desktop/Ros2_Control/install/aero_arm_control:/opt/ros/humble /usr/bin/cmake --build /home/ali/Desktop/Ros2_Control/build/aero_description -- -j20 -l20
[0.739s] Invoked command in '/home/ali/Desktop/Ros2_Control/build/aero_description' returned '0': CMAKE_PREFIX_PATH=${CMAKE_PREFIX_PATH}:/home/ali/Desktop/Ros2_Control/install/aero_arm_control:/opt/ros/humble /usr/bin/cmake --build /home/ali/Desktop/Ros2_Control/build/aero_description -- -j20 -l20
[0.752s] Invoking command in '/home/ali/Desktop/Ros2_Control/build/aero_description': CMAKE_PREFIX_PATH=${CMAKE_PREFIX_PATH}:/home/ali/Desktop/Ros2_Control/install/aero_arm_control:/opt/ros/humble /usr/bin/cmake --install /home/ali/Desktop/Ros2_Control/build/aero_description
[0.759s] -- Install configuration: ""
[0.760s] -- Execute custom install script
[0.760s] -- Symlinking: /home/ali/Desktop/Ros2_Control/install/aero_description/share/aero_description//urdf/aero.gazebo.xacro
[0.769s] -- Symlinking: /home/ali/Desktop/Ros2_Control/install/aero_description/share/aero_description//urdf/aero.ignition.xacro
[0.777s] -- Symlinking: /home/ali/Desktop/Ros2_Control/install/aero_description/share/aero_description//urdf/aero.urdf.xacro
[0.784s] -- Symlinking: /home/ali/Desktop/Ros2_Control/install/aero_description/share/aero_description//urdf/aero.webots.xacro
[0.791s] -- Symlinking: /home/ali/Desktop/Ros2_Control/install/aero_description/share/aero_description//urdf/aero_base.xacro
[0.798s] -- Symlinking: /home/ali/Desktop/Ros2_Control/install/aero_description/share/aero_description//urdf/arm/arm.urdf.xacro
[0.805s] -- Symlinking: /home/ali/Desktop/Ros2_Control/install/aero_description/share/aero_description//urdf/common_properties.xacro
[0.816s] -- Symlinking: /home/ali/Desktop/Ros2_Control/install/aero_description/share/aero_description//urdf/mobile_base.ros2_control.xacro
[0.828s] -- Symlinking: /home/ali/Desktop/Ros2_Control/install/aero_description/share/aero_description//launch/arm.display.launch.py
[0.840s] -- Symlinking: /home/ali/Desktop/Ros2_Control/install/aero_description/share/aero_description//launch/display.launch.py
[0.848s] -- Symlinking: /home/ali/Desktop/Ros2_Control/install/aero_description/share/aero_description//rviz/urdf_config.rviz
[0.857s] -- Symlinking: /home/ali/Desktop/Ros2_Control/install/aero_description/share/aero_description//meshes/LINK1.stl
[0.866s] -- Symlinking: /home/ali/Desktop/Ros2_Control/install/aero_description/share/aero_description//meshes/LINK2.stl
[0.875s] -- Symlinking: /home/ali/Desktop/Ros2_Control/install/aero_description/share/aero_description//meshes/LINK3.stl
[0.884s] -- Symlinking: /home/ali/Desktop/Ros2_Control/install/aero_description/share/aero_description//meshes/LINK4.stl
[0.892s] -- Symlinking: /home/ali/Desktop/Ros2_Control/install/aero_description/share/aero_description//meshes/arm_base_link.stl
[0.900s] -- Symlinking: /home/ali/Desktop/Ros2_Control/install/aero_description/share/aero_description//meshes/arm_end.stl
[0.909s] -- Symlinking: /home/ali/Desktop/Ros2_Control/install/aero_description/share/aero_description//meshes/base_link.STL
[0.922s] -- Symlinking: /home/ali/Desktop/Ros2_Control/install/aero_description/share/aero_description//meshes/base_link.stl.new
[0.934s] -- Symlinking: /home/ali/Desktop/Ros2_Control/install/aero_description/share/aero_description//meshes/link_lb.STL
[0.942s] -- Symlinking: /home/ali/Desktop/Ros2_Control/install/aero_description/share/aero_description//meshes/link_lf.STL
[0.952s] -- Symlinking: /home/ali/Desktop/Ros2_Control/install/aero_description/share/aero_description//meshes/link_rb.STL
[0.960s] -- Symlinking: /home/ali/Desktop/Ros2_Control/install/aero_description/share/aero_description//meshes/link_rf.STL
[0.968s] -- Symlinking: /home/ali/Desktop/Ros2_Control/install/aero_description/share/ament_index/resource_index/package_run_dependencies/aero_description
[0.976s] -- Symlinking: /home/ali/Desktop/Ros2_Control/install/aero_description/share/ament_index/resource_index/parent_prefix_path/aero_description
[0.984s] -- Symlinking: /home/ali/Desktop/Ros2_Control/install/aero_description/share/aero_description/environment/ament_prefix_path.sh
[0.992s] -- Symlinking: /home/ali/Desktop/Ros2_Control/install/aero_description/share/aero_description/environment/ament_prefix_path.dsv
[1.000s] -- Symlinking: /home/ali/Desktop/Ros2_Control/install/aero_description/share/aero_description/environment/path.sh
[1.009s] -- Symlinking: /home/ali/Desktop/Ros2_Control/install/aero_description/share/aero_description/environment/path.dsv
[1.018s] -- Symlinking: /home/ali/Desktop/Ros2_Control/install/aero_description/share/aero_description/local_setup.bash
[1.030s] -- Symlinking: /home/ali/Desktop/Ros2_Control/install/aero_description/share/aero_description/local_setup.sh
[1.042s] -- Symlinking: /home/ali/Desktop/Ros2_Control/install/aero_description/share/aero_description/local_setup.zsh
[1.050s] -- Symlinking: /home/ali/Desktop/Ros2_Control/install/aero_description/share/aero_description/local_setup.dsv
[1.056s] -- Symlinking: /home/ali/Desktop/Ros2_Control/install/aero_description/share/aero_description/package.dsv
[1.064s] -- Symlinking: /home/ali/Desktop/Ros2_Control/install/aero_description/share/ament_index/resource_index/packages/aero_description
[1.071s] -- Symlinking: /home/ali/Desktop/Ros2_Control/install/aero_description/share/aero_description/cmake/aero_descriptionConfig.cmake
[1.079s] -- Symlinking: /home/ali/Desktop/Ros2_Control/install/aero_description/share/aero_description/cmake/aero_descriptionConfig-version.cmake
[1.088s] -- Symlinking: /home/ali/Desktop/Ros2_Control/install/aero_description/share/aero_description/package.xml
[1.098s] Invoked command in '/home/ali/Desktop/Ros2_Control/build/aero_description' returned '0': CMAKE_PREFIX_PATH=${CMAKE_PREFIX_PATH}:/home/ali/Desktop/Ros2_Control/install/aero_arm_control:/opt/ros/humble /usr/bin/cmake --install /home/ali/Desktop/Ros2_Control/build/aero_description
